[ 12%] Built target attach
[ 25%] Built target pick_place_link_attacher
[ 50%] Built target pick_place
[ 50%] Built target test_ik
[ 62%] Built target pick_place_fake_gripping
[ 75%] Built target test_pick_care
[ 87%] Built target test_pick_care_waypoints
[100%] Built target process_points_stream
-- Install configuration: ""
-- Up-to-date: /home/fra/master_ws_test/install/cobot_ik/lib/cobot_ik/test_ik
-- Up-to-date: /home/fra/master_ws_test/install/cobot_ik/lib/cobot_ik/pick_place
-- Up-to-date: /home/fra/master_ws_test/install/cobot_ik/lib/cobot_ik/pick_place_fake_gripping
-- Up-to-date: /home/fra/master_ws_test/install/cobot_ik/lib/cobot_ik/pick_place_link_attacher
-- Up-to-date: /home/fra/master_ws_test/install/cobot_ik/lib/cobot_ik/attach
-- Up-to-date: /home/fra/master_ws_test/install/cobot_ik/lib/cobot_ik/process_points_stream
-- Up-to-date: /home/fra/master_ws_test/install/cobot_ik/lib/cobot_ik/test_pick_care_waypoints
-- Up-to-date: /home/fra/master_ws_test/install/cobot_ik/lib/cobot_ik/test_pick_care
-- Up-to-date: /home/fra/master_ws_test/install/cobot_ik/share/ament_index/resource_index/package_run_dependencies/cobot_ik
-- Up-to-date: /home/fra/master_ws_test/install/cobot_ik/share/ament_index/resource_index/parent_prefix_path/cobot_ik
-- Up-to-date: /home/fra/master_ws_test/install/cobot_ik/share/cobot_ik/environment/ament_prefix_path.sh
-- Up-to-date: /home/fra/master_ws_test/install/cobot_ik/share/cobot_ik/environment/ament_prefix_path.dsv
-- Up-to-date: /home/fra/master_ws_test/install/cobot_ik/share/cobot_ik/environment/path.sh
-- Up-to-date: /home/fra/master_ws_test/install/cobot_ik/share/cobot_ik/environment/path.dsv
-- Up-to-date: /home/fra/master_ws_test/install/cobot_ik/share/cobot_ik/local_setup.bash
-- Up-to-date: /home/fra/master_ws_test/install/cobot_ik/share/cobot_ik/local_setup.sh
-- Up-to-date: /home/fra/master_ws_test/install/cobot_ik/share/cobot_ik/local_setup.zsh
-- Up-to-date: /home/fra/master_ws_test/install/cobot_ik/share/cobot_ik/local_setup.dsv
-- Installing: /home/fra/master_ws_test/install/cobot_ik/share/cobot_ik/package.dsv
-- Up-to-date: /home/fra/master_ws_test/install/cobot_ik/share/ament_index/resource_index/packages/cobot_ik
-- Up-to-date: /home/fra/master_ws_test/install/cobot_ik/share/cobot_ik/cmake/cobot_ikConfig.cmake
-- Up-to-date: /home/fra/master_ws_test/install/cobot_ik/share/cobot_ik/cmake/cobot_ikConfig-version.cmake
-- Up-to-date: /home/fra/master_ws_test/install/cobot_ik/share/cobot_ik/package.xml
