[0.010s] Invoking command in '/home/fra/master_ws_test/build/linkattacher_msgs': CMAKE_PREFIX_PATH=${CMAKE_PREFIX_PATH}:/opt/ros/humble /usr/bin/cmake --build /home/fra/master_ws_test/build/linkattacher_msgs -- -j16 -l16
[0.073s] -- Found ament_cmake: 1.3.11 (/opt/ros/humble/share/ament_cmake/cmake)
[0.210s] -- Found ament_lint_auto: 0.12.12 (/opt/ros/humble/share/ament_lint_auto/cmake)
[0.265s] -- Found rosidl_default_generators: 1.2.0 (/opt/ros/humble/share/rosidl_default_generators/cmake)
[0.267s] -- Using all available rosidl_typesupport_c: rosidl_typesupport_fastrtps_c;rosidl_typesupport_introspection_c
[0.270s] -- Found rosidl_adapter: 3.1.6 (/opt/ros/humble/share/rosidl_adapter/cmake)
[0.291s] -- Using all available rosidl_typesupport_cpp: rosidl_typesupport_fastrtps_cpp;rosidl_typesupport_introspection_cpp
[0.460s] -- Found ament_cmake_ros: 0.10.0 (/opt/ros/humble/share/ament_cmake_ros/cmake)
[0.625s] -- Using all available rosidl_typesupport_c: rosidl_typesupport_fastrtps_c;rosidl_typesupport_introspection_c
[0.832s] -- Using all available rosidl_typesupport_cpp: rosidl_typesupport_fastrtps_cpp;rosidl_typesupport_introspection_cpp
[0.852s] -- Found python_cmake_module: 0.10.0 (/opt/ros/humble/share/python_cmake_module/cmake)
[0.872s] -- Using PYTHON_EXECUTABLE: /usr/bin/python3
[0.872s] -- Using PYTHON_INCLUDE_DIRS: /usr/include/python3.10
[0.872s] -- Using PYTHON_LIBRARIES: /usr/lib/x86_64-linux-gnu/libpython3.10.so
[0.893s] -- Added test 'copyright' to check source files copyright and LICENSE
[0.896s] -- Added test 'lint_cmake' to check CMake code style
[0.897s] -- Added test 'xmllint' to check XML markup files
[0.902s] -- Configuring done
[0.925s] -- Generating done
[0.935s] -- Build files have been written to: /home/fra/master_ws_test/build/linkattacher_msgs
[0.959s] [35m[1mConsolidate compiler generated dependencies of target linkattacher_msgs__rosidl_generator_c[0m
[0.969s] [  5%] [32mBuilding C object CMakeFiles/linkattacher_msgs__rosidl_generator_c.dir/rosidl_generator_c/linkattacher_msgs/srv/detail/attach_link__functions.c.o[0m
[0.970s] [  5%] Built target linkattacher_msgs__cpp
[0.970s] [  7%] [32mBuilding C object CMakeFiles/linkattacher_msgs__rosidl_generator_c.dir/rosidl_generator_c/linkattacher_msgs/srv/detail/detach_link__functions.c.o[0m
[0.983s] [  7%] Built target ament_cmake_python_copy_linkattacher_msgs
[0.985s] [35m[1mConsolidate compiler generated dependencies of target linkattacher_msgs__rosidl_typesupport_cpp[0m
[0.985s] [35m[1mConsolidate compiler generated dependencies of target linkattacher_msgs__rosidl_typesupport_fastrtps_cpp[0m
[0.985s] [35m[1mConsolidate compiler generated dependencies of target linkattacher_msgs__rosidl_typesupport_introspection_cpp[0m
[0.999s] [ 10%] [32mBuilding CXX object CMakeFiles/linkattacher_msgs__rosidl_typesupport_cpp.dir/rosidl_typesupport_cpp/linkattacher_msgs/srv/detach_link__type_support.cpp.o[0m
[0.999s] [ 12%] [32mBuilding CXX object CMakeFiles/linkattacher_msgs__rosidl_typesupport_introspection_cpp.dir/rosidl_typesupport_introspection_cpp/linkattacher_msgs/srv/detail/attach_link__type_support.cpp.o[0m
[0.999s] [ 15%] [32mBuilding CXX object CMakeFiles/linkattacher_msgs__rosidl_typesupport_cpp.dir/rosidl_typesupport_cpp/linkattacher_msgs/srv/attach_link__type_support.cpp.o[0m
[0.999s] [ 17%] [32mBuilding CXX object CMakeFiles/linkattacher_msgs__rosidl_typesupport_fastrtps_cpp.dir/rosidl_typesupport_fastrtps_cpp/linkattacher_msgs/srv/detail/dds_fastrtps/attach_link__type_support.cpp.o[0m
[1.001s] [ 20%] [32mBuilding CXX object CMakeFiles/linkattacher_msgs__rosidl_typesupport_introspection_cpp.dir/rosidl_typesupport_introspection_cpp/linkattacher_msgs/srv/detail/detach_link__type_support.cpp.o[0m
[1.003s] [ 23%] [32mBuilding CXX object CMakeFiles/linkattacher_msgs__rosidl_typesupport_fastrtps_cpp.dir/rosidl_typesupport_fastrtps_cpp/linkattacher_msgs/srv/detail/dds_fastrtps/detach_link__type_support.cpp.o[0m
[1.062s] [ 25%] [32m[1mLinking C shared library liblinkattacher_msgs__rosidl_generator_c.so[0m
[1.117s] [ 28%] Built target linkattacher_msgs__rosidl_generator_c
[1.133s] [35m[1mConsolidate compiler generated dependencies of target linkattacher_msgs__rosidl_typesupport_c[0m
[1.133s] [35m[1mConsolidate compiler generated dependencies of target linkattacher_msgs__rosidl_typesupport_introspection_c[0m
[1.134s] [35m[1mConsolidate compiler generated dependencies of target linkattacher_msgs__rosidl_typesupport_fastrtps_c[0m
[1.153s] [ 38%] [32mBuilding C object CMakeFiles/linkattacher_msgs__rosidl_typesupport_introspection_c.dir/rosidl_typesupport_introspection_c/linkattacher_msgs/srv/detail/attach_link__type_support.c.o[0m
[1.153s] [ 38%] [32mBuilding CXX object CMakeFiles/linkattacher_msgs__rosidl_typesupport_c.dir/rosidl_typesupport_c/linkattacher_msgs/srv/attach_link__type_support.cpp.o[0m
[1.153s] [ 38%] [32mBuilding C object CMakeFiles/linkattacher_msgs__rosidl_typesupport_introspection_c.dir/rosidl_typesupport_introspection_c/linkattacher_msgs/srv/detail/detach_link__type_support.c.o[0m
[1.153s] [ 38%] [32mBuilding CXX object CMakeFiles/linkattacher_msgs__rosidl_typesupport_c.dir/rosidl_typesupport_c/linkattacher_msgs/srv/detach_link__type_support.cpp.o[0m
[1.155s] [ 43%] [32mBuilding CXX object CMakeFiles/linkattacher_msgs__rosidl_typesupport_fastrtps_c.dir/rosidl_typesupport_fastrtps_c/linkattacher_msgs/srv/detail/attach_link__type_support_c.cpp.o[0m
[1.156s] [ 43%] [32mBuilding CXX object CMakeFiles/linkattacher_msgs__rosidl_typesupport_fastrtps_c.dir/rosidl_typesupport_fastrtps_c/linkattacher_msgs/srv/detail/detach_link__type_support_c.cpp.o[0m
[1.201s] [ 48%] [32m[1mLinking C shared library liblinkattacher_msgs__rosidl_typesupport_introspection_c.so[0m
[1.201s] [ 48%] [32m[1mLinking CXX shared library liblinkattacher_msgs__rosidl_typesupport_c.so[0m
[1.209s] running egg_info
[1.210s] writing linkattacher_msgs.egg-info/PKG-INFO
[1.210s] writing dependency_links to linkattacher_msgs.egg-info/dependency_links.txt
[1.210s] writing top-level names to linkattacher_msgs.egg-info/top_level.txt
[1.213s] reading manifest file 'linkattacher_msgs.egg-info/SOURCES.txt'
[1.213s] writing manifest file 'linkattacher_msgs.egg-info/SOURCES.txt'
[1.241s] [ 51%] Built target linkattacher_msgs__rosidl_typesupport_introspection_c
[1.247s] [ 51%] Built target ament_cmake_python_build_linkattacher_msgs_egg
[1.257s] [ 53%] Built target linkattacher_msgs__rosidl_typesupport_c
[1.263s] [ 56%] [32m[1mLinking CXX shared library liblinkattacher_msgs__rosidl_typesupport_cpp.so[0m
[1.304s] [ 58%] Built target linkattacher_msgs__rosidl_typesupport_cpp
[1.374s] [ 61%] [32m[1mLinking CXX shared library liblinkattacher_msgs__rosidl_typesupport_introspection_cpp.so[0m
[1.403s] [ 64%] [32m[1mLinking CXX shared library liblinkattacher_msgs__rosidl_typesupport_fastrtps_cpp.so[0m
[1.434s] [ 66%] Built target linkattacher_msgs__rosidl_typesupport_introspection_cpp
[1.472s] [ 69%] Built target linkattacher_msgs__rosidl_typesupport_fastrtps_cpp
[1.486s] [ 71%] [32m[1mLinking CXX shared library liblinkattacher_msgs__rosidl_typesupport_fastrtps_c.so[0m
[1.547s] [ 74%] Built target linkattacher_msgs__rosidl_typesupport_fastrtps_c
[1.568s] [ 74%] Built target linkattacher_msgs
[1.589s] [ 76%] Built target linkattacher_msgs__py
[1.599s] [35m[1mConsolidate compiler generated dependencies of target linkattacher_msgs__rosidl_generator_py[0m
[1.613s] [ 82%] [32mBuilding C object CMakeFiles/linkattacher_msgs__rosidl_generator_py.dir/rosidl_generator_py/linkattacher_msgs/srv/_detach_link_s.c.o[0m
[1.613s] [ 82%] [32mBuilding C object CMakeFiles/linkattacher_msgs__rosidl_generator_py.dir/rosidl_generator_py/linkattacher_msgs/srv/_attach_link_s.c.o[0m
[1.700s] [ 84%] [32m[1mLinking C shared library rosidl_generator_py/linkattacher_msgs/liblinkattacher_msgs__rosidl_generator_py.so[0m
[1.739s] [ 84%] Built target linkattacher_msgs__rosidl_generator_py
[1.750s] [35m[1mConsolidate compiler generated dependencies of target linkattacher_msgs__rosidl_typesupport_introspection_c__pyext[0m
[1.750s] [35m[1mConsolidate compiler generated dependencies of target linkattacher_msgs__rosidl_typesupport_c__pyext[0m
[1.750s] [35m[1mConsolidate compiler generated dependencies of target linkattacher_msgs__rosidl_typesupport_fastrtps_c__pyext[0m
[1.763s] [ 92%] [32mBuilding C object CMakeFiles/linkattacher_msgs__rosidl_typesupport_introspection_c__pyext.dir/rosidl_generator_py/linkattacher_msgs/_linkattacher_msgs_s.ep.rosidl_typesupport_introspection_c.c.o[0m
[1.763s] [ 92%] [32mBuilding C object CMakeFiles/linkattacher_msgs__rosidl_typesupport_fastrtps_c__pyext.dir/rosidl_generator_py/linkattacher_msgs/_linkattacher_msgs_s.ep.rosidl_typesupport_fastrtps_c.c.o[0m
[1.763s] [ 92%] [32mBuilding C object CMakeFiles/linkattacher_msgs__rosidl_typesupport_c__pyext.dir/rosidl_generator_py/linkattacher_msgs/_linkattacher_msgs_s.ep.rosidl_typesupport_c.c.o[0m
[1.843s] [ 97%] [32m[1mLinking C shared library rosidl_generator_py/linkattacher_msgs/linkattacher_msgs_s__rosidl_typesupport_c.cpython-310-x86_64-linux-gnu.so[0m
[1.843s] [ 97%] [32m[1mLinking C shared library rosidl_generator_py/linkattacher_msgs/linkattacher_msgs_s__rosidl_typesupport_introspection_c.cpython-310-x86_64-linux-gnu.so[0m
[1.847s] [100%] [32m[1mLinking C shared library rosidl_generator_py/linkattacher_msgs/linkattacher_msgs_s__rosidl_typesupport_fastrtps_c.cpython-310-x86_64-linux-gnu.so[0m
[1.876s] [100%] Built target linkattacher_msgs__rosidl_typesupport_introspection_c__pyext
[1.876s] [100%] Built target linkattacher_msgs__rosidl_typesupport_c__pyext
[1.880s] [100%] Built target linkattacher_msgs__rosidl_typesupport_fastrtps_c__pyext
[1.892s] Invoked command in '/home/fra/master_ws_test/build/linkattacher_msgs' returned '0': CMAKE_PREFIX_PATH=${CMAKE_PREFIX_PATH}:/opt/ros/humble /usr/bin/cmake --build /home/fra/master_ws_test/build/linkattacher_msgs -- -j16 -l16
[1.894s] Invoking command in '/home/fra/master_ws_test/build/linkattacher_msgs': CMAKE_PREFIX_PATH=${CMAKE_PREFIX_PATH}:/opt/ros/humble /usr/bin/cmake --install /home/fra/master_ws_test/build/linkattacher_msgs
[1.901s] -- Install configuration: ""
[1.901s] -- Up-to-date: /home/fra/master_ws_test/install/linkattacher_msgs/share/linkattacher_msgs/srv
[1.901s] -- Installing: /home/fra/master_ws_test/install/linkattacher_msgs/share/linkattacher_msgs/srv/AttachLink.srv
[1.901s] -- Installing: /home/fra/master_ws_test/install/linkattacher_msgs/share/linkattacher_msgs/srv/DetachLink.srv
[1.901s] -- Up-to-date: /home/fra/master_ws_test/install/linkattacher_msgs/share/ament_index/resource_index/rosidl_interfaces/linkattacher_msgs
[1.901s] -- Up-to-date: /home/fra/master_ws_test/install/linkattacher_msgs/include/linkattacher_msgs/linkattacher_msgs
[1.901s] -- Up-to-date: /home/fra/master_ws_test/install/linkattacher_msgs/include/linkattacher_msgs/linkattacher_msgs/srv
[1.901s] -- Up-to-date: /home/fra/master_ws_test/install/linkattacher_msgs/include/linkattacher_msgs/linkattacher_msgs/srv/attach_link.h
[1.901s] -- Up-to-date: /home/fra/master_ws_test/install/linkattacher_msgs/include/linkattacher_msgs/linkattacher_msgs/srv/detach_link.h
[1.901s] -- Up-to-date: /home/fra/master_ws_test/install/linkattacher_msgs/include/linkattacher_msgs/linkattacher_msgs/srv/detail
[1.901s] -- Up-to-date: /home/fra/master_ws_test/install/linkattacher_msgs/include/linkattacher_msgs/linkattacher_msgs/srv/detail/attach_link__functions.c
[1.901s] -- Up-to-date: /home/fra/master_ws_test/install/linkattacher_msgs/include/linkattacher_msgs/linkattacher_msgs/srv/detail/attach_link__functions.h
[1.902s] -- Up-to-date: /home/fra/master_ws_test/install/linkattacher_msgs/include/linkattacher_msgs/linkattacher_msgs/srv/detail/detach_link__type_support.h
[1.902s] -- Up-to-date: /home/fra/master_ws_test/install/linkattacher_msgs/include/linkattacher_msgs/linkattacher_msgs/srv/detail/attach_link__struct.h
[1.902s] -- Up-to-date: /home/fra/master_ws_test/install/linkattacher_msgs/include/linkattacher_msgs/linkattacher_msgs/srv/detail/detach_link__struct.h
[1.902s] -- Up-to-date: /home/fra/master_ws_test/install/linkattacher_msgs/include/linkattacher_msgs/linkattacher_msgs/srv/detail/detach_link__functions.h
[1.902s] -- Up-to-date: /home/fra/master_ws_test/install/linkattacher_msgs/include/linkattacher_msgs/linkattacher_msgs/srv/detail/detach_link__functions.c
[1.902s] -- Up-to-date: /home/fra/master_ws_test/install/linkattacher_msgs/include/linkattacher_msgs/linkattacher_msgs/srv/detail/attach_link__type_support.h
[1.902s] -- Up-to-date: /home/fra/master_ws_test/install/linkattacher_msgs/include/linkattacher_msgs/linkattacher_msgs/msg
[1.902s] -- Up-to-date: /home/fra/master_ws_test/install/linkattacher_msgs/include/linkattacher_msgs/linkattacher_msgs/msg/rosidl_generator_c__visibility_control.h
[1.902s] -- Installing: /home/fra/master_ws_test/install/linkattacher_msgs/share/linkattacher_msgs/environment/library_path.sh
[1.902s] -- Installing: /home/fra/master_ws_test/install/linkattacher_msgs/share/linkattacher_msgs/environment/library_path.dsv
[1.902s] -- Installing: /home/fra/master_ws_test/install/linkattacher_msgs/lib/liblinkattacher_msgs__rosidl_generator_c.so
[1.902s] -- Set runtime path of "/home/fra/master_ws_test/install/linkattacher_msgs/lib/liblinkattacher_msgs__rosidl_generator_c.so" to ""
[1.902s] -- Up-to-date: /home/fra/master_ws_test/install/linkattacher_msgs/include/linkattacher_msgs/linkattacher_msgs
[1.902s] -- Up-to-date: /home/fra/master_ws_test/install/linkattacher_msgs/include/linkattacher_msgs/linkattacher_msgs/srv
[1.902s] -- Up-to-date: /home/fra/master_ws_test/install/linkattacher_msgs/include/linkattacher_msgs/linkattacher_msgs/srv/detail
[1.902s] -- Up-to-date: /home/fra/master_ws_test/install/linkattacher_msgs/include/linkattacher_msgs/linkattacher_msgs/srv/detail/detach_link__rosidl_typesupport_fastrtps_c.h
[1.902s] -- Up-to-date: /home/fra/master_ws_test/install/linkattacher_msgs/include/linkattacher_msgs/linkattacher_msgs/srv/detail/attach_link__rosidl_typesupport_fastrtps_c.h
[1.902s] -- Up-to-date: /home/fra/master_ws_test/install/linkattacher_msgs/include/linkattacher_msgs/linkattacher_msgs/msg
[1.902s] -- Up-to-date: /home/fra/master_ws_test/install/linkattacher_msgs/include/linkattacher_msgs/linkattacher_msgs/msg/rosidl_typesupport_fastrtps_c__visibility_control.h
[1.902s] -- Installing: /home/fra/master_ws_test/install/linkattacher_msgs/lib/liblinkattacher_msgs__rosidl_typesupport_fastrtps_c.so
[1.903s] -- Set runtime path of "/home/fra/master_ws_test/install/linkattacher_msgs/lib/liblinkattacher_msgs__rosidl_typesupport_fastrtps_c.so" to ""
[1.903s] -- Up-to-date: /home/fra/master_ws_test/install/linkattacher_msgs/include/linkattacher_msgs/linkattacher_msgs
[1.903s] -- Up-to-date: /home/fra/master_ws_test/install/linkattacher_msgs/include/linkattacher_msgs/linkattacher_msgs/srv
[1.903s] -- Up-to-date: /home/fra/master_ws_test/install/linkattacher_msgs/include/linkattacher_msgs/linkattacher_msgs/srv/detail
[1.903s] -- Up-to-date: /home/fra/master_ws_test/install/linkattacher_msgs/include/linkattacher_msgs/linkattacher_msgs/srv/detail/attach_link__type_support.c
[1.903s] -- Up-to-date: /home/fra/master_ws_test/install/linkattacher_msgs/include/linkattacher_msgs/linkattacher_msgs/srv/detail/detach_link__type_support.c
[1.903s] -- Up-to-date: /home/fra/master_ws_test/install/linkattacher_msgs/include/linkattacher_msgs/linkattacher_msgs/srv/detail/detach_link__rosidl_typesupport_introspection_c.h
[1.903s] -- Up-to-date: /home/fra/master_ws_test/install/linkattacher_msgs/include/linkattacher_msgs/linkattacher_msgs/srv/detail/attach_link__rosidl_typesupport_introspection_c.h
[1.903s] -- Up-to-date: /home/fra/master_ws_test/install/linkattacher_msgs/include/linkattacher_msgs/linkattacher_msgs/msg
[1.903s] -- Up-to-date: /home/fra/master_ws_test/install/linkattacher_msgs/include/linkattacher_msgs/linkattacher_msgs/msg/rosidl_typesupport_introspection_c__visibility_control.h
[1.903s] -- Installing: /home/fra/master_ws_test/install/linkattacher_msgs/lib/liblinkattacher_msgs__rosidl_typesupport_introspection_c.so
[1.903s] -- Set runtime path of "/home/fra/master_ws_test/install/linkattacher_msgs/lib/liblinkattacher_msgs__rosidl_typesupport_introspection_c.so" to ""
[1.903s] -- Installing: /home/fra/master_ws_test/install/linkattacher_msgs/lib/liblinkattacher_msgs__rosidl_typesupport_c.so
[1.904s] -- Set runtime path of "/home/fra/master_ws_test/install/linkattacher_msgs/lib/liblinkattacher_msgs__rosidl_typesupport_c.so" to ""
[1.904s] -- Up-to-date: /home/fra/master_ws_test/install/linkattacher_msgs/include/linkattacher_msgs/linkattacher_msgs
[1.904s] -- Up-to-date: /home/fra/master_ws_test/install/linkattacher_msgs/include/linkattacher_msgs/linkattacher_msgs/srv
[1.904s] -- Up-to-date: /home/fra/master_ws_test/install/linkattacher_msgs/include/linkattacher_msgs/linkattacher_msgs/srv/detach_link.hpp
[1.904s] -- Up-to-date: /home/fra/master_ws_test/install/linkattacher_msgs/include/linkattacher_msgs/linkattacher_msgs/srv/attach_link.hpp
[1.904s] -- Up-to-date: /home/fra/master_ws_test/install/linkattacher_msgs/include/linkattacher_msgs/linkattacher_msgs/srv/detail
[1.904s] -- Up-to-date: /home/fra/master_ws_test/install/linkattacher_msgs/include/linkattacher_msgs/linkattacher_msgs/srv/detail/attach_link__builder.hpp
[1.904s] -- Up-to-date: /home/fra/master_ws_test/install/linkattacher_msgs/include/linkattacher_msgs/linkattacher_msgs/srv/detail/attach_link__type_support.hpp
[1.904s] -- Up-to-date: /home/fra/master_ws_test/install/linkattacher_msgs/include/linkattacher_msgs/linkattacher_msgs/srv/detail/detach_link__builder.hpp
[1.904s] -- Up-to-date: /home/fra/master_ws_test/install/linkattacher_msgs/include/linkattacher_msgs/linkattacher_msgs/srv/detail/detach_link__traits.hpp
[1.904s] -- Up-to-date: /home/fra/master_ws_test/install/linkattacher_msgs/include/linkattacher_msgs/linkattacher_msgs/srv/detail/attach_link__traits.hpp
[1.904s] -- Up-to-date: /home/fra/master_ws_test/install/linkattacher_msgs/include/linkattacher_msgs/linkattacher_msgs/srv/detail/detach_link__struct.hpp
[1.904s] -- Up-to-date: /home/fra/master_ws_test/install/linkattacher_msgs/include/linkattacher_msgs/linkattacher_msgs/srv/detail/attach_link__struct.hpp
[1.904s] -- Up-to-date: /home/fra/master_ws_test/install/linkattacher_msgs/include/linkattacher_msgs/linkattacher_msgs/srv/detail/detach_link__type_support.hpp
[1.904s] -- Up-to-date: /home/fra/master_ws_test/install/linkattacher_msgs/include/linkattacher_msgs/linkattacher_msgs/msg
[1.904s] -- Up-to-date: /home/fra/master_ws_test/install/linkattacher_msgs/include/linkattacher_msgs/linkattacher_msgs/msg/rosidl_generator_cpp__visibility_control.hpp
[1.904s] -- Up-to-date: /home/fra/master_ws_test/install/linkattacher_msgs/include/linkattacher_msgs/linkattacher_msgs
[1.904s] -- Up-to-date: /home/fra/master_ws_test/install/linkattacher_msgs/include/linkattacher_msgs/linkattacher_msgs/srv
[1.904s] -- Up-to-date: /home/fra/master_ws_test/install/linkattacher_msgs/include/linkattacher_msgs/linkattacher_msgs/srv/detail
[1.904s] -- Up-to-date: /home/fra/master_ws_test/install/linkattacher_msgs/include/linkattacher_msgs/linkattacher_msgs/srv/detail/detach_link__rosidl_typesupport_fastrtps_cpp.hpp
[1.904s] -- Installing: /home/fra/master_ws_test/install/linkattacher_msgs/include/linkattacher_msgs/linkattacher_msgs/srv/detail/dds_fastrtps
[1.905s] -- Up-to-date: /home/fra/master_ws_test/install/linkattacher_msgs/include/linkattacher_msgs/linkattacher_msgs/srv/detail/attach_link__rosidl_typesupport_fastrtps_cpp.hpp
[1.905s] -- Up-to-date: /home/fra/master_ws_test/install/linkattacher_msgs/include/linkattacher_msgs/linkattacher_msgs/msg
[1.905s] -- Up-to-date: /home/fra/master_ws_test/install/linkattacher_msgs/include/linkattacher_msgs/linkattacher_msgs/msg/rosidl_typesupport_fastrtps_cpp__visibility_control.h
[1.905s] -- Installing: /home/fra/master_ws_test/install/linkattacher_msgs/lib/liblinkattacher_msgs__rosidl_typesupport_fastrtps_cpp.so
[1.905s] -- Set runtime path of "/home/fra/master_ws_test/install/linkattacher_msgs/lib/liblinkattacher_msgs__rosidl_typesupport_fastrtps_cpp.so" to ""
[1.905s] -- Up-to-date: /home/fra/master_ws_test/install/linkattacher_msgs/include/linkattacher_msgs/linkattacher_msgs
[1.905s] -- Up-to-date: /home/fra/master_ws_test/install/linkattacher_msgs/include/linkattacher_msgs/linkattacher_msgs/srv
[1.905s] -- Up-to-date: /home/fra/master_ws_test/install/linkattacher_msgs/include/linkattacher_msgs/linkattacher_msgs/srv/detail
[1.905s] -- Up-to-date: /home/fra/master_ws_test/install/linkattacher_msgs/include/linkattacher_msgs/linkattacher_msgs/srv/detail/attach_link__type_support.cpp
[1.905s] -- Up-to-date: /home/fra/master_ws_test/install/linkattacher_msgs/include/linkattacher_msgs/linkattacher_msgs/srv/detail/attach_link__rosidl_typesupport_introspection_cpp.hpp
[1.905s] -- Up-to-date: /home/fra/master_ws_test/install/linkattacher_msgs/include/linkattacher_msgs/linkattacher_msgs/srv/detail/detach_link__type_support.cpp
[1.905s] -- Up-to-date: /home/fra/master_ws_test/install/linkattacher_msgs/include/linkattacher_msgs/linkattacher_msgs/srv/detail/detach_link__rosidl_typesupport_introspection_cpp.hpp
[1.905s] -- Installing: /home/fra/master_ws_test/install/linkattacher_msgs/lib/liblinkattacher_msgs__rosidl_typesupport_introspection_cpp.so
[1.905s] -- Set runtime path of "/home/fra/master_ws_test/install/linkattacher_msgs/lib/liblinkattacher_msgs__rosidl_typesupport_introspection_cpp.so" to ""
[1.906s] -- Installing: /home/fra/master_ws_test/install/linkattacher_msgs/lib/liblinkattacher_msgs__rosidl_typesupport_cpp.so
[1.906s] -- Set runtime path of "/home/fra/master_ws_test/install/linkattacher_msgs/lib/liblinkattacher_msgs__rosidl_typesupport_cpp.so" to ""
[1.906s] -- Up-to-date: /home/fra/master_ws_test/install/linkattacher_msgs/share/linkattacher_msgs/environment/pythonpath.sh
[1.906s] -- Installing: /home/fra/master_ws_test/install/linkattacher_msgs/share/linkattacher_msgs/environment/pythonpath.dsv
[1.906s] -- Up-to-date: /home/fra/master_ws_test/install/linkattacher_msgs/local/lib/python3.10/dist-packages/linkattacher_msgs-0.0.0-py3.10.egg-info
[1.906s] -- Installing: /home/fra/master_ws_test/install/linkattacher_msgs/local/lib/python3.10/dist-packages/linkattacher_msgs-0.0.0-py3.10.egg-info/SOURCES.txt
[1.906s] -- Installing: /home/fra/master_ws_test/install/linkattacher_msgs/local/lib/python3.10/dist-packages/linkattacher_msgs-0.0.0-py3.10.egg-info/PKG-INFO
[1.906s] -- Installing: /home/fra/master_ws_test/install/linkattacher_msgs/local/lib/python3.10/dist-packages/linkattacher_msgs-0.0.0-py3.10.egg-info/top_level.txt
[1.906s] -- Installing: /home/fra/master_ws_test/install/linkattacher_msgs/local/lib/python3.10/dist-packages/linkattacher_msgs-0.0.0-py3.10.egg-info/dependency_links.txt
[1.907s] -- Up-to-date: /home/fra/master_ws_test/install/linkattacher_msgs/local/lib/python3.10/dist-packages/linkattacher_msgs
[1.907s] -- Up-to-date: /home/fra/master_ws_test/install/linkattacher_msgs/local/lib/python3.10/dist-packages/linkattacher_msgs/_linkattacher_msgs_s.ep.rosidl_typesupport_fastrtps_c.c
[1.907s] -- Up-to-date: /home/fra/master_ws_test/install/linkattacher_msgs/local/lib/python3.10/dist-packages/linkattacher_msgs/_linkattacher_msgs_s.ep.rosidl_typesupport_c.c
[1.907s] -- Installing: /home/fra/master_ws_test/install/linkattacher_msgs/local/lib/python3.10/dist-packages/linkattacher_msgs/linkattacher_msgs_s__rosidl_typesupport_fastrtps_c.cpython-310-x86_64-linux-gnu.so
[1.907s] -- Up-to-date: /home/fra/master_ws_test/install/linkattacher_msgs/local/lib/python3.10/dist-packages/linkattacher_msgs/srv
[1.907s] -- Up-to-date: /home/fra/master_ws_test/install/linkattacher_msgs/local/lib/python3.10/dist-packages/linkattacher_msgs/srv/_attach_link.py
[1.907s] -- Up-to-date: /home/fra/master_ws_test/install/linkattacher_msgs/local/lib/python3.10/dist-packages/linkattacher_msgs/srv/_detach_link.py
[1.907s] -- Up-to-date: /home/fra/master_ws_test/install/linkattacher_msgs/local/lib/python3.10/dist-packages/linkattacher_msgs/srv/_detach_link_s.c
[1.907s] -- Up-to-date: /home/fra/master_ws_test/install/linkattacher_msgs/local/lib/python3.10/dist-packages/linkattacher_msgs/srv/_attach_link_s.c
[1.907s] -- Up-to-date: /home/fra/master_ws_test/install/linkattacher_msgs/local/lib/python3.10/dist-packages/linkattacher_msgs/srv/__init__.py
[1.907s] -- Up-to-date: /home/fra/master_ws_test/install/linkattacher_msgs/local/lib/python3.10/dist-packages/linkattacher_msgs/_linkattacher_msgs_s.ep.rosidl_typesupport_introspection_c.c
[1.907s] -- Installing: /home/fra/master_ws_test/install/linkattacher_msgs/local/lib/python3.10/dist-packages/linkattacher_msgs/liblinkattacher_msgs__rosidl_generator_py.so
[1.907s] -- Installing: /home/fra/master_ws_test/install/linkattacher_msgs/local/lib/python3.10/dist-packages/linkattacher_msgs/linkattacher_msgs_s__rosidl_typesupport_introspection_c.cpython-310-x86_64-linux-gnu.so
[1.907s] -- Installing: /home/fra/master_ws_test/install/linkattacher_msgs/local/lib/python3.10/dist-packages/linkattacher_msgs/__init__.py
[1.907s] -- Installing: /home/fra/master_ws_test/install/linkattacher_msgs/local/lib/python3.10/dist-packages/linkattacher_msgs/linkattacher_msgs_s__rosidl_typesupport_c.cpython-310-x86_64-linux-gnu.so
[1.934s] Listing '/home/fra/master_ws_test/install/linkattacher_msgs/local/lib/python3.10/dist-packages/linkattacher_msgs'...
[1.934s] Compiling '/home/fra/master_ws_test/install/linkattacher_msgs/local/lib/python3.10/dist-packages/linkattacher_msgs/__init__.py'...
[1.934s] Listing '/home/fra/master_ws_test/install/linkattacher_msgs/local/lib/python3.10/dist-packages/linkattacher_msgs/srv'...
[1.934s] Compiling '/home/fra/master_ws_test/install/linkattacher_msgs/local/lib/python3.10/dist-packages/linkattacher_msgs/srv/__init__.py'...
[1.934s] Compiling '/home/fra/master_ws_test/install/linkattacher_msgs/local/lib/python3.10/dist-packages/linkattacher_msgs/srv/_attach_link.py'...
[1.934s] Compiling '/home/fra/master_ws_test/install/linkattacher_msgs/local/lib/python3.10/dist-packages/linkattacher_msgs/srv/_detach_link.py'...
[1.938s] -- Installing: /home/fra/master_ws_test/install/linkattacher_msgs/local/lib/python3.10/dist-packages/linkattacher_msgs/linkattacher_msgs_s__rosidl_typesupport_fastrtps_c.cpython-310-x86_64-linux-gnu.so
[1.939s] -- Set runtime path of "/home/fra/master_ws_test/install/linkattacher_msgs/local/lib/python3.10/dist-packages/linkattacher_msgs/linkattacher_msgs_s__rosidl_typesupport_fastrtps_c.cpython-310-x86_64-linux-gnu.so" to ""
[1.940s] -- Installing: /home/fra/master_ws_test/install/linkattacher_msgs/local/lib/python3.10/dist-packages/linkattacher_msgs/linkattacher_msgs_s__rosidl_typesupport_introspection_c.cpython-310-x86_64-linux-gnu.so
[1.940s] -- Set runtime path of "/home/fra/master_ws_test/install/linkattacher_msgs/local/lib/python3.10/dist-packages/linkattacher_msgs/linkattacher_msgs_s__rosidl_typesupport_introspection_c.cpython-310-x86_64-linux-gnu.so" to ""
[1.940s] -- Installing: /home/fra/master_ws_test/install/linkattacher_msgs/local/lib/python3.10/dist-packages/linkattacher_msgs/linkattacher_msgs_s__rosidl_typesupport_c.cpython-310-x86_64-linux-gnu.so
[1.940s] -- Set runtime path of "/home/fra/master_ws_test/install/linkattacher_msgs/local/lib/python3.10/dist-packages/linkattacher_msgs/linkattacher_msgs_s__rosidl_typesupport_c.cpython-310-x86_64-linux-gnu.so" to ""
[1.940s] -- Installing: /home/fra/master_ws_test/install/linkattacher_msgs/lib/liblinkattacher_msgs__rosidl_generator_py.so
[1.941s] -- Set runtime path of "/home/fra/master_ws_test/install/linkattacher_msgs/lib/liblinkattacher_msgs__rosidl_generator_py.so" to ""
[1.941s] -- Up-to-date: /home/fra/master_ws_test/install/linkattacher_msgs/share/linkattacher_msgs/srv/AttachLink.idl
[1.941s] -- Up-to-date: /home/fra/master_ws_test/install/linkattacher_msgs/share/linkattacher_msgs/srv/DetachLink.idl
[1.941s] -- Up-to-date: /home/fra/master_ws_test/install/linkattacher_msgs/share/linkattacher_msgs/srv/AttachLink.srv
[1.941s] -- Up-to-date: /home/fra/master_ws_test/install/linkattacher_msgs/share/linkattacher_msgs/srv/AttachLink_Request.msg
[1.941s] -- Up-to-date: /home/fra/master_ws_test/install/linkattacher_msgs/share/linkattacher_msgs/srv/AttachLink_Response.msg
[1.941s] -- Up-to-date: /home/fra/master_ws_test/install/linkattacher_msgs/share/linkattacher_msgs/srv/DetachLink.srv
[1.941s] -- Up-to-date: /home/fra/master_ws_test/install/linkattacher_msgs/share/linkattacher_msgs/srv/DetachLink_Request.msg
[1.941s] -- Up-to-date: /home/fra/master_ws_test/install/linkattacher_msgs/share/linkattacher_msgs/srv/DetachLink_Response.msg
[1.942s] -- Up-to-date: /home/fra/master_ws_test/install/linkattacher_msgs/share/ament_index/resource_index/package_run_dependencies/linkattacher_msgs
[1.942s] -- Installing: /home/fra/master_ws_test/install/linkattacher_msgs/share/ament_index/resource_index/parent_prefix_path/linkattacher_msgs
[1.942s] -- Installing: /home/fra/master_ws_test/install/linkattacher_msgs/share/linkattacher_msgs/environment/ament_prefix_path.sh
[1.942s] -- Installing: /home/fra/master_ws_test/install/linkattacher_msgs/share/linkattacher_msgs/environment/ament_prefix_path.dsv
[1.942s] -- Installing: /home/fra/master_ws_test/install/linkattacher_msgs/share/linkattacher_msgs/environment/path.sh
[1.942s] -- Installing: /home/fra/master_ws_test/install/linkattacher_msgs/share/linkattacher_msgs/environment/path.dsv
[1.942s] -- Up-to-date: /home/fra/master_ws_test/install/linkattacher_msgs/share/linkattacher_msgs/local_setup.bash
[1.942s] -- Up-to-date: /home/fra/master_ws_test/install/linkattacher_msgs/share/linkattacher_msgs/local_setup.sh
[1.942s] -- Up-to-date: /home/fra/master_ws_test/install/linkattacher_msgs/share/linkattacher_msgs/local_setup.zsh
[1.942s] -- Installing: /home/fra/master_ws_test/install/linkattacher_msgs/share/linkattacher_msgs/local_setup.dsv
[1.942s] -- Installing: /home/fra/master_ws_test/install/linkattacher_msgs/share/linkattacher_msgs/package.dsv
[1.943s] -- Up-to-date: /home/fra/master_ws_test/install/linkattacher_msgs/share/ament_index/resource_index/packages/linkattacher_msgs
[1.943s] -- Up-to-date: /home/fra/master_ws_test/install/linkattacher_msgs/share/linkattacher_msgs/cmake/export_linkattacher_msgs__rosidl_generator_cExport.cmake
[1.943s] -- Up-to-date: /home/fra/master_ws_test/install/linkattacher_msgs/share/linkattacher_msgs/cmake/export_linkattacher_msgs__rosidl_generator_cExport-noconfig.cmake
[1.943s] -- Up-to-date: /home/fra/master_ws_test/install/linkattacher_msgs/share/linkattacher_msgs/cmake/export_linkattacher_msgs__rosidl_typesupport_fastrtps_cExport.cmake
[1.943s] -- Up-to-date: /home/fra/master_ws_test/install/linkattacher_msgs/share/linkattacher_msgs/cmake/export_linkattacher_msgs__rosidl_typesupport_fastrtps_cExport-noconfig.cmake
[1.943s] -- Up-to-date: /home/fra/master_ws_test/install/linkattacher_msgs/share/linkattacher_msgs/cmake/linkattacher_msgs__rosidl_typesupport_introspection_cExport.cmake
[1.943s] -- Up-to-date: /home/fra/master_ws_test/install/linkattacher_msgs/share/linkattacher_msgs/cmake/linkattacher_msgs__rosidl_typesupport_introspection_cExport-noconfig.cmake
[1.943s] -- Up-to-date: /home/fra/master_ws_test/install/linkattacher_msgs/share/linkattacher_msgs/cmake/linkattacher_msgs__rosidl_typesupport_cExport.cmake
[1.943s] -- Up-to-date: /home/fra/master_ws_test/install/linkattacher_msgs/share/linkattacher_msgs/cmake/linkattacher_msgs__rosidl_typesupport_cExport-noconfig.cmake
[1.943s] -- Up-to-date: /home/fra/master_ws_test/install/linkattacher_msgs/share/linkattacher_msgs/cmake/export_linkattacher_msgs__rosidl_generator_cppExport.cmake
[1.943s] -- Up-to-date: /home/fra/master_ws_test/install/linkattacher_msgs/share/linkattacher_msgs/cmake/export_linkattacher_msgs__rosidl_typesupport_fastrtps_cppExport.cmake
[1.943s] -- Up-to-date: /home/fra/master_ws_test/install/linkattacher_msgs/share/linkattacher_msgs/cmake/export_linkattacher_msgs__rosidl_typesupport_fastrtps_cppExport-noconfig.cmake
[1.944s] -- Up-to-date: /home/fra/master_ws_test/install/linkattacher_msgs/share/linkattacher_msgs/cmake/linkattacher_msgs__rosidl_typesupport_introspection_cppExport.cmake
[1.944s] -- Up-to-date: /home/fra/master_ws_test/install/linkattacher_msgs/share/linkattacher_msgs/cmake/linkattacher_msgs__rosidl_typesupport_introspection_cppExport-noconfig.cmake
[1.944s] -- Up-to-date: /home/fra/master_ws_test/install/linkattacher_msgs/share/linkattacher_msgs/cmake/linkattacher_msgs__rosidl_typesupport_cppExport.cmake
[1.944s] -- Up-to-date: /home/fra/master_ws_test/install/linkattacher_msgs/share/linkattacher_msgs/cmake/linkattacher_msgs__rosidl_typesupport_cppExport-noconfig.cmake
[1.944s] -- Up-to-date: /home/fra/master_ws_test/install/linkattacher_msgs/share/linkattacher_msgs/cmake/export_linkattacher_msgs__rosidl_generator_pyExport.cmake
[1.944s] -- Up-to-date: /home/fra/master_ws_test/install/linkattacher_msgs/share/linkattacher_msgs/cmake/export_linkattacher_msgs__rosidl_generator_pyExport-noconfig.cmake
[1.944s] -- Up-to-date: /home/fra/master_ws_test/install/linkattacher_msgs/share/linkattacher_msgs/cmake/rosidl_cmake-extras.cmake
[1.944s] -- Up-to-date: /home/fra/master_ws_test/install/linkattacher_msgs/share/linkattacher_msgs/cmake/ament_cmake_export_include_directories-extras.cmake
[1.944s] -- Up-to-date: /home/fra/master_ws_test/install/linkattacher_msgs/share/linkattacher_msgs/cmake/ament_cmake_export_libraries-extras.cmake
[1.944s] -- Up-to-date: /home/fra/master_ws_test/install/linkattacher_msgs/share/linkattacher_msgs/cmake/ament_cmake_export_targets-extras.cmake
[1.944s] -- Up-to-date: /home/fra/master_ws_test/install/linkattacher_msgs/share/linkattacher_msgs/cmake/rosidl_cmake_export_typesupport_targets-extras.cmake
[1.944s] -- Up-to-date: /home/fra/master_ws_test/install/linkattacher_msgs/share/linkattacher_msgs/cmake/ament_cmake_export_dependencies-extras.cmake
[1.944s] -- Up-to-date: /home/fra/master_ws_test/install/linkattacher_msgs/share/linkattacher_msgs/cmake/rosidl_cmake_export_typesupport_libraries-extras.cmake
[1.944s] -- Up-to-date: /home/fra/master_ws_test/install/linkattacher_msgs/share/linkattacher_msgs/cmake/linkattacher_msgsConfig.cmake
[1.945s] -- Up-to-date: /home/fra/master_ws_test/install/linkattacher_msgs/share/linkattacher_msgs/cmake/linkattacher_msgsConfig-version.cmake
[1.945s] -- Installing: /home/fra/master_ws_test/install/linkattacher_msgs/share/linkattacher_msgs/package.xml
[1.947s] Invoked command in '/home/fra/master_ws_test/build/linkattacher_msgs' returned '0': CMAKE_PREFIX_PATH=${CMAKE_PREFIX_PATH}:/opt/ros/humble /usr/bin/cmake --install /home/fra/master_ws_test/build/linkattacher_msgs
