[0.021s] Invoking command in '/home/fra/master_ws_test/build/arm_moveit_config': AMENT_PREFIX_PATH=/home/fra/master_ws_test/install/six_arm:${AMENT_PREFIX_PATH} CMAKE_PREFIX_PATH=/home/fra/master_ws_test/install/six_arm:/home/fra/master_test/install/ur_simulation_gazebo:/home/fra/master_test/install/ur_description:/home/fra/master_test/install/six_arm_moveit_config:/home/fra/master_test/install/cobot_moveit_config:/home/fra/master_test/install/cobot_camera_moveit_config:/home/fra/master_test/install/arm_moveit_config:/home/fra/master_test/install/six_arm:/home/fra/master_test/install/cobot_ik:/home/fra/master_test/install/ros2_linkattacher:/home/fra/master_test/install/realsense2_description:/home/fra/master_test/install/realsense2_camera:/home/fra/master_test/install/realsense2_camera_msgs:/home/fra/master_test/install/linkattacher_msgs:/home/fra/master_test/install/ind_environment:/opt/ros/humble /usr/bin/cmake --build /home/fra/master_ws_test/build/arm_moveit_config -- -j16 -l16
[0.042s] -- Found ament_cmake: 1.3.11 (/opt/ros/humble/share/ament_cmake/cmake)
[0.200s] -- Configuring done
[0.203s] -- Generating done
[0.206s] -- Build files have been written to: /home/fra/master_ws_test/build/arm_moveit_config
[0.234s] Invoked command in '/home/fra/master_ws_test/build/arm_moveit_config' returned '0': AMENT_PREFIX_PATH=/home/fra/master_ws_test/install/six_arm:${AMENT_PREFIX_PATH} CMAKE_PREFIX_PATH=/home/fra/master_ws_test/install/six_arm:/home/fra/master_test/install/ur_simulation_gazebo:/home/fra/master_test/install/ur_description:/home/fra/master_test/install/six_arm_moveit_config:/home/fra/master_test/install/cobot_moveit_config:/home/fra/master_test/install/cobot_camera_moveit_config:/home/fra/master_test/install/arm_moveit_config:/home/fra/master_test/install/six_arm:/home/fra/master_test/install/cobot_ik:/home/fra/master_test/install/ros2_linkattacher:/home/fra/master_test/install/realsense2_description:/home/fra/master_test/install/realsense2_camera:/home/fra/master_test/install/realsense2_camera_msgs:/home/fra/master_test/install/linkattacher_msgs:/home/fra/master_test/install/ind_environment:/opt/ros/humble /usr/bin/cmake --build /home/fra/master_ws_test/build/arm_moveit_config -- -j16 -l16
[0.235s] Invoking command in '/home/fra/master_ws_test/build/arm_moveit_config': AMENT_PREFIX_PATH=/home/fra/master_ws_test/install/six_arm:${AMENT_PREFIX_PATH} CMAKE_PREFIX_PATH=/home/fra/master_ws_test/install/six_arm:/home/fra/master_test/install/ur_simulation_gazebo:/home/fra/master_test/install/ur_description:/home/fra/master_test/install/six_arm_moveit_config:/home/fra/master_test/install/cobot_moveit_config:/home/fra/master_test/install/cobot_camera_moveit_config:/home/fra/master_test/install/arm_moveit_config:/home/fra/master_test/install/six_arm:/home/fra/master_test/install/cobot_ik:/home/fra/master_test/install/ros2_linkattacher:/home/fra/master_test/install/realsense2_description:/home/fra/master_test/install/realsense2_camera:/home/fra/master_test/install/realsense2_camera_msgs:/home/fra/master_test/install/linkattacher_msgs:/home/fra/master_test/install/ind_environment:/opt/ros/humble /usr/bin/cmake --install /home/fra/master_ws_test/build/arm_moveit_config
[0.241s] -- Install configuration: ""
[0.241s] -- Up-to-date: /home/fra/master_ws_test/install/arm_moveit_config/share/ament_index/resource_index/package_run_dependencies/arm_moveit_config
[0.241s] -- Installing: /home/fra/master_ws_test/install/arm_moveit_config/share/ament_index/resource_index/parent_prefix_path/arm_moveit_config
[0.242s] -- Installing: /home/fra/master_ws_test/install/arm_moveit_config/share/arm_moveit_config/environment/ament_prefix_path.sh
[0.242s] -- Installing: /home/fra/master_ws_test/install/arm_moveit_config/share/arm_moveit_config/environment/ament_prefix_path.dsv
[0.242s] -- Installing: /home/fra/master_ws_test/install/arm_moveit_config/share/arm_moveit_config/environment/path.sh
[0.242s] -- Installing: /home/fra/master_ws_test/install/arm_moveit_config/share/arm_moveit_config/environment/path.dsv
[0.242s] -- Up-to-date: /home/fra/master_ws_test/install/arm_moveit_config/share/arm_moveit_config/local_setup.bash
[0.244s] -- Up-to-date: /home/fra/master_ws_test/install/arm_moveit_config/share/arm_moveit_config/local_setup.sh
[0.244s] -- Up-to-date: /home/fra/master_ws_test/install/arm_moveit_config/share/arm_moveit_config/local_setup.zsh
[0.244s] -- Installing: /home/fra/master_ws_test/install/arm_moveit_config/share/arm_moveit_config/local_setup.dsv
[0.245s] -- Installing: /home/fra/master_ws_test/install/arm_moveit_config/share/arm_moveit_config/package.dsv
[0.245s] -- Up-to-date: /home/fra/master_ws_test/install/arm_moveit_config/share/ament_index/resource_index/packages/arm_moveit_config
[0.245s] -- Up-to-date: /home/fra/master_ws_test/install/arm_moveit_config/share/arm_moveit_config/cmake/arm_moveit_configConfig.cmake
[0.245s] -- Up-to-date: /home/fra/master_ws_test/install/arm_moveit_config/share/arm_moveit_config/cmake/arm_moveit_configConfig-version.cmake
[0.245s] -- Up-to-date: /home/fra/master_ws_test/install/arm_moveit_config/share/arm_moveit_config/package.xml
[0.245s] -- Up-to-date: /home/fra/master_ws_test/install/arm_moveit_config/share/arm_moveit_config/launch
[0.245s] -- Up-to-date: /home/fra/master_ws_test/install/arm_moveit_config/share/arm_moveit_config/launch/demo_with_controllers.launch.py
[0.246s] -- Up-to-date: /home/fra/master_ws_test/install/arm_moveit_config/share/arm_moveit_config/launch/setup_assistant.launch.py
[0.246s] -- Up-to-date: /home/fra/master_ws_test/install/arm_moveit_config/share/arm_moveit_config/launch/spawn_controllers.launch.py
[0.246s] -- Up-to-date: /home/fra/master_ws_test/install/arm_moveit_config/share/arm_moveit_config/launch/move_group.launch.py
[0.246s] -- Up-to-date: /home/fra/master_ws_test/install/arm_moveit_config/share/arm_moveit_config/launch/warehouse_db.launch.py
[0.246s] -- Up-to-date: /home/fra/master_ws_test/install/arm_moveit_config/share/arm_moveit_config/launch/demo.launch.py
[0.246s] -- Up-to-date: /home/fra/master_ws_test/install/arm_moveit_config/share/arm_moveit_config/launch/static_virtual_joint_tfs.launch.py
[0.246s] -- Up-to-date: /home/fra/master_ws_test/install/arm_moveit_config/share/arm_moveit_config/launch/moveit_rviz.launch.py
[0.246s] -- Up-to-date: /home/fra/master_ws_test/install/arm_moveit_config/share/arm_moveit_config/launch/rsp.launch.py
[0.246s] -- Up-to-date: /home/fra/master_ws_test/install/arm_moveit_config/share/arm_moveit_config/config
[0.246s] -- Up-to-date: /home/fra/master_ws_test/install/arm_moveit_config/share/arm_moveit_config/config/moveit_controllers.yaml
[0.246s] -- Up-to-date: /home/fra/master_ws_test/install/arm_moveit_config/share/arm_moveit_config/config/chomp_planning.yaml
[0.246s] -- Up-to-date: /home/fra/master_ws_test/install/arm_moveit_config/share/arm_moveit_config/config/kinematics.yaml
[0.246s] -- Up-to-date: /home/fra/master_ws_test/install/arm_moveit_config/share/arm_moveit_config/config/custom_robot.urdf.xacro
[0.246s] -- Up-to-date: /home/fra/master_ws_test/install/arm_moveit_config/share/arm_moveit_config/config/lerp_planning.yaml
[0.246s] -- Up-to-date: /home/fra/master_ws_test/install/arm_moveit_config/share/arm_moveit_config/config/joint_limits.yaml
[0.246s] -- Up-to-date: /home/fra/master_ws_test/install/arm_moveit_config/share/arm_moveit_config/config/ros2_controllers.yaml
[0.246s] -- Up-to-date: /home/fra/master_ws_test/install/arm_moveit_config/share/arm_moveit_config/config/initial_positions.yaml
[0.246s] -- Up-to-date: /home/fra/master_ws_test/install/arm_moveit_config/share/arm_moveit_config/config/ompl_planning.yaml
[0.246s] -- Up-to-date: /home/fra/master_ws_test/install/arm_moveit_config/share/arm_moveit_config/config/trajopt_planning.yaml
[0.246s] -- Up-to-date: /home/fra/master_ws_test/install/arm_moveit_config/share/arm_moveit_config/config/pilz_cartesian_limits.yaml
[0.246s] -- Up-to-date: /home/fra/master_ws_test/install/arm_moveit_config/share/arm_moveit_config/config/moveit.rviz
[0.246s] -- Up-to-date: /home/fra/master_ws_test/install/arm_moveit_config/share/arm_moveit_config/config/custom_robot.ros2_control.xacro
[0.246s] -- Up-to-date: /home/fra/master_ws_test/install/arm_moveit_config/share/arm_moveit_config/config/custom_robot.srdf
[0.246s] -- Up-to-date: /home/fra/master_ws_test/install/arm_moveit_config/share/arm_moveit_config/config/pilz_industrial_motion_planner_planning.yaml
[0.246s] -- Up-to-date: /home/fra/master_ws_test/install/arm_moveit_config/share/arm_moveit_config/.setup_assistant
[0.263s] Invoked command in '/home/fra/master_ws_test/build/arm_moveit_config' returned '0': AMENT_PREFIX_PATH=/home/fra/master_ws_test/install/six_arm:${AMENT_PREFIX_PATH} CMAKE_PREFIX_PATH=/home/fra/master_ws_test/install/six_arm:/home/fra/master_test/install/ur_simulation_gazebo:/home/fra/master_test/install/ur_description:/home/fra/master_test/install/six_arm_moveit_config:/home/fra/master_test/install/cobot_moveit_config:/home/fra/master_test/install/cobot_camera_moveit_config:/home/fra/master_test/install/arm_moveit_config:/home/fra/master_test/install/six_arm:/home/fra/master_test/install/cobot_ik:/home/fra/master_test/install/ros2_linkattacher:/home/fra/master_test/install/realsense2_description:/home/fra/master_test/install/realsense2_camera:/home/fra/master_test/install/realsense2_camera_msgs:/home/fra/master_test/install/linkattacher_msgs:/home/fra/master_test/install/ind_environment:/opt/ros/humble /usr/bin/cmake --install /home/fra/master_ws_test/build/arm_moveit_config
