[0.021s] Invoking command in '/home/fra/master_ws_test/build/six_arm': CMAKE_PREFIX_PATH=${CMAKE_PREFIX_PATH}:/opt/ros/humble /usr/bin/cmake --build /home/fra/master_ws_test/build/six_arm -- -j12 -l12
[0.069s] -- Found ament_cmake: 1.3.11 (/opt/ros/humble/share/ament_cmake/cmake)
[0.199s] -- Found rclcpp: 16.0.12 (/opt/ros/humble/share/rclcpp/cmake)
[0.235s] -- Found rosidl_generator_c: 3.1.6 (/opt/ros/humble/share/rosidl_generator_c/cmake)
[0.238s] -- Found rosidl_adapter: 3.1.6 (/opt/ros/humble/share/rosidl_adapter/cmake)
[0.246s] -- Found rosidl_generator_cpp: 3.1.6 (/opt/ros/humble/share/rosidl_generator_cpp/cmake)
[0.258s] -- Using all available rosidl_typesupport_c: rosidl_typesupport_fastrtps_c;rosidl_typesupport_introspection_c
[0.273s] -- Using all available rosidl_typesupport_cpp: rosidl_typesupport_fastrtps_cpp;rosidl_typesupport_introspection_cpp
[0.314s] -- Found rmw_implementation_cmake: 6.1.2 (/opt/ros/humble/share/rmw_implementation_cmake/cmake)
[0.317s] -- Found rmw_fastrtps_cpp: 6.2.7 (/opt/ros/humble/share/rmw_fastrtps_cpp/cmake)
[0.423s] -- Using RMW implementation 'rmw_fastrtps_cpp' as default
[0.483s] -- Found trajectory_msgs: 4.8.0 (/opt/ros/humble/share/trajectory_msgs/cmake)
[0.515s] -- Found ament_lint_auto: 0.12.12 (/opt/ros/humble/share/ament_lint_auto/cmake)
[0.599s] -- Added test 'cppcheck' to perform static code analysis on C / C++ code
[0.599s] -- Configured cppcheck include dirs: 
[0.599s] -- Configured cppcheck exclude dirs and/or files: 
[0.599s] -- Added test 'flake8' to check Python code syntax and style conventions
[0.600s] -- Added test 'lint_cmake' to check CMake code style
[0.600s] -- Added test 'pep257' to check Python code against some of the docstring style conventions in PEP 257
[0.601s] -- Added test 'uncrustify' to check C / C++ code style
[0.601s] -- Configured uncrustify additional arguments: 
[0.602s] -- Added test 'xmllint' to check XML markup files
[0.603s] -- Configuring done
[0.613s] -- Generating done
[0.616s] -- Build files have been written to: /home/fra/master_ws_test/build/six_arm
[0.639s] [35m[1mConsolidate compiler generated dependencies of target joint_publisher[0m
[0.652s] [ 50%] [32mBuilding CXX object CMakeFiles/joint_publisher.dir/src/joint_publisher.cpp.o[0m
[4.973s] [100%] [32m[1mLinking CXX executable joint_publisher[0m
[5.180s] [100%] Built target joint_publisher
[5.190s] Invoked command in '/home/fra/master_ws_test/build/six_arm' returned '0': CMAKE_PREFIX_PATH=${CMAKE_PREFIX_PATH}:/opt/ros/humble /usr/bin/cmake --build /home/fra/master_ws_test/build/six_arm -- -j12 -l12
[5.192s] Invoking command in '/home/fra/master_ws_test/build/six_arm': CMAKE_PREFIX_PATH=${CMAKE_PREFIX_PATH}:/opt/ros/humble /usr/bin/cmake --install /home/fra/master_ws_test/build/six_arm
[5.199s] -- Install configuration: ""
[5.199s] -- Installing: /home/fra/master_ws_test/install/six_arm/lib/six_arm/joint_publisher
[5.200s] -- Set runtime path of "/home/fra/master_ws_test/install/six_arm/lib/six_arm/joint_publisher" to ""
[5.200s] -- Up-to-date: /home/fra/master_ws_test/install/six_arm/share/six_arm/launch
[5.201s] -- Up-to-date: /home/fra/master_ws_test/install/six_arm/share/six_arm/launch/spawn_robot_traj_controllers.launch.py
[5.201s] -- Up-to-date: /home/fra/master_ws_test/install/six_arm/share/six_arm/launch/spawn_robot_eff_controllers.launch.py
[5.201s] -- Up-to-date: /home/fra/master_ws_test/install/six_arm/share/six_arm/launch/spawn_robot_camera_moveit.launch.py
[5.201s] -- Up-to-date: /home/fra/master_ws_test/install/six_arm/share/six_arm/launch/spawn_robot_controllers.launch.py
[5.201s] -- Up-to-date: /home/fra/master_ws_test/install/six_arm/share/six_arm/launch/spawn_robot_namespace.launch.py
[5.201s] -- Up-to-date: /home/fra/master_ws_test/install/six_arm/share/six_arm/launch/spawn_robot_camera.launch.py
[5.201s] -- Installing: /home/fra/master_ws_test/install/six_arm/share/six_arm/launch/spawn_patience_moveit.launch.py
[5.201s] -- Up-to-date: /home/fra/master_ws_test/install/six_arm/share/six_arm/launch/spawn_robot_moveit.launch.py
[5.201s] -- Up-to-date: /home/fra/master_ws_test/install/six_arm/share/six_arm/urdf
[5.201s] -- Up-to-date: /home/fra/master_ws_test/install/six_arm/share/six_arm/urdf/red_cube.xacro
[5.201s] -- Up-to-date: /home/fra/master_ws_test/install/six_arm/share/six_arm/urdf/cobot_camera.urdf.xacro
[5.201s] -- Up-to-date: /home/fra/master_ws_test/install/six_arm/share/six_arm/urdf/cobot_trajectory_control.urdf.xacro
[5.202s] -- Up-to-date: /home/fra/master_ws_test/install/six_arm/share/six_arm/urdf/check.urdf
[5.202s] -- Up-to-date: /home/fra/master_ws_test/install/six_arm/share/six_arm/urdf/cobot.urdf.xacro
[5.202s] -- Up-to-date: /home/fra/master_ws_test/install/six_arm/share/six_arm/urdf/custom_robot_gazebo.xacro
[5.202s] -- Up-to-date: /home/fra/master_ws_test/install/six_arm/share/six_arm/urdf/custom_gripper.xacro
[5.202s] -- Up-to-date: /home/fra/master_ws_test/install/six_arm/share/six_arm/urdf/cobot_effort.urdf.xacro
[5.202s] -- Up-to-date: /home/fra/master_ws_test/install/six_arm/share/six_arm/urdf/link_joint.xacro
[5.202s] -- Up-to-date: /home/fra/master_ws_test/install/six_arm/share/six_arm/urdf/camera.xacro
[5.202s] -- Up-to-date: /home/fra/master_ws_test/install/six_arm/share/six_arm/config
[5.202s] -- Up-to-date: /home/fra/master_ws_test/install/six_arm/share/six_arm/config/effort_controllers.yaml
[5.202s] -- Up-to-date: /home/fra/master_ws_test/install/six_arm/share/six_arm/config/trajectory_controllers.yaml
[5.202s] -- Up-to-date: /home/fra/master_ws_test/install/six_arm/share/six_arm/config/controllers.yaml
[5.202s] -- Up-to-date: /home/fra/master_ws_test/install/six_arm/share/six_arm/config/config.rviz
[5.202s] -- Up-to-date: /home/fra/master_ws_test/install/six_arm/share/six_arm/src
[5.202s] -- Up-to-date: /home/fra/master_ws_test/install/six_arm/share/six_arm/src/joint_publisher.cpp
[5.202s] -- Up-to-date: /home/fra/master_ws_test/install/six_arm/share/six_arm/meshes
[5.202s] -- Up-to-date: /home/fra/master_ws_test/install/six_arm/share/six_arm/meshes/sensors
[5.202s] -- Up-to-date: /home/fra/master_ws_test/install/six_arm/share/six_arm/meshes/sensors/camera
[5.203s] -- Up-to-date: /home/fra/master_ws_test/install/six_arm/share/six_arm/meshes/sensors/camera/kinetic.png
[5.203s] -- Up-to-date: /home/fra/master_ws_test/install/six_arm/share/six_arm/meshes/sensors/camera/kinetic.dae
[5.203s] -- Up-to-date: /home/fra/master_ws_test/install/six_arm/share/six_arm/meshes/sensors/camera/kinetic.stl
[5.203s] -- Up-to-date: /home/fra/master_ws_test/install/six_arm/share/ament_index/resource_index/package_run_dependencies/six_arm
[5.203s] -- Installing: /home/fra/master_ws_test/install/six_arm/share/ament_index/resource_index/parent_prefix_path/six_arm
[5.203s] -- Up-to-date: /home/fra/master_ws_test/install/six_arm/share/six_arm/environment/ament_prefix_path.sh
[5.203s] -- Installing: /home/fra/master_ws_test/install/six_arm/share/six_arm/environment/ament_prefix_path.dsv
[5.203s] -- Up-to-date: /home/fra/master_ws_test/install/six_arm/share/six_arm/environment/path.sh
[5.203s] -- Installing: /home/fra/master_ws_test/install/six_arm/share/six_arm/environment/path.dsv
[5.203s] -- Up-to-date: /home/fra/master_ws_test/install/six_arm/share/six_arm/local_setup.bash
[5.203s] -- Up-to-date: /home/fra/master_ws_test/install/six_arm/share/six_arm/local_setup.sh
[5.203s] -- Up-to-date: /home/fra/master_ws_test/install/six_arm/share/six_arm/local_setup.zsh
[5.203s] -- Installing: /home/fra/master_ws_test/install/six_arm/share/six_arm/local_setup.dsv
[5.203s] -- Installing: /home/fra/master_ws_test/install/six_arm/share/six_arm/package.dsv
[5.204s] -- Up-to-date: /home/fra/master_ws_test/install/six_arm/share/ament_index/resource_index/packages/six_arm
[5.204s] -- Up-to-date: /home/fra/master_ws_test/install/six_arm/share/six_arm/cmake/six_armConfig.cmake
[5.204s] -- Up-to-date: /home/fra/master_ws_test/install/six_arm/share/six_arm/cmake/six_armConfig-version.cmake
[5.204s] -- Up-to-date: /home/fra/master_ws_test/install/six_arm/share/six_arm/package.xml
[5.206s] Invoked command in '/home/fra/master_ws_test/build/six_arm' returned '0': CMAKE_PREFIX_PATH=${CMAKE_PREFIX_PATH}:/opt/ros/humble /usr/bin/cmake --install /home/fra/master_ws_test/build/six_arm
