-- Found ament_cmake: 1.3.11 (/opt/ros/humble/share/ament_cmake/cmake)
-- Override CMake install command with custom implementation using symlinks instead of copying resources
-- Found ament_lint_auto: 0.12.11 (/opt/ros/humble/share/ament_lint_auto/cmake)
-- Added test 'flake8' to check Python code syntax and style conventions
-- Added test 'lint_cmake' to check CMake code style
-- Added test 'pep257' to check Python code against some of the docstring style conventions in PEP 257
-- Added test 'xmllint' to check XML markup files
-- Configuring done
-- Generating done
-- Build files have been written to: /home/fra/master_ws_test/build/six_arm
-- Install configuration: ""
-- Execute custom install script
-- Up-to-date symlink: /home/fra/master_ws_test/install/six_arm/share/six_arm/launch/spawn_robot_controllers.launch.py
-- Up-to-date symlink: /home/fra/master_ws_test/install/six_arm/share/six_arm/urdf/cobot.urdf.xacro
-- Up-to-date symlink: /home/fra/master_ws_test/install/six_arm/share/six_arm/urdf/custom_gripper.xacro
-- Up-to-date symlink: /home/fra/master_ws_test/install/six_arm/share/six_arm/urdf/custom_robot_gazebo.xacro
-- Up-to-date symlink: /home/fra/master_ws_test/install/six_arm/share/six_arm/urdf/link_joint.xacro
-- Symlinking: /home/fra/master_ws_test/install/six_arm/share/six_arm/config/controllers.yaml
-- Up-to-date symlink: /home/fra/master_ws_test/install/six_arm/share/ament_index/resource_index/package_run_dependencies/six_arm
-- Up-to-date symlink: /home/fra/master_ws_test/install/six_arm/share/ament_index/resource_index/parent_prefix_path/six_arm
-- Up-to-date symlink: /home/fra/master_ws_test/install/six_arm/share/six_arm/environment/ament_prefix_path.sh
-- Up-to-date symlink: /home/fra/master_ws_test/install/six_arm/share/six_arm/environment/ament_prefix_path.dsv
-- Up-to-date symlink: /home/fra/master_ws_test/install/six_arm/share/six_arm/environment/path.sh
-- Up-to-date symlink: /home/fra/master_ws_test/install/six_arm/share/six_arm/environment/path.dsv
-- Up-to-date symlink: /home/fra/master_ws_test/install/six_arm/share/six_arm/local_setup.bash
-- Up-to-date symlink: /home/fra/master_ws_test/install/six_arm/share/six_arm/local_setup.sh
-- Up-to-date symlink: /home/fra/master_ws_test/install/six_arm/share/six_arm/local_setup.zsh
-- Up-to-date symlink: /home/fra/master_ws_test/install/six_arm/share/six_arm/local_setup.dsv
-- Symlinking: /home/fra/master_ws_test/install/six_arm/share/six_arm/package.dsv
-- Up-to-date symlink: /home/fra/master_ws_test/install/six_arm/share/ament_index/resource_index/packages/six_arm
-- Up-to-date symlink: /home/fra/master_ws_test/install/six_arm/share/six_arm/cmake/six_armConfig.cmake
-- Up-to-date symlink: /home/fra/master_ws_test/install/six_arm/share/six_arm/cmake/six_armConfig-version.cmake
-- Up-to-date symlink: /home/fra/master_ws_test/install/six_arm/share/six_arm/package.xml
