[0.011s] Invoking command in '/home/fra/master_ws_test/build/six_arm': CMAKE_PREFIX_PATH=${CMAKE_PREFIX_PATH}:/home/fra/ros2_ws/install/python_pkg:/opt/ros/humble /usr/bin/cmake --build /home/fra/master_ws_test/build/six_arm -- -j12 -l12
[0.039s] -- Found ament_cmake: 1.3.11 (/opt/ros/humble/share/ament_cmake/cmake)
[0.178s] -- Override CMake install command with custom implementation using symlinks instead of copying resources
[0.192s] -- Found ament_lint_auto: 0.12.11 (/opt/ros/humble/share/ament_lint_auto/cmake)
[0.293s] -- Added test 'flake8' to check Python code syntax and style conventions
[0.294s] -- Added test 'lint_cmake' to check CMake code style
[0.294s] -- Added test 'pep257' to check Python code against some of the docstring style conventions in PEP 257
[0.296s] -- Added test 'xmllint' to check XML markup files
[0.297s] -- Configuring done
[0.302s] -- Generating done
[0.304s] -- Build files have been written to: /home/fra/master_ws_test/build/six_arm
[0.323s] Invoked command in '/home/fra/master_ws_test/build/six_arm' returned '0': CMAKE_PREFIX_PATH=${CMAKE_PREFIX_PATH}:/home/fra/ros2_ws/install/python_pkg:/opt/ros/humble /usr/bin/cmake --build /home/fra/master_ws_test/build/six_arm -- -j12 -l12
[0.333s] Invoking command in '/home/fra/master_ws_test/build/six_arm': CMAKE_PREFIX_PATH=${CMAKE_PREFIX_PATH}:/home/fra/ros2_ws/install/python_pkg:/opt/ros/humble /usr/bin/cmake --install /home/fra/master_ws_test/build/six_arm
[0.342s] -- Install configuration: ""
[0.342s] -- Execute custom install script
[0.343s] -- Up-to-date symlink: /home/fra/master_ws_test/install/six_arm/share/six_arm/launch/spawn_robot_controllers.launch.py
[0.343s] -- Up-to-date symlink: /home/fra/master_ws_test/install/six_arm/share/six_arm/urdf/cobot.urdf.xacro
[0.343s] -- Up-to-date symlink: /home/fra/master_ws_test/install/six_arm/share/six_arm/urdf/custom_gripper.xacro
[0.343s] -- Up-to-date symlink: /home/fra/master_ws_test/install/six_arm/share/six_arm/urdf/custom_robot_gazebo.xacro
[0.344s] -- Up-to-date symlink: /home/fra/master_ws_test/install/six_arm/share/six_arm/urdf/link_joint.xacro
[0.344s] -- Symlinking: /home/fra/master_ws_test/install/six_arm/share/six_arm/config/controllers.yaml
[0.353s] -- Up-to-date symlink: /home/fra/master_ws_test/install/six_arm/share/ament_index/resource_index/package_run_dependencies/six_arm
[0.353s] -- Up-to-date symlink: /home/fra/master_ws_test/install/six_arm/share/ament_index/resource_index/parent_prefix_path/six_arm
[0.353s] -- Up-to-date symlink: /home/fra/master_ws_test/install/six_arm/share/six_arm/environment/ament_prefix_path.sh
[0.354s] -- Up-to-date symlink: /home/fra/master_ws_test/install/six_arm/share/six_arm/environment/ament_prefix_path.dsv
[0.354s] -- Up-to-date symlink: /home/fra/master_ws_test/install/six_arm/share/six_arm/environment/path.sh
[0.354s] -- Up-to-date symlink: /home/fra/master_ws_test/install/six_arm/share/six_arm/environment/path.dsv
[0.354s] -- Up-to-date symlink: /home/fra/master_ws_test/install/six_arm/share/six_arm/local_setup.bash
[0.354s] -- Up-to-date symlink: /home/fra/master_ws_test/install/six_arm/share/six_arm/local_setup.sh
[0.354s] -- Up-to-date symlink: /home/fra/master_ws_test/install/six_arm/share/six_arm/local_setup.zsh
[0.354s] -- Up-to-date symlink: /home/fra/master_ws_test/install/six_arm/share/six_arm/local_setup.dsv
[0.355s] -- Symlinking: /home/fra/master_ws_test/install/six_arm/share/six_arm/package.dsv
[0.363s] -- Up-to-date symlink: /home/fra/master_ws_test/install/six_arm/share/ament_index/resource_index/packages/six_arm
[0.363s] -- Up-to-date symlink: /home/fra/master_ws_test/install/six_arm/share/six_arm/cmake/six_armConfig.cmake
[0.363s] -- Up-to-date symlink: /home/fra/master_ws_test/install/six_arm/share/six_arm/cmake/six_armConfig-version.cmake
[0.363s] -- Up-to-date symlink: /home/fra/master_ws_test/install/six_arm/share/six_arm/package.xml
[0.365s] Invoked command in '/home/fra/master_ws_test/build/six_arm' returned '0': CMAKE_PREFIX_PATH=${CMAKE_PREFIX_PATH}:/home/fra/ros2_ws/install/python_pkg:/opt/ros/humble /usr/bin/cmake --install /home/fra/master_ws_test/build/six_arm
