[0.015s] Invoking command in '/home/fra/master_ws_test/build/cobot_ik': CMAKE_PREFIX_PATH=/home/fra/master_ws_test/install/ros2_linkattacher:/home/fra/master_ws_test/install/linkattacher_msgs:/home/fra/master_ws_test/install/six_arm_moveit_config:/home/fra/master_ws_test/install/cobot_moveit_config:/home/fra/master_ws_test/install/cobot_camera_moveit_config:/home/fra/master_ws_test/install/arm_moveit_config:/home/fra/master_ws_test/install/six_arm:/home/fra/master_ws_test/install/cobot_ik:/home/fra/master_ws_test/install/realsense2_description:/home/fra/master_ws_test/install/realsense2_camera:/home/fra/master_ws_test/install/realsense2_camera_msgs:/home/fra/master_ws_test/install/ind_environment:/home/fra/ros2_master_ws/install/ros2_linkattacher:/home/fra/ros2_master_ws/install/linkattacher_msgs:/home/fra/ros2_master_ws/install/ind_environment:/home/fra/ros2_master_ws/install/custom_robot_moveit_config:/home/fra/ros2_master_ws/install/custom_robot_ik:/home/fra/ros2_master_ws/install/cobot_gazebo:/home/fra/ros2_master_ws/install/cobot_description:/opt/ros/humble LD_LIBRARY_PATH=/home/fra/master_ws_test/install/ros2_linkattacher/lib:/home/fra/master_ws_test/install/linkattacher_msgs/lib:/home/fra/master_ws_test/install/realsense2_camera/lib:/home/fra/master_ws_test/install/realsense2_camera_msgs/lib:/home/fra/ros2_master_ws/install/ros2_linkattacher/lib:/home/fra/ros2_master_ws/install/linkattacher_msgs/lib:/usr/lib/x86_64-linux-gnu/gazebo-11/plugins:/opt/ros/humble/opt/rviz_ogre_vendor/lib:/opt/ros/humble/lib/x86_64-linux-gnu:/opt/ros/humble/lib /usr/bin/cmake --build /home/fra/master_ws_test/build/cobot_ik -- -j12 -l12
[0.044s] -- Found ament_cmake: 1.3.11 (/opt/ros/humble/share/ament_cmake/cmake)
[0.169s] -- Found moveit_ros_planning_interface: 2.5.8 (/opt/ros/humble/share/moveit_ros_planning_interface/cmake)
[0.180s] -- Found Boost: /usr/lib/x86_64-linux-gnu/cmake/Boost-1.74.0/BoostConfig.cmake (found version "1.74.0") found components: date_time filesystem program_options system thread 
[0.206s] -- Found rosidl_generator_c: 3.1.6 (/opt/ros/humble/share/rosidl_generator_c/cmake)
[0.208s] -- Found rosidl_adapter: 3.1.6 (/opt/ros/humble/share/rosidl_adapter/cmake)
[0.214s] -- Found rosidl_generator_cpp: 3.1.6 (/opt/ros/humble/share/rosidl_generator_cpp/cmake)
[0.226s] -- Using all available rosidl_typesupport_c: rosidl_typesupport_fastrtps_c;rosidl_typesupport_introspection_c
[0.239s] -- Using all available rosidl_typesupport_cpp: rosidl_typesupport_fastrtps_cpp;rosidl_typesupport_introspection_cpp
[0.423s] -- Found Boost: /usr/lib/x86_64-linux-gnu/cmake/Boost-1.74.0/BoostConfig.cmake (found version "1.74.0") found components: chrono date_time filesystem iostreams program_options regex serialization system thread 
[0.449s] -- Found parameter_traits: 0.4.0 (/opt/ros/humble/share/parameter_traits/cmake)
[0.475s] -- Found rmw_implementation_cmake: 6.1.2 (/opt/ros/humble/share/rmw_implementation_cmake/cmake)
[0.477s] -- Found rmw_fastrtps_cpp: 6.2.7 (/opt/ros/humble/share/rmw_fastrtps_cpp/cmake)
[0.576s] -- Using RMW implementation 'rmw_fastrtps_cpp' as default
[0.621s] -- Found rclcpp_lifecycle: 16.0.12 (/opt/ros/humble/share/rclcpp_lifecycle/cmake)
[0.642s] -- Found Boost: /usr/lib/x86_64-linux-gnu/cmake/Boost-1.74.0/BoostConfig.cmake (found version "1.74.0") found components: filesystem 
[0.673s] -- library: /usr/lib/x86_64-linux-gnu/libcurl.so
[0.699s] -- Ensuring Eigen3 include directory is part of orocos-kdl CMake target
[0.807s] -- Found Boost: /usr/lib/x86_64-linux-gnu/cmake/Boost-1.74.0/BoostConfig.cmake (found version "1.74.0") found components: system filesystem date_time program_options thread chrono 
[0.838s] -- Found Boost: /usr/lib/x86_64-linux-gnu/cmake/Boost-1.74.0/BoostConfig.cmake (found version "1.74.0") found components: thread system filesystem regex date_time program_options 
[0.857s] -- Found Boost: /usr/lib/x86_64-linux-gnu/cmake/Boost-1.74.0/BoostConfig.cmake (found version "1.74.0") found components: system filesystem date_time program_options thread 
[0.884s] -- Found gazebo_msgs: 3.9.0 (/opt/ros/humble/share/gazebo_msgs/cmake)
[0.903s] -- Found linkattacher_msgs: 0.0.0 (/home/fra/master_ws_test/install/linkattacher_msgs/share/linkattacher_msgs/cmake)
[0.912s] -- Found ros2_linkattacher: 0.0.0 (/home/fra/master_ws_test/install/ros2_linkattacher/share/ros2_linkattacher/cmake)
[0.912s] -- Found gazebo_ros: 3.9.0 (/opt/ros/humble/share/gazebo_ros/cmake)
[0.940s] -- Found DART: /usr/include (Required is at least version "6.6") found components: dart 
[0.952s] -- Found Boost: /usr/lib/x86_64-linux-gnu/cmake/Boost-1.74.0/BoostConfig.cmake (found suitable version "1.74.0", minimum required is "1.40.0") found components: thread system filesystem program_options regex iostreams date_time 
[0.960s] -- Found Protobuf: /usr/lib/x86_64-linux-gnu/libprotobuf.so (found version "3.12.4") 
[0.961s] -- Looking for ignition-math6 -- found version 6.15.1
[0.965s] -- Searching for dependencies of ignition-math6
[0.966s] -- Looking for OGRE...
[0.971s] -- Found Ogre Ghadamon (1.9.0)
[0.971s] -- Found OGRE: optimized;/usr/lib/x86_64-linux-gnu/libOgreMain.so;debug;/usr/lib/x86_64-linux-gnu/libOgreMain.so
[0.981s] -- Looking for OGRE_Paging...
[0.981s] -- Found OGRE_Paging: optimized;/usr/lib/x86_64-linux-gnu/libOgrePaging.so;debug;/usr/lib/x86_64-linux-gnu/libOgrePaging.so
[0.981s] -- Looking for OGRE_Terrain...
[0.981s] -- Found OGRE_Terrain: optimized;/usr/lib/x86_64-linux-gnu/libOgreTerrain.so;debug;/usr/lib/x86_64-linux-gnu/libOgreTerrain.so
[0.981s] -- Looking for OGRE_Property...
[0.981s] -- Found OGRE_Property: optimized;/usr/lib/x86_64-linux-gnu/libOgreProperty.so;debug;/usr/lib/x86_64-linux-gnu/libOgreProperty.so
[0.981s] -- Looking for OGRE_RTShaderSystem...
[0.981s] -- Found OGRE_RTShaderSystem: optimized;/usr/lib/x86_64-linux-gnu/libOgreRTShaderSystem.so;debug;/usr/lib/x86_64-linux-gnu/libOgreRTShaderSystem.so
[0.982s] -- Looking for OGRE_Volume...
[0.982s] -- Found OGRE_Volume: optimized;/usr/lib/x86_64-linux-gnu/libOgreVolume.so;debug;/usr/lib/x86_64-linux-gnu/libOgreVolume.so
[0.982s] -- Looking for OGRE_Overlay...
[0.982s] -- Found OGRE_Overlay: optimized;/usr/lib/x86_64-linux-gnu/libOgreOverlay.so;debug;/usr/lib/x86_64-linux-gnu/libOgreOverlay.so
[1.117s] -- Looking for ignition-math6 -- found version 6.15.1
[1.117s] -- Looking for ignition-transport8 -- found version 8.2.1
[1.118s] -- Searching for dependencies of ignition-transport8
[1.137s] -- Found Protobuf: /usr/lib/x86_64-linux-gnu/libprotobuf.so (found suitable version "3.12.4", minimum required is "3") 
[1.148s] -- Config-file not installed for ZeroMQ -- checking for pkg-config
[1.152s] -- Checking for module 'libzmq >= 4'
[1.163s] --   Found libzmq , version 4.3.4
[1.198s] -- Checking for module 'uuid'
[1.209s] --   Found uuid, version 2.37.2
[1.241s] -- Looking for ignition-msgs5 -- found version 5.8.1
[1.241s] -- Searching for dependencies of ignition-msgs5
[1.265s] -- Looking for ignition-math6 -- found version 6.15.1
[1.272s] -- Looking for ignition-msgs5 -- found version 5.8.1
[1.273s] -- Looking for ignition-common3 -- found version 3.14.0
[1.273s] -- Searching for dependencies of ignition-common3
[1.273s] -- Looking for dlfcn.h - found
[1.273s] -- Looking for libdl - found
[1.284s] -- Searching for <ignition-common3> component [graphics]
[1.284s] -- Looking for ignition-common3-graphics -- found version 3.14.0
[1.285s] -- Searching for dependencies of ignition-common3-graphics
[1.285s] -- Looking for ignition-math6 -- found version 6.15.1
[1.286s] -- Looking for ignition-fuel_tools4 -- found version 4.4.0
[1.287s] -- Searching for dependencies of ignition-fuel_tools4
[1.320s] -- Checking for module 'jsoncpp'
[1.332s] --   Found jsoncpp, version 1.9.5
[1.365s] -- Checking for module 'libzip'
[1.377s] --   Found libzip, version 1.7.3
[1.405s] -- Looking for ignition-common3 -- found version 3.14.0
[1.406s] -- Looking for ignition-math6 -- found version 6.15.1
[1.406s] -- Looking for ignition-msgs5 -- found version 5.8.1
[1.408s] -- Gazebo version: 11.10
[1.409s] -- Found pcl_conversions: 2.4.5 (/opt/ros/humble/share/pcl_conversions/cmake)
[1.445s] -- Eigen found (include: /usr/include/eigen3, version: 3.4.0)
[1.471s] -- FLANN found (include: /usr/include, lib: /usr/lib/x86_64-linux-gnu/libflann_cpp.so)
[1.755s] -- OpenNI found (version: 1.5.4.0, include: /usr/include/ni, lib: /usr/lib/libOpenNI.so;libusb::libusb)
[1.760s] -- OpenNI2 found (version: 2.2.0.33, include: /usr/include/openni2, lib: /usr/lib/x86_64-linux-gnu/libOpenNI2.so;libusb::libusb)
[1.908s] -- Eigen found (include: /usr/include/eigen3, version: 3.4.0)
[1.913s] -- OpenNI found (version: 1.5.4.0, include: /usr/include/ni, lib: /usr/lib/libOpenNI.so;libusb::libusb)
[1.920s] -- OpenNI2 found (version: 2.2.0.33, include: /usr/include/openni2, lib: /usr/lib/x86_64-linux-gnu/libOpenNI2.so;libusb::libusb)
[2.060s] -- Found Qhull version 8.0.2
[2.202s] -- OpenNI found (version: 1.5.4.0, include: /usr/include/ni, lib: /usr/lib/libOpenNI.so;libusb::libusb)
[2.350s] -- Found pcl_ros: 2.4.5 (/opt/ros/humble/share/pcl_ros/cmake)
[2.367s] -- Found ament_lint_auto: 0.12.12 (/opt/ros/humble/share/ament_lint_auto/cmake)
[2.514s] -- Added test 'cppcheck' to perform static code analysis on C / C++ code
[2.515s] -- Configured cppcheck include dirs: 
[2.515s] -- Configured cppcheck exclude dirs and/or files: 
[2.516s] -- Added test 'lint_cmake' to check CMake code style
[2.517s] -- Added test 'uncrustify' to check C / C++ code style
[2.517s] -- Configured uncrustify additional arguments: 
[2.517s] -- Added test 'xmllint' to check XML markup files
[2.518s] -- Configuring done
[2.686s] -- Generating done
[2.740s] -- Build files have been written to: /home/fra/master_ws_test/build/cobot_ik
[2.781s] [35m[1mConsolidate compiler generated dependencies of target pick_place[0m
[2.781s] [35m[1mConsolidate compiler generated dependencies of target pick_place_link_attacher[0m
[2.782s] [35m[1mConsolidate compiler generated dependencies of target process_points_stream[0m
[2.784s] [35m[1mConsolidate compiler generated dependencies of target attach[0m
[2.785s] [35m[1mConsolidate compiler generated dependencies of target test_ik[0m
[2.785s] [35m[1mConsolidate compiler generated dependencies of target pick_place_fake_gripping[0m
[2.788s] [35m[1mConsolidate compiler generated dependencies of target test_pick_care_waypoints[0m
[2.796s] [  6%] [32mBuilding CXX object CMakeFiles/test_pick_care.dir/src/test_pick_care.cpp.o[0m
[2.810s] [ 18%] Built target attach
[2.811s] [ 31%] Built target pick_place
[2.812s] [ 43%] Built target pick_place_link_attacher
[2.812s] [ 56%] Built target process_points_stream
[2.820s] [ 68%] Built target pick_place_fake_gripping
[2.821s] [ 81%] Built target test_ik
[2.823s] [ 87%] [32m[1mLinking CXX executable test_pick_care_waypoints[0m
[4.015s] [ 93%] Built target test_pick_care_waypoints
[11.847s] [100%] [32m[1mLinking CXX executable test_pick_care[0m
[12.567s] [100%] Built target test_pick_care
[12.581s] Invoked command in '/home/fra/master_ws_test/build/cobot_ik' returned '0': CMAKE_PREFIX_PATH=/home/fra/master_ws_test/install/ros2_linkattacher:/home/fra/master_ws_test/install/linkattacher_msgs:/home/fra/master_ws_test/install/six_arm_moveit_config:/home/fra/master_ws_test/install/cobot_moveit_config:/home/fra/master_ws_test/install/cobot_camera_moveit_config:/home/fra/master_ws_test/install/arm_moveit_config:/home/fra/master_ws_test/install/six_arm:/home/fra/master_ws_test/install/cobot_ik:/home/fra/master_ws_test/install/realsense2_description:/home/fra/master_ws_test/install/realsense2_camera:/home/fra/master_ws_test/install/realsense2_camera_msgs:/home/fra/master_ws_test/install/ind_environment:/home/fra/ros2_master_ws/install/ros2_linkattacher:/home/fra/ros2_master_ws/install/linkattacher_msgs:/home/fra/ros2_master_ws/install/ind_environment:/home/fra/ros2_master_ws/install/custom_robot_moveit_config:/home/fra/ros2_master_ws/install/custom_robot_ik:/home/fra/ros2_master_ws/install/cobot_gazebo:/home/fra/ros2_master_ws/install/cobot_description:/opt/ros/humble LD_LIBRARY_PATH=/home/fra/master_ws_test/install/ros2_linkattacher/lib:/home/fra/master_ws_test/install/linkattacher_msgs/lib:/home/fra/master_ws_test/install/realsense2_camera/lib:/home/fra/master_ws_test/install/realsense2_camera_msgs/lib:/home/fra/ros2_master_ws/install/ros2_linkattacher/lib:/home/fra/ros2_master_ws/install/linkattacher_msgs/lib:/usr/lib/x86_64-linux-gnu/gazebo-11/plugins:/opt/ros/humble/opt/rviz_ogre_vendor/lib:/opt/ros/humble/lib/x86_64-linux-gnu:/opt/ros/humble/lib /usr/bin/cmake --build /home/fra/master_ws_test/build/cobot_ik -- -j12 -l12
[12.583s] Invoking command in '/home/fra/master_ws_test/build/cobot_ik': CMAKE_PREFIX_PATH=/home/fra/master_ws_test/install/ros2_linkattacher:/home/fra/master_ws_test/install/linkattacher_msgs:/home/fra/master_ws_test/install/six_arm_moveit_config:/home/fra/master_ws_test/install/cobot_moveit_config:/home/fra/master_ws_test/install/cobot_camera_moveit_config:/home/fra/master_ws_test/install/arm_moveit_config:/home/fra/master_ws_test/install/six_arm:/home/fra/master_ws_test/install/cobot_ik:/home/fra/master_ws_test/install/realsense2_description:/home/fra/master_ws_test/install/realsense2_camera:/home/fra/master_ws_test/install/realsense2_camera_msgs:/home/fra/master_ws_test/install/ind_environment:/home/fra/ros2_master_ws/install/ros2_linkattacher:/home/fra/ros2_master_ws/install/linkattacher_msgs:/home/fra/ros2_master_ws/install/ind_environment:/home/fra/ros2_master_ws/install/custom_robot_moveit_config:/home/fra/ros2_master_ws/install/custom_robot_ik:/home/fra/ros2_master_ws/install/cobot_gazebo:/home/fra/ros2_master_ws/install/cobot_description:/opt/ros/humble LD_LIBRARY_PATH=/home/fra/master_ws_test/install/ros2_linkattacher/lib:/home/fra/master_ws_test/install/linkattacher_msgs/lib:/home/fra/master_ws_test/install/realsense2_camera/lib:/home/fra/master_ws_test/install/realsense2_camera_msgs/lib:/home/fra/ros2_master_ws/install/ros2_linkattacher/lib:/home/fra/ros2_master_ws/install/linkattacher_msgs/lib:/usr/lib/x86_64-linux-gnu/gazebo-11/plugins:/opt/ros/humble/opt/rviz_ogre_vendor/lib:/opt/ros/humble/lib/x86_64-linux-gnu:/opt/ros/humble/lib /usr/bin/cmake --install /home/fra/master_ws_test/build/cobot_ik
[12.590s] -- Install configuration: ""
[12.590s] -- Up-to-date: /home/fra/master_ws_test/install/cobot_ik/lib/cobot_ik/test_ik
[12.590s] -- Up-to-date: /home/fra/master_ws_test/install/cobot_ik/lib/cobot_ik/pick_place
[12.591s] -- Up-to-date: /home/fra/master_ws_test/install/cobot_ik/lib/cobot_ik/pick_place_fake_gripping
[12.591s] -- Up-to-date: /home/fra/master_ws_test/install/cobot_ik/lib/cobot_ik/pick_place_link_attacher
[12.591s] -- Up-to-date: /home/fra/master_ws_test/install/cobot_ik/lib/cobot_ik/attach
[12.591s] -- Up-to-date: /home/fra/master_ws_test/install/cobot_ik/lib/cobot_ik/process_points_stream
[12.592s] -- Installing: /home/fra/master_ws_test/install/cobot_ik/lib/cobot_ik/test_pick_care_waypoints
[12.596s] -- Set runtime path of "/home/fra/master_ws_test/install/cobot_ik/lib/cobot_ik/test_pick_care_waypoints" to ""
[12.596s] -- Installing: /home/fra/master_ws_test/install/cobot_ik/lib/cobot_ik/test_pick_care
[12.597s] -- Set runtime path of "/home/fra/master_ws_test/install/cobot_ik/lib/cobot_ik/test_pick_care" to ""
[12.597s] -- Up-to-date: /home/fra/master_ws_test/install/cobot_ik/share/ament_index/resource_index/package_run_dependencies/cobot_ik
[12.597s] -- Up-to-date: /home/fra/master_ws_test/install/cobot_ik/share/ament_index/resource_index/parent_prefix_path/cobot_ik
[12.597s] -- Up-to-date: /home/fra/master_ws_test/install/cobot_ik/share/cobot_ik/environment/ament_prefix_path.sh
[12.597s] -- Installing: /home/fra/master_ws_test/install/cobot_ik/share/cobot_ik/environment/ament_prefix_path.dsv
[12.597s] -- Up-to-date: /home/fra/master_ws_test/install/cobot_ik/share/cobot_ik/environment/path.sh
[12.598s] -- Installing: /home/fra/master_ws_test/install/cobot_ik/share/cobot_ik/environment/path.dsv
[12.598s] -- Up-to-date: /home/fra/master_ws_test/install/cobot_ik/share/cobot_ik/local_setup.bash
[12.598s] -- Up-to-date: /home/fra/master_ws_test/install/cobot_ik/share/cobot_ik/local_setup.sh
[12.598s] -- Up-to-date: /home/fra/master_ws_test/install/cobot_ik/share/cobot_ik/local_setup.zsh
[12.598s] -- Installing: /home/fra/master_ws_test/install/cobot_ik/share/cobot_ik/local_setup.dsv
[12.598s] -- Installing: /home/fra/master_ws_test/install/cobot_ik/share/cobot_ik/package.dsv
[12.598s] -- Up-to-date: /home/fra/master_ws_test/install/cobot_ik/share/ament_index/resource_index/packages/cobot_ik
[12.598s] -- Up-to-date: /home/fra/master_ws_test/install/cobot_ik/share/cobot_ik/cmake/cobot_ikConfig.cmake
[12.598s] -- Up-to-date: /home/fra/master_ws_test/install/cobot_ik/share/cobot_ik/cmake/cobot_ikConfig-version.cmake
[12.598s] -- Up-to-date: /home/fra/master_ws_test/install/cobot_ik/share/cobot_ik/package.xml
[12.600s] Invoked command in '/home/fra/master_ws_test/build/cobot_ik' returned '0': CMAKE_PREFIX_PATH=/home/fra/master_ws_test/install/ros2_linkattacher:/home/fra/master_ws_test/install/linkattacher_msgs:/home/fra/master_ws_test/install/six_arm_moveit_config:/home/fra/master_ws_test/install/cobot_moveit_config:/home/fra/master_ws_test/install/cobot_camera_moveit_config:/home/fra/master_ws_test/install/arm_moveit_config:/home/fra/master_ws_test/install/six_arm:/home/fra/master_ws_test/install/cobot_ik:/home/fra/master_ws_test/install/realsense2_description:/home/fra/master_ws_test/install/realsense2_camera:/home/fra/master_ws_test/install/realsense2_camera_msgs:/home/fra/master_ws_test/install/ind_environment:/home/fra/ros2_master_ws/install/ros2_linkattacher:/home/fra/ros2_master_ws/install/linkattacher_msgs:/home/fra/ros2_master_ws/install/ind_environment:/home/fra/ros2_master_ws/install/custom_robot_moveit_config:/home/fra/ros2_master_ws/install/custom_robot_ik:/home/fra/ros2_master_ws/install/cobot_gazebo:/home/fra/ros2_master_ws/install/cobot_description:/opt/ros/humble LD_LIBRARY_PATH=/home/fra/master_ws_test/install/ros2_linkattacher/lib:/home/fra/master_ws_test/install/linkattacher_msgs/lib:/home/fra/master_ws_test/install/realsense2_camera/lib:/home/fra/master_ws_test/install/realsense2_camera_msgs/lib:/home/fra/ros2_master_ws/install/ros2_linkattacher/lib:/home/fra/ros2_master_ws/install/linkattacher_msgs/lib:/usr/lib/x86_64-linux-gnu/gazebo-11/plugins:/opt/ros/humble/opt/rviz_ogre_vendor/lib:/opt/ros/humble/lib/x86_64-linux-gnu:/opt/ros/humble/lib /usr/bin/cmake --install /home/fra/master_ws_test/build/cobot_ik
