[0.403s] [34mcolcon[0m [1;30mDEBUG[0m [32mCommand line arguments: ['/usr/bin/colcon', 'build', '--symlink-install'][0m
[0.403s] [34mcolcon[0m [1;30mDEBUG[0m [32mParsed command line arguments: Namespace(log_base=None, log_level=None, verb_name='build', build_base='build', install_base='install', merge_install=False, symlink_install=True, test_result_base=None, continue_on_error=False, executor='parallel', parallel_workers=12, event_handlers=None, ignore_user_meta=False, metas=['./colcon.meta'], base_paths=['.'], packages_ignore=None, packages_ignore_regex=None, paths=None, packages_up_to=None, packages_up_to_regex=None, packages_above=None, packages_above_and_dependencies=None, packages_above_depth=None, packages_select_by_dep=None, packages_skip_by_dep=None, packages_skip_up_to=None, packages_select_build_failed=False, packages_skip_build_finished=False, packages_select_test_failures=False, packages_skip_test_passed=False, packages_select=None, packages_skip=None, packages_select_regex=None, packages_skip_regex=None, packages_start=None, packages_end=None, allow_overriding=[], cmake_args=None, cmake_target=None, cmake_target_skip_unavailable=False, cmake_clean_cache=False, cmake_clean_first=False, cmake_force_configure=False, ament_cmake_args=None, catkin_cmake_args=None, catkin_skip_building_tests=False, mixin_files=None, mixin=None, verb_parser=<colcon_mixin.mixin.mixin_argument.MixinArgumentDecorator object at 0x735c9aa27910>, verb_extension=<colcon_core.verb.build.BuildVerb object at 0x735c9aa27280>, main=<bound method BuildVerb.main of <colcon_core.verb.build.BuildVerb object at 0x735c9aa27280>>, mixin_verb=('build',))[0m
[0.529s] [34mcolcon.colcon_core.package_discovery[0m [1;30mLevel 1[0m discover_packages(colcon_meta) check parameters
[0.530s] [34mcolcon.colcon_core.package_discovery[0m [1;30mLevel 1[0m discover_packages(recursive) check parameters
[0.530s] [34mcolcon.colcon_core.package_discovery[0m [1;30mLevel 1[0m discover_packages(ignore) check parameters
[0.530s] [34mcolcon.colcon_core.package_discovery[0m [1;30mLevel 1[0m discover_packages(path) check parameters
[0.530s] [34mcolcon.colcon_core.package_discovery[0m [1;30mLevel 1[0m discover_packages(colcon_meta) discover
[0.530s] [34mcolcon.colcon_core.package_discovery[0m [1;30mLevel 1[0m discover_packages(recursive) discover
[0.531s] [34mcolcon.colcon_core.package_discovery[0m [1;30mINFO[0m Crawling recursively for packages in '/home/fra/master_ws_test'
[0.531s] [34mcolcon.colcon_core.package_identification[0m [1;30mLevel 1[0m _identify(.) by extensions ['ignore', 'ignore_ament_install']
[0.531s] [34mcolcon.colcon_core.package_identification[0m [1;30mLevel 1[0m _identify(.) by extension 'ignore'
[0.531s] [34mcolcon.colcon_core.package_identification[0m [1;30mLevel 1[0m _identify(.) by extension 'ignore_ament_install'
[0.532s] [34mcolcon.colcon_core.package_identification[0m [1;30mLevel 1[0m _identify(.) by extensions ['colcon_pkg']
[0.532s] [34mcolcon.colcon_core.package_identification[0m [1;30mLevel 1[0m _identify(.) by extension 'colcon_pkg'
[0.532s] [34mcolcon.colcon_core.package_identification[0m [1;30mLevel 1[0m _identify(.) by extensions ['colcon_meta']
[0.532s] [34mcolcon.colcon_core.package_identification[0m [1;30mLevel 1[0m _identify(.) by extension 'colcon_meta'
[0.532s] [34mcolcon.colcon_core.package_identification[0m [1;30mLevel 1[0m _identify(.) by extensions ['ros']
[0.532s] [34mcolcon.colcon_core.package_identification[0m [1;30mLevel 1[0m _identify(.) by extension 'ros'
[0.600s] [34mcolcon.colcon_core.package_identification[0m [1;30mLevel 1[0m _identify(.) by extensions ['cmake', 'python']
[0.600s] [34mcolcon.colcon_core.package_identification[0m [1;30mLevel 1[0m _identify(.) by extension 'cmake'
[0.601s] [34mcolcon.colcon_core.package_identification[0m [1;30mLevel 1[0m _identify(.) by extension 'python'
[0.601s] [34mcolcon.colcon_core.package_identification[0m [1;30mLevel 1[0m _identify(.) by extensions ['python_setup_py']
[0.601s] [34mcolcon.colcon_core.package_identification[0m [1;30mLevel 1[0m _identify(.) by extension 'python_setup_py'
[0.601s] [34mcolcon.colcon_core.package_identification[0m [1;30mLevel 1[0m _identify(build) by extensions ['ignore', 'ignore_ament_install']
[0.601s] [34mcolcon.colcon_core.package_identification[0m [1;30mLevel 1[0m _identify(build) by extension 'ignore'
[0.602s] [34mcolcon.colcon_core.package_identification[0m [1;30mLevel 1[0m _identify(build) ignored
[0.602s] [34mcolcon.colcon_core.package_identification[0m [1;30mLevel 1[0m _identify(install) by extensions ['ignore', 'ignore_ament_install']
[0.602s] [34mcolcon.colcon_core.package_identification[0m [1;30mLevel 1[0m _identify(install) by extension 'ignore'
[0.602s] [34mcolcon.colcon_core.package_identification[0m [1;30mLevel 1[0m _identify(install) ignored
[0.603s] [34mcolcon.colcon_core.package_identification[0m [1;30mLevel 1[0m _identify(log) by extensions ['ignore', 'ignore_ament_install']
[0.603s] [34mcolcon.colcon_core.package_identification[0m [1;30mLevel 1[0m _identify(log) by extension 'ignore'
[0.603s] [34mcolcon.colcon_core.package_identification[0m [1;30mLevel 1[0m _identify(log) ignored
[0.603s] [34mcolcon.colcon_core.package_identification[0m [1;30mLevel 1[0m _identify(src) by extensions ['ignore', 'ignore_ament_install']
[0.603s] [34mcolcon.colcon_core.package_identification[0m [1;30mLevel 1[0m _identify(src) by extension 'ignore'
[0.604s] [34mcolcon.colcon_core.package_identification[0m [1;30mLevel 1[0m _identify(src) by extension 'ignore_ament_install'
[0.604s] [34mcolcon.colcon_core.package_identification[0m [1;30mLevel 1[0m _identify(src) by extensions ['colcon_pkg']
[0.604s] [34mcolcon.colcon_core.package_identification[0m [1;30mLevel 1[0m _identify(src) by extension 'colcon_pkg'
[0.604s] [34mcolcon.colcon_core.package_identification[0m [1;30mLevel 1[0m _identify(src) by extensions ['colcon_meta']
[0.604s] [34mcolcon.colcon_core.package_identification[0m [1;30mLevel 1[0m _identify(src) by extension 'colcon_meta'
[0.604s] [34mcolcon.colcon_core.package_identification[0m [1;30mLevel 1[0m _identify(src) by extensions ['ros']
[0.604s] [34mcolcon.colcon_core.package_identification[0m [1;30mLevel 1[0m _identify(src) by extension 'ros'
[0.605s] [34mcolcon.colcon_core.package_identification[0m [1;30mLevel 1[0m _identify(src) by extensions ['cmake', 'python']
[0.605s] [34mcolcon.colcon_core.package_identification[0m [1;30mLevel 1[0m _identify(src) by extension 'cmake'
[0.605s] [34mcolcon.colcon_core.package_identification[0m [1;30mLevel 1[0m _identify(src) by extension 'python'
[0.605s] [34mcolcon.colcon_core.package_identification[0m [1;30mLevel 1[0m _identify(src) by extensions ['python_setup_py']
[0.605s] [34mcolcon.colcon_core.package_identification[0m [1;30mLevel 1[0m _identify(src) by extension 'python_setup_py'
[0.605s] [34mcolcon.colcon_core.package_identification[0m [1;30mLevel 1[0m _identify(src/six_arm) by extensions ['ignore', 'ignore_ament_install']
[0.606s] [34mcolcon.colcon_core.package_identification[0m [1;30mLevel 1[0m _identify(src/six_arm) by extension 'ignore'
[0.606s] [34mcolcon.colcon_core.package_identification[0m [1;30mLevel 1[0m _identify(src/six_arm) by extension 'ignore_ament_install'
[0.606s] [34mcolcon.colcon_core.package_identification[0m [1;30mLevel 1[0m _identify(src/six_arm) by extensions ['colcon_pkg']
[0.606s] [34mcolcon.colcon_core.package_identification[0m [1;30mLevel 1[0m _identify(src/six_arm) by extension 'colcon_pkg'
[0.606s] [34mcolcon.colcon_core.package_identification[0m [1;30mLevel 1[0m _identify(src/six_arm) by extensions ['colcon_meta']
[0.606s] [34mcolcon.colcon_core.package_identification[0m [1;30mLevel 1[0m _identify(src/six_arm) by extension 'colcon_meta'
[0.607s] [34mcolcon.colcon_core.package_identification[0m [1;30mLevel 1[0m _identify(src/six_arm) by extensions ['ros']
[0.607s] [34mcolcon.colcon_core.package_identification[0m [1;30mLevel 1[0m _identify(src/six_arm) by extension 'ros'
[0.614s] [34mcolcon.colcon_core.package_identification[0m [1;30mDEBUG[0m [32mPackage 'src/six_arm' with type 'ros.ament_cmake' and name 'six_arm'[0m
[0.614s] [34mcolcon.colcon_core.package_discovery[0m [1;30mLevel 1[0m discover_packages(recursive) using defaults
[0.614s] [34mcolcon.colcon_core.package_discovery[0m [1;30mLevel 1[0m discover_packages(ignore) discover
[0.614s] [34mcolcon.colcon_core.package_discovery[0m [1;30mLevel 1[0m discover_packages(ignore) using defaults
[0.615s] [34mcolcon.colcon_core.package_discovery[0m [1;30mLevel 1[0m discover_packages(path) discover
[0.615s] [34mcolcon.colcon_core.package_discovery[0m [1;30mLevel 1[0m discover_packages(path) using defaults
[0.663s] [34mcolcon.colcon_core.package_discovery[0m [1;30mLevel 1[0m discover_packages(prefix_path) check parameters
[0.663s] [34mcolcon.colcon_core.package_discovery[0m [1;30mLevel 1[0m discover_packages(prefix_path) discover
[0.666s] [34mcolcon.colcon_ros.prefix_path.ament[0m [1;30mWARNING[0m [33mThe path '/home/fra/master_ws_test/install/ros2_controllers' in the environment variable AMENT_PREFIX_PATH doesn't exist[0m
[0.666s] [34mcolcon.colcon_ros.prefix_path.ament[0m [1;30mWARNING[0m [33mThe path '/home/fra/master_ws_test/install/ros2_control_demos' in the environment variable AMENT_PREFIX_PATH doesn't exist[0m
[0.666s] [34mcolcon.colcon_ros.prefix_path.ament[0m [1;30mWARNING[0m [33mThe path '/home/fra/master_ws_test/install/ros2_control_demo_example_3' in the environment variable AMENT_PREFIX_PATH doesn't exist[0m
[0.667s] [34mcolcon.colcon_ros.prefix_path.ament[0m [1;30mWARNING[0m [33mThe path '/home/fra/master_ws_test/install/ign_ros2_control_demos' in the environment variable AMENT_PREFIX_PATH doesn't exist[0m
[0.667s] [34mcolcon.colcon_ros.prefix_path.ament[0m [1;30mWARNING[0m [33mThe path '/home/fra/master_ws_test/install/gazebo_ros2_control_demos' in the environment variable AMENT_PREFIX_PATH doesn't exist[0m
[0.667s] [34mcolcon.colcon_ros.prefix_path.ament[0m [1;30mWARNING[0m [33mThe path '/home/fra/master_ws_test/install/velocity_controllers' in the environment variable AMENT_PREFIX_PATH doesn't exist[0m
[0.667s] [34mcolcon.colcon_ros.prefix_path.ament[0m [1;30mWARNING[0m [33mThe path '/home/fra/master_ws_test/install/tricycle_steering_controller' in the environment variable AMENT_PREFIX_PATH doesn't exist[0m
[0.667s] [34mcolcon.colcon_ros.prefix_path.ament[0m [1;30mWARNING[0m [33mThe path '/home/fra/master_ws_test/install/tricycle_controller' in the environment variable AMENT_PREFIX_PATH doesn't exist[0m
[0.668s] [34mcolcon.colcon_ros.prefix_path.ament[0m [1;30mWARNING[0m [33mThe path '/home/fra/master_ws_test/install/ros2_control_demo_example_8' in the environment variable AMENT_PREFIX_PATH doesn't exist[0m
[0.668s] [34mcolcon.colcon_ros.prefix_path.ament[0m [1;30mWARNING[0m [33mThe path '/home/fra/master_ws_test/install/ros2_control' in the environment variable AMENT_PREFIX_PATH doesn't exist[0m
[0.668s] [34mcolcon.colcon_ros.prefix_path.ament[0m [1;30mWARNING[0m [33mThe path '/home/fra/master_ws_test/install/transmission_interface' in the environment variable AMENT_PREFIX_PATH doesn't exist[0m
[0.668s] [34mcolcon.colcon_ros.prefix_path.ament[0m [1;30mWARNING[0m [33mThe path '/home/fra/master_ws_test/install/ros2_control_demo_example_11' in the environment variable AMENT_PREFIX_PATH doesn't exist[0m
[0.668s] [34mcolcon.colcon_ros.prefix_path.ament[0m [1;30mWARNING[0m [33mThe path '/home/fra/master_ws_test/install/bicycle_steering_controller' in the environment variable AMENT_PREFIX_PATH doesn't exist[0m
[0.669s] [34mcolcon.colcon_ros.prefix_path.ament[0m [1;30mWARNING[0m [33mThe path '/home/fra/master_ws_test/install/ackermann_steering_controller' in the environment variable AMENT_PREFIX_PATH doesn't exist[0m
[0.669s] [34mcolcon.colcon_ros.prefix_path.ament[0m [1;30mWARNING[0m [33mThe path '/home/fra/master_ws_test/install/steering_controllers_library' in the environment variable AMENT_PREFIX_PATH doesn't exist[0m
[0.669s] [34mcolcon.colcon_ros.prefix_path.ament[0m [1;30mWARNING[0m [33mThe path '/home/fra/master_ws_test/install/six_arm' in the environment variable AMENT_PREFIX_PATH doesn't exist[0m
[0.669s] [34mcolcon.colcon_ros.prefix_path.ament[0m [1;30mWARNING[0m [33mThe path '/home/fra/master_ws_test/install/rqt_joint_trajectory_controller' in the environment variable AMENT_PREFIX_PATH doesn't exist[0m
[0.669s] [34mcolcon.colcon_ros.prefix_path.ament[0m [1;30mWARNING[0m [33mThe path '/home/fra/master_ws_test/install/rqt_controller_manager' in the environment variable AMENT_PREFIX_PATH doesn't exist[0m
[0.670s] [34mcolcon.colcon_ros.prefix_path.ament[0m [1;30mWARNING[0m [33mThe path '/home/fra/master_ws_test/install/ros2_control_demo_example_9' in the environment variable AMENT_PREFIX_PATH doesn't exist[0m
[0.670s] [34mcolcon.colcon_ros.prefix_path.ament[0m [1;30mWARNING[0m [33mThe path '/home/fra/master_ws_test/install/ros2_control_demo_example_7' in the environment variable AMENT_PREFIX_PATH doesn't exist[0m
[0.670s] [34mcolcon.colcon_ros.prefix_path.ament[0m [1;30mWARNING[0m [33mThe path '/home/fra/master_ws_test/install/ros2_control_demo_example_6' in the environment variable AMENT_PREFIX_PATH doesn't exist[0m
[0.670s] [34mcolcon.colcon_ros.prefix_path.ament[0m [1;30mWARNING[0m [33mThe path '/home/fra/master_ws_test/install/ros2_control_demo_example_15' in the environment variable AMENT_PREFIX_PATH doesn't exist[0m
[0.670s] [34mcolcon.colcon_ros.prefix_path.ament[0m [1;30mWARNING[0m [33mThe path '/home/fra/master_ws_test/install/ros2_control_demo_example_13' in the environment variable AMENT_PREFIX_PATH doesn't exist[0m
[0.670s] [34mcolcon.colcon_ros.prefix_path.ament[0m [1;30mWARNING[0m [33mThe path '/home/fra/master_ws_test/install/ros2_control_demo_example_5' in the environment variable AMENT_PREFIX_PATH doesn't exist[0m
[0.671s] [34mcolcon.colcon_ros.prefix_path.ament[0m [1;30mWARNING[0m [33mThe path '/home/fra/master_ws_test/install/ros2_control_demo_example_4' in the environment variable AMENT_PREFIX_PATH doesn't exist[0m
[0.671s] [34mcolcon.colcon_ros.prefix_path.ament[0m [1;30mWARNING[0m [33mThe path '/home/fra/master_ws_test/install/ros2_control_demo_example_2' in the environment variable AMENT_PREFIX_PATH doesn't exist[0m
[0.671s] [34mcolcon.colcon_ros.prefix_path.ament[0m [1;30mWARNING[0m [33mThe path '/home/fra/master_ws_test/install/ros2_control_demo_example_14' in the environment variable AMENT_PREFIX_PATH doesn't exist[0m
[0.671s] [34mcolcon.colcon_ros.prefix_path.ament[0m [1;30mWARNING[0m [33mThe path '/home/fra/master_ws_test/install/ros2_control_demo_example_12' in the environment variable AMENT_PREFIX_PATH doesn't exist[0m
[0.677s] [34mcolcon.colcon_ros.prefix_path.ament[0m [1;30mWARNING[0m [33mThe path '/home/fra/master_ws_test/install/ros2_control_demo_example_10' in the environment variable AMENT_PREFIX_PATH doesn't exist[0m
[0.677s] [34mcolcon.colcon_ros.prefix_path.ament[0m [1;30mWARNING[0m [33mThe path '/home/fra/master_ws_test/install/ros2_control_demo_example_1' in the environment variable AMENT_PREFIX_PATH doesn't exist[0m
[0.678s] [34mcolcon.colcon_ros.prefix_path.ament[0m [1;30mWARNING[0m [33mThe path '/home/fra/master_ws_test/install/gz_ros2_control_tests' in the environment variable AMENT_PREFIX_PATH doesn't exist[0m
[0.678s] [34mcolcon.colcon_ros.prefix_path.ament[0m [1;30mWARNING[0m [33mThe path '/home/fra/master_ws_test/install/ros2controlcli' in the environment variable AMENT_PREFIX_PATH doesn't exist[0m
[0.678s] [34mcolcon.colcon_ros.prefix_path.ament[0m [1;30mWARNING[0m [33mThe path '/home/fra/master_ws_test/install/ros2_controllers_test_nodes' in the environment variable AMENT_PREFIX_PATH doesn't exist[0m
[0.678s] [34mcolcon.colcon_ros.prefix_path.ament[0m [1;30mWARNING[0m [33mThe path '/home/fra/master_ws_test/install/ign_ros2_control' in the environment variable AMENT_PREFIX_PATH doesn't exist[0m
[0.678s] [34mcolcon.colcon_ros.prefix_path.ament[0m [1;30mWARNING[0m [33mThe path '/home/fra/master_ws_test/install/hardware_interface_testing' in the environment variable AMENT_PREFIX_PATH doesn't exist[0m
[0.679s] [34mcolcon.colcon_ros.prefix_path.ament[0m [1;30mWARNING[0m [33mThe path '/home/fra/master_ws_test/install/gazebo_ros2_control' in the environment variable AMENT_PREFIX_PATH doesn't exist[0m
[0.679s] [34mcolcon.colcon_ros.prefix_path.ament[0m [1;30mWARNING[0m [33mThe path '/home/fra/master_ws_test/install/controller_manager' in the environment variable AMENT_PREFIX_PATH doesn't exist[0m
[0.679s] [34mcolcon.colcon_ros.prefix_path.ament[0m [1;30mWARNING[0m [33mThe path '/home/fra/master_ws_test/install/ros2_control_test_assets' in the environment variable AMENT_PREFIX_PATH doesn't exist[0m
[0.679s] [34mcolcon.colcon_ros.prefix_path.ament[0m [1;30mWARNING[0m [33mThe path '/home/fra/master_ws_test/install/ros2_control_demo_testing' in the environment variable AMENT_PREFIX_PATH doesn't exist[0m
[0.679s] [34mcolcon.colcon_ros.prefix_path.ament[0m [1;30mWARNING[0m [33mThe path '/home/fra/master_ws_test/install/ros2_control_demo_description' in the environment variable AMENT_PREFIX_PATH doesn't exist[0m
[0.680s] [34mcolcon.colcon_ros.prefix_path.ament[0m [1;30mWARNING[0m [33mThe path '/home/fra/master_ws_test/install/range_sensor_broadcaster' in the environment variable AMENT_PREFIX_PATH doesn't exist[0m
[0.680s] [34mcolcon.colcon_ros.prefix_path.ament[0m [1;30mWARNING[0m [33mThe path '/home/fra/master_ws_test/install/position_controllers' in the environment variable AMENT_PREFIX_PATH doesn't exist[0m
[0.680s] [34mcolcon.colcon_ros.prefix_path.ament[0m [1;30mWARNING[0m [33mThe path '/home/fra/master_ws_test/install/pose_broadcaster' in the environment variable AMENT_PREFIX_PATH doesn't exist[0m
[0.680s] [34mcolcon.colcon_ros.prefix_path.ament[0m [1;30mWARNING[0m [33mThe path '/home/fra/master_ws_test/install/pid_controller' in the environment variable AMENT_PREFIX_PATH doesn't exist[0m
[0.680s] [34mcolcon.colcon_ros.prefix_path.ament[0m [1;30mWARNING[0m [33mThe path '/home/fra/master_ws_test/install/admittance_controller' in the environment variable AMENT_PREFIX_PATH doesn't exist[0m
[0.681s] [34mcolcon.colcon_ros.prefix_path.ament[0m [1;30mWARNING[0m [33mThe path '/home/fra/master_ws_test/install/joint_trajectory_controller' in the environment variable AMENT_PREFIX_PATH doesn't exist[0m
[0.681s] [34mcolcon.colcon_ros.prefix_path.ament[0m [1;30mWARNING[0m [33mThe path '/home/fra/master_ws_test/install/joint_state_broadcaster' in the environment variable AMENT_PREFIX_PATH doesn't exist[0m
[0.681s] [34mcolcon.colcon_ros.prefix_path.ament[0m [1;30mWARNING[0m [33mThe path '/home/fra/master_ws_test/install/imu_sensor_broadcaster' in the environment variable AMENT_PREFIX_PATH doesn't exist[0m
[0.681s] [34mcolcon.colcon_ros.prefix_path.ament[0m [1;30mWARNING[0m [33mThe path '/home/fra/master_ws_test/install/gripper_controllers' in the environment variable AMENT_PREFIX_PATH doesn't exist[0m
[0.681s] [34mcolcon.colcon_ros.prefix_path.ament[0m [1;30mWARNING[0m [33mThe path '/home/fra/master_ws_test/install/gpio_controllers' in the environment variable AMENT_PREFIX_PATH doesn't exist[0m
[0.682s] [34mcolcon.colcon_ros.prefix_path.ament[0m [1;30mWARNING[0m [33mThe path '/home/fra/master_ws_test/install/effort_controllers' in the environment variable AMENT_PREFIX_PATH doesn't exist[0m
[0.682s] [34mcolcon.colcon_ros.prefix_path.ament[0m [1;30mWARNING[0m [33mThe path '/home/fra/master_ws_test/install/forward_command_controller' in the environment variable AMENT_PREFIX_PATH doesn't exist[0m
[0.682s] [34mcolcon.colcon_ros.prefix_path.ament[0m [1;30mWARNING[0m [33mThe path '/home/fra/master_ws_test/install/force_torque_sensor_broadcaster' in the environment variable AMENT_PREFIX_PATH doesn't exist[0m
[0.682s] [34mcolcon.colcon_ros.prefix_path.ament[0m [1;30mWARNING[0m [33mThe path '/home/fra/master_ws_test/install/diff_drive_controller' in the environment variable AMENT_PREFIX_PATH doesn't exist[0m
[0.682s] [34mcolcon.colcon_ros.prefix_path.ament[0m [1;30mWARNING[0m [33mThe path '/home/fra/master_ws_test/install/control_toolbox' in the environment variable AMENT_PREFIX_PATH doesn't exist[0m
[0.683s] [34mcolcon.colcon_ros.prefix_path.ament[0m [1;30mWARNING[0m [33mThe path '/home/fra/master_ws_test/install/realtime_tools' in the environment variable AMENT_PREFIX_PATH doesn't exist[0m
[0.683s] [34mcolcon.colcon_ros.prefix_path.ament[0m [1;30mWARNING[0m [33mThe path '/home/fra/master_ws_test/install/kinematics_interface_kdl' in the environment variable AMENT_PREFIX_PATH doesn't exist[0m
[0.683s] [34mcolcon.colcon_ros.prefix_path.ament[0m [1;30mWARNING[0m [33mThe path '/home/fra/master_ws_test/install/kinematics_interface' in the environment variable AMENT_PREFIX_PATH doesn't exist[0m
[0.683s] [34mcolcon.colcon_ros.prefix_path.ament[0m [1;30mWARNING[0m [33mThe path '/home/fra/master_ws_test/install/joint_limits' in the environment variable AMENT_PREFIX_PATH doesn't exist[0m
[0.683s] [34mcolcon.colcon_ros.prefix_path.ament[0m [1;30mWARNING[0m [33mThe path '/home/fra/master_ws_test/install/controller_interface' in the environment variable AMENT_PREFIX_PATH doesn't exist[0m
[0.684s] [34mcolcon.colcon_ros.prefix_path.ament[0m [1;30mWARNING[0m [33mThe path '/home/fra/master_ws_test/install/hardware_interface' in the environment variable AMENT_PREFIX_PATH doesn't exist[0m
[0.684s] [34mcolcon.colcon_ros.prefix_path.ament[0m [1;30mWARNING[0m [33mThe path '/home/fra/master_ws_test/install/controller_manager_msgs' in the environment variable AMENT_PREFIX_PATH doesn't exist[0m
[0.684s] [34mcolcon.colcon_ros.prefix_path.ament[0m [1;30mWARNING[0m [33mThe path '/home/fra/master_ws_test/install/control_msgs' in the environment variable AMENT_PREFIX_PATH doesn't exist[0m
[0.685s] [34mcolcon.colcon_ros.prefix_path.catkin[0m [1;30mWARNING[0m [33mThe path '/home/fra/master_ws_test/install/ros2_controllers' in the environment variable CMAKE_PREFIX_PATH doesn't exist[0m
[0.685s] [34mcolcon.colcon_ros.prefix_path.catkin[0m [1;30mWARNING[0m [33mThe path '/home/fra/master_ws_test/install/ros2_control_demos' in the environment variable CMAKE_PREFIX_PATH doesn't exist[0m
[0.685s] [34mcolcon.colcon_ros.prefix_path.catkin[0m [1;30mWARNING[0m [33mThe path '/home/fra/master_ws_test/install/ros2_control_demo_example_3' in the environment variable CMAKE_PREFIX_PATH doesn't exist[0m
[0.685s] [34mcolcon.colcon_ros.prefix_path.catkin[0m [1;30mWARNING[0m [33mThe path '/home/fra/master_ws_test/install/ign_ros2_control_demos' in the environment variable CMAKE_PREFIX_PATH doesn't exist[0m
[0.686s] [34mcolcon.colcon_ros.prefix_path.catkin[0m [1;30mWARNING[0m [33mThe path '/home/fra/master_ws_test/install/gazebo_ros2_control_demos' in the environment variable CMAKE_PREFIX_PATH doesn't exist[0m
[0.686s] [34mcolcon.colcon_ros.prefix_path.catkin[0m [1;30mWARNING[0m [33mThe path '/home/fra/master_ws_test/install/velocity_controllers' in the environment variable CMAKE_PREFIX_PATH doesn't exist[0m
[0.686s] [34mcolcon.colcon_ros.prefix_path.catkin[0m [1;30mWARNING[0m [33mThe path '/home/fra/master_ws_test/install/tricycle_steering_controller' in the environment variable CMAKE_PREFIX_PATH doesn't exist[0m
[0.686s] [34mcolcon.colcon_ros.prefix_path.catkin[0m [1;30mWARNING[0m [33mThe path '/home/fra/master_ws_test/install/tricycle_controller' in the environment variable CMAKE_PREFIX_PATH doesn't exist[0m
[0.687s] [34mcolcon.colcon_ros.prefix_path.catkin[0m [1;30mWARNING[0m [33mThe path '/home/fra/master_ws_test/install/ros2_control_demo_example_8' in the environment variable CMAKE_PREFIX_PATH doesn't exist[0m
[0.687s] [34mcolcon.colcon_ros.prefix_path.catkin[0m [1;30mWARNING[0m [33mThe path '/home/fra/master_ws_test/install/ros2_control' in the environment variable CMAKE_PREFIX_PATH doesn't exist[0m
[0.687s] [34mcolcon.colcon_ros.prefix_path.catkin[0m [1;30mWARNING[0m [33mThe path '/home/fra/master_ws_test/install/transmission_interface' in the environment variable CMAKE_PREFIX_PATH doesn't exist[0m
[0.687s] [34mcolcon.colcon_ros.prefix_path.catkin[0m [1;30mWARNING[0m [33mThe path '/home/fra/master_ws_test/install/ros2_control_demo_example_11' in the environment variable CMAKE_PREFIX_PATH doesn't exist[0m
[0.687s] [34mcolcon.colcon_ros.prefix_path.catkin[0m [1;30mWARNING[0m [33mThe path '/home/fra/master_ws_test/install/bicycle_steering_controller' in the environment variable CMAKE_PREFIX_PATH doesn't exist[0m
[0.688s] [34mcolcon.colcon_ros.prefix_path.catkin[0m [1;30mWARNING[0m [33mThe path '/home/fra/master_ws_test/install/ackermann_steering_controller' in the environment variable CMAKE_PREFIX_PATH doesn't exist[0m
[0.688s] [34mcolcon.colcon_ros.prefix_path.catkin[0m [1;30mWARNING[0m [33mThe path '/home/fra/master_ws_test/install/steering_controllers_library' in the environment variable CMAKE_PREFIX_PATH doesn't exist[0m
[0.688s] [34mcolcon.colcon_ros.prefix_path.catkin[0m [1;30mWARNING[0m [33mThe path '/home/fra/master_ws_test/install/six_arm' in the environment variable CMAKE_PREFIX_PATH doesn't exist[0m
[0.688s] [34mcolcon.colcon_ros.prefix_path.catkin[0m [1;30mWARNING[0m [33mThe path '/home/fra/master_ws_test/install/ros2_control_demo_example_9' in the environment variable CMAKE_PREFIX_PATH doesn't exist[0m
[0.689s] [34mcolcon.colcon_ros.prefix_path.catkin[0m [1;30mWARNING[0m [33mThe path '/home/fra/master_ws_test/install/ros2_control_demo_example_7' in the environment variable CMAKE_PREFIX_PATH doesn't exist[0m
[0.689s] [34mcolcon.colcon_ros.prefix_path.catkin[0m [1;30mWARNING[0m [33mThe path '/home/fra/master_ws_test/install/ros2_control_demo_example_6' in the environment variable CMAKE_PREFIX_PATH doesn't exist[0m
[0.689s] [34mcolcon.colcon_ros.prefix_path.catkin[0m [1;30mWARNING[0m [33mThe path '/home/fra/master_ws_test/install/ros2_control_demo_example_15' in the environment variable CMAKE_PREFIX_PATH doesn't exist[0m
[0.689s] [34mcolcon.colcon_ros.prefix_path.catkin[0m [1;30mWARNING[0m [33mThe path '/home/fra/master_ws_test/install/ros2_control_demo_example_13' in the environment variable CMAKE_PREFIX_PATH doesn't exist[0m
[0.689s] [34mcolcon.colcon_ros.prefix_path.catkin[0m [1;30mWARNING[0m [33mThe path '/home/fra/master_ws_test/install/ros2_control_demo_example_5' in the environment variable CMAKE_PREFIX_PATH doesn't exist[0m
[0.690s] [34mcolcon.colcon_ros.prefix_path.catkin[0m [1;30mWARNING[0m [33mThe path '/home/fra/master_ws_test/install/ros2_control_demo_example_4' in the environment variable CMAKE_PREFIX_PATH doesn't exist[0m
[0.690s] [34mcolcon.colcon_ros.prefix_path.catkin[0m [1;30mWARNING[0m [33mThe path '/home/fra/master_ws_test/install/ros2_control_demo_example_2' in the environment variable CMAKE_PREFIX_PATH doesn't exist[0m
[0.690s] [34mcolcon.colcon_ros.prefix_path.catkin[0m [1;30mWARNING[0m [33mThe path '/home/fra/master_ws_test/install/ros2_control_demo_example_14' in the environment variable CMAKE_PREFIX_PATH doesn't exist[0m
[0.690s] [34mcolcon.colcon_ros.prefix_path.catkin[0m [1;30mWARNING[0m [33mThe path '/home/fra/master_ws_test/install/ros2_control_demo_example_12' in the environment variable CMAKE_PREFIX_PATH doesn't exist[0m
[0.690s] [34mcolcon.colcon_ros.prefix_path.catkin[0m [1;30mWARNING[0m [33mThe path '/home/fra/master_ws_test/install/ros2_control_demo_example_10' in the environment variable CMAKE_PREFIX_PATH doesn't exist[0m
[0.691s] [34mcolcon.colcon_ros.prefix_path.catkin[0m [1;30mWARNING[0m [33mThe path '/home/fra/master_ws_test/install/ros2_control_demo_example_1' in the environment variable CMAKE_PREFIX_PATH doesn't exist[0m
[0.691s] [34mcolcon.colcon_ros.prefix_path.catkin[0m [1;30mWARNING[0m [33mThe path '/home/fra/master_ws_test/install/gz_ros2_control_tests' in the environment variable CMAKE_PREFIX_PATH doesn't exist[0m
[0.691s] [34mcolcon.colcon_ros.prefix_path.catkin[0m [1;30mWARNING[0m [33mThe path '/home/fra/master_ws_test/install/ign_ros2_control' in the environment variable CMAKE_PREFIX_PATH doesn't exist[0m
[0.691s] [34mcolcon.colcon_ros.prefix_path.catkin[0m [1;30mWARNING[0m [33mThe path '/home/fra/master_ws_test/install/hardware_interface_testing' in the environment variable CMAKE_PREFIX_PATH doesn't exist[0m
[0.691s] [34mcolcon.colcon_ros.prefix_path.catkin[0m [1;30mWARNING[0m [33mThe path '/home/fra/master_ws_test/install/gazebo_ros2_control' in the environment variable CMAKE_PREFIX_PATH doesn't exist[0m
[0.692s] [34mcolcon.colcon_ros.prefix_path.catkin[0m [1;30mWARNING[0m [33mThe path '/home/fra/master_ws_test/install/controller_manager' in the environment variable CMAKE_PREFIX_PATH doesn't exist[0m
[0.692s] [34mcolcon.colcon_ros.prefix_path.catkin[0m [1;30mWARNING[0m [33mThe path '/home/fra/master_ws_test/install/ros2_control_test_assets' in the environment variable CMAKE_PREFIX_PATH doesn't exist[0m
[0.692s] [34mcolcon.colcon_ros.prefix_path.catkin[0m [1;30mWARNING[0m [33mThe path '/home/fra/master_ws_test/install/ros2_control_demo_description' in the environment variable CMAKE_PREFIX_PATH doesn't exist[0m
[0.692s] [34mcolcon.colcon_ros.prefix_path.catkin[0m [1;30mWARNING[0m [33mThe path '/home/fra/master_ws_test/install/range_sensor_broadcaster' in the environment variable CMAKE_PREFIX_PATH doesn't exist[0m
[0.692s] [34mcolcon.colcon_ros.prefix_path.catkin[0m [1;30mWARNING[0m [33mThe path '/home/fra/master_ws_test/install/position_controllers' in the environment variable CMAKE_PREFIX_PATH doesn't exist[0m
[0.693s] [34mcolcon.colcon_ros.prefix_path.catkin[0m [1;30mWARNING[0m [33mThe path '/home/fra/master_ws_test/install/pose_broadcaster' in the environment variable CMAKE_PREFIX_PATH doesn't exist[0m
[0.693s] [34mcolcon.colcon_ros.prefix_path.catkin[0m [1;30mWARNING[0m [33mThe path '/home/fra/master_ws_test/install/pid_controller' in the environment variable CMAKE_PREFIX_PATH doesn't exist[0m
[0.693s] [34mcolcon.colcon_ros.prefix_path.catkin[0m [1;30mWARNING[0m [33mThe path '/home/fra/master_ws_test/install/admittance_controller' in the environment variable CMAKE_PREFIX_PATH doesn't exist[0m
[0.693s] [34mcolcon.colcon_ros.prefix_path.catkin[0m [1;30mWARNING[0m [33mThe path '/home/fra/master_ws_test/install/joint_trajectory_controller' in the environment variable CMAKE_PREFIX_PATH doesn't exist[0m
[0.693s] [34mcolcon.colcon_ros.prefix_path.catkin[0m [1;30mWARNING[0m [33mThe path '/home/fra/master_ws_test/install/joint_state_broadcaster' in the environment variable CMAKE_PREFIX_PATH doesn't exist[0m
[0.694s] [34mcolcon.colcon_ros.prefix_path.catkin[0m [1;30mWARNING[0m [33mThe path '/home/fra/master_ws_test/install/imu_sensor_broadcaster' in the environment variable CMAKE_PREFIX_PATH doesn't exist[0m
[0.694s] [34mcolcon.colcon_ros.prefix_path.catkin[0m [1;30mWARNING[0m [33mThe path '/home/fra/master_ws_test/install/gripper_controllers' in the environment variable CMAKE_PREFIX_PATH doesn't exist[0m
[0.694s] [34mcolcon.colcon_ros.prefix_path.catkin[0m [1;30mWARNING[0m [33mThe path '/home/fra/master_ws_test/install/gpio_controllers' in the environment variable CMAKE_PREFIX_PATH doesn't exist[0m
[0.694s] [34mcolcon.colcon_ros.prefix_path.catkin[0m [1;30mWARNING[0m [33mThe path '/home/fra/master_ws_test/install/effort_controllers' in the environment variable CMAKE_PREFIX_PATH doesn't exist[0m
[0.694s] [34mcolcon.colcon_ros.prefix_path.catkin[0m [1;30mWARNING[0m [33mThe path '/home/fra/master_ws_test/install/forward_command_controller' in the environment variable CMAKE_PREFIX_PATH doesn't exist[0m
[0.695s] [34mcolcon.colcon_ros.prefix_path.catkin[0m [1;30mWARNING[0m [33mThe path '/home/fra/master_ws_test/install/force_torque_sensor_broadcaster' in the environment variable CMAKE_PREFIX_PATH doesn't exist[0m
[0.695s] [34mcolcon.colcon_ros.prefix_path.catkin[0m [1;30mWARNING[0m [33mThe path '/home/fra/master_ws_test/install/diff_drive_controller' in the environment variable CMAKE_PREFIX_PATH doesn't exist[0m
[0.695s] [34mcolcon.colcon_ros.prefix_path.catkin[0m [1;30mWARNING[0m [33mThe path '/home/fra/master_ws_test/install/control_toolbox' in the environment variable CMAKE_PREFIX_PATH doesn't exist[0m
[0.695s] [34mcolcon.colcon_ros.prefix_path.catkin[0m [1;30mWARNING[0m [33mThe path '/home/fra/master_ws_test/install/realtime_tools' in the environment variable CMAKE_PREFIX_PATH doesn't exist[0m
[0.695s] [34mcolcon.colcon_ros.prefix_path.catkin[0m [1;30mWARNING[0m [33mThe path '/home/fra/master_ws_test/install/kinematics_interface_kdl' in the environment variable CMAKE_PREFIX_PATH doesn't exist[0m
[0.696s] [34mcolcon.colcon_ros.prefix_path.catkin[0m [1;30mWARNING[0m [33mThe path '/home/fra/master_ws_test/install/kinematics_interface' in the environment variable CMAKE_PREFIX_PATH doesn't exist[0m
[0.696s] [34mcolcon.colcon_ros.prefix_path.catkin[0m [1;30mWARNING[0m [33mThe path '/home/fra/master_ws_test/install/joint_limits' in the environment variable CMAKE_PREFIX_PATH doesn't exist[0m
[0.696s] [34mcolcon.colcon_ros.prefix_path.catkin[0m [1;30mWARNING[0m [33mThe path '/home/fra/master_ws_test/install/controller_interface' in the environment variable CMAKE_PREFIX_PATH doesn't exist[0m
[0.696s] [34mcolcon.colcon_ros.prefix_path.catkin[0m [1;30mWARNING[0m [33mThe path '/home/fra/master_ws_test/install/hardware_interface' in the environment variable CMAKE_PREFIX_PATH doesn't exist[0m
[0.697s] [34mcolcon.colcon_ros.prefix_path.catkin[0m [1;30mWARNING[0m [33mThe path '/home/fra/master_ws_test/install/controller_manager_msgs' in the environment variable CMAKE_PREFIX_PATH doesn't exist[0m
[0.697s] [34mcolcon.colcon_ros.prefix_path.catkin[0m [1;30mWARNING[0m [33mThe path '/home/fra/master_ws_test/install/control_msgs' in the environment variable CMAKE_PREFIX_PATH doesn't exist[0m
[0.700s] [34mcolcon.colcon_installed_package_information.package_discovery[0m [1;30mDEBUG[0m [32mFound 0 installed packages in /home/fra/master_ws_test/install[0m
[0.702s] [34mcolcon.colcon_installed_package_information.package_discovery[0m [1;30mDEBUG[0m [32mFound 4 installed packages in /home/fra/ros2_ws/install[0m
[0.706s] [34mcolcon.colcon_installed_package_information.package_discovery[0m [1;30mDEBUG[0m [32mFound 332 installed packages in /opt/ros/humble[0m
[0.713s] [34mcolcon.colcon_core.package_discovery[0m [1;30mLevel 1[0m discover_packages(prefix_path) using defaults
[0.870s] [34mcolcon.colcon_core.verb[0m [1;30mLevel 5[0m set package 'six_arm' build argument 'cmake_args' from command line to 'None'
[0.870s] [34mcolcon.colcon_core.verb[0m [1;30mLevel 5[0m set package 'six_arm' build argument 'cmake_target' from command line to 'None'
[0.871s] [34mcolcon.colcon_core.verb[0m [1;30mLevel 5[0m set package 'six_arm' build argument 'cmake_target_skip_unavailable' from command line to 'False'
[0.871s] [34mcolcon.colcon_core.verb[0m [1;30mLevel 5[0m set package 'six_arm' build argument 'cmake_clean_cache' from command line to 'False'
[0.871s] [34mcolcon.colcon_core.verb[0m [1;30mLevel 5[0m set package 'six_arm' build argument 'cmake_clean_first' from command line to 'False'
[0.871s] [34mcolcon.colcon_core.verb[0m [1;30mLevel 5[0m set package 'six_arm' build argument 'cmake_force_configure' from command line to 'False'
[0.871s] [34mcolcon.colcon_core.verb[0m [1;30mLevel 5[0m set package 'six_arm' build argument 'ament_cmake_args' from command line to 'None'
[0.871s] [34mcolcon.colcon_core.verb[0m [1;30mLevel 5[0m set package 'six_arm' build argument 'catkin_cmake_args' from command line to 'None'
[0.871s] [34mcolcon.colcon_core.verb[0m [1;30mLevel 5[0m set package 'six_arm' build argument 'catkin_skip_building_tests' from command line to 'False'
[0.871s] [34mcolcon.colcon_core.verb[0m [1;30mDEBUG[0m [32mBuilding package 'six_arm' with the following arguments: {'ament_cmake_args': None, 'build_base': '/home/fra/master_ws_test/build/six_arm', 'catkin_cmake_args': None, 'catkin_skip_building_tests': False, 'cmake_args': None, 'cmake_clean_cache': False, 'cmake_clean_first': False, 'cmake_force_configure': False, 'cmake_target': None, 'cmake_target_skip_unavailable': False, 'install_base': '/home/fra/master_ws_test/install/six_arm', 'merge_install': False, 'path': '/home/fra/master_ws_test/src/six_arm', 'symlink_install': True, 'test_result_base': None}[0m
[0.872s] [34mcolcon.colcon_core.executor[0m [1;30mINFO[0m Executing jobs using 'parallel' executor
[0.874s] [34mcolcon.colcon_parallel_executor.executor.parallel[0m [1;30mDEBUG[0m [32mrun_until_complete[0m
[0.875s] [34mcolcon.colcon_ros.task.ament_cmake.build[0m [1;30mINFO[0m Building ROS package in '/home/fra/master_ws_test/src/six_arm' with build type 'ament_cmake'
[0.875s] [34mcolcon.colcon_cmake.task.cmake.build[0m [1;30mINFO[0m Building CMake package in '/home/fra/master_ws_test/src/six_arm'
[0.881s] [34mcolcon.colcon_core.plugin_system[0m [1;30mINFO[0m Skipping extension 'colcon_core.shell.bat': Not used on non-Windows systems
[0.882s] [34mcolcon.colcon_core.shell[0m [1;30mINFO[0m Skip shell extension 'powershell' for command environment: Not usable outside of PowerShell
[0.882s] [34mcolcon.colcon_core.shell[0m [1;30mDEBUG[0m [32mSkip shell extension 'dsv' for command environment[0m
[0.913s] [34mcolcon.colcon_core.event_handler.log_command[0m [1;30mDEBUG[0m [32mInvoking command in '/home/fra/master_ws_test/build/six_arm': CMAKE_PREFIX_PATH=${CMAKE_PREFIX_PATH}:/home/fra/master_ws_test/install/rqt_joint_trajectory_controller:/home/fra/master_ws_test/install/rqt_controller_manager:/home/fra/master_ws_test/install/ros2controlcli:/home/fra/master_ws_test/install/ros2_controllers_test_nodes:/home/fra/master_ws_test/install/ros2_control_demo_testing:/home/fra/ros2_ws/install/python_pkg:/opt/ros/humble /usr/bin/cmake /home/fra/master_ws_test/src/six_arm -DAMENT_CMAKE_SYMLINK_INSTALL=1 -DCMAKE_INSTALL_PREFIX=/home/fra/master_ws_test/install/six_arm[0m
[3.915s] [34mcolcon.colcon_core.event_handler.log_command[0m [1;30mDEBUG[0m [32mInvoked command in '/home/fra/master_ws_test/build/six_arm' returned '0': CMAKE_PREFIX_PATH=${CMAKE_PREFIX_PATH}:/home/fra/master_ws_test/install/rqt_joint_trajectory_controller:/home/fra/master_ws_test/install/rqt_controller_manager:/home/fra/master_ws_test/install/ros2controlcli:/home/fra/master_ws_test/install/ros2_controllers_test_nodes:/home/fra/master_ws_test/install/ros2_control_demo_testing:/home/fra/ros2_ws/install/python_pkg:/opt/ros/humble /usr/bin/cmake /home/fra/master_ws_test/src/six_arm -DAMENT_CMAKE_SYMLINK_INSTALL=1 -DCMAKE_INSTALL_PREFIX=/home/fra/master_ws_test/install/six_arm[0m
[3.923s] [34mcolcon.colcon_core.event_handler.log_command[0m [1;30mDEBUG[0m [32mInvoking command in '/home/fra/master_ws_test/build/six_arm': CMAKE_PREFIX_PATH=${CMAKE_PREFIX_PATH}:/home/fra/master_ws_test/install/rqt_joint_trajectory_controller:/home/fra/master_ws_test/install/rqt_controller_manager:/home/fra/master_ws_test/install/ros2controlcli:/home/fra/master_ws_test/install/ros2_controllers_test_nodes:/home/fra/master_ws_test/install/ros2_control_demo_testing:/home/fra/ros2_ws/install/python_pkg:/opt/ros/humble /usr/bin/cmake --build /home/fra/master_ws_test/build/six_arm -- -j12 -l12[0m
[4.049s] [34mcolcon.colcon_core.event_handler.log_command[0m [1;30mDEBUG[0m [32mInvoked command in '/home/fra/master_ws_test/build/six_arm' returned '0': CMAKE_PREFIX_PATH=${CMAKE_PREFIX_PATH}:/home/fra/master_ws_test/install/rqt_joint_trajectory_controller:/home/fra/master_ws_test/install/rqt_controller_manager:/home/fra/master_ws_test/install/ros2controlcli:/home/fra/master_ws_test/install/ros2_controllers_test_nodes:/home/fra/master_ws_test/install/ros2_control_demo_testing:/home/fra/ros2_ws/install/python_pkg:/opt/ros/humble /usr/bin/cmake --build /home/fra/master_ws_test/build/six_arm -- -j12 -l12[0m
[4.081s] [34mcolcon.colcon_core.event_handler.log_command[0m [1;30mDEBUG[0m [32mInvoking command in '/home/fra/master_ws_test/build/six_arm': CMAKE_PREFIX_PATH=${CMAKE_PREFIX_PATH}:/home/fra/master_ws_test/install/rqt_joint_trajectory_controller:/home/fra/master_ws_test/install/rqt_controller_manager:/home/fra/master_ws_test/install/ros2controlcli:/home/fra/master_ws_test/install/ros2_controllers_test_nodes:/home/fra/master_ws_test/install/ros2_control_demo_testing:/home/fra/ros2_ws/install/python_pkg:/opt/ros/humble /usr/bin/cmake --install /home/fra/master_ws_test/build/six_arm[0m
[4.668s] [34mcolcon.colcon_core.environment[0m [1;30mLevel 1[0m create_environment_scripts_only(six_arm)
[4.670s] [34mcolcon.colcon_core.event_handler.log_command[0m [1;30mDEBUG[0m [32mInvoked command in '/home/fra/master_ws_test/build/six_arm' returned '0': CMAKE_PREFIX_PATH=${CMAKE_PREFIX_PATH}:/home/fra/master_ws_test/install/rqt_joint_trajectory_controller:/home/fra/master_ws_test/install/rqt_controller_manager:/home/fra/master_ws_test/install/ros2controlcli:/home/fra/master_ws_test/install/ros2_controllers_test_nodes:/home/fra/master_ws_test/install/ros2_control_demo_testing:/home/fra/ros2_ws/install/python_pkg:/opt/ros/humble /usr/bin/cmake --install /home/fra/master_ws_test/build/six_arm[0m
[4.678s] [34mcolcon.colcon_core.environment[0m [1;30mLevel 1[0m checking '/home/fra/master_ws_test/install/six_arm' for CMake module files
[4.680s] [34mcolcon.colcon_core.environment[0m [1;30mLevel 1[0m checking '/home/fra/master_ws_test/install/six_arm' for CMake config files
[4.680s] [34mcolcon.colcon_core.shell[0m [1;30mLevel 1[0m create_environment_hook('six_arm', 'cmake_prefix_path')
[4.681s] [34mcolcon.colcon_core.shell[0m [1;30mINFO[0m Creating environment hook '/home/fra/master_ws_test/install/six_arm/share/six_arm/hook/cmake_prefix_path.ps1'
[4.683s] [34mcolcon.colcon_core.shell[0m [1;30mINFO[0m Creating environment descriptor '/home/fra/master_ws_test/install/six_arm/share/six_arm/hook/cmake_prefix_path.dsv'
[4.685s] [34mcolcon.colcon_core.shell[0m [1;30mINFO[0m Creating environment hook '/home/fra/master_ws_test/install/six_arm/share/six_arm/hook/cmake_prefix_path.sh'
[4.687s] [34mcolcon.colcon_core.environment[0m [1;30mLevel 1[0m checking '/home/fra/master_ws_test/install/six_arm/bin'
[4.688s] [34mcolcon.colcon_core.environment[0m [1;30mLevel 1[0m checking '/home/fra/master_ws_test/install/six_arm/lib/pkgconfig/six_arm.pc'
[4.689s] [34mcolcon.colcon_core.environment[0m [1;30mLevel 1[0m checking '/home/fra/master_ws_test/install/six_arm/lib/python3.10/site-packages'
[4.689s] [34mcolcon.colcon_core.environment[0m [1;30mLevel 1[0m checking '/home/fra/master_ws_test/install/six_arm/bin'
[4.690s] [34mcolcon.colcon_core.shell[0m [1;30mINFO[0m Creating package script '/home/fra/master_ws_test/install/six_arm/share/six_arm/package.ps1'
[4.693s] [34mcolcon.colcon_core.shell[0m [1;30mINFO[0m Creating package descriptor '/home/fra/master_ws_test/install/six_arm/share/six_arm/package.dsv'
[4.695s] [34mcolcon.colcon_core.shell[0m [1;30mINFO[0m Creating package script '/home/fra/master_ws_test/install/six_arm/share/six_arm/package.sh'
[4.698s] [34mcolcon.colcon_core.shell[0m [1;30mINFO[0m Creating package script '/home/fra/master_ws_test/install/six_arm/share/six_arm/package.bash'
[4.700s] [34mcolcon.colcon_core.shell[0m [1;30mINFO[0m Creating package script '/home/fra/master_ws_test/install/six_arm/share/six_arm/package.zsh'
[4.702s] [34mcolcon.colcon_core.environment[0m [1;30mLevel 1[0m create_file_with_runtime_dependencies(/home/fra/master_ws_test/install/six_arm/share/colcon-core/packages/six_arm)
[4.704s] [34mcolcon.colcon_core.environment[0m [1;30mLevel 1[0m create_environment_scripts_only(six_arm)
[4.705s] [34mcolcon.colcon_core.environment[0m [1;30mLevel 1[0m checking '/home/fra/master_ws_test/install/six_arm' for CMake module files
[4.707s] [34mcolcon.colcon_core.environment[0m [1;30mLevel 1[0m checking '/home/fra/master_ws_test/install/six_arm' for CMake config files
[4.707s] [34mcolcon.colcon_core.shell[0m [1;30mLevel 1[0m create_environment_hook('six_arm', 'cmake_prefix_path')
[4.708s] [34mcolcon.colcon_core.shell[0m [1;30mINFO[0m Creating environment hook '/home/fra/master_ws_test/install/six_arm/share/six_arm/hook/cmake_prefix_path.ps1'
[4.710s] [34mcolcon.colcon_core.shell[0m [1;30mINFO[0m Creating environment descriptor '/home/fra/master_ws_test/install/six_arm/share/six_arm/hook/cmake_prefix_path.dsv'
[4.711s] [34mcolcon.colcon_core.shell[0m [1;30mINFO[0m Creating environment hook '/home/fra/master_ws_test/install/six_arm/share/six_arm/hook/cmake_prefix_path.sh'
[4.712s] [34mcolcon.colcon_core.environment[0m [1;30mLevel 1[0m checking '/home/fra/master_ws_test/install/six_arm/bin'
[4.713s] [34mcolcon.colcon_core.environment[0m [1;30mLevel 1[0m checking '/home/fra/master_ws_test/install/six_arm/lib/pkgconfig/six_arm.pc'
[4.714s] [34mcolcon.colcon_core.environment[0m [1;30mLevel 1[0m checking '/home/fra/master_ws_test/install/six_arm/lib/python3.10/site-packages'
[4.714s] [34mcolcon.colcon_core.environment[0m [1;30mLevel 1[0m checking '/home/fra/master_ws_test/install/six_arm/bin'
[4.715s] [34mcolcon.colcon_core.shell[0m [1;30mINFO[0m Creating package script '/home/fra/master_ws_test/install/six_arm/share/six_arm/package.ps1'
[4.717s] [34mcolcon.colcon_core.shell[0m [1;30mINFO[0m Creating package descriptor '/home/fra/master_ws_test/install/six_arm/share/six_arm/package.dsv'
[4.719s] [34mcolcon.colcon_core.shell[0m [1;30mINFO[0m Creating package script '/home/fra/master_ws_test/install/six_arm/share/six_arm/package.sh'
[4.720s] [34mcolcon.colcon_core.shell[0m [1;30mINFO[0m Creating package script '/home/fra/master_ws_test/install/six_arm/share/six_arm/package.bash'
[4.722s] [34mcolcon.colcon_core.shell[0m [1;30mINFO[0m Creating package script '/home/fra/master_ws_test/install/six_arm/share/six_arm/package.zsh'
[4.723s] [34mcolcon.colcon_core.environment[0m [1;30mLevel 1[0m create_file_with_runtime_dependencies(/home/fra/master_ws_test/install/six_arm/share/colcon-core/packages/six_arm)
[4.724s] [34mcolcon.colcon_parallel_executor.executor.parallel[0m [1;30mDEBUG[0m [32mclosing loop[0m
[4.725s] [34mcolcon.colcon_parallel_executor.executor.parallel[0m [1;30mDEBUG[0m [32mloop closed[0m
[4.726s] [34mcolcon.colcon_parallel_executor.executor.parallel[0m [1;30mDEBUG[0m [32mrun_until_complete finished with '0'[0m
[4.726s] [34mcolcon.colcon_core.event_reactor[0m [1;30mDEBUG[0m [32mjoining thread[0m
[4.742s] [34mcolcon.colcon_core.plugin_system[0m [1;30mINFO[0m Skipping extension 'colcon_notification.desktop_notification.terminal_notifier': Not used on non-Darwin systems
[4.742s] [34mcolcon.colcon_core.plugin_system[0m [1;30mINFO[0m Skipping extension 'colcon_notification.desktop_notification.win32': Not used on non-Windows systems
[4.742s] [34mcolcon.colcon_notification.desktop_notification[0m [1;30mINFO[0m Sending desktop notification using 'notify2'
[4.774s] [34mcolcon.colcon_core.event_reactor[0m [1;30mDEBUG[0m [32mjoined thread[0m
[4.775s] [34mcolcon.colcon_core.shell[0m [1;30mINFO[0m Creating prefix script '/home/fra/master_ws_test/install/local_setup.ps1'
[4.778s] [34mcolcon.colcon_core.shell[0m [1;30mINFO[0m Creating prefix util module '/home/fra/master_ws_test/install/_local_setup_util_ps1.py'
[4.783s] [34mcolcon.colcon_core.shell[0m [1;30mINFO[0m Creating prefix chain script '/home/fra/master_ws_test/install/setup.ps1'
[4.788s] [34mcolcon.colcon_core.shell[0m [1;30mINFO[0m Creating prefix script '/home/fra/master_ws_test/install/local_setup.sh'
[4.790s] [34mcolcon.colcon_core.shell[0m [1;30mINFO[0m Creating prefix util module '/home/fra/master_ws_test/install/_local_setup_util_sh.py'
[4.792s] [34mcolcon.colcon_core.shell[0m [1;30mINFO[0m Creating prefix chain script '/home/fra/master_ws_test/install/setup.sh'
[4.797s] [34mcolcon.colcon_core.shell[0m [1;30mINFO[0m Creating prefix script '/home/fra/master_ws_test/install/local_setup.bash'
[4.799s] [34mcolcon.colcon_core.shell[0m [1;30mINFO[0m Creating prefix chain script '/home/fra/master_ws_test/install/setup.bash'
[4.803s] [34mcolcon.colcon_core.shell[0m [1;30mINFO[0m Creating prefix script '/home/fra/master_ws_test/install/local_setup.zsh'
[4.805s] [34mcolcon.colcon_core.shell[0m [1;30mINFO[0m Creating prefix chain script '/home/fra/master_ws_test/install/setup.zsh'
