[0.028s] Invoking command in '/home/fra/master_ws_test/src/build/arm_moveit_config': AMENT_PREFIX_PATH=/home/fra/master_ws_test/src/install/six_arm:${AMENT_PREFIX_PATH} CMAKE_PREFIX_PATH=/home/fra/master_ws_test/src/install/six_arm:/home/fra/master_ws_test/install/six_arm_moveit_config:/home/fra/master_ws_test/install/cobot_moveit_config:/home/fra/master_ws_test/install/cobot_camera_moveit_config:/home/fra/master_ws_test/install/arm_moveit_config:/home/fra/master_ws_test/install/six_arm:/home/fra/master_ws_test/install/ros2_linkattacher:/home/fra/master_ws_test/install/realsense2_description:/home/fra/master_ws_test/install/realsense2_camera:/home/fra/master_ws_test/install/realsense2_camera_msgs:/home/fra/master_ws_test/install/linkattacher_msgs:/home/fra/master_ws_test/install/ind_environment:/home/fra/master_ws_test/install/cobot_ik:/home/fra/ros2_master_ws/install/ind_environment:/home/fra/ros2_master_ws/install/custom_robot_moveit_config:/home/fra/ros2_master_ws/install/custom_robot_ik:/home/fra/ros2_master_ws/install/cobot_gazebo:/home/fra/ros2_master_ws/install/cobot_camera_moveit_config:/home/fra/ros2_master_ws/install/cobot_description:/opt/ros/humble /usr/bin/cmake /home/fra/master_ws_test/src/arm_moveit_config -DCMAKE_INSTALL_PREFIX=/home/fra/master_ws_test/src/install/arm_moveit_config
[0.085s] -- The C compiler identification is GNU 11.4.0
[0.155s] -- The CXX compiler identification is GNU 11.4.0
[0.165s] -- Detecting C compiler ABI info
[0.233s] -- Detecting C compiler ABI info - done
[0.242s] -- Check for working C compiler: /usr/bin/cc - skipped
[0.242s] -- Detecting C compile features
[0.242s] -- Detecting C compile features - done
[0.245s] -- Detecting CXX compiler ABI info
[0.322s] -- Detecting CXX compiler ABI info - done
[0.336s] -- Check for working CXX compiler: /usr/bin/c++ - skipped
[0.337s] -- Detecting CXX compile features
[0.337s] -- Detecting CXX compile features - done
[0.342s] -- Found ament_cmake: 1.3.11 (/opt/ros/humble/share/ament_cmake/cmake)
[0.932s] -- Found Python3: /usr/bin/python3 (found version "3.10.12") found components: Interpreter 
[1.197s] -- Configuring done
[1.201s] -- Generating done
[1.204s] -- Build files have been written to: /home/fra/master_ws_test/src/build/arm_moveit_config
[1.210s] Invoked command in '/home/fra/master_ws_test/src/build/arm_moveit_config' returned '0': AMENT_PREFIX_PATH=/home/fra/master_ws_test/src/install/six_arm:${AMENT_PREFIX_PATH} CMAKE_PREFIX_PATH=/home/fra/master_ws_test/src/install/six_arm:/home/fra/master_ws_test/install/six_arm_moveit_config:/home/fra/master_ws_test/install/cobot_moveit_config:/home/fra/master_ws_test/install/cobot_camera_moveit_config:/home/fra/master_ws_test/install/arm_moveit_config:/home/fra/master_ws_test/install/six_arm:/home/fra/master_ws_test/install/ros2_linkattacher:/home/fra/master_ws_test/install/realsense2_description:/home/fra/master_ws_test/install/realsense2_camera:/home/fra/master_ws_test/install/realsense2_camera_msgs:/home/fra/master_ws_test/install/linkattacher_msgs:/home/fra/master_ws_test/install/ind_environment:/home/fra/master_ws_test/install/cobot_ik:/home/fra/ros2_master_ws/install/ind_environment:/home/fra/ros2_master_ws/install/custom_robot_moveit_config:/home/fra/ros2_master_ws/install/custom_robot_ik:/home/fra/ros2_master_ws/install/cobot_gazebo:/home/fra/ros2_master_ws/install/cobot_camera_moveit_config:/home/fra/ros2_master_ws/install/cobot_description:/opt/ros/humble /usr/bin/cmake /home/fra/master_ws_test/src/arm_moveit_config -DCMAKE_INSTALL_PREFIX=/home/fra/master_ws_test/src/install/arm_moveit_config
[1.211s] Invoking command in '/home/fra/master_ws_test/src/build/arm_moveit_config': AMENT_PREFIX_PATH=/home/fra/master_ws_test/src/install/six_arm:${AMENT_PREFIX_PATH} CMAKE_PREFIX_PATH=/home/fra/master_ws_test/src/install/six_arm:/home/fra/master_ws_test/install/six_arm_moveit_config:/home/fra/master_ws_test/install/cobot_moveit_config:/home/fra/master_ws_test/install/cobot_camera_moveit_config:/home/fra/master_ws_test/install/arm_moveit_config:/home/fra/master_ws_test/install/six_arm:/home/fra/master_ws_test/install/ros2_linkattacher:/home/fra/master_ws_test/install/realsense2_description:/home/fra/master_ws_test/install/realsense2_camera:/home/fra/master_ws_test/install/realsense2_camera_msgs:/home/fra/master_ws_test/install/linkattacher_msgs:/home/fra/master_ws_test/install/ind_environment:/home/fra/master_ws_test/install/cobot_ik:/home/fra/ros2_master_ws/install/ind_environment:/home/fra/ros2_master_ws/install/custom_robot_moveit_config:/home/fra/ros2_master_ws/install/custom_robot_ik:/home/fra/ros2_master_ws/install/cobot_gazebo:/home/fra/ros2_master_ws/install/cobot_camera_moveit_config:/home/fra/ros2_master_ws/install/cobot_description:/opt/ros/humble /usr/bin/cmake --build /home/fra/master_ws_test/src/build/arm_moveit_config -- -j12 -l12
[1.246s] Invoked command in '/home/fra/master_ws_test/src/build/arm_moveit_config' returned '0': AMENT_PREFIX_PATH=/home/fra/master_ws_test/src/install/six_arm:${AMENT_PREFIX_PATH} CMAKE_PREFIX_PATH=/home/fra/master_ws_test/src/install/six_arm:/home/fra/master_ws_test/install/six_arm_moveit_config:/home/fra/master_ws_test/install/cobot_moveit_config:/home/fra/master_ws_test/install/cobot_camera_moveit_config:/home/fra/master_ws_test/install/arm_moveit_config:/home/fra/master_ws_test/install/six_arm:/home/fra/master_ws_test/install/ros2_linkattacher:/home/fra/master_ws_test/install/realsense2_description:/home/fra/master_ws_test/install/realsense2_camera:/home/fra/master_ws_test/install/realsense2_camera_msgs:/home/fra/master_ws_test/install/linkattacher_msgs:/home/fra/master_ws_test/install/ind_environment:/home/fra/master_ws_test/install/cobot_ik:/home/fra/ros2_master_ws/install/ind_environment:/home/fra/ros2_master_ws/install/custom_robot_moveit_config:/home/fra/ros2_master_ws/install/custom_robot_ik:/home/fra/ros2_master_ws/install/cobot_gazebo:/home/fra/ros2_master_ws/install/cobot_camera_moveit_config:/home/fra/ros2_master_ws/install/cobot_description:/opt/ros/humble /usr/bin/cmake --build /home/fra/master_ws_test/src/build/arm_moveit_config -- -j12 -l12
[1.247s] Invoking command in '/home/fra/master_ws_test/src/build/arm_moveit_config': AMENT_PREFIX_PATH=/home/fra/master_ws_test/src/install/six_arm:${AMENT_PREFIX_PATH} CMAKE_PREFIX_PATH=/home/fra/master_ws_test/src/install/six_arm:/home/fra/master_ws_test/install/six_arm_moveit_config:/home/fra/master_ws_test/install/cobot_moveit_config:/home/fra/master_ws_test/install/cobot_camera_moveit_config:/home/fra/master_ws_test/install/arm_moveit_config:/home/fra/master_ws_test/install/six_arm:/home/fra/master_ws_test/install/ros2_linkattacher:/home/fra/master_ws_test/install/realsense2_description:/home/fra/master_ws_test/install/realsense2_camera:/home/fra/master_ws_test/install/realsense2_camera_msgs:/home/fra/master_ws_test/install/linkattacher_msgs:/home/fra/master_ws_test/install/ind_environment:/home/fra/master_ws_test/install/cobot_ik:/home/fra/ros2_master_ws/install/ind_environment:/home/fra/ros2_master_ws/install/custom_robot_moveit_config:/home/fra/ros2_master_ws/install/custom_robot_ik:/home/fra/ros2_master_ws/install/cobot_gazebo:/home/fra/ros2_master_ws/install/cobot_camera_moveit_config:/home/fra/ros2_master_ws/install/cobot_description:/opt/ros/humble /usr/bin/cmake --install /home/fra/master_ws_test/src/build/arm_moveit_config
[1.255s] -- Install configuration: ""
[1.255s] -- Installing: /home/fra/master_ws_test/src/install/arm_moveit_config/share/ament_index/resource_index/package_run_dependencies/arm_moveit_config
[1.255s] -- Installing: /home/fra/master_ws_test/src/install/arm_moveit_config/share/ament_index/resource_index/parent_prefix_path/arm_moveit_config
[1.255s] -- Installing: /home/fra/master_ws_test/src/install/arm_moveit_config/share/arm_moveit_config/environment/ament_prefix_path.sh
[1.255s] -- Installing: /home/fra/master_ws_test/src/install/arm_moveit_config/share/arm_moveit_config/environment/ament_prefix_path.dsv
[1.255s] -- Installing: /home/fra/master_ws_test/src/install/arm_moveit_config/share/arm_moveit_config/environment/path.sh
[1.256s] -- Installing: /home/fra/master_ws_test/src/install/arm_moveit_config/share/arm_moveit_config/environment/path.dsv
[1.256s] -- Installing: /home/fra/master_ws_test/src/install/arm_moveit_config/share/arm_moveit_config/local_setup.bash
[1.256s] -- Installing: /home/fra/master_ws_test/src/install/arm_moveit_config/share/arm_moveit_config/local_setup.sh
[1.256s] -- Installing: /home/fra/master_ws_test/src/install/arm_moveit_config/share/arm_moveit_config/local_setup.zsh
[1.256s] -- Installing: /home/fra/master_ws_test/src/install/arm_moveit_config/share/arm_moveit_config/local_setup.dsv
[1.256s] -- Installing: /home/fra/master_ws_test/src/install/arm_moveit_config/share/arm_moveit_config/package.dsv
[1.256s] -- Installing: /home/fra/master_ws_test/src/install/arm_moveit_config/share/ament_index/resource_index/packages/arm_moveit_config
[1.257s] -- Installing: /home/fra/master_ws_test/src/install/arm_moveit_config/share/arm_moveit_config/cmake/arm_moveit_configConfig.cmake
[1.257s] -- Installing: /home/fra/master_ws_test/src/install/arm_moveit_config/share/arm_moveit_config/cmake/arm_moveit_configConfig-version.cmake
[1.257s] -- Installing: /home/fra/master_ws_test/src/install/arm_moveit_config/share/arm_moveit_config/package.xml
[1.257s] -- Installing: /home/fra/master_ws_test/src/install/arm_moveit_config/share/arm_moveit_config/launch
[1.257s] -- Installing: /home/fra/master_ws_test/src/install/arm_moveit_config/share/arm_moveit_config/launch/demo.launch.py
[1.257s] -- Installing: /home/fra/master_ws_test/src/install/arm_moveit_config/share/arm_moveit_config/launch/warehouse_db.launch.py
[1.257s] -- Installing: /home/fra/master_ws_test/src/install/arm_moveit_config/share/arm_moveit_config/launch/rsp.launch.py
[1.258s] -- Installing: /home/fra/master_ws_test/src/install/arm_moveit_config/share/arm_moveit_config/launch/spawn_controllers.launch.py
[1.258s] -- Installing: /home/fra/master_ws_test/src/install/arm_moveit_config/share/arm_moveit_config/launch/setup_assistant.launch.py
[1.258s] -- Installing: /home/fra/master_ws_test/src/install/arm_moveit_config/share/arm_moveit_config/launch/moveit_rviz.launch.py
[1.258s] -- Installing: /home/fra/master_ws_test/src/install/arm_moveit_config/share/arm_moveit_config/launch/move_group.launch.py
[1.258s] -- Installing: /home/fra/master_ws_test/src/install/arm_moveit_config/share/arm_moveit_config/launch/static_virtual_joint_tfs.launch.py
[1.258s] -- Installing: /home/fra/master_ws_test/src/install/arm_moveit_config/share/arm_moveit_config/launch/demo_with_controllers.launch.py
[1.258s] -- Installing: /home/fra/master_ws_test/src/install/arm_moveit_config/share/arm_moveit_config/config
[1.258s] -- Installing: /home/fra/master_ws_test/src/install/arm_moveit_config/share/arm_moveit_config/config/initial_positions.yaml
[1.259s] -- Installing: /home/fra/master_ws_test/src/install/arm_moveit_config/share/arm_moveit_config/config/kinematics.yaml
[1.259s] -- Installing: /home/fra/master_ws_test/src/install/arm_moveit_config/share/arm_moveit_config/config/joint_limits.yaml
[1.259s] -- Installing: /home/fra/master_ws_test/src/install/arm_moveit_config/share/arm_moveit_config/config/chomp_planning.yaml
[1.259s] -- Installing: /home/fra/master_ws_test/src/install/arm_moveit_config/share/arm_moveit_config/config/custom_robot.urdf.xacro
[1.259s] -- Installing: /home/fra/master_ws_test/src/install/arm_moveit_config/share/arm_moveit_config/config/moveit_controllers.yaml
[1.259s] -- Installing: /home/fra/master_ws_test/src/install/arm_moveit_config/share/arm_moveit_config/config/pilz_industrial_motion_planner_planning.yaml
[1.259s] -- Installing: /home/fra/master_ws_test/src/install/arm_moveit_config/share/arm_moveit_config/config/pilz_cartesian_limits.yaml
[1.259s] -- Installing: /home/fra/master_ws_test/src/install/arm_moveit_config/share/arm_moveit_config/config/ompl_planning.yaml
[1.260s] -- Installing: /home/fra/master_ws_test/src/install/arm_moveit_config/share/arm_moveit_config/config/moveit.rviz
[1.260s] -- Installing: /home/fra/master_ws_test/src/install/arm_moveit_config/share/arm_moveit_config/config/lerp_planning.yaml
[1.260s] -- Installing: /home/fra/master_ws_test/src/install/arm_moveit_config/share/arm_moveit_config/config/custom_robot.ros2_control.xacro
[1.260s] -- Installing: /home/fra/master_ws_test/src/install/arm_moveit_config/share/arm_moveit_config/config/ros2_controllers.yaml
[1.261s] -- Installing: /home/fra/master_ws_test/src/install/arm_moveit_config/share/arm_moveit_config/config/trajopt_planning.yaml
[1.261s] -- Installing: /home/fra/master_ws_test/src/install/arm_moveit_config/share/arm_moveit_config/config/custom_robot.srdf
[1.261s] -- Installing: /home/fra/master_ws_test/src/install/arm_moveit_config/share/arm_moveit_config/.setup_assistant
[1.263s] Invoked command in '/home/fra/master_ws_test/src/build/arm_moveit_config' returned '0': AMENT_PREFIX_PATH=/home/fra/master_ws_test/src/install/six_arm:${AMENT_PREFIX_PATH} CMAKE_PREFIX_PATH=/home/fra/master_ws_test/src/install/six_arm:/home/fra/master_ws_test/install/six_arm_moveit_config:/home/fra/master_ws_test/install/cobot_moveit_config:/home/fra/master_ws_test/install/cobot_camera_moveit_config:/home/fra/master_ws_test/install/arm_moveit_config:/home/fra/master_ws_test/install/six_arm:/home/fra/master_ws_test/install/ros2_linkattacher:/home/fra/master_ws_test/install/realsense2_description:/home/fra/master_ws_test/install/realsense2_camera:/home/fra/master_ws_test/install/realsense2_camera_msgs:/home/fra/master_ws_test/install/linkattacher_msgs:/home/fra/master_ws_test/install/ind_environment:/home/fra/master_ws_test/install/cobot_ik:/home/fra/ros2_master_ws/install/ind_environment:/home/fra/ros2_master_ws/install/custom_robot_moveit_config:/home/fra/ros2_master_ws/install/custom_robot_ik:/home/fra/ros2_master_ws/install/cobot_gazebo:/home/fra/ros2_master_ws/install/cobot_camera_moveit_config:/home/fra/ros2_master_ws/install/cobot_description:/opt/ros/humble /usr/bin/cmake --install /home/fra/master_ws_test/src/build/arm_moveit_config
