[0.013s] Invoking command in '/home/fra/master_ws_test/build/ros2_linkattacher': AMENT_PREFIX_PATH=/home/fra/master_ws_test/install/linkattacher_msgs:${AMENT_PREFIX_PATH} CMAKE_PREFIX_PATH=/home/fra/master_ws_test/install/linkattacher_msgs:/home/fra/master_test/install/ur_simulation_gazebo:/home/fra/master_test/install/ur_description:/home/fra/master_test/install/six_arm_moveit_config:/home/fra/master_test/install/cobot_moveit_config:/home/fra/master_test/install/cobot_camera_moveit_config:/home/fra/master_test/install/arm_moveit_config:/home/fra/master_test/install/six_arm:/home/fra/master_test/install/cobot_ik:/home/fra/master_test/install/ros2_linkattacher:/home/fra/master_test/install/realsense2_description:/home/fra/master_test/install/realsense2_camera:/home/fra/master_test/install/realsense2_camera_msgs:/home/fra/master_test/install/linkattacher_msgs:/home/fra/master_test/install/ind_environment:/opt/ros/humble LD_LIBRARY_PATH=/home/fra/master_ws_test/install/linkattacher_msgs/lib:${LD_LIBRARY_PATH} PYTHONPATH=/home/fra/master_ws_test/install/linkattacher_msgs/local/lib/python3.10/dist-packages:${PYTHONPATH} /usr/bin/cmake --build /home/fra/master_ws_test/build/ros2_linkattacher -- -j16 -l16
[0.040s] -- Found ament_cmake: 1.3.11 (/opt/ros/humble/share/ament_cmake/cmake)
[0.135s] -- Found ament_lint_auto: 0.12.12 (/opt/ros/humble/share/ament_lint_auto/cmake)
[0.184s] -- Found gazebo_ros: 3.9.0 (/opt/ros/humble/share/gazebo_ros/cmake)
[0.205s] -- Found rosidl_generator_c: 3.1.6 (/opt/ros/humble/share/rosidl_generator_c/cmake)
[0.206s] -- Found rosidl_adapter: 3.1.6 (/opt/ros/humble/share/rosidl_adapter/cmake)
[0.210s] -- Found rosidl_generator_cpp: 3.1.6 (/opt/ros/humble/share/rosidl_generator_cpp/cmake)
[0.216s] -- Using all available rosidl_typesupport_c: rosidl_typesupport_fastrtps_c;rosidl_typesupport_introspection_c
[0.224s] -- Using all available rosidl_typesupport_cpp: rosidl_typesupport_fastrtps_cpp;rosidl_typesupport_introspection_cpp
[0.245s] -- Found rmw_implementation_cmake: 6.1.2 (/opt/ros/humble/share/rmw_implementation_cmake/cmake)
[0.246s] -- Found rmw_fastrtps_cpp: 6.2.7 (/opt/ros/humble/share/rmw_fastrtps_cpp/cmake)
[0.341s] -- Using RMW implementation 'rmw_fastrtps_cpp' as default
[0.415s] -- Found DART: /usr/include (Required is at least version "6.6") found components: dart 
[0.449s] -- Found Protobuf: /usr/lib/x86_64-linux-gnu/libprotobuf.so (found version "3.12.4") 
[0.451s] -- Looking for ignition-math6 -- found version 6.15.1
[0.459s] -- Searching for dependencies of ignition-math6
[0.461s] -- Looking for OGRE...
[0.468s] -- Found Ogre Ghadamon (1.9.0)
[0.468s] -- Found OGRE: optimized;/usr/lib/x86_64-linux-gnu/libOgreMain.so;debug;/usr/lib/x86_64-linux-gnu/libOgreMain.so
[0.475s] -- Looking for OGRE_Paging...
[0.475s] -- Found OGRE_Paging: optimized;/usr/lib/x86_64-linux-gnu/libOgrePaging.so;debug;/usr/lib/x86_64-linux-gnu/libOgrePaging.so
[0.475s] -- Looking for OGRE_Terrain...
[0.476s] -- Found OGRE_Terrain: optimized;/usr/lib/x86_64-linux-gnu/libOgreTerrain.so;debug;/usr/lib/x86_64-linux-gnu/libOgreTerrain.so
[0.476s] -- Looking for OGRE_Property...
[0.476s] -- Found OGRE_Property: optimized;/usr/lib/x86_64-linux-gnu/libOgreProperty.so;debug;/usr/lib/x86_64-linux-gnu/libOgreProperty.so
[0.476s] -- Looking for OGRE_RTShaderSystem...
[0.476s] -- Found OGRE_RTShaderSystem: optimized;/usr/lib/x86_64-linux-gnu/libOgreRTShaderSystem.so;debug;/usr/lib/x86_64-linux-gnu/libOgreRTShaderSystem.so
[0.476s] -- Looking for OGRE_Volume...
[0.476s] -- Found OGRE_Volume: optimized;/usr/lib/x86_64-linux-gnu/libOgreVolume.so;debug;/usr/lib/x86_64-linux-gnu/libOgreVolume.so
[0.476s] -- Looking for OGRE_Overlay...
[0.476s] -- Found OGRE_Overlay: optimized;/usr/lib/x86_64-linux-gnu/libOgreOverlay.so;debug;/usr/lib/x86_64-linux-gnu/libOgreOverlay.so
[0.576s] -- Looking for ignition-math6 -- found version 6.15.1
[0.576s] -- Looking for ignition-transport8 -- found version 8.2.1
[0.577s] -- Searching for dependencies of ignition-transport8
[0.593s] -- Found Protobuf: /usr/lib/x86_64-linux-gnu/libprotobuf.so (found suitable version "3.12.4", minimum required is "3") 
[0.602s] -- Config-file not installed for ZeroMQ -- checking for pkg-config
[0.607s] -- Checking for module 'libzmq >= 4'
[0.627s] --   Found libzmq , version 4.3.4
[0.678s] -- Checking for module 'uuid'
[0.694s] --   Found uuid, version 2.37.2
[0.735s] -- Looking for ignition-msgs5 -- found version 5.8.1
[0.736s] -- Searching for dependencies of ignition-msgs5
[0.753s] -- Looking for ignition-math6 -- found version 6.15.1
[0.758s] -- Checking for module 'tinyxml2'
[0.775s] --   Found tinyxml2, version 9.0.0
[0.812s] -- Looking for ignition-msgs5 -- found version 5.8.1
[0.813s] -- Looking for ignition-common3 -- found version 3.14.0
[0.813s] -- Searching for dependencies of ignition-common3
[0.814s] -- Looking for dlfcn.h - found
[0.814s] -- Looking for libdl - found
[0.826s] -- Searching for <ignition-common3> component [graphics]
[0.826s] -- Looking for ignition-common3-graphics -- found version 3.14.0
[0.827s] -- Searching for dependencies of ignition-common3-graphics
[0.827s] -- Looking for ignition-math6 -- found version 6.15.1
[0.828s] -- Looking for ignition-fuel_tools4 -- found version 4.4.0
[0.828s] -- Searching for dependencies of ignition-fuel_tools4
[0.870s] -- Checking for module 'jsoncpp'
[0.887s] --   Found jsoncpp, version 1.9.5
[0.932s] -- Checking for module 'libzip'
[0.949s] --   Found libzip, version 1.7.3
[0.991s] -- Looking for ignition-common3 -- found version 3.14.0
[0.991s] -- Looking for ignition-math6 -- found version 6.15.1
[0.991s] -- Looking for ignition-msgs5 -- found version 5.8.1
[0.993s] -- Gazebo version: 11.10
[0.994s] -- Found gazebo_msgs: 3.9.0 (/opt/ros/humble/share/gazebo_msgs/cmake)
[1.033s] -- Found linkattacher_msgs: 0.0.0 (/home/fra/master_ws_test/install/linkattacher_msgs/share/linkattacher_msgs/cmake)
[1.048s] -- Added test 'copyright' to check source files copyright and LICENSE
[1.049s] -- Added test 'cppcheck' to perform static code analysis on C / C++ code
[1.049s] -- Configured cppcheck include dirs: /home/fra/master_ws_test/src/IFRA_LinkAttacher/ros2_LinkAttacher/include
[1.050s] -- Configured cppcheck exclude dirs and/or files: 
[1.050s] -- Added test 'cpplint' to check C / C++ code against the Google style
[1.050s] -- Configured cpplint exclude dirs and/or files: 
[1.051s] -- Added test 'lint_cmake' to check CMake code style
[1.051s] -- Added test 'uncrustify' to check C / C++ code style
[1.052s] -- Configured uncrustify additional arguments: 
[1.052s] -- Added test 'xmllint' to check XML markup files
[1.053s] -- Configuring done
[1.093s] -- Generating done
[1.097s] -- Build files have been written to: /home/fra/master_ws_test/build/ros2_linkattacher
[1.128s] [35m[1mConsolidate compiler generated dependencies of target gazebo_link_attacher[0m
[1.155s] [ 50%] [32mBuilding CXX object CMakeFiles/gazebo_link_attacher.dir/src/gazebo_link_attacher.cpp.o[0m
[9.389s] [100%] [32m[1mLinking CXX shared library libgazebo_link_attacher.so[0m
[9.813s] [100%] Built target gazebo_link_attacher
[9.825s] Invoked command in '/home/fra/master_ws_test/build/ros2_linkattacher' returned '0': AMENT_PREFIX_PATH=/home/fra/master_ws_test/install/linkattacher_msgs:${AMENT_PREFIX_PATH} CMAKE_PREFIX_PATH=/home/fra/master_ws_test/install/linkattacher_msgs:/home/fra/master_test/install/ur_simulation_gazebo:/home/fra/master_test/install/ur_description:/home/fra/master_test/install/six_arm_moveit_config:/home/fra/master_test/install/cobot_moveit_config:/home/fra/master_test/install/cobot_camera_moveit_config:/home/fra/master_test/install/arm_moveit_config:/home/fra/master_test/install/six_arm:/home/fra/master_test/install/cobot_ik:/home/fra/master_test/install/ros2_linkattacher:/home/fra/master_test/install/realsense2_description:/home/fra/master_test/install/realsense2_camera:/home/fra/master_test/install/realsense2_camera_msgs:/home/fra/master_test/install/linkattacher_msgs:/home/fra/master_test/install/ind_environment:/opt/ros/humble LD_LIBRARY_PATH=/home/fra/master_ws_test/install/linkattacher_msgs/lib:${LD_LIBRARY_PATH} PYTHONPATH=/home/fra/master_ws_test/install/linkattacher_msgs/local/lib/python3.10/dist-packages:${PYTHONPATH} /usr/bin/cmake --build /home/fra/master_ws_test/build/ros2_linkattacher -- -j16 -l16
[9.827s] Invoking command in '/home/fra/master_ws_test/build/ros2_linkattacher': AMENT_PREFIX_PATH=/home/fra/master_ws_test/install/linkattacher_msgs:${AMENT_PREFIX_PATH} CMAKE_PREFIX_PATH=/home/fra/master_ws_test/install/linkattacher_msgs:/home/fra/master_test/install/ur_simulation_gazebo:/home/fra/master_test/install/ur_description:/home/fra/master_test/install/six_arm_moveit_config:/home/fra/master_test/install/cobot_moveit_config:/home/fra/master_test/install/cobot_camera_moveit_config:/home/fra/master_test/install/arm_moveit_config:/home/fra/master_test/install/six_arm:/home/fra/master_test/install/cobot_ik:/home/fra/master_test/install/ros2_linkattacher:/home/fra/master_test/install/realsense2_description:/home/fra/master_test/install/realsense2_camera:/home/fra/master_test/install/realsense2_camera_msgs:/home/fra/master_test/install/linkattacher_msgs:/home/fra/master_test/install/ind_environment:/opt/ros/humble LD_LIBRARY_PATH=/home/fra/master_ws_test/install/linkattacher_msgs/lib:${LD_LIBRARY_PATH} PYTHONPATH=/home/fra/master_ws_test/install/linkattacher_msgs/local/lib/python3.10/dist-packages:${PYTHONPATH} /usr/bin/cmake --install /home/fra/master_ws_test/build/ros2_linkattacher
[9.833s] -- Install configuration: ""
[9.833s] -- Installing: /home/fra/master_ws_test/install/ros2_linkattacher/share/ros2_linkattacher/environment/library_path.sh
[9.833s] -- Installing: /home/fra/master_ws_test/install/ros2_linkattacher/share/ros2_linkattacher/environment/library_path.dsv
[9.833s] -- Installing: /home/fra/master_ws_test/install/ros2_linkattacher/lib/libgazebo_link_attacher.so
[9.836s] -- Set runtime path of "/home/fra/master_ws_test/install/ros2_linkattacher/lib/libgazebo_link_attacher.so" to ""
[9.836s] -- Up-to-date: /home/fra/master_ws_test/install/ros2_linkattacher/share/ament_index/resource_index/package_run_dependencies/ros2_linkattacher
[9.836s] -- Installing: /home/fra/master_ws_test/install/ros2_linkattacher/share/ament_index/resource_index/parent_prefix_path/ros2_linkattacher
[9.836s] -- Installing: /home/fra/master_ws_test/install/ros2_linkattacher/share/ros2_linkattacher/environment/ament_prefix_path.sh
[9.837s] -- Installing: /home/fra/master_ws_test/install/ros2_linkattacher/share/ros2_linkattacher/environment/ament_prefix_path.dsv
[9.837s] -- Installing: /home/fra/master_ws_test/install/ros2_linkattacher/share/ros2_linkattacher/environment/path.sh
[9.837s] -- Installing: /home/fra/master_ws_test/install/ros2_linkattacher/share/ros2_linkattacher/environment/path.dsv
[9.837s] -- Up-to-date: /home/fra/master_ws_test/install/ros2_linkattacher/share/ros2_linkattacher/local_setup.bash
[9.837s] -- Up-to-date: /home/fra/master_ws_test/install/ros2_linkattacher/share/ros2_linkattacher/local_setup.sh
[9.837s] -- Up-to-date: /home/fra/master_ws_test/install/ros2_linkattacher/share/ros2_linkattacher/local_setup.zsh
[9.837s] -- Installing: /home/fra/master_ws_test/install/ros2_linkattacher/share/ros2_linkattacher/local_setup.dsv
[9.837s] -- Installing: /home/fra/master_ws_test/install/ros2_linkattacher/share/ros2_linkattacher/package.dsv
[9.837s] -- Up-to-date: /home/fra/master_ws_test/install/ros2_linkattacher/share/ament_index/resource_index/packages/ros2_linkattacher
[9.837s] -- Up-to-date: /home/fra/master_ws_test/install/ros2_linkattacher/share/ros2_linkattacher/cmake/ament_cmake_export_libraries-extras.cmake
[9.837s] -- Up-to-date: /home/fra/master_ws_test/install/ros2_linkattacher/share/ros2_linkattacher/cmake/ros2_linkattacherConfig.cmake
[9.837s] -- Up-to-date: /home/fra/master_ws_test/install/ros2_linkattacher/share/ros2_linkattacher/cmake/ros2_linkattacherConfig-version.cmake
[9.838s] -- Installing: /home/fra/master_ws_test/install/ros2_linkattacher/share/ros2_linkattacher/package.xml
[9.839s] Invoked command in '/home/fra/master_ws_test/build/ros2_linkattacher' returned '0': AMENT_PREFIX_PATH=/home/fra/master_ws_test/install/linkattacher_msgs:${AMENT_PREFIX_PATH} CMAKE_PREFIX_PATH=/home/fra/master_ws_test/install/linkattacher_msgs:/home/fra/master_test/install/ur_simulation_gazebo:/home/fra/master_test/install/ur_description:/home/fra/master_test/install/six_arm_moveit_config:/home/fra/master_test/install/cobot_moveit_config:/home/fra/master_test/install/cobot_camera_moveit_config:/home/fra/master_test/install/arm_moveit_config:/home/fra/master_test/install/six_arm:/home/fra/master_test/install/cobot_ik:/home/fra/master_test/install/ros2_linkattacher:/home/fra/master_test/install/realsense2_description:/home/fra/master_test/install/realsense2_camera:/home/fra/master_test/install/realsense2_camera_msgs:/home/fra/master_test/install/linkattacher_msgs:/home/fra/master_test/install/ind_environment:/opt/ros/humble LD_LIBRARY_PATH=/home/fra/master_ws_test/install/linkattacher_msgs/lib:${LD_LIBRARY_PATH} PYTHONPATH=/home/fra/master_ws_test/install/linkattacher_msgs/local/lib/python3.10/dist-packages:${PYTHONPATH} /usr/bin/cmake --install /home/fra/master_ws_test/build/ros2_linkattacher
