[0.009s] Invoking command in '/home/fra/master_ws_test/build/ros2_linkattacher': AMENT_PREFIX_PATH=/home/fra/master_ws_test/install/linkattacher_msgs:${AMENT_PREFIX_PATH} CMAKE_PREFIX_PATH=/home/fra/master_ws_test/install/linkattacher_msgs:/home/fra/master_ws_test/install/six_arm_moveit_config:/home/fra/master_ws_test/install/cobot_moveit_config:/home/fra/master_ws_test/install/cobot_camera_moveit_config:/home/fra/master_ws_test/install/arm_moveit_config:/home/fra/master_ws_test/install/six_arm:/home/fra/master_ws_test/install/realsense2_description:/home/fra/master_ws_test/install/realsense2_camera:/home/fra/master_ws_test/install/realsense2_camera_msgs:/home/fra/master_ws_test/install/ind_environment:/home/fra/master_ws_test/install/cobot_ik:/home/fra/ros2_master_ws/install/ind_environment:/home/fra/ros2_master_ws/install/custom_robot_moveit_config:/home/fra/ros2_master_ws/install/custom_robot_ik:/home/fra/ros2_master_ws/install/cobot_gazebo:/home/fra/ros2_master_ws/install/cobot_camera_moveit_config:/home/fra/ros2_master_ws/install/cobot_description:/opt/ros/humble LD_LIBRARY_PATH=/home/fra/master_ws_test/install/linkattacher_msgs/lib:${LD_LIBRARY_PATH} PYTHONPATH=/home/fra/master_ws_test/install/linkattacher_msgs/local/lib/python3.10/dist-packages:${PYTHONPATH} /usr/bin/cmake /home/fra/master_ws_test/src/IFRA_LinkAttacher/ros2_LinkAttacher -DCMAKE_INSTALL_PREFIX=/home/fra/master_ws_test/install/ros2_linkattacher
[0.052s] -- The C compiler identification is GNU 11.4.0
[0.098s] -- The CXX compiler identification is GNU 11.4.0
[0.104s] -- Detecting C compiler ABI info
[0.166s] -- Detecting C compiler ABI info - done
[0.175s] -- Check for working C compiler: /usr/bin/cc - skipped
[0.175s] -- Detecting C compile features
[0.176s] -- Detecting C compile features - done
[0.179s] -- Detecting CXX compiler ABI info
[0.263s] -- Detecting CXX compiler ABI info - done
[0.271s] -- Check for working CXX compiler: /usr/bin/c++ - skipped
[0.271s] -- Detecting CXX compile features
[0.272s] -- Detecting CXX compile features - done
[0.275s] -- Found ament_cmake: 1.3.11 (/opt/ros/humble/share/ament_cmake/cmake)
[0.601s] -- Found Python3: /usr/bin/python3 (found version "3.10.12") found components: Interpreter 
[0.694s] -- Found ament_lint_auto: 0.12.11 (/opt/ros/humble/share/ament_lint_auto/cmake)
[0.796s] -- Found gazebo_ros: 3.9.0 (/opt/ros/humble/share/gazebo_ros/cmake)
[0.867s] -- Found rosidl_generator_c: 3.1.6 (/opt/ros/humble/share/rosidl_generator_c/cmake)
[0.873s] -- Found rosidl_adapter: 3.1.6 (/opt/ros/humble/share/rosidl_adapter/cmake)
[0.882s] -- Found rosidl_generator_cpp: 3.1.6 (/opt/ros/humble/share/rosidl_generator_cpp/cmake)
[0.895s] -- Using all available rosidl_typesupport_c: rosidl_typesupport_fastrtps_c;rosidl_typesupport_introspection_c
[0.913s] -- Using all available rosidl_typesupport_cpp: rosidl_typesupport_fastrtps_cpp;rosidl_typesupport_introspection_cpp
[0.963s] -- Found rmw_implementation_cmake: 6.1.2 (/opt/ros/humble/share/rmw_implementation_cmake/cmake)
[0.966s] -- Found rmw_fastrtps_cpp: 6.2.7 (/opt/ros/humble/share/rmw_fastrtps_cpp/cmake)
[1.096s] -- Found OpenSSL: /usr/lib/x86_64-linux-gnu/libcrypto.so (found version "3.0.2")  
[1.133s] -- Found FastRTPS: /opt/ros/humble/include  
[1.172s] -- Using RMW implementation 'rmw_fastrtps_cpp' as default
[1.193s] -- Looking for pthread.h
[1.253s] -- Looking for pthread.h - found
[1.253s] -- Performing Test CMAKE_HAVE_LIBC_PTHREAD
[1.313s] -- Performing Test CMAKE_HAVE_LIBC_PTHREAD - Success
[1.314s] -- Found Threads: TRUE  
[1.378s] -- Found PkgConfig: /usr/bin/pkg-config (found version "0.29.2") 
[1.379s] -- Checking for module 'bullet>=2.82'
[1.390s] --   Found bullet, version 3.05
[1.478s] -- Found fcl: /usr/include (found suitable version "0.7.0", minimum required is "0.5.0") 
[1.516s] -- Found assimp: /usr/include (found version "5.2.0") 
[1.538s] -- Found DART: /usr/include (Required is at least version "6.6") found components: dart 
[1.569s] -- Found Boost: /usr/lib/x86_64-linux-gnu/cmake/Boost-1.74.0/BoostConfig.cmake (found suitable version "1.74.0", minimum required is "1.40.0") found components: thread system filesystem program_options regex iostreams date_time 
[1.586s] -- Found Protobuf: /usr/lib/x86_64-linux-gnu/libprotobuf.so (found version "3.12.4") 
[1.594s] -- Looking for ignition-math6 -- found version 6.15.1
[1.602s] -- Searching for dependencies of ignition-math6
[1.604s] -- Looking for OGRE...
[1.605s] -- OGRE_PREFIX_WATCH changed.
[1.609s] -- Checking for module 'OGRE'
[1.619s] --   Found OGRE, version 1.9.0
[1.643s] -- Found Ogre Ghadamon (1.9.0)
[1.650s] -- Found OGRE: optimized;/usr/lib/x86_64-linux-gnu/libOgreMain.so;debug;/usr/lib/x86_64-linux-gnu/libOgreMain.so
[1.659s] -- Looking for OGRE_Paging...
[1.665s] -- Found OGRE_Paging: optimized;/usr/lib/x86_64-linux-gnu/libOgrePaging.so;debug;/usr/lib/x86_64-linux-gnu/libOgrePaging.so
[1.665s] -- Looking for OGRE_Terrain...
[1.671s] -- Found OGRE_Terrain: optimized;/usr/lib/x86_64-linux-gnu/libOgreTerrain.so;debug;/usr/lib/x86_64-linux-gnu/libOgreTerrain.so
[1.671s] -- Looking for OGRE_Property...
[1.676s] -- Found OGRE_Property: optimized;/usr/lib/x86_64-linux-gnu/libOgreProperty.so;debug;/usr/lib/x86_64-linux-gnu/libOgreProperty.so
[1.676s] -- Looking for OGRE_RTShaderSystem...
[1.682s] -- Found OGRE_RTShaderSystem: optimized;/usr/lib/x86_64-linux-gnu/libOgreRTShaderSystem.so;debug;/usr/lib/x86_64-linux-gnu/libOgreRTShaderSystem.so
[1.682s] -- Looking for OGRE_Volume...
[1.688s] -- Found OGRE_Volume: optimized;/usr/lib/x86_64-linux-gnu/libOgreVolume.so;debug;/usr/lib/x86_64-linux-gnu/libOgreVolume.so
[1.688s] -- Looking for OGRE_Overlay...
[1.693s] -- Found OGRE_Overlay: optimized;/usr/lib/x86_64-linux-gnu/libOgreOverlay.so;debug;/usr/lib/x86_64-linux-gnu/libOgreOverlay.so
[1.820s] -- Looking for ignition-math6 -- found version 6.15.1
[1.836s] -- Looking for ignition-transport8 -- found version 8.2.1
[1.837s] -- Searching for dependencies of ignition-transport8
[1.859s] -- Found Protobuf: /usr/lib/x86_64-linux-gnu/libprotobuf.so (found suitable version "3.12.4", minimum required is "3") 
[1.870s] -- Config-file not installed for ZeroMQ -- checking for pkg-config
[1.874s] -- Checking for module 'libzmq >= 4'
[1.887s] --   Found libzmq , version 4.3.4
[1.914s] -- Found ZeroMQ: TRUE (Required is at least version "4") 
[1.919s] -- Checking for module 'uuid'
[1.930s] --   Found uuid, version 2.37.2
[1.955s] -- Found UUID: TRUE  
[1.958s] -- Looking for ignition-msgs5 -- found version 5.8.1
[1.959s] -- Searching for dependencies of ignition-msgs5
[1.976s] -- Looking for ignition-math6 -- found version 6.15.1
[1.981s] -- Checking for module 'tinyxml2'
[1.992s] --   Found tinyxml2, version 9.0.0
[2.018s] -- Looking for ignition-msgs5 -- found version 5.8.1
[2.022s] -- Looking for ignition-common3 -- found version 3.14.0
[2.023s] -- Searching for dependencies of ignition-common3
[2.023s] -- Looking for dlfcn.h - found
[2.024s] -- Looking for libdl - found
[2.025s] -- Found DL: TRUE  
[2.037s] -- Found tinyobjloader: /usr/lib/x86_64-linux-gnu/cmake/tinyobjloader/tinyobjloader-config.cmake (found version "2.0.0") 
[2.037s] -- Searching for <ignition-common3> component [graphics]
[2.041s] -- Looking for ignition-common3-graphics -- found version 3.14.0
[2.041s] -- Searching for dependencies of ignition-common3-graphics
[2.042s] -- Looking for ignition-math6 -- found version 6.15.1
[2.046s] -- Looking for ignition-fuel_tools4 -- found version 4.4.0
[2.046s] -- Searching for dependencies of ignition-fuel_tools4
[2.109s] -- Found CURL: /usr/lib/x86_64-linux-gnu/libcurl.so (found version "7.81.0")  
[2.119s] -- Checking for module 'jsoncpp'
[2.129s] --   Found jsoncpp, version 1.9.5
[2.154s] -- Found JSONCPP: TRUE  
[2.159s] -- Checking for module 'libzip'
[2.170s] --   Found libzip, version 1.7.3
[2.195s] -- Found ZIP: TRUE  
[2.195s] -- Looking for ignition-common3 -- found version 3.14.0
[2.196s] -- Looking for ignition-math6 -- found version 6.15.1
[2.196s] -- Looking for ignition-msgs5 -- found version 5.8.1
[2.201s] -- Gazebo version: 11.10
[2.201s] -- Checking for module 'tbb'
[2.212s] --   Found tbb, version 2021.5.0
[2.240s] -- Found gazebo_msgs: 3.9.0 (/opt/ros/humble/share/gazebo_msgs/cmake)
[2.292s] -- Found linkattacher_msgs: 0.0.0 (/home/fra/master_ws_test/install/linkattacher_msgs/share/linkattacher_msgs/cmake)
[2.312s] -- Added test 'copyright' to check source files copyright and LICENSE
[2.313s] -- Added test 'cppcheck' to perform static code analysis on C / C++ code
[2.314s] -- Configured cppcheck include dirs: /home/fra/master_ws_test/src/IFRA_LinkAttacher/ros2_LinkAttacher/include
[2.314s] -- Configured cppcheck exclude dirs and/or files: 
[2.315s] -- Added test 'cpplint' to check C / C++ code against the Google style
[2.315s] -- Configured cpplint exclude dirs and/or files: 
[2.316s] -- Added test 'lint_cmake' to check CMake code style
[2.317s] -- Added test 'uncrustify' to check C / C++ code style
[2.317s] -- Configured uncrustify additional arguments: 
[2.317s] -- Added test 'xmllint' to check XML markup files
[2.319s] -- Configuring done
[2.376s] -- Generating done
[2.382s] -- Build files have been written to: /home/fra/master_ws_test/build/ros2_linkattacher
[2.392s] Invoked command in '/home/fra/master_ws_test/build/ros2_linkattacher' returned '0': AMENT_PREFIX_PATH=/home/fra/master_ws_test/install/linkattacher_msgs:${AMENT_PREFIX_PATH} CMAKE_PREFIX_PATH=/home/fra/master_ws_test/install/linkattacher_msgs:/home/fra/master_ws_test/install/six_arm_moveit_config:/home/fra/master_ws_test/install/cobot_moveit_config:/home/fra/master_ws_test/install/cobot_camera_moveit_config:/home/fra/master_ws_test/install/arm_moveit_config:/home/fra/master_ws_test/install/six_arm:/home/fra/master_ws_test/install/realsense2_description:/home/fra/master_ws_test/install/realsense2_camera:/home/fra/master_ws_test/install/realsense2_camera_msgs:/home/fra/master_ws_test/install/ind_environment:/home/fra/master_ws_test/install/cobot_ik:/home/fra/ros2_master_ws/install/ind_environment:/home/fra/ros2_master_ws/install/custom_robot_moveit_config:/home/fra/ros2_master_ws/install/custom_robot_ik:/home/fra/ros2_master_ws/install/cobot_gazebo:/home/fra/ros2_master_ws/install/cobot_camera_moveit_config:/home/fra/ros2_master_ws/install/cobot_description:/opt/ros/humble LD_LIBRARY_PATH=/home/fra/master_ws_test/install/linkattacher_msgs/lib:${LD_LIBRARY_PATH} PYTHONPATH=/home/fra/master_ws_test/install/linkattacher_msgs/local/lib/python3.10/dist-packages:${PYTHONPATH} /usr/bin/cmake /home/fra/master_ws_test/src/IFRA_LinkAttacher/ros2_LinkAttacher -DCMAKE_INSTALL_PREFIX=/home/fra/master_ws_test/install/ros2_linkattacher
[2.394s] Invoking command in '/home/fra/master_ws_test/build/ros2_linkattacher': AMENT_PREFIX_PATH=/home/fra/master_ws_test/install/linkattacher_msgs:${AMENT_PREFIX_PATH} CMAKE_PREFIX_PATH=/home/fra/master_ws_test/install/linkattacher_msgs:/home/fra/master_ws_test/install/six_arm_moveit_config:/home/fra/master_ws_test/install/cobot_moveit_config:/home/fra/master_ws_test/install/cobot_camera_moveit_config:/home/fra/master_ws_test/install/arm_moveit_config:/home/fra/master_ws_test/install/six_arm:/home/fra/master_ws_test/install/realsense2_description:/home/fra/master_ws_test/install/realsense2_camera:/home/fra/master_ws_test/install/realsense2_camera_msgs:/home/fra/master_ws_test/install/ind_environment:/home/fra/master_ws_test/install/cobot_ik:/home/fra/ros2_master_ws/install/ind_environment:/home/fra/ros2_master_ws/install/custom_robot_moveit_config:/home/fra/ros2_master_ws/install/custom_robot_ik:/home/fra/ros2_master_ws/install/cobot_gazebo:/home/fra/ros2_master_ws/install/cobot_camera_moveit_config:/home/fra/ros2_master_ws/install/cobot_description:/opt/ros/humble LD_LIBRARY_PATH=/home/fra/master_ws_test/install/linkattacher_msgs/lib:${LD_LIBRARY_PATH} PYTHONPATH=/home/fra/master_ws_test/install/linkattacher_msgs/local/lib/python3.10/dist-packages:${PYTHONPATH} /usr/bin/cmake --build /home/fra/master_ws_test/build/ros2_linkattacher -- -j12 -l12
[2.436s] [ 50%] [32mBuilding CXX object CMakeFiles/gazebo_link_attacher.dir/src/gazebo_link_attacher.cpp.o[0m
[13.983s] [100%] [32m[1mLinking CXX shared library libgazebo_link_attacher.so[0m
[14.470s] [100%] Built target gazebo_link_attacher
[14.488s] Invoked command in '/home/fra/master_ws_test/build/ros2_linkattacher' returned '0': AMENT_PREFIX_PATH=/home/fra/master_ws_test/install/linkattacher_msgs:${AMENT_PREFIX_PATH} CMAKE_PREFIX_PATH=/home/fra/master_ws_test/install/linkattacher_msgs:/home/fra/master_ws_test/install/six_arm_moveit_config:/home/fra/master_ws_test/install/cobot_moveit_config:/home/fra/master_ws_test/install/cobot_camera_moveit_config:/home/fra/master_ws_test/install/arm_moveit_config:/home/fra/master_ws_test/install/six_arm:/home/fra/master_ws_test/install/realsense2_description:/home/fra/master_ws_test/install/realsense2_camera:/home/fra/master_ws_test/install/realsense2_camera_msgs:/home/fra/master_ws_test/install/ind_environment:/home/fra/master_ws_test/install/cobot_ik:/home/fra/ros2_master_ws/install/ind_environment:/home/fra/ros2_master_ws/install/custom_robot_moveit_config:/home/fra/ros2_master_ws/install/custom_robot_ik:/home/fra/ros2_master_ws/install/cobot_gazebo:/home/fra/ros2_master_ws/install/cobot_camera_moveit_config:/home/fra/ros2_master_ws/install/cobot_description:/opt/ros/humble LD_LIBRARY_PATH=/home/fra/master_ws_test/install/linkattacher_msgs/lib:${LD_LIBRARY_PATH} PYTHONPATH=/home/fra/master_ws_test/install/linkattacher_msgs/local/lib/python3.10/dist-packages:${PYTHONPATH} /usr/bin/cmake --build /home/fra/master_ws_test/build/ros2_linkattacher -- -j12 -l12
[14.492s] Invoking command in '/home/fra/master_ws_test/build/ros2_linkattacher': AMENT_PREFIX_PATH=/home/fra/master_ws_test/install/linkattacher_msgs:${AMENT_PREFIX_PATH} CMAKE_PREFIX_PATH=/home/fra/master_ws_test/install/linkattacher_msgs:/home/fra/master_ws_test/install/six_arm_moveit_config:/home/fra/master_ws_test/install/cobot_moveit_config:/home/fra/master_ws_test/install/cobot_camera_moveit_config:/home/fra/master_ws_test/install/arm_moveit_config:/home/fra/master_ws_test/install/six_arm:/home/fra/master_ws_test/install/realsense2_description:/home/fra/master_ws_test/install/realsense2_camera:/home/fra/master_ws_test/install/realsense2_camera_msgs:/home/fra/master_ws_test/install/ind_environment:/home/fra/master_ws_test/install/cobot_ik:/home/fra/ros2_master_ws/install/ind_environment:/home/fra/ros2_master_ws/install/custom_robot_moveit_config:/home/fra/ros2_master_ws/install/custom_robot_ik:/home/fra/ros2_master_ws/install/cobot_gazebo:/home/fra/ros2_master_ws/install/cobot_camera_moveit_config:/home/fra/ros2_master_ws/install/cobot_description:/opt/ros/humble LD_LIBRARY_PATH=/home/fra/master_ws_test/install/linkattacher_msgs/lib:${LD_LIBRARY_PATH} PYTHONPATH=/home/fra/master_ws_test/install/linkattacher_msgs/local/lib/python3.10/dist-packages:${PYTHONPATH} /usr/bin/cmake --install /home/fra/master_ws_test/build/ros2_linkattacher
[14.510s] -- Install configuration: ""
[14.510s] -- Installing: /home/fra/master_ws_test/install/ros2_linkattacher/share/ros2_linkattacher/environment/library_path.sh
[14.511s] -- Installing: /home/fra/master_ws_test/install/ros2_linkattacher/share/ros2_linkattacher/environment/library_path.dsv
[14.511s] -- Installing: /home/fra/master_ws_test/install/ros2_linkattacher/lib/libgazebo_link_attacher.so
[14.515s] -- Set runtime path of "/home/fra/master_ws_test/install/ros2_linkattacher/lib/libgazebo_link_attacher.so" to ""
[14.515s] -- Installing: /home/fra/master_ws_test/install/ros2_linkattacher/share/ament_index/resource_index/package_run_dependencies/ros2_linkattacher
[14.515s] -- Installing: /home/fra/master_ws_test/install/ros2_linkattacher/share/ament_index/resource_index/parent_prefix_path/ros2_linkattacher
[14.516s] -- Installing: /home/fra/master_ws_test/install/ros2_linkattacher/share/ros2_linkattacher/environment/ament_prefix_path.sh
[14.516s] -- Installing: /home/fra/master_ws_test/install/ros2_linkattacher/share/ros2_linkattacher/environment/ament_prefix_path.dsv
[14.516s] -- Installing: /home/fra/master_ws_test/install/ros2_linkattacher/share/ros2_linkattacher/environment/path.sh
[14.516s] -- Installing: /home/fra/master_ws_test/install/ros2_linkattacher/share/ros2_linkattacher/environment/path.dsv
[14.516s] -- Installing: /home/fra/master_ws_test/install/ros2_linkattacher/share/ros2_linkattacher/local_setup.bash
[14.516s] -- Installing: /home/fra/master_ws_test/install/ros2_linkattacher/share/ros2_linkattacher/local_setup.sh
[14.517s] -- Installing: /home/fra/master_ws_test/install/ros2_linkattacher/share/ros2_linkattacher/local_setup.zsh
[14.517s] -- Installing: /home/fra/master_ws_test/install/ros2_linkattacher/share/ros2_linkattacher/local_setup.dsv
[14.517s] -- Installing: /home/fra/master_ws_test/install/ros2_linkattacher/share/ros2_linkattacher/package.dsv
[14.517s] -- Installing: /home/fra/master_ws_test/install/ros2_linkattacher/share/ament_index/resource_index/packages/ros2_linkattacher
[14.517s] -- Installing: /home/fra/master_ws_test/install/ros2_linkattacher/share/ros2_linkattacher/cmake/ament_cmake_export_libraries-extras.cmake
[14.517s] -- Installing: /home/fra/master_ws_test/install/ros2_linkattacher/share/ros2_linkattacher/cmake/ros2_linkattacherConfig.cmake
[14.517s] -- Installing: /home/fra/master_ws_test/install/ros2_linkattacher/share/ros2_linkattacher/cmake/ros2_linkattacherConfig-version.cmake
[14.518s] -- Installing: /home/fra/master_ws_test/install/ros2_linkattacher/share/ros2_linkattacher/package.xml
[14.520s] Invoked command in '/home/fra/master_ws_test/build/ros2_linkattacher' returned '0': AMENT_PREFIX_PATH=/home/fra/master_ws_test/install/linkattacher_msgs:${AMENT_PREFIX_PATH} CMAKE_PREFIX_PATH=/home/fra/master_ws_test/install/linkattacher_msgs:/home/fra/master_ws_test/install/six_arm_moveit_config:/home/fra/master_ws_test/install/cobot_moveit_config:/home/fra/master_ws_test/install/cobot_camera_moveit_config:/home/fra/master_ws_test/install/arm_moveit_config:/home/fra/master_ws_test/install/six_arm:/home/fra/master_ws_test/install/realsense2_description:/home/fra/master_ws_test/install/realsense2_camera:/home/fra/master_ws_test/install/realsense2_camera_msgs:/home/fra/master_ws_test/install/ind_environment:/home/fra/master_ws_test/install/cobot_ik:/home/fra/ros2_master_ws/install/ind_environment:/home/fra/ros2_master_ws/install/custom_robot_moveit_config:/home/fra/ros2_master_ws/install/custom_robot_ik:/home/fra/ros2_master_ws/install/cobot_gazebo:/home/fra/ros2_master_ws/install/cobot_camera_moveit_config:/home/fra/ros2_master_ws/install/cobot_description:/opt/ros/humble LD_LIBRARY_PATH=/home/fra/master_ws_test/install/linkattacher_msgs/lib:${LD_LIBRARY_PATH} PYTHONPATH=/home/fra/master_ws_test/install/linkattacher_msgs/local/lib/python3.10/dist-packages:${PYTHONPATH} /usr/bin/cmake --install /home/fra/master_ws_test/build/ros2_linkattacher
