[0.132s] [34mcolcon[0m [1;30mDEBUG[0m [32mCommand line arguments: ['/usr/bin/colcon', 'build'][0m
[0.132s] [34mcolcon[0m [1;30mDEBUG[0m [32mParsed command line arguments: Namespace(log_base=None, log_level=None, verb_name='build', build_base='build', install_base='install', merge_install=False, symlink_install=False, test_result_base=None, continue_on_error=False, executor='parallel', parallel_workers=12, event_handlers=None, ignore_user_meta=False, metas=['./colcon.meta'], base_paths=['.'], packages_ignore=None, packages_ignore_regex=None, paths=None, packages_up_to=None, packages_up_to_regex=None, packages_above=None, packages_above_and_dependencies=None, packages_above_depth=None, packages_select_by_dep=None, packages_skip_by_dep=None, packages_skip_up_to=None, packages_select_build_failed=False, packages_skip_build_finished=False, packages_select_test_failures=False, packages_skip_test_passed=False, packages_select=None, packages_skip=None, packages_select_regex=None, packages_skip_regex=None, packages_start=None, packages_end=None, allow_overriding=[], cmake_args=None, cmake_target=None, cmake_target_skip_unavailable=False, cmake_clean_cache=False, cmake_clean_first=False, cmake_force_configure=False, ament_cmake_args=None, catkin_cmake_args=None, catkin_skip_building_tests=False, mixin_files=None, mixin=None, verb_parser=<colcon_mixin.mixin.mixin_argument.MixinArgumentDecorator object at 0x719ea2631e10>, verb_extension=<colcon_core.verb.build.BuildVerb object at 0x719ea2631780>, main=<bound method BuildVerb.main of <colcon_core.verb.build.BuildVerb object at 0x719ea2631780>>, mixin_verb=('build',))[0m
[0.168s] [34mcolcon.colcon_core.package_discovery[0m [1;30mLevel 1[0m discover_packages(colcon_meta) check parameters
[0.169s] [34mcolcon.colcon_core.package_discovery[0m [1;30mLevel 1[0m discover_packages(recursive) check parameters
[0.169s] [34mcolcon.colcon_core.package_discovery[0m [1;30mLevel 1[0m discover_packages(ignore) check parameters
[0.169s] [34mcolcon.colcon_core.package_discovery[0m [1;30mLevel 1[0m discover_packages(path) check parameters
[0.169s] [34mcolcon.colcon_core.package_discovery[0m [1;30mLevel 1[0m discover_packages(colcon_meta) discover
[0.169s] [34mcolcon.colcon_core.package_discovery[0m [1;30mLevel 1[0m discover_packages(recursive) discover
[0.169s] [34mcolcon.colcon_core.package_discovery[0m [1;30mINFO[0m Crawling recursively for packages in '/home/fra/master_ws_test'
[0.169s] [34mcolcon.colcon_core.package_identification[0m [1;30mLevel 1[0m _identify(.) by extensions ['ignore', 'ignore_ament_install']
[0.169s] [34mcolcon.colcon_core.package_identification[0m [1;30mLevel 1[0m _identify(.) by extension 'ignore'
[0.169s] [34mcolcon.colcon_core.package_identification[0m [1;30mLevel 1[0m _identify(.) by extension 'ignore_ament_install'
[0.169s] [34mcolcon.colcon_core.package_identification[0m [1;30mLevel 1[0m _identify(.) by extensions ['colcon_pkg']
[0.169s] [34mcolcon.colcon_core.package_identification[0m [1;30mLevel 1[0m _identify(.) by extension 'colcon_pkg'
[0.169s] [34mcolcon.colcon_core.package_identification[0m [1;30mLevel 1[0m _identify(.) by extensions ['colcon_meta']
[0.169s] [34mcolcon.colcon_core.package_identification[0m [1;30mLevel 1[0m _identify(.) by extension 'colcon_meta'
[0.169s] [34mcolcon.colcon_core.package_identification[0m [1;30mLevel 1[0m _identify(.) by extensions ['ros']
[0.169s] [34mcolcon.colcon_core.package_identification[0m [1;30mLevel 1[0m _identify(.) by extension 'ros'
[0.190s] [34mcolcon.colcon_core.package_identification[0m [1;30mLevel 1[0m _identify(.) by extensions ['cmake', 'python']
[0.190s] [34mcolcon.colcon_core.package_identification[0m [1;30mLevel 1[0m _identify(.) by extension 'cmake'
[0.190s] [34mcolcon.colcon_core.package_identification[0m [1;30mLevel 1[0m _identify(.) by extension 'python'
[0.190s] [34mcolcon.colcon_core.package_identification[0m [1;30mLevel 1[0m _identify(.) by extensions ['python_setup_py']
[0.190s] [34mcolcon.colcon_core.package_identification[0m [1;30mLevel 1[0m _identify(.) by extension 'python_setup_py'
[0.190s] [34mcolcon.colcon_core.package_identification[0m [1;30mLevel 1[0m _identify(build) by extensions ['ignore', 'ignore_ament_install']
[0.190s] [34mcolcon.colcon_core.package_identification[0m [1;30mLevel 1[0m _identify(build) by extension 'ignore'
[0.190s] [34mcolcon.colcon_core.package_identification[0m [1;30mLevel 1[0m _identify(build) ignored
[0.190s] [34mcolcon.colcon_core.package_identification[0m [1;30mLevel 1[0m _identify(install) by extensions ['ignore', 'ignore_ament_install']
[0.190s] [34mcolcon.colcon_core.package_identification[0m [1;30mLevel 1[0m _identify(install) by extension 'ignore'
[0.190s] [34mcolcon.colcon_core.package_identification[0m [1;30mLevel 1[0m _identify(install) ignored
[0.190s] [34mcolcon.colcon_core.package_identification[0m [1;30mLevel 1[0m _identify(log) by extensions ['ignore', 'ignore_ament_install']
[0.191s] [34mcolcon.colcon_core.package_identification[0m [1;30mLevel 1[0m _identify(log) by extension 'ignore'
[0.191s] [34mcolcon.colcon_core.package_identification[0m [1;30mLevel 1[0m _identify(log) ignored
[0.191s] [34mcolcon.colcon_core.package_identification[0m [1;30mLevel 1[0m _identify(src) by extensions ['ignore', 'ignore_ament_install']
[0.191s] [34mcolcon.colcon_core.package_identification[0m [1;30mLevel 1[0m _identify(src) by extension 'ignore'
[0.191s] [34mcolcon.colcon_core.package_identification[0m [1;30mLevel 1[0m _identify(src) by extension 'ignore_ament_install'
[0.191s] [34mcolcon.colcon_core.package_identification[0m [1;30mLevel 1[0m _identify(src) by extensions ['colcon_pkg']
[0.191s] [34mcolcon.colcon_core.package_identification[0m [1;30mLevel 1[0m _identify(src) by extension 'colcon_pkg'
[0.191s] [34mcolcon.colcon_core.package_identification[0m [1;30mLevel 1[0m _identify(src) by extensions ['colcon_meta']
[0.191s] [34mcolcon.colcon_core.package_identification[0m [1;30mLevel 1[0m _identify(src) by extension 'colcon_meta'
[0.191s] [34mcolcon.colcon_core.package_identification[0m [1;30mLevel 1[0m _identify(src) by extensions ['ros']
[0.191s] [34mcolcon.colcon_core.package_identification[0m [1;30mLevel 1[0m _identify(src) by extension 'ros'
[0.191s] [34mcolcon.colcon_core.package_identification[0m [1;30mLevel 1[0m _identify(src) by extensions ['cmake', 'python']
[0.191s] [34mcolcon.colcon_core.package_identification[0m [1;30mLevel 1[0m _identify(src) by extension 'cmake'
[0.191s] [34mcolcon.colcon_core.package_identification[0m [1;30mLevel 1[0m _identify(src) by extension 'python'
[0.191s] [34mcolcon.colcon_core.package_identification[0m [1;30mLevel 1[0m _identify(src) by extensions ['python_setup_py']
[0.191s] [34mcolcon.colcon_core.package_identification[0m [1;30mLevel 1[0m _identify(src) by extension 'python_setup_py'
[0.191s] [34mcolcon.colcon_core.package_identification[0m [1;30mLevel 1[0m _identify(src/ind_environment) by extensions ['ignore', 'ignore_ament_install']
[0.191s] [34mcolcon.colcon_core.package_identification[0m [1;30mLevel 1[0m _identify(src/ind_environment) by extension 'ignore'
[0.191s] [34mcolcon.colcon_core.package_identification[0m [1;30mLevel 1[0m _identify(src/ind_environment) by extension 'ignore_ament_install'
[0.192s] [34mcolcon.colcon_core.package_identification[0m [1;30mLevel 1[0m _identify(src/ind_environment) by extensions ['colcon_pkg']
[0.192s] [34mcolcon.colcon_core.package_identification[0m [1;30mLevel 1[0m _identify(src/ind_environment) by extension 'colcon_pkg'
[0.192s] [34mcolcon.colcon_core.package_identification[0m [1;30mLevel 1[0m _identify(src/ind_environment) by extensions ['colcon_meta']
[0.192s] [34mcolcon.colcon_core.package_identification[0m [1;30mLevel 1[0m _identify(src/ind_environment) by extension 'colcon_meta'
[0.192s] [34mcolcon.colcon_core.package_identification[0m [1;30mLevel 1[0m _identify(src/ind_environment) by extensions ['ros']
[0.192s] [34mcolcon.colcon_core.package_identification[0m [1;30mLevel 1[0m _identify(src/ind_environment) by extension 'ros'
[0.194s] [34mcolcon.colcon_core.package_identification[0m [1;30mDEBUG[0m [32mPackage 'src/ind_environment' with type 'ros.ament_cmake' and name 'ind_environment'[0m
[0.194s] [34mcolcon.colcon_core.package_identification[0m [1;30mLevel 1[0m _identify(src/realsense-ros) by extensions ['ignore', 'ignore_ament_install']
[0.194s] [34mcolcon.colcon_core.package_identification[0m [1;30mLevel 1[0m _identify(src/realsense-ros) by extension 'ignore'
[0.194s] [34mcolcon.colcon_core.package_identification[0m [1;30mLevel 1[0m _identify(src/realsense-ros) by extension 'ignore_ament_install'
[0.194s] [34mcolcon.colcon_core.package_identification[0m [1;30mLevel 1[0m _identify(src/realsense-ros) by extensions ['colcon_pkg']
[0.194s] [34mcolcon.colcon_core.package_identification[0m [1;30mLevel 1[0m _identify(src/realsense-ros) by extension 'colcon_pkg'
[0.194s] [34mcolcon.colcon_core.package_identification[0m [1;30mLevel 1[0m _identify(src/realsense-ros) by extensions ['colcon_meta']
[0.194s] [34mcolcon.colcon_core.package_identification[0m [1;30mLevel 1[0m _identify(src/realsense-ros) by extension 'colcon_meta'
[0.194s] [34mcolcon.colcon_core.package_identification[0m [1;30mLevel 1[0m _identify(src/realsense-ros) by extensions ['ros']
[0.194s] [34mcolcon.colcon_core.package_identification[0m [1;30mLevel 1[0m _identify(src/realsense-ros) by extension 'ros'
[0.194s] [34mcolcon.colcon_core.package_identification[0m [1;30mLevel 1[0m _identify(src/realsense-ros) by extensions ['cmake', 'python']
[0.194s] [34mcolcon.colcon_core.package_identification[0m [1;30mLevel 1[0m _identify(src/realsense-ros) by extension 'cmake'
[0.194s] [34mcolcon.colcon_core.package_identification[0m [1;30mLevel 1[0m _identify(src/realsense-ros) by extension 'python'
[0.194s] [34mcolcon.colcon_core.package_identification[0m [1;30mLevel 1[0m _identify(src/realsense-ros) by extensions ['python_setup_py']
[0.195s] [34mcolcon.colcon_core.package_identification[0m [1;30mLevel 1[0m _identify(src/realsense-ros) by extension 'python_setup_py'
[0.195s] [34mcolcon.colcon_core.package_identification[0m [1;30mLevel 1[0m _identify(src/realsense-ros/realsense2_camera) by extensions ['ignore', 'ignore_ament_install']
[0.195s] [34mcolcon.colcon_core.package_identification[0m [1;30mLevel 1[0m _identify(src/realsense-ros/realsense2_camera) by extension 'ignore'
[0.195s] [34mcolcon.colcon_core.package_identification[0m [1;30mLevel 1[0m _identify(src/realsense-ros/realsense2_camera) by extension 'ignore_ament_install'
[0.195s] [34mcolcon.colcon_core.package_identification[0m [1;30mLevel 1[0m _identify(src/realsense-ros/realsense2_camera) by extensions ['colcon_pkg']
[0.195s] [34mcolcon.colcon_core.package_identification[0m [1;30mLevel 1[0m _identify(src/realsense-ros/realsense2_camera) by extension 'colcon_pkg'
[0.195s] [34mcolcon.colcon_core.package_identification[0m [1;30mLevel 1[0m _identify(src/realsense-ros/realsense2_camera) by extensions ['colcon_meta']
[0.195s] [34mcolcon.colcon_core.package_identification[0m [1;30mLevel 1[0m _identify(src/realsense-ros/realsense2_camera) by extension 'colcon_meta'
[0.195s] [34mcolcon.colcon_core.package_identification[0m [1;30mLevel 1[0m _identify(src/realsense-ros/realsense2_camera) by extensions ['ros']
[0.195s] [34mcolcon.colcon_core.package_identification[0m [1;30mLevel 1[0m _identify(src/realsense-ros/realsense2_camera) by extension 'ros'
[0.201s] [34mcolcon.colcon_core.package_identification[0m [1;30mDEBUG[0m [32mPackage 'src/realsense-ros/realsense2_camera' with type 'ros.ament_cmake' and name 'realsense2_camera'[0m
[0.201s] [34mcolcon.colcon_core.package_identification[0m [1;30mLevel 1[0m _identify(src/realsense-ros/realsense2_camera_msgs) by extensions ['ignore', 'ignore_ament_install']
[0.201s] [34mcolcon.colcon_core.package_identification[0m [1;30mLevel 1[0m _identify(src/realsense-ros/realsense2_camera_msgs) by extension 'ignore'
[0.202s] [34mcolcon.colcon_core.package_identification[0m [1;30mLevel 1[0m _identify(src/realsense-ros/realsense2_camera_msgs) by extension 'ignore_ament_install'
[0.202s] [34mcolcon.colcon_core.package_identification[0m [1;30mLevel 1[0m _identify(src/realsense-ros/realsense2_camera_msgs) by extensions ['colcon_pkg']
[0.202s] [34mcolcon.colcon_core.package_identification[0m [1;30mLevel 1[0m _identify(src/realsense-ros/realsense2_camera_msgs) by extension 'colcon_pkg'
[0.202s] [34mcolcon.colcon_core.package_identification[0m [1;30mLevel 1[0m _identify(src/realsense-ros/realsense2_camera_msgs) by extensions ['colcon_meta']
[0.202s] [34mcolcon.colcon_core.package_identification[0m [1;30mLevel 1[0m _identify(src/realsense-ros/realsense2_camera_msgs) by extension 'colcon_meta'
[0.202s] [34mcolcon.colcon_core.package_identification[0m [1;30mLevel 1[0m _identify(src/realsense-ros/realsense2_camera_msgs) by extensions ['ros']
[0.202s] [34mcolcon.colcon_core.package_identification[0m [1;30mLevel 1[0m _identify(src/realsense-ros/realsense2_camera_msgs) by extension 'ros'
[0.202s] [34mcolcon.colcon_core.package_identification[0m [1;30mDEBUG[0m [32mPackage 'src/realsense-ros/realsense2_camera_msgs' with type 'ros.ament_cmake' and name 'realsense2_camera_msgs'[0m
[0.202s] [34mcolcon.colcon_core.package_identification[0m [1;30mLevel 1[0m _identify(src/realsense-ros/realsense2_description) by extensions ['ignore', 'ignore_ament_install']
[0.203s] [34mcolcon.colcon_core.package_identification[0m [1;30mLevel 1[0m _identify(src/realsense-ros/realsense2_description) by extension 'ignore'
[0.203s] [34mcolcon.colcon_core.package_identification[0m [1;30mLevel 1[0m _identify(src/realsense-ros/realsense2_description) by extension 'ignore_ament_install'
[0.203s] [34mcolcon.colcon_core.package_identification[0m [1;30mLevel 1[0m _identify(src/realsense-ros/realsense2_description) by extensions ['colcon_pkg']
[0.203s] [34mcolcon.colcon_core.package_identification[0m [1;30mLevel 1[0m _identify(src/realsense-ros/realsense2_description) by extension 'colcon_pkg'
[0.203s] [34mcolcon.colcon_core.package_identification[0m [1;30mLevel 1[0m _identify(src/realsense-ros/realsense2_description) by extensions ['colcon_meta']
[0.203s] [34mcolcon.colcon_core.package_identification[0m [1;30mLevel 1[0m _identify(src/realsense-ros/realsense2_description) by extension 'colcon_meta'
[0.203s] [34mcolcon.colcon_core.package_identification[0m [1;30mLevel 1[0m _identify(src/realsense-ros/realsense2_description) by extensions ['ros']
[0.203s] [34mcolcon.colcon_core.package_identification[0m [1;30mLevel 1[0m _identify(src/realsense-ros/realsense2_description) by extension 'ros'
[0.204s] [34mcolcon.colcon_core.package_identification[0m [1;30mDEBUG[0m [32mPackage 'src/realsense-ros/realsense2_description' with type 'ros.ament_cmake' and name 'realsense2_description'[0m
[0.204s] [34mcolcon.colcon_core.package_identification[0m [1;30mLevel 1[0m _identify(src/realsense-ros/scripts) by extensions ['ignore', 'ignore_ament_install']
[0.204s] [34mcolcon.colcon_core.package_identification[0m [1;30mLevel 1[0m _identify(src/realsense-ros/scripts) by extension 'ignore'
[0.204s] [34mcolcon.colcon_core.package_identification[0m [1;30mLevel 1[0m _identify(src/realsense-ros/scripts) by extension 'ignore_ament_install'
[0.204s] [34mcolcon.colcon_core.package_identification[0m [1;30mLevel 1[0m _identify(src/realsense-ros/scripts) by extensions ['colcon_pkg']
[0.204s] [34mcolcon.colcon_core.package_identification[0m [1;30mLevel 1[0m _identify(src/realsense-ros/scripts) by extension 'colcon_pkg'
[0.204s] [34mcolcon.colcon_core.package_identification[0m [1;30mLevel 1[0m _identify(src/realsense-ros/scripts) by extensions ['colcon_meta']
[0.204s] [34mcolcon.colcon_core.package_identification[0m [1;30mLevel 1[0m _identify(src/realsense-ros/scripts) by extension 'colcon_meta'
[0.204s] [34mcolcon.colcon_core.package_identification[0m [1;30mLevel 1[0m _identify(src/realsense-ros/scripts) by extensions ['ros']
[0.204s] [34mcolcon.colcon_core.package_identification[0m [1;30mLevel 1[0m _identify(src/realsense-ros/scripts) by extension 'ros'
[0.204s] [34mcolcon.colcon_core.package_identification[0m [1;30mLevel 1[0m _identify(src/realsense-ros/scripts) by extensions ['cmake', 'python']
[0.204s] [34mcolcon.colcon_core.package_identification[0m [1;30mLevel 1[0m _identify(src/realsense-ros/scripts) by extension 'cmake'
[0.204s] [34mcolcon.colcon_core.package_identification[0m [1;30mLevel 1[0m _identify(src/realsense-ros/scripts) by extension 'python'
[0.204s] [34mcolcon.colcon_core.package_identification[0m [1;30mLevel 1[0m _identify(src/realsense-ros/scripts) by extensions ['python_setup_py']
[0.204s] [34mcolcon.colcon_core.package_identification[0m [1;30mLevel 1[0m _identify(src/realsense-ros/scripts) by extension 'python_setup_py'
[0.204s] [34mcolcon.colcon_core.package_identification[0m [1;30mLevel 1[0m _identify(src/six_arm) by extensions ['ignore', 'ignore_ament_install']
[0.204s] [34mcolcon.colcon_core.package_identification[0m [1;30mLevel 1[0m _identify(src/six_arm) by extension 'ignore'
[0.204s] [34mcolcon.colcon_core.package_identification[0m [1;30mLevel 1[0m _identify(src/six_arm) by extension 'ignore_ament_install'
[0.205s] [34mcolcon.colcon_core.package_identification[0m [1;30mLevel 1[0m _identify(src/six_arm) by extensions ['colcon_pkg']
[0.205s] [34mcolcon.colcon_core.package_identification[0m [1;30mLevel 1[0m _identify(src/six_arm) by extension 'colcon_pkg'
[0.205s] [34mcolcon.colcon_core.package_identification[0m [1;30mLevel 1[0m _identify(src/six_arm) by extensions ['colcon_meta']
[0.205s] [34mcolcon.colcon_core.package_identification[0m [1;30mLevel 1[0m _identify(src/six_arm) by extension 'colcon_meta'
[0.205s] [34mcolcon.colcon_core.package_identification[0m [1;30mLevel 1[0m _identify(src/six_arm) by extensions ['ros']
[0.205s] [34mcolcon.colcon_core.package_identification[0m [1;30mLevel 1[0m _identify(src/six_arm) by extension 'ros'
[0.205s] [34mcolcon.colcon_core.package_identification[0m [1;30mDEBUG[0m [32mPackage 'src/six_arm' with type 'ros.ament_cmake' and name 'six_arm'[0m
[0.205s] [34mcolcon.colcon_core.package_discovery[0m [1;30mLevel 1[0m discover_packages(recursive) using defaults
[0.205s] [34mcolcon.colcon_core.package_discovery[0m [1;30mLevel 1[0m discover_packages(ignore) discover
[0.205s] [34mcolcon.colcon_core.package_discovery[0m [1;30mLevel 1[0m discover_packages(ignore) using defaults
[0.205s] [34mcolcon.colcon_core.package_discovery[0m [1;30mLevel 1[0m discover_packages(path) discover
[0.205s] [34mcolcon.colcon_core.package_discovery[0m [1;30mLevel 1[0m discover_packages(path) using defaults
[0.221s] [34mcolcon.colcon_core.package_discovery[0m [1;30mLevel 1[0m discover_packages(prefix_path) check parameters
[0.221s] [34mcolcon.colcon_core.package_discovery[0m [1;30mLevel 1[0m discover_packages(prefix_path) discover
[0.223s] [34mcolcon.colcon_installed_package_information.package_discovery[0m [1;30mDEBUG[0m [32mFound 7 installed packages in /home/fra/master_ws_test/install[0m
[0.225s] [34mcolcon.colcon_installed_package_information.package_discovery[0m [1;30mDEBUG[0m [32mFound 336 installed packages in /opt/ros/humble[0m
[0.226s] [34mcolcon.colcon_core.package_discovery[0m [1;30mLevel 1[0m discover_packages(prefix_path) using defaults
[0.278s] [34mcolcon.colcon_core.verb[0m [1;30mLevel 5[0m set package 'ind_environment' build argument 'cmake_args' from command line to 'None'
[0.279s] [34mcolcon.colcon_core.verb[0m [1;30mLevel 5[0m set package 'ind_environment' build argument 'cmake_target' from command line to 'None'
[0.279s] [34mcolcon.colcon_core.verb[0m [1;30mLevel 5[0m set package 'ind_environment' build argument 'cmake_target_skip_unavailable' from command line to 'False'
[0.279s] [34mcolcon.colcon_core.verb[0m [1;30mLevel 5[0m set package 'ind_environment' build argument 'cmake_clean_cache' from command line to 'False'
[0.279s] [34mcolcon.colcon_core.verb[0m [1;30mLevel 5[0m set package 'ind_environment' build argument 'cmake_clean_first' from command line to 'False'
[0.279s] [34mcolcon.colcon_core.verb[0m [1;30mLevel 5[0m set package 'ind_environment' build argument 'cmake_force_configure' from command line to 'False'
[0.279s] [34mcolcon.colcon_core.verb[0m [1;30mLevel 5[0m set package 'ind_environment' build argument 'ament_cmake_args' from command line to 'None'
[0.279s] [34mcolcon.colcon_core.verb[0m [1;30mLevel 5[0m set package 'ind_environment' build argument 'catkin_cmake_args' from command line to 'None'
[0.279s] [34mcolcon.colcon_core.verb[0m [1;30mLevel 5[0m set package 'ind_environment' build argument 'catkin_skip_building_tests' from command line to 'False'
[0.279s] [34mcolcon.colcon_core.verb[0m [1;30mDEBUG[0m [32mBuilding package 'ind_environment' with the following arguments: {'ament_cmake_args': None, 'build_base': '/home/fra/master_ws_test/build/ind_environment', 'catkin_cmake_args': None, 'catkin_skip_building_tests': False, 'cmake_args': None, 'cmake_clean_cache': False, 'cmake_clean_first': False, 'cmake_force_configure': False, 'cmake_target': None, 'cmake_target_skip_unavailable': False, 'install_base': '/home/fra/master_ws_test/install/ind_environment', 'merge_install': False, 'path': '/home/fra/master_ws_test/src/ind_environment', 'symlink_install': False, 'test_result_base': None}[0m
[0.279s] [34mcolcon.colcon_core.verb[0m [1;30mLevel 5[0m set package 'realsense2_camera_msgs' build argument 'cmake_args' from command line to 'None'
[0.279s] [34mcolcon.colcon_core.verb[0m [1;30mLevel 5[0m set package 'realsense2_camera_msgs' build argument 'cmake_target' from command line to 'None'
[0.279s] [34mcolcon.colcon_core.verb[0m [1;30mLevel 5[0m set package 'realsense2_camera_msgs' build argument 'cmake_target_skip_unavailable' from command line to 'False'
[0.279s] [34mcolcon.colcon_core.verb[0m [1;30mLevel 5[0m set package 'realsense2_camera_msgs' build argument 'cmake_clean_cache' from command line to 'False'
[0.279s] [34mcolcon.colcon_core.verb[0m [1;30mLevel 5[0m set package 'realsense2_camera_msgs' build argument 'cmake_clean_first' from command line to 'False'
[0.279s] [34mcolcon.colcon_core.verb[0m [1;30mLevel 5[0m set package 'realsense2_camera_msgs' build argument 'cmake_force_configure' from command line to 'False'
[0.279s] [34mcolcon.colcon_core.verb[0m [1;30mLevel 5[0m set package 'realsense2_camera_msgs' build argument 'ament_cmake_args' from command line to 'None'
[0.279s] [34mcolcon.colcon_core.verb[0m [1;30mLevel 5[0m set package 'realsense2_camera_msgs' build argument 'catkin_cmake_args' from command line to 'None'
[0.279s] [34mcolcon.colcon_core.verb[0m [1;30mLevel 5[0m set package 'realsense2_camera_msgs' build argument 'catkin_skip_building_tests' from command line to 'False'
[0.279s] [34mcolcon.colcon_core.verb[0m [1;30mDEBUG[0m [32mBuilding package 'realsense2_camera_msgs' with the following arguments: {'ament_cmake_args': None, 'build_base': '/home/fra/master_ws_test/build/realsense2_camera_msgs', 'catkin_cmake_args': None, 'catkin_skip_building_tests': False, 'cmake_args': None, 'cmake_clean_cache': False, 'cmake_clean_first': False, 'cmake_force_configure': False, 'cmake_target': None, 'cmake_target_skip_unavailable': False, 'install_base': '/home/fra/master_ws_test/install/realsense2_camera_msgs', 'merge_install': False, 'path': '/home/fra/master_ws_test/src/realsense-ros/realsense2_camera_msgs', 'symlink_install': False, 'test_result_base': None}[0m
[0.280s] [34mcolcon.colcon_core.verb[0m [1;30mLevel 5[0m set package 'six_arm' build argument 'cmake_args' from command line to 'None'
[0.280s] [34mcolcon.colcon_core.verb[0m [1;30mLevel 5[0m set package 'six_arm' build argument 'cmake_target' from command line to 'None'
[0.280s] [34mcolcon.colcon_core.verb[0m [1;30mLevel 5[0m set package 'six_arm' build argument 'cmake_target_skip_unavailable' from command line to 'False'
[0.280s] [34mcolcon.colcon_core.verb[0m [1;30mLevel 5[0m set package 'six_arm' build argument 'cmake_clean_cache' from command line to 'False'
[0.280s] [34mcolcon.colcon_core.verb[0m [1;30mLevel 5[0m set package 'six_arm' build argument 'cmake_clean_first' from command line to 'False'
[0.280s] [34mcolcon.colcon_core.verb[0m [1;30mLevel 5[0m set package 'six_arm' build argument 'cmake_force_configure' from command line to 'False'
[0.280s] [34mcolcon.colcon_core.verb[0m [1;30mLevel 5[0m set package 'six_arm' build argument 'ament_cmake_args' from command line to 'None'
[0.280s] [34mcolcon.colcon_core.verb[0m [1;30mLevel 5[0m set package 'six_arm' build argument 'catkin_cmake_args' from command line to 'None'
[0.280s] [34mcolcon.colcon_core.verb[0m [1;30mLevel 5[0m set package 'six_arm' build argument 'catkin_skip_building_tests' from command line to 'False'
[0.280s] [34mcolcon.colcon_core.verb[0m [1;30mDEBUG[0m [32mBuilding package 'six_arm' with the following arguments: {'ament_cmake_args': None, 'build_base': '/home/fra/master_ws_test/build/six_arm', 'catkin_cmake_args': None, 'catkin_skip_building_tests': False, 'cmake_args': None, 'cmake_clean_cache': False, 'cmake_clean_first': False, 'cmake_force_configure': False, 'cmake_target': None, 'cmake_target_skip_unavailable': False, 'install_base': '/home/fra/master_ws_test/install/six_arm', 'merge_install': False, 'path': '/home/fra/master_ws_test/src/six_arm', 'symlink_install': False, 'test_result_base': None}[0m
[0.280s] [34mcolcon.colcon_core.verb[0m [1;30mLevel 5[0m set package 'realsense2_camera' build argument 'cmake_args' from command line to 'None'
[0.280s] [34mcolcon.colcon_core.verb[0m [1;30mLevel 5[0m set package 'realsense2_camera' build argument 'cmake_target' from command line to 'None'
[0.280s] [34mcolcon.colcon_core.verb[0m [1;30mLevel 5[0m set package 'realsense2_camera' build argument 'cmake_target_skip_unavailable' from command line to 'False'
[0.280s] [34mcolcon.colcon_core.verb[0m [1;30mLevel 5[0m set package 'realsense2_camera' build argument 'cmake_clean_cache' from command line to 'False'
[0.281s] [34mcolcon.colcon_core.verb[0m [1;30mLevel 5[0m set package 'realsense2_camera' build argument 'cmake_clean_first' from command line to 'False'
[0.281s] [34mcolcon.colcon_core.verb[0m [1;30mLevel 5[0m set package 'realsense2_camera' build argument 'cmake_force_configure' from command line to 'False'
[0.281s] [34mcolcon.colcon_core.verb[0m [1;30mLevel 5[0m set package 'realsense2_camera' build argument 'ament_cmake_args' from command line to 'None'
[0.281s] [34mcolcon.colcon_core.verb[0m [1;30mLevel 5[0m set package 'realsense2_camera' build argument 'catkin_cmake_args' from command line to 'None'
[0.281s] [34mcolcon.colcon_core.verb[0m [1;30mLevel 5[0m set package 'realsense2_camera' build argument 'catkin_skip_building_tests' from command line to 'False'
[0.281s] [34mcolcon.colcon_core.verb[0m [1;30mDEBUG[0m [32mBuilding package 'realsense2_camera' with the following arguments: {'ament_cmake_args': None, 'build_base': '/home/fra/master_ws_test/build/realsense2_camera', 'catkin_cmake_args': None, 'catkin_skip_building_tests': False, 'cmake_args': None, 'cmake_clean_cache': False, 'cmake_clean_first': False, 'cmake_force_configure': False, 'cmake_target': None, 'cmake_target_skip_unavailable': False, 'install_base': '/home/fra/master_ws_test/install/realsense2_camera', 'merge_install': False, 'path': '/home/fra/master_ws_test/src/realsense-ros/realsense2_camera', 'symlink_install': False, 'test_result_base': None}[0m
[0.281s] [34mcolcon.colcon_core.verb[0m [1;30mLevel 5[0m set package 'realsense2_description' build argument 'cmake_args' from command line to 'None'
[0.281s] [34mcolcon.colcon_core.verb[0m [1;30mLevel 5[0m set package 'realsense2_description' build argument 'cmake_target' from command line to 'None'
[0.281s] [34mcolcon.colcon_core.verb[0m [1;30mLevel 5[0m set package 'realsense2_description' build argument 'cmake_target_skip_unavailable' from command line to 'False'
[0.281s] [34mcolcon.colcon_core.verb[0m [1;30mLevel 5[0m set package 'realsense2_description' build argument 'cmake_clean_cache' from command line to 'False'
[0.281s] [34mcolcon.colcon_core.verb[0m [1;30mLevel 5[0m set package 'realsense2_description' build argument 'cmake_clean_first' from command line to 'False'
[0.281s] [34mcolcon.colcon_core.verb[0m [1;30mLevel 5[0m set package 'realsense2_description' build argument 'cmake_force_configure' from command line to 'False'
[0.281s] [34mcolcon.colcon_core.verb[0m [1;30mLevel 5[0m set package 'realsense2_description' build argument 'ament_cmake_args' from command line to 'None'
[0.281s] [34mcolcon.colcon_core.verb[0m [1;30mLevel 5[0m set package 'realsense2_description' build argument 'catkin_cmake_args' from command line to 'None'
[0.281s] [34mcolcon.colcon_core.verb[0m [1;30mLevel 5[0m set package 'realsense2_description' build argument 'catkin_skip_building_tests' from command line to 'False'
[0.281s] [34mcolcon.colcon_core.verb[0m [1;30mDEBUG[0m [32mBuilding package 'realsense2_description' with the following arguments: {'ament_cmake_args': None, 'build_base': '/home/fra/master_ws_test/build/realsense2_description', 'catkin_cmake_args': None, 'catkin_skip_building_tests': False, 'cmake_args': None, 'cmake_clean_cache': False, 'cmake_clean_first': False, 'cmake_force_configure': False, 'cmake_target': None, 'cmake_target_skip_unavailable': False, 'install_base': '/home/fra/master_ws_test/install/realsense2_description', 'merge_install': False, 'path': '/home/fra/master_ws_test/src/realsense-ros/realsense2_description', 'symlink_install': False, 'test_result_base': None}[0m
[0.281s] [34mcolcon.colcon_core.executor[0m [1;30mINFO[0m Executing jobs using 'parallel' executor
[0.282s] [34mcolcon.colcon_parallel_executor.executor.parallel[0m [1;30mDEBUG[0m [32mrun_until_complete[0m
[0.283s] [34mcolcon.colcon_ros.task.ament_cmake.build[0m [1;30mINFO[0m Building ROS package in '/home/fra/master_ws_test/src/realsense-ros/realsense2_camera_msgs' with build type 'ament_cmake'
[0.283s] [34mcolcon.colcon_cmake.task.cmake.build[0m [1;30mINFO[0m Building CMake package in '/home/fra/master_ws_test/src/realsense-ros/realsense2_camera_msgs'
[0.285s] [34mcolcon.colcon_core.plugin_system[0m [1;30mINFO[0m Skipping extension 'colcon_core.shell.bat': Not used on non-Windows systems
[0.286s] [34mcolcon.colcon_core.shell[0m [1;30mINFO[0m Skip shell extension 'powershell' for command environment: Not usable outside of PowerShell
[0.286s] [34mcolcon.colcon_core.shell[0m [1;30mDEBUG[0m [32mSkip shell extension 'dsv' for command environment[0m
[0.289s] [34mcolcon.colcon_ros.task.ament_cmake.build[0m [1;30mINFO[0m Building ROS package in '/home/fra/master_ws_test/src/ind_environment' with build type 'ament_cmake'
[0.289s] [34mcolcon.colcon_cmake.task.cmake.build[0m [1;30mINFO[0m Building CMake package in '/home/fra/master_ws_test/src/ind_environment'
[0.290s] [34mcolcon.colcon_core.shell[0m [1;30mINFO[0m Skip shell extension 'powershell' for command environment: Not usable outside of PowerShell
[0.290s] [34mcolcon.colcon_core.shell[0m [1;30mDEBUG[0m [32mSkip shell extension 'dsv' for command environment[0m
[0.293s] [34mcolcon.colcon_ros.task.ament_cmake.build[0m [1;30mINFO[0m Building ROS package in '/home/fra/master_ws_test/src/six_arm' with build type 'ament_cmake'
[0.293s] [34mcolcon.colcon_cmake.task.cmake.build[0m [1;30mINFO[0m Building CMake package in '/home/fra/master_ws_test/src/six_arm'
[0.294s] [34mcolcon.colcon_core.shell[0m [1;30mINFO[0m Skip shell extension 'powershell' for command environment: Not usable outside of PowerShell
[0.294s] [34mcolcon.colcon_core.shell[0m [1;30mDEBUG[0m [32mSkip shell extension 'dsv' for command environment[0m
[0.302s] [34mcolcon.colcon_core.event_handler.log_command[0m [1;30mDEBUG[0m [32mInvoking command in '/home/fra/master_ws_test/build/realsense2_camera_msgs': CMAKE_PREFIX_PATH=${CMAKE_PREFIX_PATH}:/opt/ros/humble /usr/bin/cmake --build /home/fra/master_ws_test/build/realsense2_camera_msgs -- -j12 -l12[0m
[0.307s] [34mcolcon.colcon_core.event_handler.log_command[0m [1;30mDEBUG[0m [32mInvoking command in '/home/fra/master_ws_test/build/ind_environment': CMAKE_PREFIX_PATH=${CMAKE_PREFIX_PATH}:/opt/ros/humble /usr/bin/cmake --build /home/fra/master_ws_test/build/ind_environment -- -j12 -l12[0m
[0.312s] [34mcolcon.colcon_core.event_handler.log_command[0m [1;30mDEBUG[0m [32mInvoking command in '/home/fra/master_ws_test/build/six_arm': CMAKE_PREFIX_PATH=${CMAKE_PREFIX_PATH}:/opt/ros/humble /usr/bin/cmake --build /home/fra/master_ws_test/build/six_arm -- -j12 -l12[0m
[0.366s] [34mcolcon.colcon_core.event_handler.log_command[0m [1;30mDEBUG[0m [32mInvoked command in '/home/fra/master_ws_test/build/ind_environment' returned '0': CMAKE_PREFIX_PATH=${CMAKE_PREFIX_PATH}:/opt/ros/humble /usr/bin/cmake --build /home/fra/master_ws_test/build/ind_environment -- -j12 -l12[0m
[0.378s] [34mcolcon.colcon_core.event_handler.log_command[0m [1;30mDEBUG[0m [32mInvoking command in '/home/fra/master_ws_test/build/ind_environment': CMAKE_PREFIX_PATH=${CMAKE_PREFIX_PATH}:/opt/ros/humble /usr/bin/cmake --install /home/fra/master_ws_test/build/ind_environment[0m
[0.391s] [34mcolcon.colcon_core.environment[0m [1;30mLevel 1[0m create_environment_scripts_only(ind_environment)
[0.392s] [34mcolcon.colcon_core.event_handler.log_command[0m [1;30mDEBUG[0m [32mInvoked command in '/home/fra/master_ws_test/build/ind_environment' returned '0': CMAKE_PREFIX_PATH=${CMAKE_PREFIX_PATH}:/opt/ros/humble /usr/bin/cmake --install /home/fra/master_ws_test/build/ind_environment[0m
[0.399s] [34mcolcon.colcon_core.environment[0m [1;30mLevel 1[0m checking '/home/fra/master_ws_test/install/ind_environment' for CMake module files
[0.400s] [34mcolcon.colcon_core.environment[0m [1;30mLevel 1[0m checking '/home/fra/master_ws_test/install/ind_environment' for CMake config files
[0.401s] [34mcolcon.colcon_core.shell[0m [1;30mLevel 1[0m create_environment_hook('ind_environment', 'cmake_prefix_path')
[0.401s] [34mcolcon.colcon_core.shell[0m [1;30mINFO[0m Creating environment hook '/home/fra/master_ws_test/install/ind_environment/share/ind_environment/hook/cmake_prefix_path.ps1'
[0.402s] [34mcolcon.colcon_core.shell[0m [1;30mINFO[0m Creating environment descriptor '/home/fra/master_ws_test/install/ind_environment/share/ind_environment/hook/cmake_prefix_path.dsv'
[0.403s] [34mcolcon.colcon_core.shell[0m [1;30mINFO[0m Creating environment hook '/home/fra/master_ws_test/install/ind_environment/share/ind_environment/hook/cmake_prefix_path.sh'
[0.405s] [34mcolcon.colcon_core.environment[0m [1;30mLevel 1[0m checking '/home/fra/master_ws_test/install/ind_environment/bin'
[0.405s] [34mcolcon.colcon_core.environment[0m [1;30mLevel 1[0m checking '/home/fra/master_ws_test/install/ind_environment/lib/pkgconfig/ind_environment.pc'
[0.406s] [34mcolcon.colcon_core.environment[0m [1;30mLevel 1[0m checking '/home/fra/master_ws_test/install/ind_environment/lib/python3.10/site-packages'
[0.406s] [34mcolcon.colcon_core.environment[0m [1;30mLevel 1[0m checking '/home/fra/master_ws_test/install/ind_environment/bin'
[0.406s] [34mcolcon.colcon_core.shell[0m [1;30mINFO[0m Creating package script '/home/fra/master_ws_test/install/ind_environment/share/ind_environment/package.ps1'
[0.408s] [34mcolcon.colcon_core.shell[0m [1;30mINFO[0m Creating package descriptor '/home/fra/master_ws_test/install/ind_environment/share/ind_environment/package.dsv'
[0.409s] [34mcolcon.colcon_core.shell[0m [1;30mINFO[0m Creating package script '/home/fra/master_ws_test/install/ind_environment/share/ind_environment/package.sh'
[0.411s] [34mcolcon.colcon_core.shell[0m [1;30mINFO[0m Creating package script '/home/fra/master_ws_test/install/ind_environment/share/ind_environment/package.bash'
[0.413s] [34mcolcon.colcon_core.shell[0m [1;30mINFO[0m Creating package script '/home/fra/master_ws_test/install/ind_environment/share/ind_environment/package.zsh'
[0.414s] [34mcolcon.colcon_core.environment[0m [1;30mLevel 1[0m create_file_with_runtime_dependencies(/home/fra/master_ws_test/install/ind_environment/share/colcon-core/packages/ind_environment)
[0.416s] [34mcolcon.colcon_core.environment[0m [1;30mLevel 1[0m create_environment_scripts_only(ind_environment)
[0.416s] [34mcolcon.colcon_core.environment[0m [1;30mLevel 1[0m checking '/home/fra/master_ws_test/install/ind_environment' for CMake module files
[0.417s] [34mcolcon.colcon_core.environment[0m [1;30mLevel 1[0m checking '/home/fra/master_ws_test/install/ind_environment' for CMake config files
[0.418s] [34mcolcon.colcon_core.shell[0m [1;30mLevel 1[0m create_environment_hook('ind_environment', 'cmake_prefix_path')
[0.418s] [34mcolcon.colcon_core.shell[0m [1;30mINFO[0m Creating environment hook '/home/fra/master_ws_test/install/ind_environment/share/ind_environment/hook/cmake_prefix_path.ps1'
[0.419s] [34mcolcon.colcon_core.shell[0m [1;30mINFO[0m Creating environment descriptor '/home/fra/master_ws_test/install/ind_environment/share/ind_environment/hook/cmake_prefix_path.dsv'
[0.420s] [34mcolcon.colcon_core.shell[0m [1;30mINFO[0m Creating environment hook '/home/fra/master_ws_test/install/ind_environment/share/ind_environment/hook/cmake_prefix_path.sh'
[0.421s] [34mcolcon.colcon_core.environment[0m [1;30mLevel 1[0m checking '/home/fra/master_ws_test/install/ind_environment/bin'
[0.421s] [34mcolcon.colcon_core.environment[0m [1;30mLevel 1[0m checking '/home/fra/master_ws_test/install/ind_environment/lib/pkgconfig/ind_environment.pc'
[0.421s] [34mcolcon.colcon_core.environment[0m [1;30mLevel 1[0m checking '/home/fra/master_ws_test/install/ind_environment/lib/python3.10/site-packages'
[0.422s] [34mcolcon.colcon_core.environment[0m [1;30mLevel 1[0m checking '/home/fra/master_ws_test/install/ind_environment/bin'
[0.423s] [34mcolcon.colcon_core.shell[0m [1;30mINFO[0m Creating package script '/home/fra/master_ws_test/install/ind_environment/share/ind_environment/package.ps1'
[0.424s] [34mcolcon.colcon_core.shell[0m [1;30mINFO[0m Creating package descriptor '/home/fra/master_ws_test/install/ind_environment/share/ind_environment/package.dsv'
[0.424s] [34mcolcon.colcon_core.shell[0m [1;30mINFO[0m Creating package script '/home/fra/master_ws_test/install/ind_environment/share/ind_environment/package.sh'
[0.425s] [34mcolcon.colcon_core.shell[0m [1;30mINFO[0m Creating package script '/home/fra/master_ws_test/install/ind_environment/share/ind_environment/package.bash'
[0.425s] [34mcolcon.colcon_core.shell[0m [1;30mINFO[0m Creating package script '/home/fra/master_ws_test/install/ind_environment/share/ind_environment/package.zsh'
[0.426s] [34mcolcon.colcon_core.environment[0m [1;30mLevel 1[0m create_file_with_runtime_dependencies(/home/fra/master_ws_test/install/ind_environment/share/colcon-core/packages/ind_environment)
[0.428s] [34mcolcon.colcon_core.event_handler.log_command[0m [1;30mDEBUG[0m [32mInvoked command in '/home/fra/master_ws_test/build/six_arm' returned '0': CMAKE_PREFIX_PATH=${CMAKE_PREFIX_PATH}:/opt/ros/humble /usr/bin/cmake --build /home/fra/master_ws_test/build/six_arm -- -j12 -l12[0m
[0.430s] [34mcolcon.colcon_core.event_handler.log_command[0m [1;30mDEBUG[0m [32mInvoking command in '/home/fra/master_ws_test/build/six_arm': CMAKE_PREFIX_PATH=${CMAKE_PREFIX_PATH}:/opt/ros/humble /usr/bin/cmake --install /home/fra/master_ws_test/build/six_arm[0m
[0.444s] [34mcolcon.colcon_core.environment[0m [1;30mLevel 1[0m create_environment_scripts_only(six_arm)
[0.445s] [34mcolcon.colcon_core.environment[0m [1;30mLevel 1[0m checking '/home/fra/master_ws_test/install/six_arm' for CMake module files
[0.445s] [34mcolcon.colcon_core.event_handler.log_command[0m [1;30mDEBUG[0m [32mInvoked command in '/home/fra/master_ws_test/build/six_arm' returned '0': CMAKE_PREFIX_PATH=${CMAKE_PREFIX_PATH}:/opt/ros/humble /usr/bin/cmake --install /home/fra/master_ws_test/build/six_arm[0m
[0.446s] [34mcolcon.colcon_core.environment[0m [1;30mLevel 1[0m checking '/home/fra/master_ws_test/install/six_arm' for CMake config files
[0.446s] [34mcolcon.colcon_core.shell[0m [1;30mLevel 1[0m create_environment_hook('six_arm', 'cmake_prefix_path')
[0.447s] [34mcolcon.colcon_core.shell[0m [1;30mINFO[0m Creating environment hook '/home/fra/master_ws_test/install/six_arm/share/six_arm/hook/cmake_prefix_path.ps1'
[0.447s] [34mcolcon.colcon_core.shell[0m [1;30mINFO[0m Creating environment descriptor '/home/fra/master_ws_test/install/six_arm/share/six_arm/hook/cmake_prefix_path.dsv'
[0.448s] [34mcolcon.colcon_core.shell[0m [1;30mINFO[0m Creating environment hook '/home/fra/master_ws_test/install/six_arm/share/six_arm/hook/cmake_prefix_path.sh'
[0.449s] [34mcolcon.colcon_core.environment[0m [1;30mLevel 1[0m checking '/home/fra/master_ws_test/install/six_arm/lib'
[0.449s] [34mcolcon.colcon_core.environment[0m [1;30mLevel 1[0m checking '/home/fra/master_ws_test/install/six_arm/bin'
[0.449s] [34mcolcon.colcon_core.environment[0m [1;30mLevel 1[0m checking '/home/fra/master_ws_test/install/six_arm/lib/pkgconfig/six_arm.pc'
[0.449s] [34mcolcon.colcon_core.environment[0m [1;30mLevel 1[0m checking '/home/fra/master_ws_test/install/six_arm/lib/python3.10/site-packages'
[0.449s] [34mcolcon.colcon_core.environment[0m [1;30mLevel 1[0m checking '/home/fra/master_ws_test/install/six_arm/bin'
[0.450s] [34mcolcon.colcon_core.shell[0m [1;30mINFO[0m Creating package script '/home/fra/master_ws_test/install/six_arm/share/six_arm/package.ps1'
[0.450s] [34mcolcon.colcon_core.shell[0m [1;30mINFO[0m Creating package descriptor '/home/fra/master_ws_test/install/six_arm/share/six_arm/package.dsv'
[0.451s] [34mcolcon.colcon_core.shell[0m [1;30mINFO[0m Creating package script '/home/fra/master_ws_test/install/six_arm/share/six_arm/package.sh'
[0.451s] [34mcolcon.colcon_core.shell[0m [1;30mINFO[0m Creating package script '/home/fra/master_ws_test/install/six_arm/share/six_arm/package.bash'
[0.452s] [34mcolcon.colcon_core.shell[0m [1;30mINFO[0m Creating package script '/home/fra/master_ws_test/install/six_arm/share/six_arm/package.zsh'
[0.452s] [34mcolcon.colcon_core.environment[0m [1;30mLevel 1[0m create_file_with_runtime_dependencies(/home/fra/master_ws_test/install/six_arm/share/colcon-core/packages/six_arm)
[0.452s] [34mcolcon.colcon_core.environment[0m [1;30mLevel 1[0m create_environment_scripts_only(six_arm)
[0.453s] [34mcolcon.colcon_core.environment[0m [1;30mLevel 1[0m checking '/home/fra/master_ws_test/install/six_arm' for CMake module files
[0.453s] [34mcolcon.colcon_core.environment[0m [1;30mLevel 1[0m checking '/home/fra/master_ws_test/install/six_arm' for CMake config files
[0.454s] [34mcolcon.colcon_core.shell[0m [1;30mLevel 1[0m create_environment_hook('six_arm', 'cmake_prefix_path')
[0.454s] [34mcolcon.colcon_core.shell[0m [1;30mINFO[0m Creating environment hook '/home/fra/master_ws_test/install/six_arm/share/six_arm/hook/cmake_prefix_path.ps1'
[0.454s] [34mcolcon.colcon_core.shell[0m [1;30mINFO[0m Creating environment descriptor '/home/fra/master_ws_test/install/six_arm/share/six_arm/hook/cmake_prefix_path.dsv'
[0.455s] [34mcolcon.colcon_core.shell[0m [1;30mINFO[0m Creating environment hook '/home/fra/master_ws_test/install/six_arm/share/six_arm/hook/cmake_prefix_path.sh'
[0.455s] [34mcolcon.colcon_core.environment[0m [1;30mLevel 1[0m checking '/home/fra/master_ws_test/install/six_arm/lib'
[0.455s] [34mcolcon.colcon_core.environment[0m [1;30mLevel 1[0m checking '/home/fra/master_ws_test/install/six_arm/bin'
[0.455s] [34mcolcon.colcon_core.environment[0m [1;30mLevel 1[0m checking '/home/fra/master_ws_test/install/six_arm/lib/pkgconfig/six_arm.pc'
[0.456s] [34mcolcon.colcon_core.environment[0m [1;30mLevel 1[0m checking '/home/fra/master_ws_test/install/six_arm/lib/python3.10/site-packages'
[0.456s] [34mcolcon.colcon_core.environment[0m [1;30mLevel 1[0m checking '/home/fra/master_ws_test/install/six_arm/bin'
[0.456s] [34mcolcon.colcon_core.shell[0m [1;30mINFO[0m Creating package script '/home/fra/master_ws_test/install/six_arm/share/six_arm/package.ps1'
[0.457s] [34mcolcon.colcon_core.shell[0m [1;30mINFO[0m Creating package descriptor '/home/fra/master_ws_test/install/six_arm/share/six_arm/package.dsv'
[0.457s] [34mcolcon.colcon_core.shell[0m [1;30mINFO[0m Creating package script '/home/fra/master_ws_test/install/six_arm/share/six_arm/package.sh'
[0.458s] [34mcolcon.colcon_core.shell[0m [1;30mINFO[0m Creating package script '/home/fra/master_ws_test/install/six_arm/share/six_arm/package.bash'
[0.458s] [34mcolcon.colcon_core.shell[0m [1;30mINFO[0m Creating package script '/home/fra/master_ws_test/install/six_arm/share/six_arm/package.zsh'
[0.459s] [34mcolcon.colcon_core.environment[0m [1;30mLevel 1[0m create_file_with_runtime_dependencies(/home/fra/master_ws_test/install/six_arm/share/colcon-core/packages/six_arm)
[0.773s] [34mcolcon.colcon_core.event_handler.log_command[0m [1;30mDEBUG[0m [32mInvoked command in '/home/fra/master_ws_test/build/realsense2_camera_msgs' returned '0': CMAKE_PREFIX_PATH=${CMAKE_PREFIX_PATH}:/opt/ros/humble /usr/bin/cmake --build /home/fra/master_ws_test/build/realsense2_camera_msgs -- -j12 -l12[0m
[0.775s] [34mcolcon.colcon_core.event_handler.log_command[0m [1;30mDEBUG[0m [32mInvoking command in '/home/fra/master_ws_test/build/realsense2_camera_msgs': CMAKE_PREFIX_PATH=${CMAKE_PREFIX_PATH}:/opt/ros/humble /usr/bin/cmake --install /home/fra/master_ws_test/build/realsense2_camera_msgs[0m
[0.841s] [34mcolcon.colcon_core.environment[0m [1;30mLevel 1[0m create_environment_scripts_only(realsense2_camera_msgs)
[0.841s] [34mcolcon.colcon_core.environment[0m [1;30mLevel 1[0m checking '/home/fra/master_ws_test/install/realsense2_camera_msgs' for CMake module files
[0.842s] [34mcolcon.colcon_core.event_handler.log_command[0m [1;30mDEBUG[0m [32mInvoked command in '/home/fra/master_ws_test/build/realsense2_camera_msgs' returned '0': CMAKE_PREFIX_PATH=${CMAKE_PREFIX_PATH}:/opt/ros/humble /usr/bin/cmake --install /home/fra/master_ws_test/build/realsense2_camera_msgs[0m
[0.842s] [34mcolcon.colcon_core.environment[0m [1;30mLevel 1[0m checking '/home/fra/master_ws_test/install/realsense2_camera_msgs' for CMake config files
[0.843s] [34mcolcon.colcon_core.shell[0m [1;30mLevel 1[0m create_environment_hook('realsense2_camera_msgs', 'cmake_prefix_path')
[0.843s] [34mcolcon.colcon_core.shell[0m [1;30mINFO[0m Creating environment hook '/home/fra/master_ws_test/install/realsense2_camera_msgs/share/realsense2_camera_msgs/hook/cmake_prefix_path.ps1'
[0.843s] [34mcolcon.colcon_core.shell[0m [1;30mINFO[0m Creating environment descriptor '/home/fra/master_ws_test/install/realsense2_camera_msgs/share/realsense2_camera_msgs/hook/cmake_prefix_path.dsv'
[0.844s] [34mcolcon.colcon_core.shell[0m [1;30mINFO[0m Creating environment hook '/home/fra/master_ws_test/install/realsense2_camera_msgs/share/realsense2_camera_msgs/hook/cmake_prefix_path.sh'
[0.844s] [34mcolcon.colcon_core.environment[0m [1;30mLevel 1[0m checking '/home/fra/master_ws_test/install/realsense2_camera_msgs/lib'
[0.844s] [34mcolcon.colcon_core.shell[0m [1;30mLevel 1[0m create_environment_hook('realsense2_camera_msgs', 'ld_library_path_lib')
[0.844s] [34mcolcon.colcon_core.shell[0m [1;30mINFO[0m Creating environment hook '/home/fra/master_ws_test/install/realsense2_camera_msgs/share/realsense2_camera_msgs/hook/ld_library_path_lib.ps1'
[0.845s] [34mcolcon.colcon_core.shell[0m [1;30mINFO[0m Creating environment descriptor '/home/fra/master_ws_test/install/realsense2_camera_msgs/share/realsense2_camera_msgs/hook/ld_library_path_lib.dsv'
[0.845s] [34mcolcon.colcon_core.shell[0m [1;30mINFO[0m Creating environment hook '/home/fra/master_ws_test/install/realsense2_camera_msgs/share/realsense2_camera_msgs/hook/ld_library_path_lib.sh'
[0.845s] [34mcolcon.colcon_core.environment[0m [1;30mLevel 1[0m checking '/home/fra/master_ws_test/install/realsense2_camera_msgs/bin'
[0.845s] [34mcolcon.colcon_core.environment[0m [1;30mLevel 1[0m checking '/home/fra/master_ws_test/install/realsense2_camera_msgs/lib/pkgconfig/realsense2_camera_msgs.pc'
[0.846s] [34mcolcon.colcon_core.environment[0m [1;30mLevel 1[0m checking '/home/fra/master_ws_test/install/realsense2_camera_msgs/lib/python3.10/site-packages'
[0.846s] [34mcolcon.colcon_core.environment[0m [1;30mLevel 1[0m checking '/home/fra/master_ws_test/install/realsense2_camera_msgs/bin'
[0.846s] [34mcolcon.colcon_core.shell[0m [1;30mINFO[0m Creating package script '/home/fra/master_ws_test/install/realsense2_camera_msgs/share/realsense2_camera_msgs/package.ps1'
[0.847s] [34mcolcon.colcon_core.shell[0m [1;30mINFO[0m Creating package descriptor '/home/fra/master_ws_test/install/realsense2_camera_msgs/share/realsense2_camera_msgs/package.dsv'
[0.847s] [34mcolcon.colcon_core.shell[0m [1;30mINFO[0m Creating package script '/home/fra/master_ws_test/install/realsense2_camera_msgs/share/realsense2_camera_msgs/package.sh'
[0.848s] [34mcolcon.colcon_core.shell[0m [1;30mINFO[0m Creating package script '/home/fra/master_ws_test/install/realsense2_camera_msgs/share/realsense2_camera_msgs/package.bash'
[0.848s] [34mcolcon.colcon_core.shell[0m [1;30mINFO[0m Creating package script '/home/fra/master_ws_test/install/realsense2_camera_msgs/share/realsense2_camera_msgs/package.zsh'
[0.848s] [34mcolcon.colcon_core.environment[0m [1;30mLevel 1[0m create_file_with_runtime_dependencies(/home/fra/master_ws_test/install/realsense2_camera_msgs/share/colcon-core/packages/realsense2_camera_msgs)
[0.849s] [34mcolcon.colcon_core.environment[0m [1;30mLevel 1[0m create_environment_scripts_only(realsense2_camera_msgs)
[0.849s] [34mcolcon.colcon_core.environment[0m [1;30mLevel 1[0m checking '/home/fra/master_ws_test/install/realsense2_camera_msgs' for CMake module files
[0.850s] [34mcolcon.colcon_core.environment[0m [1;30mLevel 1[0m checking '/home/fra/master_ws_test/install/realsense2_camera_msgs' for CMake config files
[0.850s] [34mcolcon.colcon_core.shell[0m [1;30mLevel 1[0m create_environment_hook('realsense2_camera_msgs', 'cmake_prefix_path')
[0.850s] [34mcolcon.colcon_core.shell[0m [1;30mINFO[0m Creating environment hook '/home/fra/master_ws_test/install/realsense2_camera_msgs/share/realsense2_camera_msgs/hook/cmake_prefix_path.ps1'
[0.850s] [34mcolcon.colcon_core.shell[0m [1;30mINFO[0m Creating environment descriptor '/home/fra/master_ws_test/install/realsense2_camera_msgs/share/realsense2_camera_msgs/hook/cmake_prefix_path.dsv'
[0.851s] [34mcolcon.colcon_core.shell[0m [1;30mINFO[0m Creating environment hook '/home/fra/master_ws_test/install/realsense2_camera_msgs/share/realsense2_camera_msgs/hook/cmake_prefix_path.sh'
[0.851s] [34mcolcon.colcon_core.environment[0m [1;30mLevel 1[0m checking '/home/fra/master_ws_test/install/realsense2_camera_msgs/lib'
[0.851s] [34mcolcon.colcon_core.shell[0m [1;30mLevel 1[0m create_environment_hook('realsense2_camera_msgs', 'ld_library_path_lib')
[0.851s] [34mcolcon.colcon_core.shell[0m [1;30mINFO[0m Creating environment hook '/home/fra/master_ws_test/install/realsense2_camera_msgs/share/realsense2_camera_msgs/hook/ld_library_path_lib.ps1'
[0.852s] [34mcolcon.colcon_core.shell[0m [1;30mINFO[0m Creating environment descriptor '/home/fra/master_ws_test/install/realsense2_camera_msgs/share/realsense2_camera_msgs/hook/ld_library_path_lib.dsv'
[0.852s] [34mcolcon.colcon_core.shell[0m [1;30mINFO[0m Creating environment hook '/home/fra/master_ws_test/install/realsense2_camera_msgs/share/realsense2_camera_msgs/hook/ld_library_path_lib.sh'
[0.852s] [34mcolcon.colcon_core.environment[0m [1;30mLevel 1[0m checking '/home/fra/master_ws_test/install/realsense2_camera_msgs/bin'
[0.853s] [34mcolcon.colcon_core.environment[0m [1;30mLevel 1[0m checking '/home/fra/master_ws_test/install/realsense2_camera_msgs/lib/pkgconfig/realsense2_camera_msgs.pc'
[0.853s] [34mcolcon.colcon_core.environment[0m [1;30mLevel 1[0m checking '/home/fra/master_ws_test/install/realsense2_camera_msgs/lib/python3.10/site-packages'
[0.853s] [34mcolcon.colcon_core.environment[0m [1;30mLevel 1[0m checking '/home/fra/master_ws_test/install/realsense2_camera_msgs/bin'
[0.853s] [34mcolcon.colcon_core.shell[0m [1;30mINFO[0m Creating package script '/home/fra/master_ws_test/install/realsense2_camera_msgs/share/realsense2_camera_msgs/package.ps1'
[0.854s] [34mcolcon.colcon_core.shell[0m [1;30mINFO[0m Creating package descriptor '/home/fra/master_ws_test/install/realsense2_camera_msgs/share/realsense2_camera_msgs/package.dsv'
[0.854s] [34mcolcon.colcon_core.shell[0m [1;30mINFO[0m Creating package script '/home/fra/master_ws_test/install/realsense2_camera_msgs/share/realsense2_camera_msgs/package.sh'
[0.855s] [34mcolcon.colcon_core.shell[0m [1;30mINFO[0m Creating package script '/home/fra/master_ws_test/install/realsense2_camera_msgs/share/realsense2_camera_msgs/package.bash'
[0.855s] [34mcolcon.colcon_core.shell[0m [1;30mINFO[0m Creating package script '/home/fra/master_ws_test/install/realsense2_camera_msgs/share/realsense2_camera_msgs/package.zsh'
[0.855s] [34mcolcon.colcon_core.environment[0m [1;30mLevel 1[0m create_file_with_runtime_dependencies(/home/fra/master_ws_test/install/realsense2_camera_msgs/share/colcon-core/packages/realsense2_camera_msgs)
[0.856s] [34mcolcon.colcon_ros.task.ament_cmake.build[0m [1;30mINFO[0m Building ROS package in '/home/fra/master_ws_test/src/realsense-ros/realsense2_camera' with build type 'ament_cmake'
[0.856s] [34mcolcon.colcon_cmake.task.cmake.build[0m [1;30mINFO[0m Building CMake package in '/home/fra/master_ws_test/src/realsense-ros/realsense2_camera'
[0.856s] [34mcolcon.colcon_core.shell[0m [1;30mINFO[0m Skip shell extension 'powershell' for command environment: Not usable outside of PowerShell
[0.856s] [34mcolcon.colcon_core.shell[0m [1;30mDEBUG[0m [32mSkip shell extension 'dsv' for command environment[0m
[0.860s] [34mcolcon.colcon_ros.task.ament_cmake.build[0m [1;30mINFO[0m Building ROS package in '/home/fra/master_ws_test/src/realsense-ros/realsense2_description' with build type 'ament_cmake'
[0.860s] [34mcolcon.colcon_cmake.task.cmake.build[0m [1;30mINFO[0m Building CMake package in '/home/fra/master_ws_test/src/realsense-ros/realsense2_description'
[0.860s] [34mcolcon.colcon_core.shell[0m [1;30mINFO[0m Skip shell extension 'powershell' for command environment: Not usable outside of PowerShell
[0.860s] [34mcolcon.colcon_core.shell[0m [1;30mDEBUG[0m [32mSkip shell extension 'dsv' for command environment[0m
[0.869s] [34mcolcon.colcon_core.event_handler.log_command[0m [1;30mDEBUG[0m [32mInvoking command in '/home/fra/master_ws_test/build/realsense2_camera': CMAKE_PREFIX_PATH=/home/fra/master_ws_test/install/realsense2_camera_msgs:/home/fra/master_ws_test/install/six_arm:/home/fra/master_ws_test/install/realsense2_description:/home/fra/master_ws_test/install/realsense2_camera:/home/fra/master_ws_test/install/ind_environment:/opt/ros/humble LD_LIBRARY_PATH=/home/fra/master_ws_test/install/realsense2_camera_msgs/lib:/home/fra/master_ws_test/install/realsense2_camera/lib:/usr/lib/x86_64-linux-gnu/gazebo-11/plugins:/opt/ros/humble/opt/rviz_ogre_vendor/lib:/opt/ros/humble/lib/x86_64-linux-gnu:/opt/ros/humble/lib /usr/bin/cmake --build /home/fra/master_ws_test/build/realsense2_camera -- -j12 -l12[0m
[0.871s] [34mcolcon.colcon_core.event_handler.log_command[0m [1;30mDEBUG[0m [32mInvoking command in '/home/fra/master_ws_test/build/realsense2_description': CMAKE_PREFIX_PATH=/home/fra/master_ws_test/install/realsense2_camera_msgs:/home/fra/master_ws_test/install/six_arm:/home/fra/master_ws_test/install/realsense2_description:/home/fra/master_ws_test/install/realsense2_camera:/home/fra/master_ws_test/install/ind_environment:/opt/ros/humble LD_LIBRARY_PATH=/home/fra/master_ws_test/install/realsense2_camera_msgs/lib:/home/fra/master_ws_test/install/realsense2_camera/lib:/usr/lib/x86_64-linux-gnu/gazebo-11/plugins:/opt/ros/humble/opt/rviz_ogre_vendor/lib:/opt/ros/humble/lib/x86_64-linux-gnu:/opt/ros/humble/lib /usr/bin/cmake --build /home/fra/master_ws_test/build/realsense2_description -- -j12 -l12[0m
[0.909s] [34mcolcon.colcon_core.event_handler.log_command[0m [1;30mDEBUG[0m [32mInvoked command in '/home/fra/master_ws_test/build/realsense2_description' returned '0': CMAKE_PREFIX_PATH=/home/fra/master_ws_test/install/realsense2_camera_msgs:/home/fra/master_ws_test/install/six_arm:/home/fra/master_ws_test/install/realsense2_description:/home/fra/master_ws_test/install/realsense2_camera:/home/fra/master_ws_test/install/ind_environment:/opt/ros/humble LD_LIBRARY_PATH=/home/fra/master_ws_test/install/realsense2_camera_msgs/lib:/home/fra/master_ws_test/install/realsense2_camera/lib:/usr/lib/x86_64-linux-gnu/gazebo-11/plugins:/opt/ros/humble/opt/rviz_ogre_vendor/lib:/opt/ros/humble/lib/x86_64-linux-gnu:/opt/ros/humble/lib /usr/bin/cmake --build /home/fra/master_ws_test/build/realsense2_description -- -j12 -l12[0m
[0.911s] [34mcolcon.colcon_core.event_handler.log_command[0m [1;30mDEBUG[0m [32mInvoking command in '/home/fra/master_ws_test/build/realsense2_description': CMAKE_PREFIX_PATH=/home/fra/master_ws_test/install/realsense2_camera_msgs:/home/fra/master_ws_test/install/six_arm:/home/fra/master_ws_test/install/realsense2_description:/home/fra/master_ws_test/install/realsense2_camera:/home/fra/master_ws_test/install/ind_environment:/opt/ros/humble LD_LIBRARY_PATH=/home/fra/master_ws_test/install/realsense2_camera_msgs/lib:/home/fra/master_ws_test/install/realsense2_camera/lib:/usr/lib/x86_64-linux-gnu/gazebo-11/plugins:/opt/ros/humble/opt/rviz_ogre_vendor/lib:/opt/ros/humble/lib/x86_64-linux-gnu:/opt/ros/humble/lib /usr/bin/cmake --install /home/fra/master_ws_test/build/realsense2_description[0m
[0.925s] [34mcolcon.colcon_core.environment[0m [1;30mLevel 1[0m create_environment_scripts_only(realsense2_description)
[0.925s] [34mcolcon.colcon_core.environment[0m [1;30mLevel 1[0m checking '/home/fra/master_ws_test/install/realsense2_description' for CMake module files
[0.926s] [34mcolcon.colcon_core.event_handler.log_command[0m [1;30mDEBUG[0m [32mInvoked command in '/home/fra/master_ws_test/build/realsense2_description' returned '0': CMAKE_PREFIX_PATH=/home/fra/master_ws_test/install/realsense2_camera_msgs:/home/fra/master_ws_test/install/six_arm:/home/fra/master_ws_test/install/realsense2_description:/home/fra/master_ws_test/install/realsense2_camera:/home/fra/master_ws_test/install/ind_environment:/opt/ros/humble LD_LIBRARY_PATH=/home/fra/master_ws_test/install/realsense2_camera_msgs/lib:/home/fra/master_ws_test/install/realsense2_camera/lib:/usr/lib/x86_64-linux-gnu/gazebo-11/plugins:/opt/ros/humble/opt/rviz_ogre_vendor/lib:/opt/ros/humble/lib/x86_64-linux-gnu:/opt/ros/humble/lib /usr/bin/cmake --install /home/fra/master_ws_test/build/realsense2_description[0m
[0.927s] [34mcolcon.colcon_core.environment[0m [1;30mLevel 1[0m checking '/home/fra/master_ws_test/install/realsense2_description' for CMake config files
[0.927s] [34mcolcon.colcon_core.shell[0m [1;30mLevel 1[0m create_environment_hook('realsense2_description', 'cmake_prefix_path')
[0.928s] [34mcolcon.colcon_core.shell[0m [1;30mINFO[0m Creating environment hook '/home/fra/master_ws_test/install/realsense2_description/share/realsense2_description/hook/cmake_prefix_path.ps1'
[0.929s] [34mcolcon.colcon_core.shell[0m [1;30mINFO[0m Creating environment descriptor '/home/fra/master_ws_test/install/realsense2_description/share/realsense2_description/hook/cmake_prefix_path.dsv'
[0.929s] [34mcolcon.colcon_core.shell[0m [1;30mINFO[0m Creating environment hook '/home/fra/master_ws_test/install/realsense2_description/share/realsense2_description/hook/cmake_prefix_path.sh'
[0.930s] [34mcolcon.colcon_core.environment[0m [1;30mLevel 1[0m checking '/home/fra/master_ws_test/install/realsense2_description/bin'
[0.930s] [34mcolcon.colcon_core.environment[0m [1;30mLevel 1[0m checking '/home/fra/master_ws_test/install/realsense2_description/lib/pkgconfig/realsense2_description.pc'
[0.931s] [34mcolcon.colcon_core.environment[0m [1;30mLevel 1[0m checking '/home/fra/master_ws_test/install/realsense2_description/lib/python3.10/site-packages'
[0.931s] [34mcolcon.colcon_core.environment[0m [1;30mLevel 1[0m checking '/home/fra/master_ws_test/install/realsense2_description/bin'
[0.932s] [34mcolcon.colcon_core.shell[0m [1;30mINFO[0m Creating package script '/home/fra/master_ws_test/install/realsense2_description/share/realsense2_description/package.ps1'
[0.933s] [34mcolcon.colcon_core.shell[0m [1;30mINFO[0m Creating package descriptor '/home/fra/master_ws_test/install/realsense2_description/share/realsense2_description/package.dsv'
[0.934s] [34mcolcon.colcon_core.shell[0m [1;30mINFO[0m Creating package script '/home/fra/master_ws_test/install/realsense2_description/share/realsense2_description/package.sh'
[0.934s] [34mcolcon.colcon_core.shell[0m [1;30mINFO[0m Creating package script '/home/fra/master_ws_test/install/realsense2_description/share/realsense2_description/package.bash'
[0.935s] [34mcolcon.colcon_core.shell[0m [1;30mINFO[0m Creating package script '/home/fra/master_ws_test/install/realsense2_description/share/realsense2_description/package.zsh'
[0.935s] [34mcolcon.colcon_core.environment[0m [1;30mLevel 1[0m create_file_with_runtime_dependencies(/home/fra/master_ws_test/install/realsense2_description/share/colcon-core/packages/realsense2_description)
[0.936s] [34mcolcon.colcon_core.environment[0m [1;30mLevel 1[0m create_environment_scripts_only(realsense2_description)
[0.936s] [34mcolcon.colcon_core.environment[0m [1;30mLevel 1[0m checking '/home/fra/master_ws_test/install/realsense2_description' for CMake module files
[0.936s] [34mcolcon.colcon_core.environment[0m [1;30mLevel 1[0m checking '/home/fra/master_ws_test/install/realsense2_description' for CMake config files
[0.937s] [34mcolcon.colcon_core.shell[0m [1;30mLevel 1[0m create_environment_hook('realsense2_description', 'cmake_prefix_path')
[0.937s] [34mcolcon.colcon_core.shell[0m [1;30mINFO[0m Creating environment hook '/home/fra/master_ws_test/install/realsense2_description/share/realsense2_description/hook/cmake_prefix_path.ps1'
[0.938s] [34mcolcon.colcon_core.shell[0m [1;30mINFO[0m Creating environment descriptor '/home/fra/master_ws_test/install/realsense2_description/share/realsense2_description/hook/cmake_prefix_path.dsv'
[0.938s] [34mcolcon.colcon_core.shell[0m [1;30mINFO[0m Creating environment hook '/home/fra/master_ws_test/install/realsense2_description/share/realsense2_description/hook/cmake_prefix_path.sh'
[0.939s] [34mcolcon.colcon_core.environment[0m [1;30mLevel 1[0m checking '/home/fra/master_ws_test/install/realsense2_description/bin'
[0.939s] [34mcolcon.colcon_core.environment[0m [1;30mLevel 1[0m checking '/home/fra/master_ws_test/install/realsense2_description/lib/pkgconfig/realsense2_description.pc'
[0.939s] [34mcolcon.colcon_core.environment[0m [1;30mLevel 1[0m checking '/home/fra/master_ws_test/install/realsense2_description/lib/python3.10/site-packages'
[0.939s] [34mcolcon.colcon_core.environment[0m [1;30mLevel 1[0m checking '/home/fra/master_ws_test/install/realsense2_description/bin'
[0.940s] [34mcolcon.colcon_core.shell[0m [1;30mINFO[0m Creating package script '/home/fra/master_ws_test/install/realsense2_description/share/realsense2_description/package.ps1'
[0.940s] [34mcolcon.colcon_core.shell[0m [1;30mINFO[0m Creating package descriptor '/home/fra/master_ws_test/install/realsense2_description/share/realsense2_description/package.dsv'
[0.940s] [34mcolcon.colcon_core.shell[0m [1;30mINFO[0m Creating package script '/home/fra/master_ws_test/install/realsense2_description/share/realsense2_description/package.sh'
[0.941s] [34mcolcon.colcon_core.shell[0m [1;30mINFO[0m Creating package script '/home/fra/master_ws_test/install/realsense2_description/share/realsense2_description/package.bash'
[0.941s] [34mcolcon.colcon_core.shell[0m [1;30mINFO[0m Creating package script '/home/fra/master_ws_test/install/realsense2_description/share/realsense2_description/package.zsh'
[0.942s] [34mcolcon.colcon_core.environment[0m [1;30mLevel 1[0m create_file_with_runtime_dependencies(/home/fra/master_ws_test/install/realsense2_description/share/colcon-core/packages/realsense2_description)
[0.971s] [34mcolcon.colcon_core.event_handler.log_command[0m [1;30mDEBUG[0m [32mInvoked command in '/home/fra/master_ws_test/build/realsense2_camera' returned '0': CMAKE_PREFIX_PATH=/home/fra/master_ws_test/install/realsense2_camera_msgs:/home/fra/master_ws_test/install/six_arm:/home/fra/master_ws_test/install/realsense2_description:/home/fra/master_ws_test/install/realsense2_camera:/home/fra/master_ws_test/install/ind_environment:/opt/ros/humble LD_LIBRARY_PATH=/home/fra/master_ws_test/install/realsense2_camera_msgs/lib:/home/fra/master_ws_test/install/realsense2_camera/lib:/usr/lib/x86_64-linux-gnu/gazebo-11/plugins:/opt/ros/humble/opt/rviz_ogre_vendor/lib:/opt/ros/humble/lib/x86_64-linux-gnu:/opt/ros/humble/lib /usr/bin/cmake --build /home/fra/master_ws_test/build/realsense2_camera -- -j12 -l12[0m
[0.973s] [34mcolcon.colcon_core.event_handler.log_command[0m [1;30mDEBUG[0m [32mInvoking command in '/home/fra/master_ws_test/build/realsense2_camera': CMAKE_PREFIX_PATH=/home/fra/master_ws_test/install/realsense2_camera_msgs:/home/fra/master_ws_test/install/six_arm:/home/fra/master_ws_test/install/realsense2_description:/home/fra/master_ws_test/install/realsense2_camera:/home/fra/master_ws_test/install/ind_environment:/opt/ros/humble LD_LIBRARY_PATH=/home/fra/master_ws_test/install/realsense2_camera_msgs/lib:/home/fra/master_ws_test/install/realsense2_camera/lib:/usr/lib/x86_64-linux-gnu/gazebo-11/plugins:/opt/ros/humble/opt/rviz_ogre_vendor/lib:/opt/ros/humble/lib/x86_64-linux-gnu:/opt/ros/humble/lib /usr/bin/cmake --install /home/fra/master_ws_test/build/realsense2_camera[0m
[0.988s] [34mcolcon.colcon_core.environment[0m [1;30mLevel 1[0m create_environment_scripts_only(realsense2_camera)
[0.988s] [34mcolcon.colcon_core.environment[0m [1;30mLevel 1[0m checking '/home/fra/master_ws_test/install/realsense2_camera' for CMake module files
[0.989s] [34mcolcon.colcon_core.event_handler.log_command[0m [1;30mDEBUG[0m [32mInvoked command in '/home/fra/master_ws_test/build/realsense2_camera' returned '0': CMAKE_PREFIX_PATH=/home/fra/master_ws_test/install/realsense2_camera_msgs:/home/fra/master_ws_test/install/six_arm:/home/fra/master_ws_test/install/realsense2_description:/home/fra/master_ws_test/install/realsense2_camera:/home/fra/master_ws_test/install/ind_environment:/opt/ros/humble LD_LIBRARY_PATH=/home/fra/master_ws_test/install/realsense2_camera_msgs/lib:/home/fra/master_ws_test/install/realsense2_camera/lib:/usr/lib/x86_64-linux-gnu/gazebo-11/plugins:/opt/ros/humble/opt/rviz_ogre_vendor/lib:/opt/ros/humble/lib/x86_64-linux-gnu:/opt/ros/humble/lib /usr/bin/cmake --install /home/fra/master_ws_test/build/realsense2_camera[0m
[0.989s] [34mcolcon.colcon_core.environment[0m [1;30mLevel 1[0m checking '/home/fra/master_ws_test/install/realsense2_camera' for CMake config files
[0.989s] [34mcolcon.colcon_core.shell[0m [1;30mLevel 1[0m create_environment_hook('realsense2_camera', 'cmake_prefix_path')
[0.990s] [34mcolcon.colcon_core.shell[0m [1;30mINFO[0m Creating environment hook '/home/fra/master_ws_test/install/realsense2_camera/share/realsense2_camera/hook/cmake_prefix_path.ps1'
[0.990s] [34mcolcon.colcon_core.shell[0m [1;30mINFO[0m Creating environment descriptor '/home/fra/master_ws_test/install/realsense2_camera/share/realsense2_camera/hook/cmake_prefix_path.dsv'
[0.990s] [34mcolcon.colcon_core.shell[0m [1;30mINFO[0m Creating environment hook '/home/fra/master_ws_test/install/realsense2_camera/share/realsense2_camera/hook/cmake_prefix_path.sh'
[0.991s] [34mcolcon.colcon_core.environment[0m [1;30mLevel 1[0m checking '/home/fra/master_ws_test/install/realsense2_camera/lib'
[0.991s] [34mcolcon.colcon_core.shell[0m [1;30mLevel 1[0m create_environment_hook('realsense2_camera', 'ld_library_path_lib')
[0.991s] [34mcolcon.colcon_core.shell[0m [1;30mINFO[0m Creating environment hook '/home/fra/master_ws_test/install/realsense2_camera/share/realsense2_camera/hook/ld_library_path_lib.ps1'
[0.991s] [34mcolcon.colcon_core.shell[0m [1;30mINFO[0m Creating environment descriptor '/home/fra/master_ws_test/install/realsense2_camera/share/realsense2_camera/hook/ld_library_path_lib.dsv'
[0.992s] [34mcolcon.colcon_core.shell[0m [1;30mINFO[0m Creating environment hook '/home/fra/master_ws_test/install/realsense2_camera/share/realsense2_camera/hook/ld_library_path_lib.sh'
[0.992s] [34mcolcon.colcon_core.environment[0m [1;30mLevel 1[0m checking '/home/fra/master_ws_test/install/realsense2_camera/bin'
[0.992s] [34mcolcon.colcon_core.environment[0m [1;30mLevel 1[0m checking '/home/fra/master_ws_test/install/realsense2_camera/lib/pkgconfig/realsense2_camera.pc'
[0.992s] [34mcolcon.colcon_core.environment[0m [1;30mLevel 1[0m checking '/home/fra/master_ws_test/install/realsense2_camera/lib/python3.10/site-packages'
[0.993s] [34mcolcon.colcon_core.environment[0m [1;30mLevel 1[0m checking '/home/fra/master_ws_test/install/realsense2_camera/bin'
[0.993s] [34mcolcon.colcon_core.shell[0m [1;30mINFO[0m Creating package script '/home/fra/master_ws_test/install/realsense2_camera/share/realsense2_camera/package.ps1'
[0.994s] [34mcolcon.colcon_core.shell[0m [1;30mINFO[0m Creating package descriptor '/home/fra/master_ws_test/install/realsense2_camera/share/realsense2_camera/package.dsv'
[0.994s] [34mcolcon.colcon_core.shell[0m [1;30mINFO[0m Creating package script '/home/fra/master_ws_test/install/realsense2_camera/share/realsense2_camera/package.sh'
[0.995s] [34mcolcon.colcon_core.shell[0m [1;30mINFO[0m Creating package script '/home/fra/master_ws_test/install/realsense2_camera/share/realsense2_camera/package.bash'
[0.995s] [34mcolcon.colcon_core.shell[0m [1;30mINFO[0m Creating package script '/home/fra/master_ws_test/install/realsense2_camera/share/realsense2_camera/package.zsh'
[0.996s] [34mcolcon.colcon_core.environment[0m [1;30mLevel 1[0m create_file_with_runtime_dependencies(/home/fra/master_ws_test/install/realsense2_camera/share/colcon-core/packages/realsense2_camera)
[0.997s] [34mcolcon.colcon_core.environment[0m [1;30mLevel 1[0m create_environment_scripts_only(realsense2_camera)
[0.997s] [34mcolcon.colcon_core.environment[0m [1;30mLevel 1[0m checking '/home/fra/master_ws_test/install/realsense2_camera' for CMake module files
[0.997s] [34mcolcon.colcon_core.environment[0m [1;30mLevel 1[0m checking '/home/fra/master_ws_test/install/realsense2_camera' for CMake config files
[0.998s] [34mcolcon.colcon_core.shell[0m [1;30mLevel 1[0m create_environment_hook('realsense2_camera', 'cmake_prefix_path')
[0.998s] [34mcolcon.colcon_core.shell[0m [1;30mINFO[0m Creating environment hook '/home/fra/master_ws_test/install/realsense2_camera/share/realsense2_camera/hook/cmake_prefix_path.ps1'
[0.998s] [34mcolcon.colcon_core.shell[0m [1;30mINFO[0m Creating environment descriptor '/home/fra/master_ws_test/install/realsense2_camera/share/realsense2_camera/hook/cmake_prefix_path.dsv'
[0.999s] [34mcolcon.colcon_core.shell[0m [1;30mINFO[0m Creating environment hook '/home/fra/master_ws_test/install/realsense2_camera/share/realsense2_camera/hook/cmake_prefix_path.sh'
[0.999s] [34mcolcon.colcon_core.environment[0m [1;30mLevel 1[0m checking '/home/fra/master_ws_test/install/realsense2_camera/lib'
[0.999s] [34mcolcon.colcon_core.shell[0m [1;30mLevel 1[0m create_environment_hook('realsense2_camera', 'ld_library_path_lib')
[0.999s] [34mcolcon.colcon_core.shell[0m [1;30mINFO[0m Creating environment hook '/home/fra/master_ws_test/install/realsense2_camera/share/realsense2_camera/hook/ld_library_path_lib.ps1'
[1.000s] [34mcolcon.colcon_core.shell[0m [1;30mINFO[0m Creating environment descriptor '/home/fra/master_ws_test/install/realsense2_camera/share/realsense2_camera/hook/ld_library_path_lib.dsv'
[1.000s] [34mcolcon.colcon_core.shell[0m [1;30mINFO[0m Creating environment hook '/home/fra/master_ws_test/install/realsense2_camera/share/realsense2_camera/hook/ld_library_path_lib.sh'
[1.000s] [34mcolcon.colcon_core.environment[0m [1;30mLevel 1[0m checking '/home/fra/master_ws_test/install/realsense2_camera/bin'
[1.000s] [34mcolcon.colcon_core.environment[0m [1;30mLevel 1[0m checking '/home/fra/master_ws_test/install/realsense2_camera/lib/pkgconfig/realsense2_camera.pc'
[1.001s] [34mcolcon.colcon_core.environment[0m [1;30mLevel 1[0m checking '/home/fra/master_ws_test/install/realsense2_camera/lib/python3.10/site-packages'
[1.001s] [34mcolcon.colcon_core.environment[0m [1;30mLevel 1[0m checking '/home/fra/master_ws_test/install/realsense2_camera/bin'
[1.001s] [34mcolcon.colcon_core.shell[0m [1;30mINFO[0m Creating package script '/home/fra/master_ws_test/install/realsense2_camera/share/realsense2_camera/package.ps1'
[1.002s] [34mcolcon.colcon_core.shell[0m [1;30mINFO[0m Creating package descriptor '/home/fra/master_ws_test/install/realsense2_camera/share/realsense2_camera/package.dsv'
[1.002s] [34mcolcon.colcon_core.shell[0m [1;30mINFO[0m Creating package script '/home/fra/master_ws_test/install/realsense2_camera/share/realsense2_camera/package.sh'
[1.003s] [34mcolcon.colcon_core.shell[0m [1;30mINFO[0m Creating package script '/home/fra/master_ws_test/install/realsense2_camera/share/realsense2_camera/package.bash'
[1.003s] [34mcolcon.colcon_core.shell[0m [1;30mINFO[0m Creating package script '/home/fra/master_ws_test/install/realsense2_camera/share/realsense2_camera/package.zsh'
[1.003s] [34mcolcon.colcon_core.environment[0m [1;30mLevel 1[0m create_file_with_runtime_dependencies(/home/fra/master_ws_test/install/realsense2_camera/share/colcon-core/packages/realsense2_camera)
[1.004s] [34mcolcon.colcon_parallel_executor.executor.parallel[0m [1;30mDEBUG[0m [32mclosing loop[0m
[1.004s] [34mcolcon.colcon_parallel_executor.executor.parallel[0m [1;30mDEBUG[0m [32mloop closed[0m
[1.004s] [34mcolcon.colcon_parallel_executor.executor.parallel[0m [1;30mDEBUG[0m [32mrun_until_complete finished with '0'[0m
[1.004s] [34mcolcon.colcon_core.event_reactor[0m [1;30mDEBUG[0m [32mjoining thread[0m
[1.011s] [34mcolcon.colcon_core.plugin_system[0m [1;30mINFO[0m Skipping extension 'colcon_notification.desktop_notification.terminal_notifier': Not used on non-Darwin systems
[1.011s] [34mcolcon.colcon_core.plugin_system[0m [1;30mINFO[0m Skipping extension 'colcon_notification.desktop_notification.win32': Not used on non-Windows systems
[1.011s] [34mcolcon.colcon_notification.desktop_notification[0m [1;30mINFO[0m Sending desktop notification using 'notify2'
[1.024s] [34mcolcon.colcon_core.event_reactor[0m [1;30mDEBUG[0m [32mjoined thread[0m
[1.025s] [34mcolcon.colcon_core.shell[0m [1;30mINFO[0m Creating prefix script '/home/fra/master_ws_test/install/local_setup.ps1'
[1.026s] [34mcolcon.colcon_core.shell[0m [1;30mINFO[0m Creating prefix util module '/home/fra/master_ws_test/install/_local_setup_util_ps1.py'
[1.028s] [34mcolcon.colcon_core.shell[0m [1;30mINFO[0m Creating prefix chain script '/home/fra/master_ws_test/install/setup.ps1'
[1.029s] [34mcolcon.colcon_core.shell[0m [1;30mINFO[0m Creating prefix script '/home/fra/master_ws_test/install/local_setup.sh'
[1.030s] [34mcolcon.colcon_core.shell[0m [1;30mINFO[0m Creating prefix util module '/home/fra/master_ws_test/install/_local_setup_util_sh.py'
[1.031s] [34mcolcon.colcon_core.shell[0m [1;30mINFO[0m Creating prefix chain script '/home/fra/master_ws_test/install/setup.sh'
[1.032s] [34mcolcon.colcon_core.shell[0m [1;30mINFO[0m Creating prefix script '/home/fra/master_ws_test/install/local_setup.bash'
[1.032s] [34mcolcon.colcon_core.shell[0m [1;30mINFO[0m Creating prefix chain script '/home/fra/master_ws_test/install/setup.bash'
[1.033s] [34mcolcon.colcon_core.shell[0m [1;30mINFO[0m Creating prefix script '/home/fra/master_ws_test/install/local_setup.zsh'
[1.034s] [34mcolcon.colcon_core.shell[0m [1;30mINFO[0m Creating prefix chain script '/home/fra/master_ws_test/install/setup.zsh'
