[0.011s] Invoking command in '/home/fra/master_ws_test/build/realsense2_description': CMAKE_PREFIX_PATH=/home/fra/master_ws_test/install/realsense2_camera_msgs:/home/fra/master_ws_test/install/six_arm:/home/fra/master_ws_test/install/realsense2_description:/home/fra/master_ws_test/install/realsense2_camera:/home/fra/master_ws_test/install/ind_environment:/home/fra/ros2_ws/install/app_bringup:/home/fra/ros2_ws/install/cpp_pkg:/home/fra/ros2_ws/install/custom_interface:/home/fra/ros2_ws/install/python_pkg:/opt/ros/humble LD_LIBRARY_PATH=/home/fra/master_ws_test/install/realsense2_camera_msgs/lib:/home/fra/master_ws_test/install/realsense2_camera/lib:/home/fra/ros2_ws/install/custom_interface/lib:/usr/lib/x86_64-linux-gnu/gazebo-11/plugins:/opt/ros/humble/opt/rviz_ogre_vendor/lib:/opt/ros/humble/lib/x86_64-linux-gnu:/opt/ros/humble/lib /usr/bin/cmake /home/fra/master_ws_test/src/realsense-ros/realsense2_description -DCMAKE_INSTALL_PREFIX=/home/fra/master_ws_test/install/realsense2_description
[0.067s] -- The C compiler identification is GNU 11.4.0
[0.123s] -- The CXX compiler identification is GNU 11.4.0
[0.130s] -- Detecting C compiler ABI info
[0.196s] -- Detecting C compiler ABI info - done
[0.204s] -- Check for working C compiler: /usr/bin/cc - skipped
[0.204s] -- Detecting C compile features
[0.205s] -- Detecting C compile features - done
[0.208s] -- Detecting CXX compiler ABI info
[0.288s] -- Detecting CXX compiler ABI info - done
[0.297s] -- Check for working CXX compiler: /usr/bin/c++ - skipped
[0.297s] -- Detecting CXX compile features
[0.298s] -- Detecting CXX compile features - done
[0.300s] -- Found ament_cmake: 1.3.11 (/opt/ros/humble/share/ament_cmake/cmake)
[0.705s] -- Found Python3: /usr/bin/python3 (found version "3.10.12") found components: Interpreter 
[0.880s] -- Configuring done
[0.883s] -- Generating done
[0.884s] -- Build files have been written to: /home/fra/master_ws_test/build/realsense2_description
[0.888s] Invoked command in '/home/fra/master_ws_test/build/realsense2_description' returned '0': CMAKE_PREFIX_PATH=/home/fra/master_ws_test/install/realsense2_camera_msgs:/home/fra/master_ws_test/install/six_arm:/home/fra/master_ws_test/install/realsense2_description:/home/fra/master_ws_test/install/realsense2_camera:/home/fra/master_ws_test/install/ind_environment:/home/fra/ros2_ws/install/app_bringup:/home/fra/ros2_ws/install/cpp_pkg:/home/fra/ros2_ws/install/custom_interface:/home/fra/ros2_ws/install/python_pkg:/opt/ros/humble LD_LIBRARY_PATH=/home/fra/master_ws_test/install/realsense2_camera_msgs/lib:/home/fra/master_ws_test/install/realsense2_camera/lib:/home/fra/ros2_ws/install/custom_interface/lib:/usr/lib/x86_64-linux-gnu/gazebo-11/plugins:/opt/ros/humble/opt/rviz_ogre_vendor/lib:/opt/ros/humble/lib/x86_64-linux-gnu:/opt/ros/humble/lib /usr/bin/cmake /home/fra/master_ws_test/src/realsense-ros/realsense2_description -DCMAKE_INSTALL_PREFIX=/home/fra/master_ws_test/install/realsense2_description
[0.889s] Invoking command in '/home/fra/master_ws_test/build/realsense2_description': CMAKE_PREFIX_PATH=/home/fra/master_ws_test/install/realsense2_camera_msgs:/home/fra/master_ws_test/install/six_arm:/home/fra/master_ws_test/install/realsense2_description:/home/fra/master_ws_test/install/realsense2_camera:/home/fra/master_ws_test/install/ind_environment:/home/fra/ros2_ws/install/app_bringup:/home/fra/ros2_ws/install/cpp_pkg:/home/fra/ros2_ws/install/custom_interface:/home/fra/ros2_ws/install/python_pkg:/opt/ros/humble LD_LIBRARY_PATH=/home/fra/master_ws_test/install/realsense2_camera_msgs/lib:/home/fra/master_ws_test/install/realsense2_camera/lib:/home/fra/ros2_ws/install/custom_interface/lib:/usr/lib/x86_64-linux-gnu/gazebo-11/plugins:/opt/ros/humble/opt/rviz_ogre_vendor/lib:/opt/ros/humble/lib/x86_64-linux-gnu:/opt/ros/humble/lib /usr/bin/cmake --build /home/fra/master_ws_test/build/realsense2_description -- -j12 -l12
[0.922s] Invoked command in '/home/fra/master_ws_test/build/realsense2_description' returned '0': CMAKE_PREFIX_PATH=/home/fra/master_ws_test/install/realsense2_camera_msgs:/home/fra/master_ws_test/install/six_arm:/home/fra/master_ws_test/install/realsense2_description:/home/fra/master_ws_test/install/realsense2_camera:/home/fra/master_ws_test/install/ind_environment:/home/fra/ros2_ws/install/app_bringup:/home/fra/ros2_ws/install/cpp_pkg:/home/fra/ros2_ws/install/custom_interface:/home/fra/ros2_ws/install/python_pkg:/opt/ros/humble LD_LIBRARY_PATH=/home/fra/master_ws_test/install/realsense2_camera_msgs/lib:/home/fra/master_ws_test/install/realsense2_camera/lib:/home/fra/ros2_ws/install/custom_interface/lib:/usr/lib/x86_64-linux-gnu/gazebo-11/plugins:/opt/ros/humble/opt/rviz_ogre_vendor/lib:/opt/ros/humble/lib/x86_64-linux-gnu:/opt/ros/humble/lib /usr/bin/cmake --build /home/fra/master_ws_test/build/realsense2_description -- -j12 -l12
[0.923s] Invoking command in '/home/fra/master_ws_test/build/realsense2_description': CMAKE_PREFIX_PATH=/home/fra/master_ws_test/install/realsense2_camera_msgs:/home/fra/master_ws_test/install/six_arm:/home/fra/master_ws_test/install/realsense2_description:/home/fra/master_ws_test/install/realsense2_camera:/home/fra/master_ws_test/install/ind_environment:/home/fra/ros2_ws/install/app_bringup:/home/fra/ros2_ws/install/cpp_pkg:/home/fra/ros2_ws/install/custom_interface:/home/fra/ros2_ws/install/python_pkg:/opt/ros/humble LD_LIBRARY_PATH=/home/fra/master_ws_test/install/realsense2_camera_msgs/lib:/home/fra/master_ws_test/install/realsense2_camera/lib:/home/fra/ros2_ws/install/custom_interface/lib:/usr/lib/x86_64-linux-gnu/gazebo-11/plugins:/opt/ros/humble/opt/rviz_ogre_vendor/lib:/opt/ros/humble/lib/x86_64-linux-gnu:/opt/ros/humble/lib /usr/bin/cmake --install /home/fra/master_ws_test/build/realsense2_description
[0.930s] -- Install configuration: ""
[0.930s] -- Installing: /home/fra/master_ws_test/install/realsense2_description/share/realsense2_description/launch
[0.930s] -- Installing: /home/fra/master_ws_test/install/realsense2_description/share/realsense2_description/launch/launch_utils.py
[0.930s] -- Installing: /home/fra/master_ws_test/install/realsense2_description/share/realsense2_description/launch/view_model.launch.py
[0.930s] -- Installing: /home/fra/master_ws_test/install/realsense2_description/share/realsense2_description/meshes
[0.931s] -- Installing: /home/fra/master_ws_test/install/realsense2_description/share/realsense2_description/meshes/plug.stl
[0.931s] -- Installing: /home/fra/master_ws_test/install/realsense2_description/share/realsense2_description/meshes/d405.stl
[0.931s] -- Installing: /home/fra/master_ws_test/install/realsense2_description/share/realsense2_description/meshes/l515.dae
[0.953s] -- Installing: /home/fra/master_ws_test/install/realsense2_description/share/realsense2_description/meshes/plug_collision.stl
[0.954s] -- Installing: /home/fra/master_ws_test/install/realsense2_description/share/realsense2_description/meshes/d455.stl
[0.955s] -- Installing: /home/fra/master_ws_test/install/realsense2_description/share/realsense2_description/meshes/d415.stl
[0.971s] -- Installing: /home/fra/master_ws_test/install/realsense2_description/share/realsense2_description/meshes/d435.dae
[0.981s] -- Installing: /home/fra/master_ws_test/install/realsense2_description/share/realsense2_description/rviz
[0.982s] -- Installing: /home/fra/master_ws_test/install/realsense2_description/share/realsense2_description/rviz/urdf.rviz
[0.982s] -- Installing: /home/fra/master_ws_test/install/realsense2_description/share/realsense2_description/urdf
[0.982s] -- Installing: /home/fra/master_ws_test/install/realsense2_description/share/realsense2_description/urdf/_d435.urdf.xacro
[0.982s] -- Installing: /home/fra/master_ws_test/install/realsense2_description/share/realsense2_description/urdf/_d435i.urdf.xacro
[0.982s] -- Installing: /home/fra/master_ws_test/install/realsense2_description/share/realsense2_description/urdf/test_r430_camera.urdf.xacro
[0.982s] -- Installing: /home/fra/master_ws_test/install/realsense2_description/share/realsense2_description/urdf/test_d435_multiple_cameras.urdf.xacro
[0.982s] -- Installing: /home/fra/master_ws_test/install/realsense2_description/share/realsense2_description/urdf/test_d415_camera.urdf.xacro
[0.983s] -- Installing: /home/fra/master_ws_test/install/realsense2_description/share/realsense2_description/urdf/test_r410_camera.urdf.xacro
[0.983s] -- Installing: /home/fra/master_ws_test/install/realsense2_description/share/realsense2_description/urdf/_d435i_imu_modules.urdf.xacro
[0.983s] -- Installing: /home/fra/master_ws_test/install/realsense2_description/share/realsense2_description/urdf/_d455.urdf.xacro
[0.983s] -- Installing: /home/fra/master_ws_test/install/realsense2_description/share/realsense2_description/urdf/_usb_plug.urdf.xacro
[0.983s] -- Installing: /home/fra/master_ws_test/install/realsense2_description/share/realsense2_description/urdf/test_d435i_camera.urdf.xacro
[0.983s] -- Installing: /home/fra/master_ws_test/install/realsense2_description/share/realsense2_description/urdf/_r410.urdf.xacro
[0.983s] -- Installing: /home/fra/master_ws_test/install/realsense2_description/share/realsense2_description/urdf/_materials.urdf.xacro
[0.983s] -- Installing: /home/fra/master_ws_test/install/realsense2_description/share/realsense2_description/urdf/_d415.urdf.xacro
[0.983s] -- Installing: /home/fra/master_ws_test/install/realsense2_description/share/realsense2_description/urdf/_d405.urdf.xacro
[0.984s] -- Installing: /home/fra/master_ws_test/install/realsense2_description/share/realsense2_description/urdf/test_d435_camera.urdf.xacro
[0.984s] -- Installing: /home/fra/master_ws_test/install/realsense2_description/share/realsense2_description/urdf/_r430.urdf.xacro
[0.984s] -- Installing: /home/fra/master_ws_test/install/realsense2_description/share/realsense2_description/urdf/test_d405_camera.urdf.xacro
[0.984s] -- Installing: /home/fra/master_ws_test/install/realsense2_description/share/realsense2_description/urdf/test_d455_camera.urdf.xacro
[0.984s] -- Installing: /home/fra/master_ws_test/install/realsense2_description/share/ament_index/resource_index/package_run_dependencies/realsense2_description
[0.984s] -- Installing: /home/fra/master_ws_test/install/realsense2_description/share/ament_index/resource_index/parent_prefix_path/realsense2_description
[0.984s] -- Installing: /home/fra/master_ws_test/install/realsense2_description/share/realsense2_description/environment/ament_prefix_path.sh
[0.985s] -- Installing: /home/fra/master_ws_test/install/realsense2_description/share/realsense2_description/environment/ament_prefix_path.dsv
[0.985s] -- Installing: /home/fra/master_ws_test/install/realsense2_description/share/realsense2_description/environment/path.sh
[0.985s] -- Installing: /home/fra/master_ws_test/install/realsense2_description/share/realsense2_description/environment/path.dsv
[0.985s] -- Installing: /home/fra/master_ws_test/install/realsense2_description/share/realsense2_description/local_setup.bash
[0.985s] -- Installing: /home/fra/master_ws_test/install/realsense2_description/share/realsense2_description/local_setup.sh
[0.985s] -- Installing: /home/fra/master_ws_test/install/realsense2_description/share/realsense2_description/local_setup.zsh
[0.985s] -- Installing: /home/fra/master_ws_test/install/realsense2_description/share/realsense2_description/local_setup.dsv
[0.985s] -- Installing: /home/fra/master_ws_test/install/realsense2_description/share/realsense2_description/package.dsv
[0.985s] -- Installing: /home/fra/master_ws_test/install/realsense2_description/share/ament_index/resource_index/packages/realsense2_description
[0.986s] -- Installing: /home/fra/master_ws_test/install/realsense2_description/share/realsense2_description/cmake/realsense2_descriptionConfig.cmake
[0.986s] -- Installing: /home/fra/master_ws_test/install/realsense2_description/share/realsense2_description/cmake/realsense2_descriptionConfig-version.cmake
[0.986s] -- Installing: /home/fra/master_ws_test/install/realsense2_description/share/realsense2_description/package.xml
[0.988s] Invoked command in '/home/fra/master_ws_test/build/realsense2_description' returned '0': CMAKE_PREFIX_PATH=/home/fra/master_ws_test/install/realsense2_camera_msgs:/home/fra/master_ws_test/install/six_arm:/home/fra/master_ws_test/install/realsense2_description:/home/fra/master_ws_test/install/realsense2_camera:/home/fra/master_ws_test/install/ind_environment:/home/fra/ros2_ws/install/app_bringup:/home/fra/ros2_ws/install/cpp_pkg:/home/fra/ros2_ws/install/custom_interface:/home/fra/ros2_ws/install/python_pkg:/opt/ros/humble LD_LIBRARY_PATH=/home/fra/master_ws_test/install/realsense2_camera_msgs/lib:/home/fra/master_ws_test/install/realsense2_camera/lib:/home/fra/ros2_ws/install/custom_interface/lib:/usr/lib/x86_64-linux-gnu/gazebo-11/plugins:/opt/ros/humble/opt/rviz_ogre_vendor/lib:/opt/ros/humble/lib/x86_64-linux-gnu:/opt/ros/humble/lib /usr/bin/cmake --install /home/fra/master_ws_test/build/realsense2_description
