-- The C compiler identification is GNU 11.4.0
-- The CXX compiler identification is GNU 11.4.0
-- Detecting C compiler ABI info
-- Detecting C compiler ABI info - done
-- Check for working C compiler: /usr/bin/cc - skipped
-- Detecting C compile features
-- Detecting C compile features - done
-- Detecting CXX compiler ABI info
-- Detecting CXX compiler ABI info - done
-- Check for working CXX compiler: /usr/bin/c++ - skipped
-- Detecting CXX compile features
-- Detecting CXX compile features - done
-- Found ament_cmake: 1.3.11 (/opt/ros/humble/share/ament_cmake/cmake)
-- Found Python3: /usr/bin/python3 (found version "3.10.12") found components: Interpreter 
-- Found rclcpp: 16.0.11 (/opt/ros/humble/share/rclcpp/cmake)
-- Found rosidl_generator_c: 3.1.6 (/opt/ros/humble/share/rosidl_generator_c/cmake)
-- Found rosidl_adapter: 3.1.6 (/opt/ros/humble/share/rosidl_adapter/cmake)
-- Found rosidl_generator_cpp: 3.1.6 (/opt/ros/humble/share/rosidl_generator_cpp/cmake)
-- Using all available rosidl_typesupport_c: rosidl_typesupport_fastrtps_c;rosidl_typesupport_introspection_c
-- Using all available rosidl_typesupport_cpp: rosidl_typesupport_fastrtps_cpp;rosidl_typesupport_introspection_cpp
-- Found rmw_implementation_cmake: 6.1.2 (/opt/ros/humble/share/rmw_implementation_cmake/cmake)
-- Found rmw_fastrtps_cpp: 6.2.7 (/opt/ros/humble/share/rmw_fastrtps_cpp/cmake)
-- Found OpenSSL: /usr/lib/x86_64-linux-gnu/libcrypto.so (found version "3.0.2")  
-- Found FastRTPS: /opt/ros/humble/include  
-- Using RMW implementation 'rmw_fastrtps_cpp' as default
-- Looking for pthread.h
-- Looking for pthread.h - found
-- Performing Test CMAKE_HAVE_LIBC_PTHREAD
-- Performing Test CMAKE_HAVE_LIBC_PTHREAD - Success
-- Found Threads: TRUE  
-- Found trajectory_msgs: 4.2.4 (/opt/ros/humble/share/trajectory_msgs/cmake)
-- Found ament_lint_auto: 0.12.11 (/opt/ros/humble/share/ament_lint_auto/cmake)
-- Added test 'cppcheck' to perform static code analysis on C / C++ code
-- Configured cppcheck include dirs: 
-- Configured cppcheck exclude dirs and/or files: 
-- Added test 'flake8' to check Python code syntax and style conventions
-- Added test 'lint_cmake' to check CMake code style
-- Added test 'pep257' to check Python code against some of the docstring style conventions in PEP 257
-- Added test 'uncrustify' to check C / C++ code style
-- Configured uncrustify additional arguments: 
-- Added test 'xmllint' to check XML markup files
-- Configuring done
-- Generating done
-- Build files have been written to: /home/fra/master_ws_test/src/build/six_arm
[ 50%] [32mBuilding CXX object CMakeFiles/joint_publisher.dir/src/joint_publisher.cpp.o[0m
[100%] [32m[1mLinking CXX executable joint_publisher[0m
[100%] Built target joint_publisher
-- Install configuration: ""
-- Installing: /home/fra/master_ws_test/src/install/six_arm/lib/six_arm/joint_publisher
-- Set runtime path of "/home/fra/master_ws_test/src/install/six_arm/lib/six_arm/joint_publisher" to ""
-- Installing: /home/fra/master_ws_test/src/install/six_arm/share/six_arm/launch
-- Installing: /home/fra/master_ws_test/src/install/six_arm/share/six_arm/launch/spawn_robot_traj_controllers.launch.py
-- Installing: /home/fra/master_ws_test/src/install/six_arm/share/six_arm/launch/spawn_robot_eff_controllers.launch.py
-- Installing: /home/fra/master_ws_test/src/install/six_arm/share/six_arm/launch/spawn_robot_camera_moveit.launch.py
-- Installing: /home/fra/master_ws_test/src/install/six_arm/share/six_arm/launch/spawn_robot_controllers.launch.py
-- Installing: /home/fra/master_ws_test/src/install/six_arm/share/six_arm/launch/spawn_robot_namespace.launch.py
-- Installing: /home/fra/master_ws_test/src/install/six_arm/share/six_arm/launch/spawn_robot_camera.launch.py
-- Installing: /home/fra/master_ws_test/src/install/six_arm/share/six_arm/launch/spawn_robot_moveit.launch.py
-- Installing: /home/fra/master_ws_test/src/install/six_arm/share/six_arm/urdf
-- Installing: /home/fra/master_ws_test/src/install/six_arm/share/six_arm/urdf/red_cube.xacro
-- Installing: /home/fra/master_ws_test/src/install/six_arm/share/six_arm/urdf/cobot_camera.urdf.xacro
-- Installing: /home/fra/master_ws_test/src/install/six_arm/share/six_arm/urdf/cobot_trajectory_control.urdf.xacro
-- Installing: /home/fra/master_ws_test/src/install/six_arm/share/six_arm/urdf/check.urdf
-- Installing: /home/fra/master_ws_test/src/install/six_arm/share/six_arm/urdf/cobot.urdf.xacro
-- Installing: /home/fra/master_ws_test/src/install/six_arm/share/six_arm/urdf/custom_robot_gazebo.xacro
-- Installing: /home/fra/master_ws_test/src/install/six_arm/share/six_arm/urdf/custom_gripper.xacro
-- Installing: /home/fra/master_ws_test/src/install/six_arm/share/six_arm/urdf/cobot_effort.urdf.xacro
-- Installing: /home/fra/master_ws_test/src/install/six_arm/share/six_arm/urdf/link_joint.xacro
-- Installing: /home/fra/master_ws_test/src/install/six_arm/share/six_arm/urdf/camera.xacro
-- Installing: /home/fra/master_ws_test/src/install/six_arm/share/six_arm/config
-- Installing: /home/fra/master_ws_test/src/install/six_arm/share/six_arm/config/effort_controllers.yaml
-- Installing: /home/fra/master_ws_test/src/install/six_arm/share/six_arm/config/trajectory_controllers.yaml
-- Installing: /home/fra/master_ws_test/src/install/six_arm/share/six_arm/config/controllers.yaml
-- Installing: /home/fra/master_ws_test/src/install/six_arm/share/six_arm/config/config.rviz
-- Installing: /home/fra/master_ws_test/src/install/six_arm/share/six_arm/src
-- Installing: /home/fra/master_ws_test/src/install/six_arm/share/six_arm/src/joint_publisher.cpp
-- Installing: /home/fra/master_ws_test/src/install/six_arm/share/six_arm/meshes
-- Installing: /home/fra/master_ws_test/src/install/six_arm/share/six_arm/meshes/sensors
-- Installing: /home/fra/master_ws_test/src/install/six_arm/share/six_arm/meshes/sensors/camera
-- Installing: /home/fra/master_ws_test/src/install/six_arm/share/six_arm/meshes/sensors/camera/kinetic.png
-- Installing: /home/fra/master_ws_test/src/install/six_arm/share/six_arm/meshes/sensors/camera/kinetic.dae
-- Installing: /home/fra/master_ws_test/src/install/six_arm/share/six_arm/meshes/sensors/camera/kinetic.stl
-- Installing: /home/fra/master_ws_test/src/install/six_arm/share/ament_index/resource_index/package_run_dependencies/six_arm
-- Installing: /home/fra/master_ws_test/src/install/six_arm/share/ament_index/resource_index/parent_prefix_path/six_arm
-- Installing: /home/fra/master_ws_test/src/install/six_arm/share/six_arm/environment/ament_prefix_path.sh
-- Installing: /home/fra/master_ws_test/src/install/six_arm/share/six_arm/environment/ament_prefix_path.dsv
-- Installing: /home/fra/master_ws_test/src/install/six_arm/share/six_arm/environment/path.sh
-- Installing: /home/fra/master_ws_test/src/install/six_arm/share/six_arm/environment/path.dsv
-- Installing: /home/fra/master_ws_test/src/install/six_arm/share/six_arm/local_setup.bash
-- Installing: /home/fra/master_ws_test/src/install/six_arm/share/six_arm/local_setup.sh
-- Installing: /home/fra/master_ws_test/src/install/six_arm/share/six_arm/local_setup.zsh
-- Installing: /home/fra/master_ws_test/src/install/six_arm/share/six_arm/local_setup.dsv
-- Installing: /home/fra/master_ws_test/src/install/six_arm/share/six_arm/package.dsv
-- Installing: /home/fra/master_ws_test/src/install/six_arm/share/ament_index/resource_index/packages/six_arm
-- Installing: /home/fra/master_ws_test/src/install/six_arm/share/six_arm/cmake/six_armConfig.cmake
-- Installing: /home/fra/master_ws_test/src/install/six_arm/share/six_arm/cmake/six_armConfig-version.cmake
-- Installing: /home/fra/master_ws_test/src/install/six_arm/share/six_arm/package.xml
