[0.023s] Invoking command in '/home/fra/master_ws_test/src/build/six_arm': CMAKE_PREFIX_PATH=${CMAKE_PREFIX_PATH}:/opt/ros/humble /usr/bin/cmake /home/fra/master_ws_test/src/six_arm -DCMAKE_INSTALL_PREFIX=/home/fra/master_ws_test/src/install/six_arm
[0.069s] -- The C compiler identification is GNU 11.4.0
[0.117s] -- The CXX compiler identification is GNU 11.4.0
[0.124s] -- Detecting C compiler ABI info
[0.181s] -- Detecting C compiler ABI info - done
[0.189s] -- Check for working C compiler: /usr/bin/cc - skipped
[0.189s] -- Detecting C compile features
[0.189s] -- Detecting C compile features - done
[0.192s] -- Detecting CXX compiler ABI info
[0.260s] -- Detecting CXX compiler ABI info - done
[0.267s] -- Check for working CXX compiler: /usr/bin/c++ - skipped
[0.267s] -- Detecting CXX compile features
[0.268s] -- Detecting CXX compile features - done
[0.271s] -- Found ament_cmake: 1.3.11 (/opt/ros/humble/share/ament_cmake/cmake)
[0.640s] -- Found Python3: /usr/bin/python3 (found version "3.10.12") found components: Interpreter 
[0.745s] -- Found rclcpp: 16.0.11 (/opt/ros/humble/share/rclcpp/cmake)
[0.796s] -- Found rosidl_generator_c: 3.1.6 (/opt/ros/humble/share/rosidl_generator_c/cmake)
[0.803s] -- Found rosidl_adapter: 3.1.6 (/opt/ros/humble/share/rosidl_adapter/cmake)
[0.813s] -- Found rosidl_generator_cpp: 3.1.6 (/opt/ros/humble/share/rosidl_generator_cpp/cmake)
[0.827s] -- Using all available rosidl_typesupport_c: rosidl_typesupport_fastrtps_c;rosidl_typesupport_introspection_c
[0.847s] -- Using all available rosidl_typesupport_cpp: rosidl_typesupport_fastrtps_cpp;rosidl_typesupport_introspection_cpp
[0.904s] -- Found rmw_implementation_cmake: 6.1.2 (/opt/ros/humble/share/rmw_implementation_cmake/cmake)
[0.910s] -- Found rmw_fastrtps_cpp: 6.2.7 (/opt/ros/humble/share/rmw_fastrtps_cpp/cmake)
[1.003s] -- Found OpenSSL: /usr/lib/x86_64-linux-gnu/libcrypto.so (found version "3.0.2")  
[1.032s] -- Found FastRTPS: /opt/ros/humble/include  
[1.074s] -- Using RMW implementation 'rmw_fastrtps_cpp' as default
[1.085s] -- Looking for pthread.h
[1.151s] -- Looking for pthread.h - found
[1.151s] -- Performing Test CMAKE_HAVE_LIBC_PTHREAD
[1.214s] -- Performing Test CMAKE_HAVE_LIBC_PTHREAD - Success
[1.215s] -- Found Threads: TRUE  
[1.277s] -- Found trajectory_msgs: 4.2.4 (/opt/ros/humble/share/trajectory_msgs/cmake)
[1.311s] -- Found ament_lint_auto: 0.12.11 (/opt/ros/humble/share/ament_lint_auto/cmake)
[1.423s] -- Added test 'cppcheck' to perform static code analysis on C / C++ code
[1.423s] -- Configured cppcheck include dirs: 
[1.423s] -- Configured cppcheck exclude dirs and/or files: 
[1.423s] -- Added test 'flake8' to check Python code syntax and style conventions
[1.424s] -- Added test 'lint_cmake' to check CMake code style
[1.425s] -- Added test 'pep257' to check Python code against some of the docstring style conventions in PEP 257
[1.427s] -- Added test 'uncrustify' to check C / C++ code style
[1.427s] -- Configured uncrustify additional arguments: 
[1.428s] -- Added test 'xmllint' to check XML markup files
[1.429s] -- Configuring done
[1.442s] -- Generating done
[1.445s] -- Build files have been written to: /home/fra/master_ws_test/src/build/six_arm
[1.455s] Invoked command in '/home/fra/master_ws_test/src/build/six_arm' returned '0': CMAKE_PREFIX_PATH=${CMAKE_PREFIX_PATH}:/opt/ros/humble /usr/bin/cmake /home/fra/master_ws_test/src/six_arm -DCMAKE_INSTALL_PREFIX=/home/fra/master_ws_test/src/install/six_arm
[1.456s] Invoking command in '/home/fra/master_ws_test/src/build/six_arm': CMAKE_PREFIX_PATH=${CMAKE_PREFIX_PATH}:/opt/ros/humble /usr/bin/cmake --build /home/fra/master_ws_test/src/build/six_arm -- -j12 -l12
[1.498s] [ 50%] [32mBuilding CXX object CMakeFiles/joint_publisher.dir/src/joint_publisher.cpp.o[0m
[6.329s] [100%] [32m[1mLinking CXX executable joint_publisher[0m
[6.535s] [100%] Built target joint_publisher
[6.545s] Invoked command in '/home/fra/master_ws_test/src/build/six_arm' returned '0': CMAKE_PREFIX_PATH=${CMAKE_PREFIX_PATH}:/opt/ros/humble /usr/bin/cmake --build /home/fra/master_ws_test/src/build/six_arm -- -j12 -l12
[6.547s] Invoking command in '/home/fra/master_ws_test/src/build/six_arm': CMAKE_PREFIX_PATH=${CMAKE_PREFIX_PATH}:/opt/ros/humble /usr/bin/cmake --install /home/fra/master_ws_test/src/build/six_arm
[6.555s] -- Install configuration: ""
[6.555s] -- Installing: /home/fra/master_ws_test/src/install/six_arm/lib/six_arm/joint_publisher
[6.556s] -- Set runtime path of "/home/fra/master_ws_test/src/install/six_arm/lib/six_arm/joint_publisher" to ""
[6.556s] -- Installing: /home/fra/master_ws_test/src/install/six_arm/share/six_arm/launch
[6.556s] -- Installing: /home/fra/master_ws_test/src/install/six_arm/share/six_arm/launch/spawn_robot_traj_controllers.launch.py
[6.556s] -- Installing: /home/fra/master_ws_test/src/install/six_arm/share/six_arm/launch/spawn_robot_eff_controllers.launch.py
[6.556s] -- Installing: /home/fra/master_ws_test/src/install/six_arm/share/six_arm/launch/spawn_robot_camera_moveit.launch.py
[6.556s] -- Installing: /home/fra/master_ws_test/src/install/six_arm/share/six_arm/launch/spawn_robot_controllers.launch.py
[6.557s] -- Installing: /home/fra/master_ws_test/src/install/six_arm/share/six_arm/launch/spawn_robot_namespace.launch.py
[6.557s] -- Installing: /home/fra/master_ws_test/src/install/six_arm/share/six_arm/launch/spawn_robot_camera.launch.py
[6.557s] -- Installing: /home/fra/master_ws_test/src/install/six_arm/share/six_arm/launch/spawn_robot_moveit.launch.py
[6.557s] -- Installing: /home/fra/master_ws_test/src/install/six_arm/share/six_arm/urdf
[6.557s] -- Installing: /home/fra/master_ws_test/src/install/six_arm/share/six_arm/urdf/red_cube.xacro
[6.557s] -- Installing: /home/fra/master_ws_test/src/install/six_arm/share/six_arm/urdf/cobot_camera.urdf.xacro
[6.557s] -- Installing: /home/fra/master_ws_test/src/install/six_arm/share/six_arm/urdf/cobot_trajectory_control.urdf.xacro
[6.558s] -- Installing: /home/fra/master_ws_test/src/install/six_arm/share/six_arm/urdf/check.urdf
[6.558s] -- Installing: /home/fra/master_ws_test/src/install/six_arm/share/six_arm/urdf/cobot.urdf.xacro
[6.558s] -- Installing: /home/fra/master_ws_test/src/install/six_arm/share/six_arm/urdf/custom_robot_gazebo.xacro
[6.558s] -- Installing: /home/fra/master_ws_test/src/install/six_arm/share/six_arm/urdf/custom_gripper.xacro
[6.559s] -- Installing: /home/fra/master_ws_test/src/install/six_arm/share/six_arm/urdf/cobot_effort.urdf.xacro
[6.559s] -- Installing: /home/fra/master_ws_test/src/install/six_arm/share/six_arm/urdf/link_joint.xacro
[6.559s] -- Installing: /home/fra/master_ws_test/src/install/six_arm/share/six_arm/urdf/camera.xacro
[6.559s] -- Installing: /home/fra/master_ws_test/src/install/six_arm/share/six_arm/config
[6.559s] -- Installing: /home/fra/master_ws_test/src/install/six_arm/share/six_arm/config/effort_controllers.yaml
[6.559s] -- Installing: /home/fra/master_ws_test/src/install/six_arm/share/six_arm/config/trajectory_controllers.yaml
[6.560s] -- Installing: /home/fra/master_ws_test/src/install/six_arm/share/six_arm/config/controllers.yaml
[6.560s] -- Installing: /home/fra/master_ws_test/src/install/six_arm/share/six_arm/config/config.rviz
[6.560s] -- Installing: /home/fra/master_ws_test/src/install/six_arm/share/six_arm/src
[6.560s] -- Installing: /home/fra/master_ws_test/src/install/six_arm/share/six_arm/src/joint_publisher.cpp
[6.561s] -- Installing: /home/fra/master_ws_test/src/install/six_arm/share/six_arm/meshes
[6.561s] -- Installing: /home/fra/master_ws_test/src/install/six_arm/share/six_arm/meshes/sensors
[6.561s] -- Installing: /home/fra/master_ws_test/src/install/six_arm/share/six_arm/meshes/sensors/camera
[6.561s] -- Installing: /home/fra/master_ws_test/src/install/six_arm/share/six_arm/meshes/sensors/camera/kinetic.png
[6.561s] -- Installing: /home/fra/master_ws_test/src/install/six_arm/share/six_arm/meshes/sensors/camera/kinetic.dae
[6.562s] -- Installing: /home/fra/master_ws_test/src/install/six_arm/share/six_arm/meshes/sensors/camera/kinetic.stl
[6.563s] -- Installing: /home/fra/master_ws_test/src/install/six_arm/share/ament_index/resource_index/package_run_dependencies/six_arm
[6.563s] -- Installing: /home/fra/master_ws_test/src/install/six_arm/share/ament_index/resource_index/parent_prefix_path/six_arm
[6.563s] -- Installing: /home/fra/master_ws_test/src/install/six_arm/share/six_arm/environment/ament_prefix_path.sh
[6.563s] -- Installing: /home/fra/master_ws_test/src/install/six_arm/share/six_arm/environment/ament_prefix_path.dsv
[6.563s] -- Installing: /home/fra/master_ws_test/src/install/six_arm/share/six_arm/environment/path.sh
[6.563s] -- Installing: /home/fra/master_ws_test/src/install/six_arm/share/six_arm/environment/path.dsv
[6.564s] -- Installing: /home/fra/master_ws_test/src/install/six_arm/share/six_arm/local_setup.bash
[6.564s] -- Installing: /home/fra/master_ws_test/src/install/six_arm/share/six_arm/local_setup.sh
[6.564s] -- Installing: /home/fra/master_ws_test/src/install/six_arm/share/six_arm/local_setup.zsh
[6.564s] -- Installing: /home/fra/master_ws_test/src/install/six_arm/share/six_arm/local_setup.dsv
[6.564s] -- Installing: /home/fra/master_ws_test/src/install/six_arm/share/six_arm/package.dsv
[6.564s] -- Installing: /home/fra/master_ws_test/src/install/six_arm/share/ament_index/resource_index/packages/six_arm
[6.564s] -- Installing: /home/fra/master_ws_test/src/install/six_arm/share/six_arm/cmake/six_armConfig.cmake
[6.564s] -- Installing: /home/fra/master_ws_test/src/install/six_arm/share/six_arm/cmake/six_armConfig-version.cmake
[6.565s] -- Installing: /home/fra/master_ws_test/src/install/six_arm/share/six_arm/package.xml
[6.567s] Invoked command in '/home/fra/master_ws_test/src/build/six_arm' returned '0': CMAKE_PREFIX_PATH=${CMAKE_PREFIX_PATH}:/opt/ros/humble /usr/bin/cmake --install /home/fra/master_ws_test/src/build/six_arm
