[0.017s] Invoking command in '/home/fra/master_ws_test/src/build/cobot_ik': CMAKE_PREFIX_PATH=${CMAKE_PREFIX_PATH}:/opt/ros/humble /usr/bin/cmake /home/fra/master_ws_test/src/cobot_ik -DCMAKE_INSTALL_PREFIX=/home/fra/master_ws_test/src/install/cobot_ik
[0.061s] -- The C compiler identification is GNU 11.4.0
[0.110s] -- The CXX compiler identification is GNU 11.4.0
[0.116s] -- Detecting C compiler ABI info
[0.177s] -- Detecting C compiler ABI info - done
[0.190s] -- Check for working C compiler: /usr/bin/cc - skipped
[0.190s] -- Detecting C compile features
[0.191s] -- Detecting C compile features - done
[0.194s] -- Detecting CXX compiler ABI info
[0.272s] -- Detecting CXX compiler ABI info - done
[0.280s] -- Check for working CXX compiler: /usr/bin/c++ - skipped
[0.280s] -- Detecting CXX compile features
[0.281s] -- Detecting CXX compile features - done
[0.284s] -- Found ament_cmake: 1.3.11 (/opt/ros/humble/share/ament_cmake/cmake)
[0.656s] -- Found Python3: /usr/bin/python3 (found version "3.10.12") found components: Interpreter 
[0.758s] -- Found moveit_ros_planning_interface: 2.5.8 (/opt/ros/humble/share/moveit_ros_planning_interface/cmake)
[0.911s] -- Found Boost: /usr/lib/x86_64-linux-gnu/cmake/Boost-1.74.0/BoostConfig.cmake (found version "1.74.0") found components: date_time filesystem program_options system thread 
[0.976s] -- Found rosidl_generator_c: 3.1.6 (/opt/ros/humble/share/rosidl_generator_c/cmake)
[0.983s] -- Found rosidl_adapter: 3.1.6 (/opt/ros/humble/share/rosidl_adapter/cmake)
[0.993s] -- Found rosidl_generator_cpp: 3.1.6 (/opt/ros/humble/share/rosidl_generator_cpp/cmake)
[1.008s] -- Using all available rosidl_typesupport_c: rosidl_typesupport_fastrtps_c;rosidl_typesupport_introspection_c
[1.027s] -- Using all available rosidl_typesupport_cpp: rosidl_typesupport_fastrtps_cpp;rosidl_typesupport_introspection_cpp
[1.250s] -- Found Boost: /usr/lib/x86_64-linux-gnu/cmake/Boost-1.74.0/BoostConfig.cmake (found version "1.74.0") found components: chrono date_time filesystem iostreams program_options regex serialization system thread 
[1.308s] -- Found parameter_traits: 0.4.0 (/opt/ros/humble/share/parameter_traits/cmake)
[1.360s] -- Found rmw_implementation_cmake: 6.1.2 (/opt/ros/humble/share/rmw_implementation_cmake/cmake)
[1.364s] -- Found rmw_fastrtps_cpp: 6.2.7 (/opt/ros/humble/share/rmw_fastrtps_cpp/cmake)
[1.456s] -- Found OpenSSL: /usr/lib/x86_64-linux-gnu/libcrypto.so (found version "3.0.2")  
[1.481s] -- Found FastRTPS: /opt/ros/humble/include  
[1.524s] -- Using RMW implementation 'rmw_fastrtps_cpp' as default
[1.536s] -- Found Threads: TRUE  
[1.588s] -- Found Eigen3: TRUE (found version "3.4.0") 
[1.592s] -- Found rclcpp_lifecycle: 16.0.11 (/opt/ros/humble/share/rclcpp_lifecycle/cmake)
[1.620s] -- Found Boost: /usr/lib/x86_64-linux-gnu/cmake/Boost-1.74.0/BoostConfig.cmake (found version "1.74.0") found components: filesystem 
[1.705s] -- library: /usr/lib/x86_64-linux-gnu/libcurl.so
[1.745s] -- Ensuring Eigen3 include directory is part of orocos-kdl CMake target
[1.908s] -- Found Boost: /usr/lib/x86_64-linux-gnu/cmake/Boost-1.74.0/BoostConfig.cmake (found version "1.74.0") found components: system filesystem date_time program_options thread chrono 
[1.943s] -- Found Boost: /usr/lib/x86_64-linux-gnu/cmake/Boost-1.74.0/BoostConfig.cmake (found version "1.74.0") found components: thread system filesystem regex date_time program_options 
[1.969s] -- Found Boost: /usr/lib/x86_64-linux-gnu/cmake/Boost-1.74.0/BoostConfig.cmake (found version "1.74.0") found components: system filesystem date_time program_options thread 
[2.004s] -- Found gazebo_msgs: 3.9.0 (/opt/ros/humble/share/gazebo_msgs/cmake)
[2.026s] -- Found ament_lint_auto: 0.12.11 (/opt/ros/humble/share/ament_lint_auto/cmake)
[2.131s] -- Added test 'cppcheck' to perform static code analysis on C / C++ code
[2.131s] -- Configured cppcheck include dirs: 
[2.131s] -- Configured cppcheck exclude dirs and/or files: 
[2.132s] -- Added test 'lint_cmake' to check CMake code style
[2.133s] -- Added test 'uncrustify' to check C / C++ code style
[2.133s] -- Configured uncrustify additional arguments: 
[2.133s] -- Added test 'xmllint' to check XML markup files
[2.135s] -- Configuring done
[2.181s] -- Generating done
[2.197s] -- Build files have been written to: /home/fra/master_ws_test/src/build/cobot_ik
[2.211s] Invoked command in '/home/fra/master_ws_test/src/build/cobot_ik' returned '0': CMAKE_PREFIX_PATH=${CMAKE_PREFIX_PATH}:/opt/ros/humble /usr/bin/cmake /home/fra/master_ws_test/src/cobot_ik -DCMAKE_INSTALL_PREFIX=/home/fra/master_ws_test/src/install/cobot_ik
[2.212s] Invoking command in '/home/fra/master_ws_test/src/build/cobot_ik': CMAKE_PREFIX_PATH=${CMAKE_PREFIX_PATH}:/opt/ros/humble /usr/bin/cmake --build /home/fra/master_ws_test/src/build/cobot_ik -- -j12 -l12
[2.258s] [ 16%] [32mBuilding CXX object CMakeFiles/test_ik.dir/src/test_ik.cpp.o[0m
[2.259s] [ 33%] [32mBuilding CXX object CMakeFiles/pick_place_fake_gripping.dir/src/pick_place_fake_gripping.cpp.o[0m
[2.263s] [ 50%] [32mBuilding CXX object CMakeFiles/pick_place.dir/src/pick_place.cpp.o[0m
[10.819s] [ 66%] [32m[1mLinking CXX executable test_ik[0m
[11.133s] [ 66%] Built target test_ik
[11.231s] [ 83%] [32m[1mLinking CXX executable pick_place[0m
[11.536s] [ 83%] Built target pick_place
[12.462s] [100%] [32m[1mLinking CXX executable pick_place_fake_gripping[0m
[12.880s] [100%] Built target pick_place_fake_gripping
[12.890s] Invoked command in '/home/fra/master_ws_test/src/build/cobot_ik' returned '0': CMAKE_PREFIX_PATH=${CMAKE_PREFIX_PATH}:/opt/ros/humble /usr/bin/cmake --build /home/fra/master_ws_test/src/build/cobot_ik -- -j12 -l12
[12.891s] Invoking command in '/home/fra/master_ws_test/src/build/cobot_ik': CMAKE_PREFIX_PATH=${CMAKE_PREFIX_PATH}:/opt/ros/humble /usr/bin/cmake --install /home/fra/master_ws_test/src/build/cobot_ik
[12.898s] -- Install configuration: ""
[12.899s] -- Installing: /home/fra/master_ws_test/src/install/cobot_ik/lib/cobot_ik/test_ik
[12.899s] -- Set runtime path of "/home/fra/master_ws_test/src/install/cobot_ik/lib/cobot_ik/test_ik" to ""
[12.899s] -- Installing: /home/fra/master_ws_test/src/install/cobot_ik/lib/cobot_ik/pick_place
[12.900s] -- Set runtime path of "/home/fra/master_ws_test/src/install/cobot_ik/lib/cobot_ik/pick_place" to ""
[12.900s] -- Installing: /home/fra/master_ws_test/src/install/cobot_ik/lib/cobot_ik/pick_place_fake_gripping
[12.901s] -- Set runtime path of "/home/fra/master_ws_test/src/install/cobot_ik/lib/cobot_ik/pick_place_fake_gripping" to ""
[12.901s] -- Installing: /home/fra/master_ws_test/src/install/cobot_ik/share/ament_index/resource_index/package_run_dependencies/cobot_ik
[12.901s] -- Installing: /home/fra/master_ws_test/src/install/cobot_ik/share/ament_index/resource_index/parent_prefix_path/cobot_ik
[12.901s] -- Installing: /home/fra/master_ws_test/src/install/cobot_ik/share/cobot_ik/environment/ament_prefix_path.sh
[12.901s] -- Installing: /home/fra/master_ws_test/src/install/cobot_ik/share/cobot_ik/environment/ament_prefix_path.dsv
[12.901s] -- Installing: /home/fra/master_ws_test/src/install/cobot_ik/share/cobot_ik/environment/path.sh
[12.901s] -- Installing: /home/fra/master_ws_test/src/install/cobot_ik/share/cobot_ik/environment/path.dsv
[12.901s] -- Installing: /home/fra/master_ws_test/src/install/cobot_ik/share/cobot_ik/local_setup.bash
[12.902s] -- Installing: /home/fra/master_ws_test/src/install/cobot_ik/share/cobot_ik/local_setup.sh
[12.902s] -- Installing: /home/fra/master_ws_test/src/install/cobot_ik/share/cobot_ik/local_setup.zsh
[12.902s] -- Installing: /home/fra/master_ws_test/src/install/cobot_ik/share/cobot_ik/local_setup.dsv
[12.902s] -- Installing: /home/fra/master_ws_test/src/install/cobot_ik/share/cobot_ik/package.dsv
[12.902s] -- Installing: /home/fra/master_ws_test/src/install/cobot_ik/share/ament_index/resource_index/packages/cobot_ik
[12.902s] -- Installing: /home/fra/master_ws_test/src/install/cobot_ik/share/cobot_ik/cmake/cobot_ikConfig.cmake
[12.902s] -- Installing: /home/fra/master_ws_test/src/install/cobot_ik/share/cobot_ik/cmake/cobot_ikConfig-version.cmake
[12.902s] -- Installing: /home/fra/master_ws_test/src/install/cobot_ik/share/cobot_ik/package.xml
[12.904s] Invoked command in '/home/fra/master_ws_test/src/build/cobot_ik' returned '0': CMAKE_PREFIX_PATH=${CMAKE_PREFIX_PATH}:/opt/ros/humble /usr/bin/cmake --install /home/fra/master_ws_test/src/build/cobot_ik
