[35m[1mConsolidate compiler generated dependencies of target gazebo_link_attacher_server[0m
[ 50%] Built target gazebo_link_attacher_server
[100%] Built target gazebo_link_attacher
-- Install configuration: ""
-- Up-to-date: /home/fra/master_ws_test/install/ros2_linkattacher/share/ros2_linkattacher/environment/library_path.sh
-- Up-to-date: /home/fra/master_ws_test/install/ros2_linkattacher/share/ros2_linkattacher/environment/library_path.dsv
-- Up-to-date: /home/fra/master_ws_test/install/ros2_linkattacher/lib/libgazebo_link_attacher.so
-- Up-to-date: /home/fra/master_ws_test/install/ros2_linkattacher/lib/ros2_linkattacher/gazebo_link_attacher_server
-- Up-to-date: /home/fra/master_ws_test/install/ros2_linkattacher/share/ament_index/resource_index/package_run_dependencies/ros2_linkattacher
-- Up-to-date: /home/fra/master_ws_test/install/ros2_linkattacher/share/ament_index/resource_index/parent_prefix_path/ros2_linkattacher
-- Up-to-date: /home/fra/master_ws_test/install/ros2_linkattacher/share/ros2_linkattacher/environment/ament_prefix_path.sh
-- Up-to-date: /home/fra/master_ws_test/install/ros2_linkattacher/share/ros2_linkattacher/environment/ament_prefix_path.dsv
-- Up-to-date: /home/fra/master_ws_test/install/ros2_linkattacher/share/ros2_linkattacher/environment/path.sh
-- Up-to-date: /home/fra/master_ws_test/install/ros2_linkattacher/share/ros2_linkattacher/environment/path.dsv
-- Up-to-date: /home/fra/master_ws_test/install/ros2_linkattacher/share/ros2_linkattacher/local_setup.bash
-- Up-to-date: /home/fra/master_ws_test/install/ros2_linkattacher/share/ros2_linkattacher/local_setup.sh
-- Up-to-date: /home/fra/master_ws_test/install/ros2_linkattacher/share/ros2_linkattacher/local_setup.zsh
-- Up-to-date: /home/fra/master_ws_test/install/ros2_linkattacher/share/ros2_linkattacher/local_setup.dsv
-- Installing: /home/fra/master_ws_test/install/ros2_linkattacher/share/ros2_linkattacher/package.dsv
-- Up-to-date: /home/fra/master_ws_test/install/ros2_linkattacher/share/ament_index/resource_index/packages/ros2_linkattacher
-- Up-to-date: /home/fra/master_ws_test/install/ros2_linkattacher/share/ros2_linkattacher/cmake/ament_cmake_export_libraries-extras.cmake
-- Up-to-date: /home/fra/master_ws_test/install/ros2_linkattacher/share/ros2_linkattacher/cmake/ros2_linkattacherConfig.cmake
-- Up-to-date: /home/fra/master_ws_test/install/ros2_linkattacher/share/ros2_linkattacher/cmake/ros2_linkattacherConfig-version.cmake
-- Up-to-date: /home/fra/master_ws_test/install/ros2_linkattacher/share/ros2_linkattacher/package.xml
