[0.012s] Invoking command in '/home/fra/master_ws_test/build/six_arm_moveit_config': CMAKE_PREFIX_PATH=/home/fra/master_ws_test/install/six_arm:/home/fra/master_ws_test/install/six_arm_moveit_config:/home/fra/master_ws_test/install/cobot_moveit_config:/home/fra/master_ws_test/install/cobot_camera_moveit_config:/home/fra/master_ws_test/install/arm_moveit_config:/home/fra/master_ws_test/install/realsense2_description:/home/fra/master_ws_test/install/realsense2_camera:/home/fra/master_ws_test/install/realsense2_camera_msgs:/home/fra/master_ws_test/install/ind_environment:/home/fra/master_ws_test/install/cobot_ik:/home/fra/ros2_master_ws/install/ind_environment:/home/fra/ros2_master_ws/install/custom_robot_moveit_config:/home/fra/ros2_master_ws/install/custom_robot_ik:/home/fra/ros2_master_ws/install/cobot_gazebo:/home/fra/ros2_master_ws/install/cobot_camera_moveit_config:/home/fra/ros2_master_ws/install/cobot_description:/opt/ros/humble /usr/bin/cmake --build /home/fra/master_ws_test/build/six_arm_moveit_config -- -j12 -l12
[0.042s] Invoked command in '/home/fra/master_ws_test/build/six_arm_moveit_config' returned '0': CMAKE_PREFIX_PATH=/home/fra/master_ws_test/install/six_arm:/home/fra/master_ws_test/install/six_arm_moveit_config:/home/fra/master_ws_test/install/cobot_moveit_config:/home/fra/master_ws_test/install/cobot_camera_moveit_config:/home/fra/master_ws_test/install/arm_moveit_config:/home/fra/master_ws_test/install/realsense2_description:/home/fra/master_ws_test/install/realsense2_camera:/home/fra/master_ws_test/install/realsense2_camera_msgs:/home/fra/master_ws_test/install/ind_environment:/home/fra/master_ws_test/install/cobot_ik:/home/fra/ros2_master_ws/install/ind_environment:/home/fra/ros2_master_ws/install/custom_robot_moveit_config:/home/fra/ros2_master_ws/install/custom_robot_ik:/home/fra/ros2_master_ws/install/cobot_gazebo:/home/fra/ros2_master_ws/install/cobot_camera_moveit_config:/home/fra/ros2_master_ws/install/cobot_description:/opt/ros/humble /usr/bin/cmake --build /home/fra/master_ws_test/build/six_arm_moveit_config -- -j12 -l12
[0.043s] Invoking command in '/home/fra/master_ws_test/build/six_arm_moveit_config': CMAKE_PREFIX_PATH=/home/fra/master_ws_test/install/six_arm:/home/fra/master_ws_test/install/six_arm_moveit_config:/home/fra/master_ws_test/install/cobot_moveit_config:/home/fra/master_ws_test/install/cobot_camera_moveit_config:/home/fra/master_ws_test/install/arm_moveit_config:/home/fra/master_ws_test/install/realsense2_description:/home/fra/master_ws_test/install/realsense2_camera:/home/fra/master_ws_test/install/realsense2_camera_msgs:/home/fra/master_ws_test/install/ind_environment:/home/fra/master_ws_test/install/cobot_ik:/home/fra/ros2_master_ws/install/ind_environment:/home/fra/ros2_master_ws/install/custom_robot_moveit_config:/home/fra/ros2_master_ws/install/custom_robot_ik:/home/fra/ros2_master_ws/install/cobot_gazebo:/home/fra/ros2_master_ws/install/cobot_camera_moveit_config:/home/fra/ros2_master_ws/install/cobot_description:/opt/ros/humble /usr/bin/cmake --install /home/fra/master_ws_test/build/six_arm_moveit_config
[0.053s] -- Install configuration: ""
[0.053s] -- Up-to-date: /home/fra/master_ws_test/install/six_arm_moveit_config/share/ament_index/resource_index/package_run_dependencies/six_arm_moveit_config
[0.053s] -- Up-to-date: /home/fra/master_ws_test/install/six_arm_moveit_config/share/ament_index/resource_index/parent_prefix_path/six_arm_moveit_config
[0.053s] -- Up-to-date: /home/fra/master_ws_test/install/six_arm_moveit_config/share/six_arm_moveit_config/environment/ament_prefix_path.sh
[0.054s] -- Up-to-date: /home/fra/master_ws_test/install/six_arm_moveit_config/share/six_arm_moveit_config/environment/ament_prefix_path.dsv
[0.054s] -- Up-to-date: /home/fra/master_ws_test/install/six_arm_moveit_config/share/six_arm_moveit_config/environment/path.sh
[0.054s] -- Up-to-date: /home/fra/master_ws_test/install/six_arm_moveit_config/share/six_arm_moveit_config/environment/path.dsv
[0.054s] -- Up-to-date: /home/fra/master_ws_test/install/six_arm_moveit_config/share/six_arm_moveit_config/local_setup.bash
[0.054s] -- Up-to-date: /home/fra/master_ws_test/install/six_arm_moveit_config/share/six_arm_moveit_config/local_setup.sh
[0.054s] -- Up-to-date: /home/fra/master_ws_test/install/six_arm_moveit_config/share/six_arm_moveit_config/local_setup.zsh
[0.054s] -- Up-to-date: /home/fra/master_ws_test/install/six_arm_moveit_config/share/six_arm_moveit_config/local_setup.dsv
[0.054s] -- Installing: /home/fra/master_ws_test/install/six_arm_moveit_config/share/six_arm_moveit_config/package.dsv
[0.054s] -- Up-to-date: /home/fra/master_ws_test/install/six_arm_moveit_config/share/ament_index/resource_index/packages/six_arm_moveit_config
[0.054s] -- Up-to-date: /home/fra/master_ws_test/install/six_arm_moveit_config/share/six_arm_moveit_config/cmake/six_arm_moveit_configConfig.cmake
[0.054s] -- Up-to-date: /home/fra/master_ws_test/install/six_arm_moveit_config/share/six_arm_moveit_config/cmake/six_arm_moveit_configConfig-version.cmake
[0.054s] -- Up-to-date: /home/fra/master_ws_test/install/six_arm_moveit_config/share/six_arm_moveit_config/package.xml
[0.054s] -- Up-to-date: /home/fra/master_ws_test/install/six_arm_moveit_config/share/six_arm_moveit_config/launch
[0.054s] -- Up-to-date: /home/fra/master_ws_test/install/six_arm_moveit_config/share/six_arm_moveit_config/launch/demo_try2.launch.py
[0.054s] -- Up-to-date: /home/fra/master_ws_test/install/six_arm_moveit_config/share/six_arm_moveit_config/launch/demo.launch.py
[0.054s] -- Up-to-date: /home/fra/master_ws_test/install/six_arm_moveit_config/share/six_arm_moveit_config/launch/warehouse_db.launch.py
[0.054s] -- Up-to-date: /home/fra/master_ws_test/install/six_arm_moveit_config/share/six_arm_moveit_config/launch/rsp.launch.py
[0.055s] -- Up-to-date: /home/fra/master_ws_test/install/six_arm_moveit_config/share/six_arm_moveit_config/launch/spawn_controllers.launch.py
[0.055s] -- Up-to-date: /home/fra/master_ws_test/install/six_arm_moveit_config/share/six_arm_moveit_config/launch/moveit.rviz
[0.055s] -- Up-to-date: /home/fra/master_ws_test/install/six_arm_moveit_config/share/six_arm_moveit_config/launch/setup_assistant.launch.py
[0.055s] -- Up-to-date: /home/fra/master_ws_test/install/six_arm_moveit_config/share/six_arm_moveit_config/launch/demo_try.launch.py
[0.055s] -- Up-to-date: /home/fra/master_ws_test/install/six_arm_moveit_config/share/six_arm_moveit_config/launch/moveit_empty.rviz
[0.055s] -- Up-to-date: /home/fra/master_ws_test/install/six_arm_moveit_config/share/six_arm_moveit_config/launch/moveit_rviz.launch.py
[0.055s] -- Up-to-date: /home/fra/master_ws_test/install/six_arm_moveit_config/share/six_arm_moveit_config/launch/move_group.launch.py
[0.055s] -- Up-to-date: /home/fra/master_ws_test/install/six_arm_moveit_config/share/six_arm_moveit_config/launch/static_virtual_joint_tfs.launch.py
[0.055s] -- Up-to-date: /home/fra/master_ws_test/install/six_arm_moveit_config/share/six_arm_moveit_config/launch/demo_with_controllers.launch.py
[0.055s] -- Up-to-date: /home/fra/master_ws_test/install/six_arm_moveit_config/share/six_arm_moveit_config/config
[0.055s] -- Up-to-date: /home/fra/master_ws_test/install/six_arm_moveit_config/share/six_arm_moveit_config/config/initial_positions.yaml
[0.055s] -- Up-to-date: /home/fra/master_ws_test/install/six_arm_moveit_config/share/six_arm_moveit_config/config/kinematics.yaml
[0.055s] -- Up-to-date: /home/fra/master_ws_test/install/six_arm_moveit_config/share/six_arm_moveit_config/config/joint_limits.yaml
[0.055s] -- Up-to-date: /home/fra/master_ws_test/install/six_arm_moveit_config/share/six_arm_moveit_config/config/chomp_planning.yaml
[0.055s] -- Up-to-date: /home/fra/master_ws_test/install/six_arm_moveit_config/share/six_arm_moveit_config/config/custom_robot.urdf.xacro
[0.055s] -- Up-to-date: /home/fra/master_ws_test/install/six_arm_moveit_config/share/six_arm_moveit_config/config/moveit_controllers.yaml
[0.055s] -- Up-to-date: /home/fra/master_ws_test/install/six_arm_moveit_config/share/six_arm_moveit_config/config/pilz_industrial_motion_planner_planning.yaml
[0.055s] -- Up-to-date: /home/fra/master_ws_test/install/six_arm_moveit_config/share/six_arm_moveit_config/config/pilz_cartesian_limits.yaml
[0.056s] -- Up-to-date: /home/fra/master_ws_test/install/six_arm_moveit_config/share/six_arm_moveit_config/config/sensors_3d.yaml
[0.056s] -- Up-to-date: /home/fra/master_ws_test/install/six_arm_moveit_config/share/six_arm_moveit_config/config/ompl_planning.yaml
[0.056s] -- Up-to-date: /home/fra/master_ws_test/install/six_arm_moveit_config/share/six_arm_moveit_config/config/moveit.rviz
[0.056s] -- Up-to-date: /home/fra/master_ws_test/install/six_arm_moveit_config/share/six_arm_moveit_config/config/lerp_planning.yaml
[0.056s] -- Up-to-date: /home/fra/master_ws_test/install/six_arm_moveit_config/share/six_arm_moveit_config/config/custom_robot.ros2_control.xacro
[0.056s] -- Up-to-date: /home/fra/master_ws_test/install/six_arm_moveit_config/share/six_arm_moveit_config/config/ros2_controllers.yaml
[0.056s] -- Up-to-date: /home/fra/master_ws_test/install/six_arm_moveit_config/share/six_arm_moveit_config/config/trajopt_planning.yaml
[0.056s] -- Up-to-date: /home/fra/master_ws_test/install/six_arm_moveit_config/share/six_arm_moveit_config/config/custom_robot.srdf
[0.056s] -- Up-to-date: /home/fra/master_ws_test/install/six_arm_moveit_config/share/six_arm_moveit_config/urdf
[0.056s] -- Up-to-date: /home/fra/master_ws_test/install/six_arm_moveit_config/share/six_arm_moveit_config/urdf/cobot_camera.urdf.xacro
[0.056s] -- Up-to-date: /home/fra/master_ws_test/install/six_arm_moveit_config/share/six_arm_moveit_config/.setup_assistant
[0.078s] Invoked command in '/home/fra/master_ws_test/build/six_arm_moveit_config' returned '0': CMAKE_PREFIX_PATH=/home/fra/master_ws_test/install/six_arm:/home/fra/master_ws_test/install/six_arm_moveit_config:/home/fra/master_ws_test/install/cobot_moveit_config:/home/fra/master_ws_test/install/cobot_camera_moveit_config:/home/fra/master_ws_test/install/arm_moveit_config:/home/fra/master_ws_test/install/realsense2_description:/home/fra/master_ws_test/install/realsense2_camera:/home/fra/master_ws_test/install/realsense2_camera_msgs:/home/fra/master_ws_test/install/ind_environment:/home/fra/master_ws_test/install/cobot_ik:/home/fra/ros2_master_ws/install/ind_environment:/home/fra/ros2_master_ws/install/custom_robot_moveit_config:/home/fra/ros2_master_ws/install/custom_robot_ik:/home/fra/ros2_master_ws/install/cobot_gazebo:/home/fra/ros2_master_ws/install/cobot_camera_moveit_config:/home/fra/ros2_master_ws/install/cobot_description:/opt/ros/humble /usr/bin/cmake --install /home/fra/master_ws_test/build/six_arm_moveit_config
