[0.011s] Invoking command in '/home/fra/master_ws_test/src/build/ros2_linkattacher': AMENT_PREFIX_PATH=/home/fra/master_ws_test/src/install/linkattacher_msgs:${AMENT_PREFIX_PATH} CMAKE_PREFIX_PATH=/home/fra/master_ws_test/src/install/linkattacher_msgs:/home/fra/master_ws_test/install/six_arm_moveit_config:/home/fra/master_ws_test/install/cobot_moveit_config:/home/fra/master_ws_test/install/cobot_camera_moveit_config:/home/fra/master_ws_test/install/arm_moveit_config:/home/fra/master_ws_test/install/six_arm:/home/fra/master_ws_test/install/ros2_linkattacher:/home/fra/master_ws_test/install/realsense2_description:/home/fra/master_ws_test/install/realsense2_camera:/home/fra/master_ws_test/install/realsense2_camera_msgs:/home/fra/master_ws_test/install/linkattacher_msgs:/home/fra/master_ws_test/install/ind_environment:/home/fra/master_ws_test/install/cobot_ik:/home/fra/ros2_master_ws/install/ind_environment:/home/fra/ros2_master_ws/install/custom_robot_moveit_config:/home/fra/ros2_master_ws/install/custom_robot_ik:/home/fra/ros2_master_ws/install/cobot_gazebo:/home/fra/ros2_master_ws/install/cobot_camera_moveit_config:/home/fra/ros2_master_ws/install/cobot_description:/opt/ros/humble LD_LIBRARY_PATH=/home/fra/master_ws_test/src/install/linkattacher_msgs/lib:${LD_LIBRARY_PATH} PYTHONPATH=/home/fra/master_ws_test/src/install/linkattacher_msgs/local/lib/python3.10/dist-packages:${PYTHONPATH} /usr/bin/cmake /home/fra/master_ws_test/src/IFRA_LinkAttacher/ros2_LinkAttacher -DCMAKE_INSTALL_PREFIX=/home/fra/master_ws_test/src/install/ros2_linkattacher
[0.062s] -- The C compiler identification is GNU 11.4.0
[0.113s] -- The CXX compiler identification is GNU 11.4.0
[0.119s] -- Detecting C compiler ABI info
[0.178s] -- Detecting C compiler ABI info - done
[0.188s] -- Check for working C compiler: /usr/bin/cc - skipped
[0.188s] -- Detecting C compile features
[0.188s] -- Detecting C compile features - done
[0.192s] -- Detecting CXX compiler ABI info
[0.265s] -- Detecting CXX compiler ABI info - done
[0.273s] -- Check for working CXX compiler: /usr/bin/c++ - skipped
[0.273s] -- Detecting CXX compile features
[0.274s] -- Detecting CXX compile features - done
[0.277s] -- Found ament_cmake: 1.3.11 (/opt/ros/humble/share/ament_cmake/cmake)
[0.650s] -- Found Python3: /usr/bin/python3 (found version "3.10.12") found components: Interpreter 
[0.753s] -- Found ament_lint_auto: 0.12.11 (/opt/ros/humble/share/ament_lint_auto/cmake)
[0.883s] -- Found gazebo_ros: 3.9.0 (/opt/ros/humble/share/gazebo_ros/cmake)
[0.955s] -- Found rosidl_generator_c: 3.1.6 (/opt/ros/humble/share/rosidl_generator_c/cmake)
[0.963s] -- Found rosidl_adapter: 3.1.6 (/opt/ros/humble/share/rosidl_adapter/cmake)
[0.974s] -- Found rosidl_generator_cpp: 3.1.6 (/opt/ros/humble/share/rosidl_generator_cpp/cmake)
[0.990s] -- Using all available rosidl_typesupport_c: rosidl_typesupport_fastrtps_c;rosidl_typesupport_introspection_c
[1.012s] -- Using all available rosidl_typesupport_cpp: rosidl_typesupport_fastrtps_cpp;rosidl_typesupport_introspection_cpp
[1.075s] -- Found rmw_implementation_cmake: 6.1.2 (/opt/ros/humble/share/rmw_implementation_cmake/cmake)
[1.080s] -- Found rmw_fastrtps_cpp: 6.2.7 (/opt/ros/humble/share/rmw_fastrtps_cpp/cmake)
[1.188s] -- Found OpenSSL: /usr/lib/x86_64-linux-gnu/libcrypto.so (found version "3.0.2")  
[1.220s] -- Found FastRTPS: /opt/ros/humble/include  
[1.268s] -- Using RMW implementation 'rmw_fastrtps_cpp' as default
[1.281s] -- Looking for pthread.h
[1.349s] -- Looking for pthread.h - found
[1.350s] -- Performing Test CMAKE_HAVE_LIBC_PTHREAD
[1.436s] -- Performing Test CMAKE_HAVE_LIBC_PTHREAD - Success
[1.437s] -- Found Threads: TRUE  
[1.514s] -- Found PkgConfig: /usr/bin/pkg-config (found version "0.29.2") 
[1.515s] -- Checking for module 'bullet>=2.82'
[1.531s] --   Found bullet, version 3.05
[1.685s] -- Found fcl: /usr/include (found suitable version "0.7.0", minimum required is "0.5.0") 
[1.751s] -- Found assimp: /usr/include (found version "5.2.0") 
[1.786s] -- Found DART: /usr/include (Required is at least version "6.6") found components: dart 
[1.837s] -- Found Boost: /usr/lib/x86_64-linux-gnu/cmake/Boost-1.74.0/BoostConfig.cmake (found suitable version "1.74.0", minimum required is "1.40.0") found components: thread system filesystem program_options regex iostreams date_time 
[1.854s] -- Found Protobuf: /usr/lib/x86_64-linux-gnu/libprotobuf.so (found version "3.12.4") 
[1.861s] -- Looking for ignition-math6 -- found version 6.15.1
[1.867s] -- Searching for dependencies of ignition-math6
[1.869s] -- Looking for OGRE...
[1.869s] -- OGRE_PREFIX_WATCH changed.
[1.874s] -- Checking for module 'OGRE'
[1.886s] --   Found OGRE, version 1.9.0
[1.918s] -- Found Ogre Ghadamon (1.9.0)
[1.928s] -- Found OGRE: optimized;/usr/lib/x86_64-linux-gnu/libOgreMain.so;debug;/usr/lib/x86_64-linux-gnu/libOgreMain.so
[1.938s] -- Looking for OGRE_Paging...
[1.947s] -- Found OGRE_Paging: optimized;/usr/lib/x86_64-linux-gnu/libOgrePaging.so;debug;/usr/lib/x86_64-linux-gnu/libOgrePaging.so
[1.947s] -- Looking for OGRE_Terrain...
[1.956s] -- Found OGRE_Terrain: optimized;/usr/lib/x86_64-linux-gnu/libOgreTerrain.so;debug;/usr/lib/x86_64-linux-gnu/libOgreTerrain.so
[1.956s] -- Looking for OGRE_Property...
[1.964s] -- Found OGRE_Property: optimized;/usr/lib/x86_64-linux-gnu/libOgreProperty.so;debug;/usr/lib/x86_64-linux-gnu/libOgreProperty.so
[1.964s] -- Looking for OGRE_RTShaderSystem...
[1.973s] -- Found OGRE_RTShaderSystem: optimized;/usr/lib/x86_64-linux-gnu/libOgreRTShaderSystem.so;debug;/usr/lib/x86_64-linux-gnu/libOgreRTShaderSystem.so
[1.973s] -- Looking for OGRE_Volume...
[1.981s] -- Found OGRE_Volume: optimized;/usr/lib/x86_64-linux-gnu/libOgreVolume.so;debug;/usr/lib/x86_64-linux-gnu/libOgreVolume.so
[1.981s] -- Looking for OGRE_Overlay...
[1.989s] -- Found OGRE_Overlay: optimized;/usr/lib/x86_64-linux-gnu/libOgreOverlay.so;debug;/usr/lib/x86_64-linux-gnu/libOgreOverlay.so
[2.199s] -- Looking for ignition-math6 -- found version 6.15.1
[2.203s] -- Looking for ignition-transport8 -- found version 8.2.1
[2.203s] -- Searching for dependencies of ignition-transport8
[2.222s] -- Found Protobuf: /usr/lib/x86_64-linux-gnu/libprotobuf.so (found suitable version "3.12.4", minimum required is "3") 
[2.234s] -- Config-file not installed for ZeroMQ -- checking for pkg-config
[2.239s] -- Checking for module 'libzmq >= 4'
[2.261s] --   Found libzmq , version 4.3.4
[2.304s] -- Found ZeroMQ: TRUE (Required is at least version "4") 
[2.310s] -- Checking for module 'uuid'
[2.325s] --   Found uuid, version 2.37.2
[2.360s] -- Found UUID: TRUE  
[2.364s] -- Looking for ignition-msgs5 -- found version 5.8.1
[2.365s] -- Searching for dependencies of ignition-msgs5
[2.386s] -- Looking for ignition-math6 -- found version 6.15.1
[2.393s] -- Checking for module 'tinyxml2'
[2.407s] --   Found tinyxml2, version 9.0.0
[2.448s] -- Looking for ignition-msgs5 -- found version 5.8.1
[2.454s] -- Looking for ignition-common3 -- found version 3.14.0
[2.455s] -- Searching for dependencies of ignition-common3
[2.456s] -- Looking for dlfcn.h - found
[2.458s] -- Looking for libdl - found
[2.460s] -- Found DL: TRUE  
[2.477s] -- Found tinyobjloader: /usr/lib/x86_64-linux-gnu/cmake/tinyobjloader/tinyobjloader-config.cmake (found version "2.0.0") 
[2.478s] -- Searching for <ignition-common3> component [graphics]
[2.481s] -- Looking for ignition-common3-graphics -- found version 3.14.0
[2.481s] -- Searching for dependencies of ignition-common3-graphics
[2.482s] -- Looking for ignition-math6 -- found version 6.15.1
[2.486s] -- Looking for ignition-fuel_tools4 -- found version 4.4.0
[2.486s] -- Searching for dependencies of ignition-fuel_tools4
[2.584s] -- Found CURL: /usr/lib/x86_64-linux-gnu/libcurl.so (found version "7.81.0")  
[2.597s] -- Checking for module 'jsoncpp'
[2.615s] --   Found jsoncpp, version 1.9.5
[2.652s] -- Found JSONCPP: TRUE  
[2.660s] -- Checking for module 'libzip'
[2.675s] --   Found libzip, version 1.7.3
[2.709s] -- Found ZIP: TRUE  
[2.709s] -- Looking for ignition-common3 -- found version 3.14.0
[2.710s] -- Looking for ignition-math6 -- found version 6.15.1
[2.711s] -- Looking for ignition-msgs5 -- found version 5.8.1
[2.718s] -- Gazebo version: 11.10
[2.718s] -- Checking for module 'tbb'
[2.734s] --   Found tbb, version 2021.5.0
[2.777s] -- Found gazebo_msgs: 3.9.0 (/opt/ros/humble/share/gazebo_msgs/cmake)
[2.845s] -- Found linkattacher_msgs: 0.0.0 (/home/fra/master_ws_test/src/install/linkattacher_msgs/share/linkattacher_msgs/cmake)
[2.868s] -- Added test 'copyright' to check source files copyright and LICENSE
[2.869s] -- Added test 'cppcheck' to perform static code analysis on C / C++ code
[2.870s] -- Configured cppcheck include dirs: /home/fra/master_ws_test/src/IFRA_LinkAttacher/ros2_LinkAttacher/include
[2.870s] -- Configured cppcheck exclude dirs and/or files: 
[2.871s] -- Added test 'cpplint' to check C / C++ code against the Google style
[2.871s] -- Configured cpplint exclude dirs and/or files: 
[2.871s] -- Added test 'lint_cmake' to check CMake code style
[2.873s] -- Added test 'uncrustify' to check C / C++ code style
[2.873s] -- Configured uncrustify additional arguments: 
[2.874s] -- Added test 'xmllint' to check XML markup files
[2.876s] -- Configuring done
[2.902s] -- Generating done
[2.908s] -- Build files have been written to: /home/fra/master_ws_test/src/build/ros2_linkattacher
[2.922s] Invoked command in '/home/fra/master_ws_test/src/build/ros2_linkattacher' returned '0': AMENT_PREFIX_PATH=/home/fra/master_ws_test/src/install/linkattacher_msgs:${AMENT_PREFIX_PATH} CMAKE_PREFIX_PATH=/home/fra/master_ws_test/src/install/linkattacher_msgs:/home/fra/master_ws_test/install/six_arm_moveit_config:/home/fra/master_ws_test/install/cobot_moveit_config:/home/fra/master_ws_test/install/cobot_camera_moveit_config:/home/fra/master_ws_test/install/arm_moveit_config:/home/fra/master_ws_test/install/six_arm:/home/fra/master_ws_test/install/ros2_linkattacher:/home/fra/master_ws_test/install/realsense2_description:/home/fra/master_ws_test/install/realsense2_camera:/home/fra/master_ws_test/install/realsense2_camera_msgs:/home/fra/master_ws_test/install/linkattacher_msgs:/home/fra/master_ws_test/install/ind_environment:/home/fra/master_ws_test/install/cobot_ik:/home/fra/ros2_master_ws/install/ind_environment:/home/fra/ros2_master_ws/install/custom_robot_moveit_config:/home/fra/ros2_master_ws/install/custom_robot_ik:/home/fra/ros2_master_ws/install/cobot_gazebo:/home/fra/ros2_master_ws/install/cobot_camera_moveit_config:/home/fra/ros2_master_ws/install/cobot_description:/opt/ros/humble LD_LIBRARY_PATH=/home/fra/master_ws_test/src/install/linkattacher_msgs/lib:${LD_LIBRARY_PATH} PYTHONPATH=/home/fra/master_ws_test/src/install/linkattacher_msgs/local/lib/python3.10/dist-packages:${PYTHONPATH} /usr/bin/cmake /home/fra/master_ws_test/src/IFRA_LinkAttacher/ros2_LinkAttacher -DCMAKE_INSTALL_PREFIX=/home/fra/master_ws_test/src/install/ros2_linkattacher
[2.924s] Invoking command in '/home/fra/master_ws_test/src/build/ros2_linkattacher': AMENT_PREFIX_PATH=/home/fra/master_ws_test/src/install/linkattacher_msgs:${AMENT_PREFIX_PATH} CMAKE_PREFIX_PATH=/home/fra/master_ws_test/src/install/linkattacher_msgs:/home/fra/master_ws_test/install/six_arm_moveit_config:/home/fra/master_ws_test/install/cobot_moveit_config:/home/fra/master_ws_test/install/cobot_camera_moveit_config:/home/fra/master_ws_test/install/arm_moveit_config:/home/fra/master_ws_test/install/six_arm:/home/fra/master_ws_test/install/ros2_linkattacher:/home/fra/master_ws_test/install/realsense2_description:/home/fra/master_ws_test/install/realsense2_camera:/home/fra/master_ws_test/install/realsense2_camera_msgs:/home/fra/master_ws_test/install/linkattacher_msgs:/home/fra/master_ws_test/install/ind_environment:/home/fra/master_ws_test/install/cobot_ik:/home/fra/ros2_master_ws/install/ind_environment:/home/fra/ros2_master_ws/install/custom_robot_moveit_config:/home/fra/ros2_master_ws/install/custom_robot_ik:/home/fra/ros2_master_ws/install/cobot_gazebo:/home/fra/ros2_master_ws/install/cobot_camera_moveit_config:/home/fra/ros2_master_ws/install/cobot_description:/opt/ros/humble LD_LIBRARY_PATH=/home/fra/master_ws_test/src/install/linkattacher_msgs/lib:${LD_LIBRARY_PATH} PYTHONPATH=/home/fra/master_ws_test/src/install/linkattacher_msgs/local/lib/python3.10/dist-packages:${PYTHONPATH} /usr/bin/cmake --build /home/fra/master_ws_test/src/build/ros2_linkattacher -- -j12 -l12
[2.974s] [ 50%] [32mBuilding CXX object CMakeFiles/gazebo_link_attacher.dir/src/gazebo_link_attacher.cpp.o[0m
[14.788s] [100%] [32m[1mLinking CXX shared library libgazebo_link_attacher.so[0m
[15.246s] [100%] Built target gazebo_link_attacher
[15.259s] Invoked command in '/home/fra/master_ws_test/src/build/ros2_linkattacher' returned '0': AMENT_PREFIX_PATH=/home/fra/master_ws_test/src/install/linkattacher_msgs:${AMENT_PREFIX_PATH} CMAKE_PREFIX_PATH=/home/fra/master_ws_test/src/install/linkattacher_msgs:/home/fra/master_ws_test/install/six_arm_moveit_config:/home/fra/master_ws_test/install/cobot_moveit_config:/home/fra/master_ws_test/install/cobot_camera_moveit_config:/home/fra/master_ws_test/install/arm_moveit_config:/home/fra/master_ws_test/install/six_arm:/home/fra/master_ws_test/install/ros2_linkattacher:/home/fra/master_ws_test/install/realsense2_description:/home/fra/master_ws_test/install/realsense2_camera:/home/fra/master_ws_test/install/realsense2_camera_msgs:/home/fra/master_ws_test/install/linkattacher_msgs:/home/fra/master_ws_test/install/ind_environment:/home/fra/master_ws_test/install/cobot_ik:/home/fra/ros2_master_ws/install/ind_environment:/home/fra/ros2_master_ws/install/custom_robot_moveit_config:/home/fra/ros2_master_ws/install/custom_robot_ik:/home/fra/ros2_master_ws/install/cobot_gazebo:/home/fra/ros2_master_ws/install/cobot_camera_moveit_config:/home/fra/ros2_master_ws/install/cobot_description:/opt/ros/humble LD_LIBRARY_PATH=/home/fra/master_ws_test/src/install/linkattacher_msgs/lib:${LD_LIBRARY_PATH} PYTHONPATH=/home/fra/master_ws_test/src/install/linkattacher_msgs/local/lib/python3.10/dist-packages:${PYTHONPATH} /usr/bin/cmake --build /home/fra/master_ws_test/src/build/ros2_linkattacher -- -j12 -l12
[15.261s] Invoking command in '/home/fra/master_ws_test/src/build/ros2_linkattacher': AMENT_PREFIX_PATH=/home/fra/master_ws_test/src/install/linkattacher_msgs:${AMENT_PREFIX_PATH} CMAKE_PREFIX_PATH=/home/fra/master_ws_test/src/install/linkattacher_msgs:/home/fra/master_ws_test/install/six_arm_moveit_config:/home/fra/master_ws_test/install/cobot_moveit_config:/home/fra/master_ws_test/install/cobot_camera_moveit_config:/home/fra/master_ws_test/install/arm_moveit_config:/home/fra/master_ws_test/install/six_arm:/home/fra/master_ws_test/install/ros2_linkattacher:/home/fra/master_ws_test/install/realsense2_description:/home/fra/master_ws_test/install/realsense2_camera:/home/fra/master_ws_test/install/realsense2_camera_msgs:/home/fra/master_ws_test/install/linkattacher_msgs:/home/fra/master_ws_test/install/ind_environment:/home/fra/master_ws_test/install/cobot_ik:/home/fra/ros2_master_ws/install/ind_environment:/home/fra/ros2_master_ws/install/custom_robot_moveit_config:/home/fra/ros2_master_ws/install/custom_robot_ik:/home/fra/ros2_master_ws/install/cobot_gazebo:/home/fra/ros2_master_ws/install/cobot_camera_moveit_config:/home/fra/ros2_master_ws/install/cobot_description:/opt/ros/humble LD_LIBRARY_PATH=/home/fra/master_ws_test/src/install/linkattacher_msgs/lib:${LD_LIBRARY_PATH} PYTHONPATH=/home/fra/master_ws_test/src/install/linkattacher_msgs/local/lib/python3.10/dist-packages:${PYTHONPATH} /usr/bin/cmake --install /home/fra/master_ws_test/src/build/ros2_linkattacher
[15.267s] -- Install configuration: ""
[15.267s] -- Installing: /home/fra/master_ws_test/src/install/ros2_linkattacher/share/ros2_linkattacher/environment/library_path.sh
[15.267s] -- Installing: /home/fra/master_ws_test/src/install/ros2_linkattacher/share/ros2_linkattacher/environment/library_path.dsv
[15.267s] -- Installing: /home/fra/master_ws_test/src/install/ros2_linkattacher/lib/libgazebo_link_attacher.so
[15.270s] -- Set runtime path of "/home/fra/master_ws_test/src/install/ros2_linkattacher/lib/libgazebo_link_attacher.so" to ""
[15.270s] -- Installing: /home/fra/master_ws_test/src/install/ros2_linkattacher/share/ament_index/resource_index/package_run_dependencies/ros2_linkattacher
[15.270s] -- Installing: /home/fra/master_ws_test/src/install/ros2_linkattacher/share/ament_index/resource_index/parent_prefix_path/ros2_linkattacher
[15.270s] -- Installing: /home/fra/master_ws_test/src/install/ros2_linkattacher/share/ros2_linkattacher/environment/ament_prefix_path.sh
[15.270s] -- Installing: /home/fra/master_ws_test/src/install/ros2_linkattacher/share/ros2_linkattacher/environment/ament_prefix_path.dsv
[15.270s] -- Installing: /home/fra/master_ws_test/src/install/ros2_linkattacher/share/ros2_linkattacher/environment/path.sh
[15.270s] -- Installing: /home/fra/master_ws_test/src/install/ros2_linkattacher/share/ros2_linkattacher/environment/path.dsv
[15.270s] -- Installing: /home/fra/master_ws_test/src/install/ros2_linkattacher/share/ros2_linkattacher/local_setup.bash
[15.271s] -- Installing: /home/fra/master_ws_test/src/install/ros2_linkattacher/share/ros2_linkattacher/local_setup.sh
[15.271s] -- Installing: /home/fra/master_ws_test/src/install/ros2_linkattacher/share/ros2_linkattacher/local_setup.zsh
[15.271s] -- Installing: /home/fra/master_ws_test/src/install/ros2_linkattacher/share/ros2_linkattacher/local_setup.dsv
[15.271s] -- Installing: /home/fra/master_ws_test/src/install/ros2_linkattacher/share/ros2_linkattacher/package.dsv
[15.271s] -- Installing: /home/fra/master_ws_test/src/install/ros2_linkattacher/share/ament_index/resource_index/packages/ros2_linkattacher
[15.271s] -- Installing: /home/fra/master_ws_test/src/install/ros2_linkattacher/share/ros2_linkattacher/cmake/ament_cmake_export_libraries-extras.cmake
[15.271s] -- Installing: /home/fra/master_ws_test/src/install/ros2_linkattacher/share/ros2_linkattacher/cmake/ros2_linkattacherConfig.cmake
[15.271s] -- Installing: /home/fra/master_ws_test/src/install/ros2_linkattacher/share/ros2_linkattacher/cmake/ros2_linkattacherConfig-version.cmake
[15.271s] -- Installing: /home/fra/master_ws_test/src/install/ros2_linkattacher/share/ros2_linkattacher/package.xml
[15.273s] Invoked command in '/home/fra/master_ws_test/src/build/ros2_linkattacher' returned '0': AMENT_PREFIX_PATH=/home/fra/master_ws_test/src/install/linkattacher_msgs:${AMENT_PREFIX_PATH} CMAKE_PREFIX_PATH=/home/fra/master_ws_test/src/install/linkattacher_msgs:/home/fra/master_ws_test/install/six_arm_moveit_config:/home/fra/master_ws_test/install/cobot_moveit_config:/home/fra/master_ws_test/install/cobot_camera_moveit_config:/home/fra/master_ws_test/install/arm_moveit_config:/home/fra/master_ws_test/install/six_arm:/home/fra/master_ws_test/install/ros2_linkattacher:/home/fra/master_ws_test/install/realsense2_description:/home/fra/master_ws_test/install/realsense2_camera:/home/fra/master_ws_test/install/realsense2_camera_msgs:/home/fra/master_ws_test/install/linkattacher_msgs:/home/fra/master_ws_test/install/ind_environment:/home/fra/master_ws_test/install/cobot_ik:/home/fra/ros2_master_ws/install/ind_environment:/home/fra/ros2_master_ws/install/custom_robot_moveit_config:/home/fra/ros2_master_ws/install/custom_robot_ik:/home/fra/ros2_master_ws/install/cobot_gazebo:/home/fra/ros2_master_ws/install/cobot_camera_moveit_config:/home/fra/ros2_master_ws/install/cobot_description:/opt/ros/humble LD_LIBRARY_PATH=/home/fra/master_ws_test/src/install/linkattacher_msgs/lib:${LD_LIBRARY_PATH} PYTHONPATH=/home/fra/master_ws_test/src/install/linkattacher_msgs/local/lib/python3.10/dist-packages:${PYTHONPATH} /usr/bin/cmake --install /home/fra/master_ws_test/src/build/ros2_linkattacher
