[0.036s] Invoking command in '/home/fra/master_ws_test/build/six_arm': CMAKE_PREFIX_PATH=${CMAKE_PREFIX_PATH}:/home/fra/master_ws_test/install/rqt_joint_trajectory_controller:/home/fra/master_ws_test/install/rqt_controller_manager:/home/fra/master_ws_test/install/ros2controlcli:/home/fra/master_ws_test/install/ros2_controllers_test_nodes:/home/fra/master_ws_test/install/ros2_control_demo_testing:/home/fra/ros2_ws/install/python_pkg:/opt/ros/humble /usr/bin/cmake /home/fra/master_ws_test/src/six_arm -DAMENT_CMAKE_SYMLINK_INSTALL=1 -DCMAKE_INSTALL_PREFIX=/home/fra/master_ws_test/install/six_arm
[0.213s] -- The C compiler identification is GNU 11.4.0
[0.392s] -- The CXX compiler identification is GNU 11.4.0
[0.416s] -- Detecting C compiler ABI info
[0.640s] -- Detecting C compiler ABI info - done
[0.668s] -- Check for working C compiler: /usr/bin/cc - skipped
[0.669s] -- Detecting C compile features
[0.671s] -- Detecting C compile features - done
[0.681s] -- Detecting CXX compiler ABI info
[0.957s] -- Detecting CXX compiler ABI info - done
[0.986s] -- Check for working CXX compiler: /usr/bin/c++ - skipped
[0.987s] -- Detecting CXX compile features
[0.989s] -- Detecting CXX compile features - done
[0.996s] -- Found ament_cmake: 1.3.11 (/opt/ros/humble/share/ament_cmake/cmake)
[2.309s] -- Found Python3: /usr/bin/python3 (found version "3.10.12") found components: Interpreter 
[2.539s] -- Override CMake install command with custom implementation using symlinks instead of copying resources
[2.638s] -- Found ament_lint_auto: 0.12.11 (/opt/ros/humble/share/ament_lint_auto/cmake)
[2.988s] -- Added test 'flake8' to check Python code syntax and style conventions
[2.993s] -- Added test 'lint_cmake' to check CMake code style
[2.997s] -- Added test 'pep257' to check Python code against some of the docstring style conventions in PEP 257
[3.004s] -- Added test 'xmllint' to check XML markup files
[3.014s] -- Configuring done
[3.023s] -- Generating done
[3.027s] -- Build files have been written to: /home/fra/master_ws_test/build/six_arm
[3.039s] Invoked command in '/home/fra/master_ws_test/build/six_arm' returned '0': CMAKE_PREFIX_PATH=${CMAKE_PREFIX_PATH}:/home/fra/master_ws_test/install/rqt_joint_trajectory_controller:/home/fra/master_ws_test/install/rqt_controller_manager:/home/fra/master_ws_test/install/ros2controlcli:/home/fra/master_ws_test/install/ros2_controllers_test_nodes:/home/fra/master_ws_test/install/ros2_control_demo_testing:/home/fra/ros2_ws/install/python_pkg:/opt/ros/humble /usr/bin/cmake /home/fra/master_ws_test/src/six_arm -DAMENT_CMAKE_SYMLINK_INSTALL=1 -DCMAKE_INSTALL_PREFIX=/home/fra/master_ws_test/install/six_arm
[3.046s] Invoking command in '/home/fra/master_ws_test/build/six_arm': CMAKE_PREFIX_PATH=${CMAKE_PREFIX_PATH}:/home/fra/master_ws_test/install/rqt_joint_trajectory_controller:/home/fra/master_ws_test/install/rqt_controller_manager:/home/fra/master_ws_test/install/ros2controlcli:/home/fra/master_ws_test/install/ros2_controllers_test_nodes:/home/fra/master_ws_test/install/ros2_control_demo_testing:/home/fra/ros2_ws/install/python_pkg:/opt/ros/humble /usr/bin/cmake --build /home/fra/master_ws_test/build/six_arm -- -j12 -l12
[3.172s] Invoked command in '/home/fra/master_ws_test/build/six_arm' returned '0': CMAKE_PREFIX_PATH=${CMAKE_PREFIX_PATH}:/home/fra/master_ws_test/install/rqt_joint_trajectory_controller:/home/fra/master_ws_test/install/rqt_controller_manager:/home/fra/master_ws_test/install/ros2controlcli:/home/fra/master_ws_test/install/ros2_controllers_test_nodes:/home/fra/master_ws_test/install/ros2_control_demo_testing:/home/fra/ros2_ws/install/python_pkg:/opt/ros/humble /usr/bin/cmake --build /home/fra/master_ws_test/build/six_arm -- -j12 -l12
[3.204s] Invoking command in '/home/fra/master_ws_test/build/six_arm': CMAKE_PREFIX_PATH=${CMAKE_PREFIX_PATH}:/home/fra/master_ws_test/install/rqt_joint_trajectory_controller:/home/fra/master_ws_test/install/rqt_controller_manager:/home/fra/master_ws_test/install/ros2controlcli:/home/fra/master_ws_test/install/ros2_controllers_test_nodes:/home/fra/master_ws_test/install/ros2_control_demo_testing:/home/fra/ros2_ws/install/python_pkg:/opt/ros/humble /usr/bin/cmake --install /home/fra/master_ws_test/build/six_arm
[3.228s] -- Install configuration: ""
[3.229s] -- Execute custom install script
[3.231s] -- Symlinking: /home/fra/master_ws_test/install/six_arm/share/six_arm/launch/spawn_robot_controllers.launch.py
[3.261s] -- Symlinking: /home/fra/master_ws_test/install/six_arm/share/six_arm/urdf/cobot.urdf.xacro
[3.289s] -- Symlinking: /home/fra/master_ws_test/install/six_arm/share/six_arm/urdf/custom_gripper.xacro
[3.316s] -- Symlinking: /home/fra/master_ws_test/install/six_arm/share/six_arm/urdf/custom_robot_gazebo.xacro
[3.344s] -- Symlinking: /home/fra/master_ws_test/install/six_arm/share/six_arm/urdf/link_joint.xacro
[3.372s] -- Symlinking: /home/fra/master_ws_test/install/six_arm/share/ament_index/resource_index/package_run_dependencies/six_arm
[3.399s] -- Symlinking: /home/fra/master_ws_test/install/six_arm/share/ament_index/resource_index/parent_prefix_path/six_arm
[3.427s] -- Symlinking: /home/fra/master_ws_test/install/six_arm/share/six_arm/environment/ament_prefix_path.sh
[3.455s] -- Symlinking: /home/fra/master_ws_test/install/six_arm/share/six_arm/environment/ament_prefix_path.dsv
[3.483s] -- Symlinking: /home/fra/master_ws_test/install/six_arm/share/six_arm/environment/path.sh
[3.511s] -- Symlinking: /home/fra/master_ws_test/install/six_arm/share/six_arm/environment/path.dsv
[3.538s] -- Symlinking: /home/fra/master_ws_test/install/six_arm/share/six_arm/local_setup.bash
[3.566s] -- Symlinking: /home/fra/master_ws_test/install/six_arm/share/six_arm/local_setup.sh
[3.593s] -- Symlinking: /home/fra/master_ws_test/install/six_arm/share/six_arm/local_setup.zsh
[3.621s] -- Symlinking: /home/fra/master_ws_test/install/six_arm/share/six_arm/local_setup.dsv
[3.648s] -- Symlinking: /home/fra/master_ws_test/install/six_arm/share/six_arm/package.dsv
[3.677s] -- Symlinking: /home/fra/master_ws_test/install/six_arm/share/ament_index/resource_index/packages/six_arm
[3.704s] -- Symlinking: /home/fra/master_ws_test/install/six_arm/share/six_arm/cmake/six_armConfig.cmake
[3.732s] -- Symlinking: /home/fra/master_ws_test/install/six_arm/share/six_arm/cmake/six_armConfig-version.cmake
[3.761s] -- Symlinking: /home/fra/master_ws_test/install/six_arm/share/six_arm/package.xml
[3.794s] Invoked command in '/home/fra/master_ws_test/build/six_arm' returned '0': CMAKE_PREFIX_PATH=${CMAKE_PREFIX_PATH}:/home/fra/master_ws_test/install/rqt_joint_trajectory_controller:/home/fra/master_ws_test/install/rqt_controller_manager:/home/fra/master_ws_test/install/ros2controlcli:/home/fra/master_ws_test/install/ros2_controllers_test_nodes:/home/fra/master_ws_test/install/ros2_control_demo_testing:/home/fra/ros2_ws/install/python_pkg:/opt/ros/humble /usr/bin/cmake --install /home/fra/master_ws_test/build/six_arm
