[0.015s] Invoking command in '/home/fra/master_ws_test/build/cobot_ik': CMAKE_PREFIX_PATH=${CMAKE_PREFIX_PATH}:/opt/ros/humble /usr/bin/cmake --build /home/fra/master_ws_test/build/cobot_ik -- -j12 -l12
[0.053s] [35m[1mConsolidate compiler generated dependencies of target pick_place[0m
[0.065s] [ 50%] Built target test_ik
[0.071s] [ 75%] [32mBuilding CXX object CMakeFiles/pick_place.dir/src/pick_place.cpp.o[0m
[4.363s] [01m[K/home/fra/master_ws_test/src/cobot_ik/src/pick_place.cpp:[m[K In constructor ‘[01m[KPickAndPlace::PickAndPlace()[m[K’:
[4.363s] [01m[K/home/fra/master_ws_test/src/cobot_ik/src/pick_place.cpp:17:52:[m[K [01;31m[Kerror: [m[Kreference to ‘[01m[Kshared_from_this[m[K’ is ambiguous
[4.363s]    17 |             std::static_pointer_cast<rclcpp::Node>([01;31m[Kshared_from_this[m[K()), "arm");
[4.363s]       |                                                    [01;31m[K^~~~~~~~~~~~~~~~[m[K
[4.363s] In file included from [01m[K/usr/include/c++/11/memory:77[m[K,
[4.363s]                  from [01m[K/opt/ros/humble/include/rclcpp/rclcpp/rclcpp.hpp:153[m[K,
[4.363s]                  from [01m[K/home/fra/master_ws_test/src/cobot_ik/src/pick_place.cpp:1[m[K:
[4.363s] [01m[K/usr/include/c++/11/bits/shared_ptr.h:811:7:[m[K [01;36m[Knote: [m[Kcandidates are: ‘[01m[Kstd::shared_ptr<const _Tp> std::enable_shared_from_this<_Tp>::shared_from_this() const [with _Tp = PickAndPlace][m[K’
[4.363s]   811 |       [01;36m[Kshared_from_this[m[K() const
[4.363s]       |       [01;36m[K^~~~~~~~~~~~~~~~[m[K
[4.364s] [01m[K/usr/include/c++/11/bits/shared_ptr.h:807:7:[m[K [01;36m[Knote: [m[K                ‘[01m[Kstd::shared_ptr<_Tp> std::enable_shared_from_this<_Tp>::shared_from_this() [with _Tp = PickAndPlace][m[K’
[4.364s]   807 |       [01;36m[Kshared_from_this[m[K()
[4.364s]       |       [01;36m[K^~~~~~~~~~~~~~~~[m[K
[4.364s] [01m[K/usr/include/c++/11/bits/shared_ptr.h:811:7:[m[K [01;36m[Knote: [m[K                ‘[01m[Kstd::shared_ptr<const _Tp> std::enable_shared_from_this<_Tp>::shared_from_this() const [with _Tp = rclcpp::Node][m[K’
[4.364s]   811 |       [01;36m[Kshared_from_this[m[K() const
[4.364s]       |       [01;36m[K^~~~~~~~~~~~~~~~[m[K
[4.364s] [01m[K/usr/include/c++/11/bits/shared_ptr.h:807:7:[m[K [01;36m[Knote: [m[K                ‘[01m[Kstd::shared_ptr<_Tp> std::enable_shared_from_this<_Tp>::shared_from_this() [with _Tp = rclcpp::Node][m[K’
[4.364s]   807 |       [01;36m[Kshared_from_this[m[K()
[4.364s]       |       [01;36m[K^~~~~~~~~~~~~~~~[m[K
[4.364s] [01m[K/home/fra/master_ws_test/src/cobot_ik/src/pick_place.cpp:19:52:[m[K [01;31m[Kerror: [m[Kreference to ‘[01m[Kshared_from_this[m[K’ is ambiguous
[4.364s]    19 |             std::static_pointer_cast<rclcpp::Node>([01;31m[Kshared_from_this[m[K()), "gripper");
[4.364s]       |                                                    [01;31m[K^~~~~~~~~~~~~~~~[m[K
[4.364s] In file included from [01m[K/usr/include/c++/11/memory:77[m[K,
[4.364s]                  from [01m[K/opt/ros/humble/include/rclcpp/rclcpp/rclcpp.hpp:153[m[K,
[4.364s]                  from [01m[K/home/fra/master_ws_test/src/cobot_ik/src/pick_place.cpp:1[m[K:
[4.364s] [01m[K/usr/include/c++/11/bits/shared_ptr.h:811:7:[m[K [01;36m[Knote: [m[Kcandidates are: ‘[01m[Kstd::shared_ptr<const _Tp> std::enable_shared_from_this<_Tp>::shared_from_this() const [with _Tp = PickAndPlace][m[K’
[4.364s]   811 |       [01;36m[Kshared_from_this[m[K() const
[4.364s]       |       [01;36m[K^~~~~~~~~~~~~~~~[m[K
[4.365s] [01m[K/usr/include/c++/11/bits/shared_ptr.h:807:7:[m[K [01;36m[Knote: [m[K                ‘[01m[Kstd::shared_ptr<_Tp> std::enable_shared_from_this<_Tp>::shared_from_this() [with _Tp = PickAndPlace][m[K’
[4.365s]   807 |       [01;36m[Kshared_from_this[m[K()
[4.365s]       |       [01;36m[K^~~~~~~~~~~~~~~~[m[K
[4.365s] [01m[K/usr/include/c++/11/bits/shared_ptr.h:811:7:[m[K [01;36m[Knote: [m[K                ‘[01m[Kstd::shared_ptr<const _Tp> std::enable_shared_from_this<_Tp>::shared_from_this() const [with _Tp = rclcpp::Node][m[K’
[4.365s]   811 |       [01;36m[Kshared_from_this[m[K() const
[4.365s]       |       [01;36m[K^~~~~~~~~~~~~~~~[m[K
[4.365s] [01m[K/usr/include/c++/11/bits/shared_ptr.h:807:7:[m[K [01;36m[Knote: [m[K                ‘[01m[Kstd::shared_ptr<_Tp> std::enable_shared_from_this<_Tp>::shared_from_this() [with _Tp = rclcpp::Node][m[K’
[4.365s]   807 |       [01;36m[Kshared_from_this[m[K()
[4.365s]       |       [01;36m[K^~~~~~~~~~~~~~~~[m[K
[4.365s] [01m[K/home/fra/master_ws_test/src/cobot_ik/src/pick_place.cpp:[m[K In member function ‘[01m[Kbool PickAndPlace::pick()[m[K’:
[4.365s] [01m[K/home/fra/master_ws_test/src/cobot_ik/src/pick_place.cpp:62:5:[m[K [01;35m[Kwarning: [m[Kno return statement in function returning non-void [[01;35m[K]8;;https://gcc.gnu.org/onlinedocs/gcc/Warning-Options.html#index-Wreturn-type-Wreturn-type]8;;[m[K]
[4.365s]    62 |     [01;35m[K}[m[K
[4.365s]       |     [01;35m[K^[m[K
[6.649s] gmake[2]: *** [CMakeFiles/pick_place.dir/build.make:76: CMakeFiles/pick_place.dir/src/pick_place.cpp.o] Error 1
[6.649s] gmake[1]: *** [CMakeFiles/Makefile2:165: CMakeFiles/pick_place.dir/all] Error 2
[6.649s] gmake: *** [Makefile:146: all] Error 2
[6.651s] Invoked command in '/home/fra/master_ws_test/build/cobot_ik' returned '2': CMAKE_PREFIX_PATH=${CMAKE_PREFIX_PATH}:/opt/ros/humble /usr/bin/cmake --build /home/fra/master_ws_test/build/cobot_ik -- -j12 -l12
