[0.014s] Invoking command in '/home/fra/master_ws_test/build/cobot_ik': CMAKE_PREFIX_PATH=${CMAKE_PREFIX_PATH}:/opt/ros/humble /usr/bin/cmake --build /home/fra/master_ws_test/build/cobot_ik -- -j12 -l12
[0.052s] [35m[1mConsolidate compiler generated dependencies of target pick_place_fake_gripping[0m
[0.065s] [ 66%] Built target pick_place
[0.066s] [ 66%] Built target test_ik
[0.071s] [ 83%] [32mBuilding CXX object CMakeFiles/pick_place_fake_gripping.dir/src/pick_place_fake_gripping.cpp.o[0m
[4.526s] [01m[K/home/fra/master_ws_test/src/cobot_ik/src/pick_place_fake_gripping.cpp:[m[K In constructor ‘[01m[KPickAndPlace::PickAndPlace(rclcpp::Node::SharedPtr)[m[K’:
[4.526s] [01m[K/home/fra/master_ws_test/src/cobot_ik/src/pick_place_fake_gripping.cpp:37:33:[m[K [01;31m[Kerror: [m[K‘[01m[Kcreate_client[m[K’ was not declared in this scope
[4.526s]    37 |         set_link_state_client = [01;31m[Kcreate_client[m[K<gazebo_msgs::srv::SetLinkState>("/gazebo/set_link_state");
[4.526s]       |                                 [01;31m[K^~~~~~~~~~~~~[m[K
[4.537s] [01m[K/home/fra/master_ws_test/src/cobot_ik/src/pick_place_fake_gripping.cpp:37:33:[m[K [01;36m[Knote: [m[Ksuggested alternatives:
[4.537s] In file included from [01m[K/opt/ros/humble/include/rclcpp/rclcpp/node_impl.hpp:38[m[K,
[4.537s]                  from [01m[K/opt/ros/humble/include/rclcpp/rclcpp/node.hpp:1321[m[K,
[4.537s]                  from [01m[K/opt/ros/humble/include/rclcpp/rclcpp/executors/single_threaded_executor.hpp:28[m[K,
[4.537s]                  from [01m[K/opt/ros/humble/include/rclcpp/rclcpp/executors.hpp:22[m[K,
[4.537s]                  from [01m[K/opt/ros/humble/include/rclcpp/rclcpp/rclcpp.hpp:155[m[K,
[4.537s]                  from [01m[K/home/fra/master_ws_test/src/cobot_ik/src/pick_place_fake_gripping.cpp:2[m[K:
[4.537s] [01m[K/opt/ros/humble/include/rclcpp/rclcpp/create_client.hpp:32:1:[m[K [01;36m[Knote: [m[K  ‘[01m[Krclcpp::create_client[m[K’
[4.538s]    32 | [01;36m[Kcreate_client[m[K(
[4.538s]       | [01;36m[K^~~~~~~~~~~~~[m[K
[4.538s] In file included from [01m[K/opt/ros/humble/include/rclcpp_action/rclcpp_action/rclcpp_action.hpp:38[m[K,
[4.538s]                  from [01m[K/opt/ros/humble/include/moveit/move_group_interface/move_group_interface.h:58[m[K,
[4.538s]                  from [01m[K/home/fra/master_ws_test/src/cobot_ik/src/pick_place_fake_gripping.cpp:3[m[K:
[4.538s] [01m[K/opt/ros/humble/include/rclcpp_action/rclcpp_action/create_client.hpp:105:1:[m[K [01;36m[Knote: [m[K  ‘[01m[Krclcpp_action::create_client[m[K’
[4.538s]   105 | [01;36m[Kcreate_client[m[K(
[4.538s]       | [01;36m[K^~~~~~~~~~~~~[m[K
[4.538s] [01m[K/home/fra/master_ws_test/src/cobot_ik/src/pick_place_fake_gripping.cpp:37:77:[m[K [01;31m[Kerror: [m[Kexpected primary-expression before ‘[01m[K>[m[K’ token
[4.538s]    37 |         set_link_state_client = create_client<gazebo_msgs::srv::SetLinkState[01;31m[K>[m[K("/gazebo/set_link_state");
[4.538s]       |                                                                             [01;31m[K^[m[K
[4.538s] [01m[K/home/fra/master_ws_test/src/cobot_ik/src/pick_place_fake_gripping.cpp:38:77:[m[K [01;31m[Kerror: [m[Kexpected primary-expression before ‘[01m[K>[m[K’ token
[4.538s]    38 |         get_link_state_client = create_client<gazebo_msgs::srv::GetLinkState[01;31m[K>[m[K("/gazebo/get_link_state");
[4.539s]       |                                                                             [01;31m[K^[m[K
[4.543s] [01m[K/home/fra/master_ws_test/src/cobot_ik/src/pick_place_fake_gripping.cpp:40:18:[m[K [01;31m[Kerror: [m[K‘[01m[Kcreate_wall_timer[m[K’ was not declared in this scope; did you mean ‘[01m[Krclcpp::create_wall_timer[m[K’?
[4.543s]    40 |         timer_ = [01;31m[Kcreate_wall_timer[m[K(std::chrono::milliseconds(10),
[4.543s]       |                  [01;31m[K^~~~~~~~~~~~~~~~~[m[K
[4.543s]       |                  [32m[Krclcpp::create_wall_timer[m[K
[4.543s] In file included from [01m[K/opt/ros/humble/include/rclcpp/rclcpp/create_subscription.hpp:33[m[K,
[4.543s]                  from [01m[K/opt/ros/humble/include/rclcpp/rclcpp/node_impl.hpp:43[m[K,
[4.543s]                  from [01m[K/opt/ros/humble/include/rclcpp/rclcpp/node.hpp:1321[m[K,
[4.543s]                  from [01m[K/opt/ros/humble/include/rclcpp/rclcpp/executors/single_threaded_executor.hpp:28[m[K,
[4.543s]                  from [01m[K/opt/ros/humble/include/rclcpp/rclcpp/executors.hpp:22[m[K,
[4.543s]                  from [01m[K/opt/ros/humble/include/rclcpp/rclcpp/rclcpp.hpp:155[m[K,
[4.543s]                  from [01m[K/home/fra/master_ws_test/src/cobot_ik/src/pick_place_fake_gripping.cpp:2[m[K:
[4.543s] [01m[K/opt/ros/humble/include/rclcpp/rclcpp/create_timer.hpp:90:1:[m[K [01;36m[Knote: [m[K‘[01m[Krclcpp::create_wall_timer[m[K’ declared here
[4.543s]    90 | [01;36m[Kcreate_wall_timer[m[K(
[4.543s]       | [01;36m[K^~~~~~~~~~~~~~~~~[m[K
[7.077s] gmake[2]: *** [CMakeFiles/pick_place_fake_gripping.dir/build.make:76: CMakeFiles/pick_place_fake_gripping.dir/src/pick_place_fake_gripping.cpp.o] Error 1
[7.078s] gmake[1]: *** [CMakeFiles/Makefile2:193: CMakeFiles/pick_place_fake_gripping.dir/all] Error 2
[7.078s] gmake: *** [Makefile:146: all] Error 2
[7.080s] Invoked command in '/home/fra/master_ws_test/build/cobot_ik' returned '2': CMAKE_PREFIX_PATH=${CMAKE_PREFIX_PATH}:/opt/ros/humble /usr/bin/cmake --build /home/fra/master_ws_test/build/cobot_ik -- -j12 -l12
