[0.010s] Invoking command in '/home/fra/master_ws_test/build/ros2_linkattacher': CMAKE_PREFIX_PATH=/home/fra/master_ws_test/install/linkattacher_msgs:/home/fra/master_ws_test/install/six_arm_moveit_config:/home/fra/master_ws_test/install/cobot_moveit_config:/home/fra/master_ws_test/install/cobot_camera_moveit_config:/home/fra/master_ws_test/install/arm_moveit_config:/home/fra/master_ws_test/install/six_arm:/home/fra/master_ws_test/install/cobot_ik:/home/fra/master_ws_test/install/ros2_linkattacher:/home/fra/master_ws_test/install/realsense2_description:/home/fra/master_ws_test/install/realsense2_camera:/home/fra/master_ws_test/install/realsense2_camera_msgs:/home/fra/master_ws_test/install/ind_environment:/home/fra/ros2_master_ws/install/ind_environment:/home/fra/ros2_master_ws/install/custom_robot_moveit_config:/home/fra/ros2_master_ws/install/custom_robot_ik:/home/fra/ros2_master_ws/install/cobot_gazebo:/home/fra/ros2_master_ws/install/cobot_camera_moveit_config:/home/fra/ros2_master_ws/install/cobot_description:/opt/ros/humble LD_LIBRARY_PATH=/home/fra/master_ws_test/install/linkattacher_msgs/lib:/home/fra/master_ws_test/install/ros2_linkattacher/lib:/home/fra/master_ws_test/install/realsense2_camera/lib:/home/fra/master_ws_test/install/realsense2_camera_msgs/lib:/usr/lib/x86_64-linux-gnu/gazebo-11/plugins:/opt/ros/humble/opt/rviz_ogre_vendor/lib:/opt/ros/humble/lib/x86_64-linux-gnu:/opt/ros/humble/lib /usr/bin/cmake --build /home/fra/master_ws_test/build/ros2_linkattacher -- -j12 -l12
[0.043s] -- Found ament_cmake: 1.3.11 (/opt/ros/humble/share/ament_cmake/cmake)
[0.179s] -- Found ament_lint_auto: 0.12.11 (/opt/ros/humble/share/ament_lint_auto/cmake)
[0.259s] -- Found gazebo_ros: 3.9.0 (/opt/ros/humble/share/gazebo_ros/cmake)
[0.297s] -- Found rosidl_generator_c: 3.1.6 (/opt/ros/humble/share/rosidl_generator_c/cmake)
[0.300s] -- Found rosidl_adapter: 3.1.6 (/opt/ros/humble/share/rosidl_adapter/cmake)
[0.308s] -- Found rosidl_generator_cpp: 3.1.6 (/opt/ros/humble/share/rosidl_generator_cpp/cmake)
[0.320s] -- Using all available rosidl_typesupport_c: rosidl_typesupport_fastrtps_c;rosidl_typesupport_introspection_c
[0.335s] -- Using all available rosidl_typesupport_cpp: rosidl_typesupport_fastrtps_cpp;rosidl_typesupport_introspection_cpp
[0.374s] -- Found rmw_implementation_cmake: 6.1.2 (/opt/ros/humble/share/rmw_implementation_cmake/cmake)
[0.376s] -- Found rmw_fastrtps_cpp: 6.2.7 (/opt/ros/humble/share/rmw_fastrtps_cpp/cmake)
[0.479s] -- Using RMW implementation 'rmw_fastrtps_cpp' as default
[0.568s] -- Found DART: /usr/include (Required is at least version "6.6") found components: dart 
[0.600s] -- Found Protobuf: /usr/lib/x86_64-linux-gnu/libprotobuf.so (found version "3.12.4") 
[0.601s] -- Looking for ignition-math6 -- found version 6.15.1
[0.607s] -- Searching for dependencies of ignition-math6
[0.609s] -- Looking for OGRE...
[0.614s] -- Found Ogre Ghadamon (1.9.0)
[0.615s] -- Found OGRE: optimized;/usr/lib/x86_64-linux-gnu/libOgreMain.so;debug;/usr/lib/x86_64-linux-gnu/libOgreMain.so
[0.624s] -- Looking for OGRE_Paging...
[0.624s] -- Found OGRE_Paging: optimized;/usr/lib/x86_64-linux-gnu/libOgrePaging.so;debug;/usr/lib/x86_64-linux-gnu/libOgrePaging.so
[0.624s] -- Looking for OGRE_Terrain...
[0.624s] -- Found OGRE_Terrain: optimized;/usr/lib/x86_64-linux-gnu/libOgreTerrain.so;debug;/usr/lib/x86_64-linux-gnu/libOgreTerrain.so
[0.624s] -- Looking for OGRE_Property...
[0.624s] -- Found OGRE_Property: optimized;/usr/lib/x86_64-linux-gnu/libOgreProperty.so;debug;/usr/lib/x86_64-linux-gnu/libOgreProperty.so
[0.624s] -- Looking for OGRE_RTShaderSystem...
[0.625s] -- Found OGRE_RTShaderSystem: optimized;/usr/lib/x86_64-linux-gnu/libOgreRTShaderSystem.so;debug;/usr/lib/x86_64-linux-gnu/libOgreRTShaderSystem.so
[0.625s] -- Looking for OGRE_Volume...
[0.625s] -- Found OGRE_Volume: optimized;/usr/lib/x86_64-linux-gnu/libOgreVolume.so;debug;/usr/lib/x86_64-linux-gnu/libOgreVolume.so
[0.625s] -- Looking for OGRE_Overlay...
[0.625s] -- Found OGRE_Overlay: optimized;/usr/lib/x86_64-linux-gnu/libOgreOverlay.so;debug;/usr/lib/x86_64-linux-gnu/libOgreOverlay.so
[0.750s] -- Looking for ignition-math6 -- found version 6.15.1
[0.750s] -- Looking for ignition-transport8 -- found version 8.2.1
[0.751s] -- Searching for dependencies of ignition-transport8
[0.768s] -- Found Protobuf: /usr/lib/x86_64-linux-gnu/libprotobuf.so (found suitable version "3.12.4", minimum required is "3") 
[0.781s] -- Config-file not installed for ZeroMQ -- checking for pkg-config
[0.784s] -- Checking for module 'libzmq >= 4'
[0.797s] --   Found libzmq , version 4.3.4
[0.830s] -- Checking for module 'uuid'
[0.841s] --   Found uuid, version 2.37.2
[0.871s] -- Looking for ignition-msgs5 -- found version 5.8.1
[0.871s] -- Searching for dependencies of ignition-msgs5
[0.894s] -- Looking for ignition-math6 -- found version 6.15.1
[0.898s] -- Checking for module 'tinyxml2'
[0.910s] --   Found tinyxml2, version 9.0.0
[0.942s] -- Looking for ignition-msgs5 -- found version 5.8.1
[0.943s] -- Looking for ignition-common3 -- found version 3.14.0
[0.943s] -- Searching for dependencies of ignition-common3
[0.943s] -- Looking for dlfcn.h - found
[0.943s] -- Looking for libdl - found
[0.956s] -- Searching for <ignition-common3> component [graphics]
[0.957s] -- Looking for ignition-common3-graphics -- found version 3.14.0
[0.958s] -- Searching for dependencies of ignition-common3-graphics
[0.958s] -- Looking for ignition-math6 -- found version 6.15.1
[0.960s] -- Looking for ignition-fuel_tools4 -- found version 4.4.0
[0.960s] -- Searching for dependencies of ignition-fuel_tools4
[0.998s] -- Checking for module 'jsoncpp'
[1.009s] --   Found jsoncpp, version 1.9.5
[1.042s] -- Checking for module 'libzip'
[1.054s] --   Found libzip, version 1.7.3
[1.084s] -- Looking for ignition-common3 -- found version 3.14.0
[1.085s] -- Looking for ignition-math6 -- found version 6.15.1
[1.085s] -- Looking for ignition-msgs5 -- found version 5.8.1
[1.088s] -- Gazebo version: 11.10
[1.089s] -- Found gazebo_msgs: 3.9.0 (/opt/ros/humble/share/gazebo_msgs/cmake)
[1.148s] -- Found linkattacher_msgs: 0.0.0 (/home/fra/master_ws_test/install/linkattacher_msgs/share/linkattacher_msgs/cmake)
[1.173s] -- Added test 'copyright' to check source files copyright and LICENSE
[1.174s] -- Added test 'cppcheck' to perform static code analysis on C / C++ code
[1.174s] -- Configured cppcheck include dirs: /home/fra/master_ws_test/src/IFRA_LinkAttacher/ros2_LinkAttacher/include
[1.175s] -- Configured cppcheck exclude dirs and/or files: 
[1.175s] -- Added test 'cpplint' to check C / C++ code against the Google style
[1.175s] -- Configured cpplint exclude dirs and/or files: 
[1.176s] -- Added test 'lint_cmake' to check CMake code style
[1.177s] -- Added test 'uncrustify' to check C / C++ code style
[1.177s] -- Configured uncrustify additional arguments: 
[1.177s] -- Added test 'xmllint' to check XML markup files
[1.179s] -- Configuring done
[1.208s] -- Generating done
[1.214s] -- Build files have been written to: /home/fra/master_ws_test/build/ros2_linkattacher
[1.240s] [35m[1mConsolidate compiler generated dependencies of target gazebo_link_attacher[0m
[1.248s] [ 25%] [32mBuilding CXX object CMakeFiles/gazebo_link_attacher_server.dir/src/gazebo_link_attacher_server.cpp.o[0m
[1.266s] [ 75%] Built target gazebo_link_attacher
[4.405s] [100%] [32m[1mLinking CXX executable gazebo_link_attacher_server[0m
[4.530s] [100%] Built target gazebo_link_attacher_server
[4.550s] Invoked command in '/home/fra/master_ws_test/build/ros2_linkattacher' returned '0': CMAKE_PREFIX_PATH=/home/fra/master_ws_test/install/linkattacher_msgs:/home/fra/master_ws_test/install/six_arm_moveit_config:/home/fra/master_ws_test/install/cobot_moveit_config:/home/fra/master_ws_test/install/cobot_camera_moveit_config:/home/fra/master_ws_test/install/arm_moveit_config:/home/fra/master_ws_test/install/six_arm:/home/fra/master_ws_test/install/cobot_ik:/home/fra/master_ws_test/install/ros2_linkattacher:/home/fra/master_ws_test/install/realsense2_description:/home/fra/master_ws_test/install/realsense2_camera:/home/fra/master_ws_test/install/realsense2_camera_msgs:/home/fra/master_ws_test/install/ind_environment:/home/fra/ros2_master_ws/install/ind_environment:/home/fra/ros2_master_ws/install/custom_robot_moveit_config:/home/fra/ros2_master_ws/install/custom_robot_ik:/home/fra/ros2_master_ws/install/cobot_gazebo:/home/fra/ros2_master_ws/install/cobot_camera_moveit_config:/home/fra/ros2_master_ws/install/cobot_description:/opt/ros/humble LD_LIBRARY_PATH=/home/fra/master_ws_test/install/linkattacher_msgs/lib:/home/fra/master_ws_test/install/ros2_linkattacher/lib:/home/fra/master_ws_test/install/realsense2_camera/lib:/home/fra/master_ws_test/install/realsense2_camera_msgs/lib:/usr/lib/x86_64-linux-gnu/gazebo-11/plugins:/opt/ros/humble/opt/rviz_ogre_vendor/lib:/opt/ros/humble/lib/x86_64-linux-gnu:/opt/ros/humble/lib /usr/bin/cmake --build /home/fra/master_ws_test/build/ros2_linkattacher -- -j12 -l12
[4.556s] Invoking command in '/home/fra/master_ws_test/build/ros2_linkattacher': CMAKE_PREFIX_PATH=/home/fra/master_ws_test/install/linkattacher_msgs:/home/fra/master_ws_test/install/six_arm_moveit_config:/home/fra/master_ws_test/install/cobot_moveit_config:/home/fra/master_ws_test/install/cobot_camera_moveit_config:/home/fra/master_ws_test/install/arm_moveit_config:/home/fra/master_ws_test/install/six_arm:/home/fra/master_ws_test/install/cobot_ik:/home/fra/master_ws_test/install/ros2_linkattacher:/home/fra/master_ws_test/install/realsense2_description:/home/fra/master_ws_test/install/realsense2_camera:/home/fra/master_ws_test/install/realsense2_camera_msgs:/home/fra/master_ws_test/install/ind_environment:/home/fra/ros2_master_ws/install/ind_environment:/home/fra/ros2_master_ws/install/custom_robot_moveit_config:/home/fra/ros2_master_ws/install/custom_robot_ik:/home/fra/ros2_master_ws/install/cobot_gazebo:/home/fra/ros2_master_ws/install/cobot_camera_moveit_config:/home/fra/ros2_master_ws/install/cobot_description:/opt/ros/humble LD_LIBRARY_PATH=/home/fra/master_ws_test/install/linkattacher_msgs/lib:/home/fra/master_ws_test/install/ros2_linkattacher/lib:/home/fra/master_ws_test/install/realsense2_camera/lib:/home/fra/master_ws_test/install/realsense2_camera_msgs/lib:/usr/lib/x86_64-linux-gnu/gazebo-11/plugins:/opt/ros/humble/opt/rviz_ogre_vendor/lib:/opt/ros/humble/lib/x86_64-linux-gnu:/opt/ros/humble/lib /usr/bin/cmake --install /home/fra/master_ws_test/build/ros2_linkattacher
[4.577s] -- Install configuration: ""
[4.577s] -- Up-to-date: /home/fra/master_ws_test/install/ros2_linkattacher/share/ros2_linkattacher/environment/library_path.sh
[4.578s] -- Installing: /home/fra/master_ws_test/install/ros2_linkattacher/share/ros2_linkattacher/environment/library_path.dsv
[4.578s] -- Up-to-date: /home/fra/master_ws_test/install/ros2_linkattacher/lib/libgazebo_link_attacher.so
[4.578s] -- Installing: /home/fra/master_ws_test/install/ros2_linkattacher/lib/ros2_linkattacher/gazebo_link_attacher_server
[4.580s] -- Set runtime path of "/home/fra/master_ws_test/install/ros2_linkattacher/lib/ros2_linkattacher/gazebo_link_attacher_server" to ""
[4.580s] -- Up-to-date: /home/fra/master_ws_test/install/ros2_linkattacher/share/ament_index/resource_index/package_run_dependencies/ros2_linkattacher
[4.580s] -- Installing: /home/fra/master_ws_test/install/ros2_linkattacher/share/ament_index/resource_index/parent_prefix_path/ros2_linkattacher
[4.580s] -- Up-to-date: /home/fra/master_ws_test/install/ros2_linkattacher/share/ros2_linkattacher/environment/ament_prefix_path.sh
[4.580s] -- Installing: /home/fra/master_ws_test/install/ros2_linkattacher/share/ros2_linkattacher/environment/ament_prefix_path.dsv
[4.581s] -- Up-to-date: /home/fra/master_ws_test/install/ros2_linkattacher/share/ros2_linkattacher/environment/path.sh
[4.581s] -- Installing: /home/fra/master_ws_test/install/ros2_linkattacher/share/ros2_linkattacher/environment/path.dsv
[4.581s] -- Up-to-date: /home/fra/master_ws_test/install/ros2_linkattacher/share/ros2_linkattacher/local_setup.bash
[4.581s] -- Up-to-date: /home/fra/master_ws_test/install/ros2_linkattacher/share/ros2_linkattacher/local_setup.sh
[4.581s] -- Up-to-date: /home/fra/master_ws_test/install/ros2_linkattacher/share/ros2_linkattacher/local_setup.zsh
[4.581s] -- Installing: /home/fra/master_ws_test/install/ros2_linkattacher/share/ros2_linkattacher/local_setup.dsv
[4.582s] -- Installing: /home/fra/master_ws_test/install/ros2_linkattacher/share/ros2_linkattacher/package.dsv
[4.582s] -- Up-to-date: /home/fra/master_ws_test/install/ros2_linkattacher/share/ament_index/resource_index/packages/ros2_linkattacher
[4.582s] -- Up-to-date: /home/fra/master_ws_test/install/ros2_linkattacher/share/ros2_linkattacher/cmake/ament_cmake_export_libraries-extras.cmake
[4.582s] -- Up-to-date: /home/fra/master_ws_test/install/ros2_linkattacher/share/ros2_linkattacher/cmake/ros2_linkattacherConfig.cmake
[4.582s] -- Up-to-date: /home/fra/master_ws_test/install/ros2_linkattacher/share/ros2_linkattacher/cmake/ros2_linkattacherConfig-version.cmake
[4.582s] -- Up-to-date: /home/fra/master_ws_test/install/ros2_linkattacher/share/ros2_linkattacher/package.xml
[4.584s] Invoked command in '/home/fra/master_ws_test/build/ros2_linkattacher' returned '0': CMAKE_PREFIX_PATH=/home/fra/master_ws_test/install/linkattacher_msgs:/home/fra/master_ws_test/install/six_arm_moveit_config:/home/fra/master_ws_test/install/cobot_moveit_config:/home/fra/master_ws_test/install/cobot_camera_moveit_config:/home/fra/master_ws_test/install/arm_moveit_config:/home/fra/master_ws_test/install/six_arm:/home/fra/master_ws_test/install/cobot_ik:/home/fra/master_ws_test/install/ros2_linkattacher:/home/fra/master_ws_test/install/realsense2_description:/home/fra/master_ws_test/install/realsense2_camera:/home/fra/master_ws_test/install/realsense2_camera_msgs:/home/fra/master_ws_test/install/ind_environment:/home/fra/ros2_master_ws/install/ind_environment:/home/fra/ros2_master_ws/install/custom_robot_moveit_config:/home/fra/ros2_master_ws/install/custom_robot_ik:/home/fra/ros2_master_ws/install/cobot_gazebo:/home/fra/ros2_master_ws/install/cobot_camera_moveit_config:/home/fra/ros2_master_ws/install/cobot_description:/opt/ros/humble LD_LIBRARY_PATH=/home/fra/master_ws_test/install/linkattacher_msgs/lib:/home/fra/master_ws_test/install/ros2_linkattacher/lib:/home/fra/master_ws_test/install/realsense2_camera/lib:/home/fra/master_ws_test/install/realsense2_camera_msgs/lib:/usr/lib/x86_64-linux-gnu/gazebo-11/plugins:/opt/ros/humble/opt/rviz_ogre_vendor/lib:/opt/ros/humble/lib/x86_64-linux-gnu:/opt/ros/humble/lib /usr/bin/cmake --install /home/fra/master_ws_test/build/ros2_linkattacher
