[0.016s] Invoking command in '/home/fra/master_ws_test/src/build/ind_environment': CMAKE_PREFIX_PATH=${CMAKE_PREFIX_PATH}:/opt/ros/humble /usr/bin/cmake /home/fra/master_ws_test/src/ind_environment -DCMAKE_INSTALL_PREFIX=/home/fra/master_ws_test/src/install/ind_environment
[0.072s] -- The C compiler identification is GNU 11.4.0
[0.129s] -- The CXX compiler identification is GNU 11.4.0
[0.136s] -- Detecting C compiler ABI info
[0.192s] -- Detecting C compiler ABI info - done
[0.200s] -- Check for working C compiler: /usr/bin/cc - skipped
[0.200s] -- Detecting C compile features
[0.200s] -- Detecting C compile features - done
[0.203s] -- Detecting CXX compiler ABI info
[0.271s] -- Detecting CXX compiler ABI info - done
[0.282s] -- Check for working CXX compiler: /usr/bin/c++ - skipped
[0.282s] -- Detecting CXX compile features
[0.283s] -- Detecting CXX compile features - done
[0.286s] -- Found ament_cmake: 1.3.11 (/opt/ros/humble/share/ament_cmake/cmake)
[0.674s] -- Found Python3: /usr/bin/python3 (found version "3.10.12") found components: Interpreter 
[0.789s] -- Found ament_lint_auto: 0.12.11 (/opt/ros/humble/share/ament_lint_auto/cmake)
[0.890s] -- Added test 'flake8' to check Python code syntax and style conventions
[0.891s] -- Added test 'lint_cmake' to check CMake code style
[0.892s] -- Added test 'pep257' to check Python code against some of the docstring style conventions in PEP 257
[0.894s] -- Added test 'xmllint' to check XML markup files
[0.895s] -- Configuring done
[0.897s] -- Generating done
[0.899s] -- Build files have been written to: /home/fra/master_ws_test/src/build/ind_environment
[0.903s] Invoked command in '/home/fra/master_ws_test/src/build/ind_environment' returned '0': CMAKE_PREFIX_PATH=${CMAKE_PREFIX_PATH}:/opt/ros/humble /usr/bin/cmake /home/fra/master_ws_test/src/ind_environment -DCMAKE_INSTALL_PREFIX=/home/fra/master_ws_test/src/install/ind_environment
[0.905s] Invoking command in '/home/fra/master_ws_test/src/build/ind_environment': CMAKE_PREFIX_PATH=${CMAKE_PREFIX_PATH}:/opt/ros/humble /usr/bin/cmake --build /home/fra/master_ws_test/src/build/ind_environment -- -j12 -l12
[0.939s] Invoked command in '/home/fra/master_ws_test/src/build/ind_environment' returned '0': CMAKE_PREFIX_PATH=${CMAKE_PREFIX_PATH}:/opt/ros/humble /usr/bin/cmake --build /home/fra/master_ws_test/src/build/ind_environment -- -j12 -l12
[0.948s] Invoking command in '/home/fra/master_ws_test/src/build/ind_environment': CMAKE_PREFIX_PATH=${CMAKE_PREFIX_PATH}:/opt/ros/humble /usr/bin/cmake --install /home/fra/master_ws_test/src/build/ind_environment
[0.954s] -- Install configuration: ""
[0.955s] -- Installing: /home/fra/master_ws_test/src/install/ind_environment/share/ind_environment/launch
[0.955s] -- Installing: /home/fra/master_ws_test/src/install/ind_environment/share/ind_environment/launch/world.launch.py
[0.955s] -- Installing: /home/fra/master_ws_test/src/install/ind_environment/share/ind_environment/models
[0.955s] -- Installing: /home/fra/master_ws_test/src/install/ind_environment/share/ind_environment/models/support
[0.955s] -- Installing: /home/fra/master_ws_test/src/install/ind_environment/share/ind_environment/models/support/model.sdf
[0.955s] -- Installing: /home/fra/master_ws_test/src/install/ind_environment/share/ind_environment/models/support/model.config
[0.955s] -- Installing: /home/fra/master_ws_test/src/install/ind_environment/share/ind_environment/models/red_cube
[0.955s] -- Installing: /home/fra/master_ws_test/src/install/ind_environment/share/ind_environment/models/red_cube/model.sdf
[0.956s] -- Installing: /home/fra/master_ws_test/src/install/ind_environment/share/ind_environment/models/red_cube/model.config
[0.956s] -- Installing: /home/fra/master_ws_test/src/install/ind_environment/share/ind_environment/models/conveyor
[0.956s] -- Installing: /home/fra/master_ws_test/src/install/ind_environment/share/ind_environment/models/conveyor/model.sdf
[0.956s] -- Installing: /home/fra/master_ws_test/src/install/ind_environment/share/ind_environment/models/conveyor/model.config
[0.956s] -- Installing: /home/fra/master_ws_test/src/install/ind_environment/share/ind_environment/models/object_pick
[0.957s] -- Installing: /home/fra/master_ws_test/src/install/ind_environment/share/ind_environment/models/object_pick/model.sdf
[0.957s] -- Installing: /home/fra/master_ws_test/src/install/ind_environment/share/ind_environment/models/object_pick/model.config
[0.957s] -- Installing: /home/fra/master_ws_test/src/install/ind_environment/share/ind_environment/worlds
[0.957s] -- Installing: /home/fra/master_ws_test/src/install/ind_environment/share/ind_environment/worlds/pick_and_place_workplace.world
[0.957s] -- Installing: /home/fra/master_ws_test/src/install/ind_environment/share/ind_environment/worlds/pick_and_place_workplace_object.world
[0.958s] -- Installing: /home/fra/master_ws_test/src/install/ind_environment/share/ind_environment/worlds/pick_and_place_workplace_cube.world
[0.958s] -- Installing: /home/fra/master_ws_test/src/install/ind_environment/share/ament_index/resource_index/package_run_dependencies/ind_environment
[0.959s] -- Installing: /home/fra/master_ws_test/src/install/ind_environment/share/ament_index/resource_index/parent_prefix_path/ind_environment
[0.959s] -- Installing: /home/fra/master_ws_test/src/install/ind_environment/share/ind_environment/environment/ament_prefix_path.sh
[0.959s] -- Installing: /home/fra/master_ws_test/src/install/ind_environment/share/ind_environment/environment/ament_prefix_path.dsv
[0.959s] -- Installing: /home/fra/master_ws_test/src/install/ind_environment/share/ind_environment/environment/path.sh
[0.959s] -- Installing: /home/fra/master_ws_test/src/install/ind_environment/share/ind_environment/environment/path.dsv
[0.959s] -- Installing: /home/fra/master_ws_test/src/install/ind_environment/share/ind_environment/local_setup.bash
[0.959s] -- Installing: /home/fra/master_ws_test/src/install/ind_environment/share/ind_environment/local_setup.sh
[0.960s] -- Installing: /home/fra/master_ws_test/src/install/ind_environment/share/ind_environment/local_setup.zsh
[0.960s] -- Installing: /home/fra/master_ws_test/src/install/ind_environment/share/ind_environment/local_setup.dsv
[0.960s] -- Installing: /home/fra/master_ws_test/src/install/ind_environment/share/ind_environment/package.dsv
[0.960s] -- Installing: /home/fra/master_ws_test/src/install/ind_environment/share/ament_index/resource_index/packages/ind_environment
[0.960s] -- Installing: /home/fra/master_ws_test/src/install/ind_environment/share/ind_environment/cmake/ind_environmentConfig.cmake
[0.960s] -- Installing: /home/fra/master_ws_test/src/install/ind_environment/share/ind_environment/cmake/ind_environmentConfig-version.cmake
[0.961s] -- Installing: /home/fra/master_ws_test/src/install/ind_environment/share/ind_environment/package.xml
[0.963s] Invoked command in '/home/fra/master_ws_test/src/build/ind_environment' returned '0': CMAKE_PREFIX_PATH=${CMAKE_PREFIX_PATH}:/opt/ros/humble /usr/bin/cmake --install /home/fra/master_ws_test/src/build/ind_environment
