[0.016s] Invoking command in '/home/fra/master_ws_test/build/six_arm': CMAKE_PREFIX_PATH=${CMAKE_PREFIX_PATH}:/home/fra/ros2_ws/install/python_pkg:/opt/ros/humble /usr/bin/cmake /home/fra/master_ws_test/src/six_arm -DCMAKE_INSTALL_PREFIX=/home/fra/master_ws_test/install/six_arm
[0.070s] -- The C compiler identification is GNU 11.4.0
[0.129s] -- The CXX compiler identification is GNU 11.4.0
[0.136s] -- Detecting C compiler ABI info
[0.202s] -- Detecting C compiler ABI info - done
[0.218s] -- Check for working C compiler: /usr/bin/cc - skipped
[0.218s] -- Detecting C compile features
[0.219s] -- Detecting C compile features - done
[0.225s] -- Detecting CXX compiler ABI info
[0.310s] -- Detecting CXX compiler ABI info - done
[0.319s] -- Check for working CXX compiler: /usr/bin/c++ - skipped
[0.319s] -- Detecting CXX compile features
[0.320s] -- Detecting CXX compile features - done
[0.322s] -- Found ament_cmake: 1.3.11 (/opt/ros/humble/share/ament_cmake/cmake)
[0.716s] -- Found Python3: /usr/bin/python3 (found version "3.10.12") found components: Interpreter 
[0.814s] -- Found rclcpp: 16.0.11 (/opt/ros/humble/share/rclcpp/cmake)
[0.858s] -- Found rosidl_generator_c: 3.1.6 (/opt/ros/humble/share/rosidl_generator_c/cmake)
[0.863s] -- Found rosidl_adapter: 3.1.6 (/opt/ros/humble/share/rosidl_adapter/cmake)
[0.873s] -- Found rosidl_generator_cpp: 3.1.6 (/opt/ros/humble/share/rosidl_generator_cpp/cmake)
[0.885s] -- Using all available rosidl_typesupport_c: rosidl_typesupport_fastrtps_c;rosidl_typesupport_introspection_c
[0.902s] -- Using all available rosidl_typesupport_cpp: rosidl_typesupport_fastrtps_cpp;rosidl_typesupport_introspection_cpp
[0.951s] -- Found rmw_implementation_cmake: 6.1.2 (/opt/ros/humble/share/rmw_implementation_cmake/cmake)
[0.954s] -- Found rmw_fastrtps_cpp: 6.2.7 (/opt/ros/humble/share/rmw_fastrtps_cpp/cmake)
[1.044s] -- Found OpenSSL: /usr/lib/x86_64-linux-gnu/libcrypto.so (found version "3.0.2")  
[1.071s] -- Found FastRTPS: /opt/ros/humble/include  
[1.112s] -- Using RMW implementation 'rmw_fastrtps_cpp' as default
[1.121s] -- Looking for pthread.h
[1.190s] -- Looking for pthread.h - found
[1.191s] -- Performing Test CMAKE_HAVE_LIBC_PTHREAD
[1.257s] -- Performing Test CMAKE_HAVE_LIBC_PTHREAD - Success
[1.258s] -- Found Threads: TRUE  
[1.312s] -- Found trajectory_msgs: 4.2.4 (/opt/ros/humble/share/trajectory_msgs/cmake)
[1.346s] -- Found ament_lint_auto: 0.12.11 (/opt/ros/humble/share/ament_lint_auto/cmake)
[1.444s] -- Added test 'cppcheck' to perform static code analysis on C / C++ code
[1.444s] -- Configured cppcheck include dirs: 
[1.444s] -- Configured cppcheck exclude dirs and/or files: 
[1.445s] -- Added test 'flake8' to check Python code syntax and style conventions
[1.445s] -- Added test 'lint_cmake' to check CMake code style
[1.446s] -- Added test 'pep257' to check Python code against some of the docstring style conventions in PEP 257
[1.447s] -- Added test 'uncrustify' to check C / C++ code style
[1.448s] -- Configured uncrustify additional arguments: 
[1.448s] -- Added test 'xmllint' to check XML markup files
[1.450s] -- Configuring done
[1.458s] -- Generating done
[1.461s] -- Build files have been written to: /home/fra/master_ws_test/build/six_arm
[1.471s] Invoked command in '/home/fra/master_ws_test/build/six_arm' returned '0': CMAKE_PREFIX_PATH=${CMAKE_PREFIX_PATH}:/home/fra/ros2_ws/install/python_pkg:/opt/ros/humble /usr/bin/cmake /home/fra/master_ws_test/src/six_arm -DCMAKE_INSTALL_PREFIX=/home/fra/master_ws_test/install/six_arm
[1.472s] Invoking command in '/home/fra/master_ws_test/build/six_arm': CMAKE_PREFIX_PATH=${CMAKE_PREFIX_PATH}:/home/fra/ros2_ws/install/python_pkg:/opt/ros/humble /usr/bin/cmake --build /home/fra/master_ws_test/build/six_arm -- -j12 -l12
[1.514s] [ 50%] [32mBuilding CXX object CMakeFiles/joint_publisher.dir/src/joint_publisher.cpp.o[0m
[7.055s] [100%] [32m[1mLinking CXX executable joint_publisher[0m
[7.252s] [100%] Built target joint_publisher
[7.266s] Invoked command in '/home/fra/master_ws_test/build/six_arm' returned '0': CMAKE_PREFIX_PATH=${CMAKE_PREFIX_PATH}:/home/fra/ros2_ws/install/python_pkg:/opt/ros/humble /usr/bin/cmake --build /home/fra/master_ws_test/build/six_arm -- -j12 -l12
[7.268s] Invoking command in '/home/fra/master_ws_test/build/six_arm': CMAKE_PREFIX_PATH=${CMAKE_PREFIX_PATH}:/home/fra/ros2_ws/install/python_pkg:/opt/ros/humble /usr/bin/cmake --install /home/fra/master_ws_test/build/six_arm
[7.275s] -- Install configuration: ""
[7.276s] -- Installing: /home/fra/master_ws_test/install/six_arm/lib/six_arm/joint_publisher
[7.277s] -- Set runtime path of "/home/fra/master_ws_test/install/six_arm/lib/six_arm/joint_publisher" to ""
[7.277s] -- Installing: /home/fra/master_ws_test/install/six_arm/share/six_arm/launch
[7.277s] -- Installing: /home/fra/master_ws_test/install/six_arm/share/six_arm/launch/spawn_robot_traj_controllers.launch.py
[7.277s] -- Installing: /home/fra/master_ws_test/install/six_arm/share/six_arm/launch/spawn_robot_eff_controllers.launch.py
[7.277s] -- Installing: /home/fra/master_ws_test/install/six_arm/share/six_arm/launch/spawn_robot_controllers.launch.py
[7.277s] -- Installing: /home/fra/master_ws_test/install/six_arm/share/six_arm/launch/spawn_robot_namespace.launch.py
[7.277s] -- Installing: /home/fra/master_ws_test/install/six_arm/share/six_arm/launch/spawn_robot_camera.launch.py
[7.278s] -- Installing: /home/fra/master_ws_test/install/six_arm/share/six_arm/urdf
[7.278s] -- Installing: /home/fra/master_ws_test/install/six_arm/share/six_arm/urdf/red_cube.xacro
[7.278s] -- Installing: /home/fra/master_ws_test/install/six_arm/share/six_arm/urdf/cobot_camera.urdf.xacro
[7.278s] -- Installing: /home/fra/master_ws_test/install/six_arm/share/six_arm/urdf/cobot_trajectory_control.urdf.xacro
[7.278s] -- Installing: /home/fra/master_ws_test/install/six_arm/share/six_arm/urdf/cobot.urdf.xacro
[7.278s] -- Installing: /home/fra/master_ws_test/install/six_arm/share/six_arm/urdf/custom_robot_gazebo.xacro
[7.278s] -- Installing: /home/fra/master_ws_test/install/six_arm/share/six_arm/urdf/custom_gripper.xacro
[7.278s] -- Installing: /home/fra/master_ws_test/install/six_arm/share/six_arm/urdf/cobot_effort.urdf.xacro
[7.279s] -- Installing: /home/fra/master_ws_test/install/six_arm/share/six_arm/urdf/camera_gazebo.xacro
[7.279s] -- Installing: /home/fra/master_ws_test/install/six_arm/share/six_arm/urdf/link_joint.xacro
[7.279s] -- Installing: /home/fra/master_ws_test/install/six_arm/share/six_arm/config
[7.279s] -- Installing: /home/fra/master_ws_test/install/six_arm/share/six_arm/config/effort_controllers.yaml
[7.279s] -- Installing: /home/fra/master_ws_test/install/six_arm/share/six_arm/config/trajectory_controllers.yaml
[7.279s] -- Installing: /home/fra/master_ws_test/install/six_arm/share/six_arm/config/controllers.yaml
[7.279s] -- Installing: /home/fra/master_ws_test/install/six_arm/share/six_arm/config/config.rviz
[7.279s] -- Installing: /home/fra/master_ws_test/install/six_arm/share/six_arm/src
[7.279s] -- Installing: /home/fra/master_ws_test/install/six_arm/share/six_arm/src/joint_publisher.cpp
[7.280s] -- Installing: /home/fra/master_ws_test/install/six_arm/share/ament_index/resource_index/package_run_dependencies/six_arm
[7.280s] -- Installing: /home/fra/master_ws_test/install/six_arm/share/ament_index/resource_index/parent_prefix_path/six_arm
[7.280s] -- Installing: /home/fra/master_ws_test/install/six_arm/share/six_arm/environment/ament_prefix_path.sh
[7.280s] -- Installing: /home/fra/master_ws_test/install/six_arm/share/six_arm/environment/ament_prefix_path.dsv
[7.280s] -- Installing: /home/fra/master_ws_test/install/six_arm/share/six_arm/environment/path.sh
[7.280s] -- Installing: /home/fra/master_ws_test/install/six_arm/share/six_arm/environment/path.dsv
[7.280s] -- Installing: /home/fra/master_ws_test/install/six_arm/share/six_arm/local_setup.bash
[7.280s] -- Installing: /home/fra/master_ws_test/install/six_arm/share/six_arm/local_setup.sh
[7.281s] -- Installing: /home/fra/master_ws_test/install/six_arm/share/six_arm/local_setup.zsh
[7.281s] -- Installing: /home/fra/master_ws_test/install/six_arm/share/six_arm/local_setup.dsv
[7.281s] -- Installing: /home/fra/master_ws_test/install/six_arm/share/six_arm/package.dsv
[7.281s] -- Installing: /home/fra/master_ws_test/install/six_arm/share/ament_index/resource_index/packages/six_arm
[7.281s] -- Installing: /home/fra/master_ws_test/install/six_arm/share/six_arm/cmake/six_armConfig.cmake
[7.281s] -- Installing: /home/fra/master_ws_test/install/six_arm/share/six_arm/cmake/six_armConfig-version.cmake
[7.281s] -- Installing: /home/fra/master_ws_test/install/six_arm/share/six_arm/package.xml
[7.283s] Invoked command in '/home/fra/master_ws_test/build/six_arm' returned '0': CMAKE_PREFIX_PATH=${CMAKE_PREFIX_PATH}:/home/fra/ros2_ws/install/python_pkg:/opt/ros/humble /usr/bin/cmake --install /home/fra/master_ws_test/build/six_arm
