[0.119s] [34mcolcon[0m [1;30mDEBUG[0m [32mCommand line arguments: ['/usr/bin/colcon', 'build'][0m
[0.119s] [34mcolcon[0m [1;30mDEBUG[0m [32mParsed command line arguments: Namespace(log_base=None, log_level=None, verb_name='build', build_base='build', install_base='install', merge_install=False, symlink_install=False, test_result_base=None, continue_on_error=False, executor='parallel', parallel_workers=12, event_handlers=None, ignore_user_meta=False, metas=['./colcon.meta'], base_paths=['.'], packages_ignore=None, packages_ignore_regex=None, paths=None, packages_up_to=None, packages_up_to_regex=None, packages_above=None, packages_above_and_dependencies=None, packages_above_depth=None, packages_select_by_dep=None, packages_skip_by_dep=None, packages_skip_up_to=None, packages_select_build_failed=False, packages_skip_build_finished=False, packages_select_test_failures=False, packages_skip_test_passed=False, packages_select=None, packages_skip=None, packages_select_regex=None, packages_skip_regex=None, packages_start=None, packages_end=None, allow_overriding=[], cmake_args=None, cmake_target=None, cmake_target_skip_unavailable=False, cmake_clean_cache=False, cmake_clean_first=False, cmake_force_configure=False, ament_cmake_args=None, catkin_cmake_args=None, catkin_skip_building_tests=False, mixin_files=None, mixin=None, verb_parser=<colcon_mixin.mixin.mixin_argument.MixinArgumentDecorator object at 0x73c8eb4324a0>, verb_extension=<colcon_core.verb.build.BuildVerb object at 0x73c8eb431e10>, main=<bound method BuildVerb.main of <colcon_core.verb.build.BuildVerb object at 0x73c8eb431e10>>, mixin_verb=('build',))[0m
[0.155s] [34mcolcon.colcon_core.package_discovery[0m [1;30mLevel 1[0m discover_packages(colcon_meta) check parameters
[0.155s] [34mcolcon.colcon_core.package_discovery[0m [1;30mLevel 1[0m discover_packages(recursive) check parameters
[0.155s] [34mcolcon.colcon_core.package_discovery[0m [1;30mLevel 1[0m discover_packages(ignore) check parameters
[0.155s] [34mcolcon.colcon_core.package_discovery[0m [1;30mLevel 1[0m discover_packages(path) check parameters
[0.155s] [34mcolcon.colcon_core.package_discovery[0m [1;30mLevel 1[0m discover_packages(colcon_meta) discover
[0.155s] [34mcolcon.colcon_core.package_discovery[0m [1;30mLevel 1[0m discover_packages(recursive) discover
[0.155s] [34mcolcon.colcon_core.package_discovery[0m [1;30mINFO[0m Crawling recursively for packages in '/home/fra/master_ws_test'
[0.156s] [34mcolcon.colcon_core.package_identification[0m [1;30mLevel 1[0m _identify(.) by extensions ['ignore', 'ignore_ament_install']
[0.156s] [34mcolcon.colcon_core.package_identification[0m [1;30mLevel 1[0m _identify(.) by extension 'ignore'
[0.156s] [34mcolcon.colcon_core.package_identification[0m [1;30mLevel 1[0m _identify(.) by extension 'ignore_ament_install'
[0.156s] [34mcolcon.colcon_core.package_identification[0m [1;30mLevel 1[0m _identify(.) by extensions ['colcon_pkg']
[0.156s] [34mcolcon.colcon_core.package_identification[0m [1;30mLevel 1[0m _identify(.) by extension 'colcon_pkg'
[0.156s] [34mcolcon.colcon_core.package_identification[0m [1;30mLevel 1[0m _identify(.) by extensions ['colcon_meta']
[0.156s] [34mcolcon.colcon_core.package_identification[0m [1;30mLevel 1[0m _identify(.) by extension 'colcon_meta'
[0.156s] [34mcolcon.colcon_core.package_identification[0m [1;30mLevel 1[0m _identify(.) by extensions ['ros']
[0.156s] [34mcolcon.colcon_core.package_identification[0m [1;30mLevel 1[0m _identify(.) by extension 'ros'
[0.176s] [34mcolcon.colcon_core.package_identification[0m [1;30mLevel 1[0m _identify(.) by extensions ['cmake', 'python']
[0.176s] [34mcolcon.colcon_core.package_identification[0m [1;30mLevel 1[0m _identify(.) by extension 'cmake'
[0.176s] [34mcolcon.colcon_core.package_identification[0m [1;30mLevel 1[0m _identify(.) by extension 'python'
[0.176s] [34mcolcon.colcon_core.package_identification[0m [1;30mLevel 1[0m _identify(.) by extensions ['python_setup_py']
[0.176s] [34mcolcon.colcon_core.package_identification[0m [1;30mLevel 1[0m _identify(.) by extension 'python_setup_py'
[0.177s] [34mcolcon.colcon_core.package_identification[0m [1;30mLevel 1[0m _identify(build) by extensions ['ignore', 'ignore_ament_install']
[0.177s] [34mcolcon.colcon_core.package_identification[0m [1;30mLevel 1[0m _identify(build) by extension 'ignore'
[0.177s] [34mcolcon.colcon_core.package_identification[0m [1;30mLevel 1[0m _identify(build) ignored
[0.177s] [34mcolcon.colcon_core.package_identification[0m [1;30mLevel 1[0m _identify(install) by extensions ['ignore', 'ignore_ament_install']
[0.177s] [34mcolcon.colcon_core.package_identification[0m [1;30mLevel 1[0m _identify(install) by extension 'ignore'
[0.177s] [34mcolcon.colcon_core.package_identification[0m [1;30mLevel 1[0m _identify(install) ignored
[0.177s] [34mcolcon.colcon_core.package_identification[0m [1;30mLevel 1[0m _identify(log) by extensions ['ignore', 'ignore_ament_install']
[0.177s] [34mcolcon.colcon_core.package_identification[0m [1;30mLevel 1[0m _identify(log) by extension 'ignore'
[0.177s] [34mcolcon.colcon_core.package_identification[0m [1;30mLevel 1[0m _identify(log) ignored
[0.177s] [34mcolcon.colcon_core.package_identification[0m [1;30mLevel 1[0m _identify(src) by extensions ['ignore', 'ignore_ament_install']
[0.177s] [34mcolcon.colcon_core.package_identification[0m [1;30mLevel 1[0m _identify(src) by extension 'ignore'
[0.177s] [34mcolcon.colcon_core.package_identification[0m [1;30mLevel 1[0m _identify(src) by extension 'ignore_ament_install'
[0.177s] [34mcolcon.colcon_core.package_identification[0m [1;30mLevel 1[0m _identify(src) by extensions ['colcon_pkg']
[0.177s] [34mcolcon.colcon_core.package_identification[0m [1;30mLevel 1[0m _identify(src) by extension 'colcon_pkg'
[0.177s] [34mcolcon.colcon_core.package_identification[0m [1;30mLevel 1[0m _identify(src) by extensions ['colcon_meta']
[0.178s] [34mcolcon.colcon_core.package_identification[0m [1;30mLevel 1[0m _identify(src) by extension 'colcon_meta'
[0.178s] [34mcolcon.colcon_core.package_identification[0m [1;30mLevel 1[0m _identify(src) by extensions ['ros']
[0.178s] [34mcolcon.colcon_core.package_identification[0m [1;30mLevel 1[0m _identify(src) by extension 'ros'
[0.178s] [34mcolcon.colcon_core.package_identification[0m [1;30mLevel 1[0m _identify(src) by extensions ['cmake', 'python']
[0.178s] [34mcolcon.colcon_core.package_identification[0m [1;30mLevel 1[0m _identify(src) by extension 'cmake'
[0.178s] [34mcolcon.colcon_core.package_identification[0m [1;30mLevel 1[0m _identify(src) by extension 'python'
[0.178s] [34mcolcon.colcon_core.package_identification[0m [1;30mLevel 1[0m _identify(src) by extensions ['python_setup_py']
[0.178s] [34mcolcon.colcon_core.package_identification[0m [1;30mLevel 1[0m _identify(src) by extension 'python_setup_py'
[0.178s] [34mcolcon.colcon_core.package_identification[0m [1;30mLevel 1[0m _identify(src/ind_environment) by extensions ['ignore', 'ignore_ament_install']
[0.178s] [34mcolcon.colcon_core.package_identification[0m [1;30mLevel 1[0m _identify(src/ind_environment) by extension 'ignore'
[0.178s] [34mcolcon.colcon_core.package_identification[0m [1;30mLevel 1[0m _identify(src/ind_environment) by extension 'ignore_ament_install'
[0.178s] [34mcolcon.colcon_core.package_identification[0m [1;30mLevel 1[0m _identify(src/ind_environment) by extensions ['colcon_pkg']
[0.178s] [34mcolcon.colcon_core.package_identification[0m [1;30mLevel 1[0m _identify(src/ind_environment) by extension 'colcon_pkg'
[0.178s] [34mcolcon.colcon_core.package_identification[0m [1;30mLevel 1[0m _identify(src/ind_environment) by extensions ['colcon_meta']
[0.178s] [34mcolcon.colcon_core.package_identification[0m [1;30mLevel 1[0m _identify(src/ind_environment) by extension 'colcon_meta'
[0.178s] [34mcolcon.colcon_core.package_identification[0m [1;30mLevel 1[0m _identify(src/ind_environment) by extensions ['ros']
[0.178s] [34mcolcon.colcon_core.package_identification[0m [1;30mLevel 1[0m _identify(src/ind_environment) by extension 'ros'
[0.181s] [34mcolcon.colcon_core.package_identification[0m [1;30mDEBUG[0m [32mPackage 'src/ind_environment' with type 'ros.ament_cmake' and name 'ind_environment'[0m
[0.181s] [34mcolcon.colcon_core.package_identification[0m [1;30mLevel 1[0m _identify(src/realsense-ros) by extensions ['ignore', 'ignore_ament_install']
[0.181s] [34mcolcon.colcon_core.package_identification[0m [1;30mLevel 1[0m _identify(src/realsense-ros) by extension 'ignore'
[0.181s] [34mcolcon.colcon_core.package_identification[0m [1;30mLevel 1[0m _identify(src/realsense-ros) by extension 'ignore_ament_install'
[0.181s] [34mcolcon.colcon_core.package_identification[0m [1;30mLevel 1[0m _identify(src/realsense-ros) by extensions ['colcon_pkg']
[0.181s] [34mcolcon.colcon_core.package_identification[0m [1;30mLevel 1[0m _identify(src/realsense-ros) by extension 'colcon_pkg'
[0.181s] [34mcolcon.colcon_core.package_identification[0m [1;30mLevel 1[0m _identify(src/realsense-ros) by extensions ['colcon_meta']
[0.181s] [34mcolcon.colcon_core.package_identification[0m [1;30mLevel 1[0m _identify(src/realsense-ros) by extension 'colcon_meta'
[0.181s] [34mcolcon.colcon_core.package_identification[0m [1;30mLevel 1[0m _identify(src/realsense-ros) by extensions ['ros']
[0.181s] [34mcolcon.colcon_core.package_identification[0m [1;30mLevel 1[0m _identify(src/realsense-ros) by extension 'ros'
[0.181s] [34mcolcon.colcon_core.package_identification[0m [1;30mLevel 1[0m _identify(src/realsense-ros) by extensions ['cmake', 'python']
[0.181s] [34mcolcon.colcon_core.package_identification[0m [1;30mLevel 1[0m _identify(src/realsense-ros) by extension 'cmake'
[0.181s] [34mcolcon.colcon_core.package_identification[0m [1;30mLevel 1[0m _identify(src/realsense-ros) by extension 'python'
[0.181s] [34mcolcon.colcon_core.package_identification[0m [1;30mLevel 1[0m _identify(src/realsense-ros) by extensions ['python_setup_py']
[0.181s] [34mcolcon.colcon_core.package_identification[0m [1;30mLevel 1[0m _identify(src/realsense-ros) by extension 'python_setup_py'
[0.181s] [34mcolcon.colcon_core.package_identification[0m [1;30mLevel 1[0m _identify(src/realsense-ros/realsense2_camera) by extensions ['ignore', 'ignore_ament_install']
[0.181s] [34mcolcon.colcon_core.package_identification[0m [1;30mLevel 1[0m _identify(src/realsense-ros/realsense2_camera) by extension 'ignore'
[0.182s] [34mcolcon.colcon_core.package_identification[0m [1;30mLevel 1[0m _identify(src/realsense-ros/realsense2_camera) by extension 'ignore_ament_install'
[0.182s] [34mcolcon.colcon_core.package_identification[0m [1;30mLevel 1[0m _identify(src/realsense-ros/realsense2_camera) by extensions ['colcon_pkg']
[0.182s] [34mcolcon.colcon_core.package_identification[0m [1;30mLevel 1[0m _identify(src/realsense-ros/realsense2_camera) by extension 'colcon_pkg'
[0.182s] [34mcolcon.colcon_core.package_identification[0m [1;30mLevel 1[0m _identify(src/realsense-ros/realsense2_camera) by extensions ['colcon_meta']
[0.182s] [34mcolcon.colcon_core.package_identification[0m [1;30mLevel 1[0m _identify(src/realsense-ros/realsense2_camera) by extension 'colcon_meta'
[0.182s] [34mcolcon.colcon_core.package_identification[0m [1;30mLevel 1[0m _identify(src/realsense-ros/realsense2_camera) by extensions ['ros']
[0.182s] [34mcolcon.colcon_core.package_identification[0m [1;30mLevel 1[0m _identify(src/realsense-ros/realsense2_camera) by extension 'ros'
[0.188s] [34mcolcon.colcon_core.package_identification[0m [1;30mDEBUG[0m [32mPackage 'src/realsense-ros/realsense2_camera' with type 'ros.ament_cmake' and name 'realsense2_camera'[0m
[0.188s] [34mcolcon.colcon_core.package_identification[0m [1;30mLevel 1[0m _identify(src/realsense-ros/realsense2_camera_msgs) by extensions ['ignore', 'ignore_ament_install']
[0.188s] [34mcolcon.colcon_core.package_identification[0m [1;30mLevel 1[0m _identify(src/realsense-ros/realsense2_camera_msgs) by extension 'ignore'
[0.188s] [34mcolcon.colcon_core.package_identification[0m [1;30mLevel 1[0m _identify(src/realsense-ros/realsense2_camera_msgs) by extension 'ignore_ament_install'
[0.188s] [34mcolcon.colcon_core.package_identification[0m [1;30mLevel 1[0m _identify(src/realsense-ros/realsense2_camera_msgs) by extensions ['colcon_pkg']
[0.188s] [34mcolcon.colcon_core.package_identification[0m [1;30mLevel 1[0m _identify(src/realsense-ros/realsense2_camera_msgs) by extension 'colcon_pkg'
[0.188s] [34mcolcon.colcon_core.package_identification[0m [1;30mLevel 1[0m _identify(src/realsense-ros/realsense2_camera_msgs) by extensions ['colcon_meta']
[0.188s] [34mcolcon.colcon_core.package_identification[0m [1;30mLevel 1[0m _identify(src/realsense-ros/realsense2_camera_msgs) by extension 'colcon_meta'
[0.189s] [34mcolcon.colcon_core.package_identification[0m [1;30mLevel 1[0m _identify(src/realsense-ros/realsense2_camera_msgs) by extensions ['ros']
[0.189s] [34mcolcon.colcon_core.package_identification[0m [1;30mLevel 1[0m _identify(src/realsense-ros/realsense2_camera_msgs) by extension 'ros'
[0.189s] [34mcolcon.colcon_core.package_identification[0m [1;30mDEBUG[0m [32mPackage 'src/realsense-ros/realsense2_camera_msgs' with type 'ros.ament_cmake' and name 'realsense2_camera_msgs'[0m
[0.189s] [34mcolcon.colcon_core.package_identification[0m [1;30mLevel 1[0m _identify(src/realsense-ros/realsense2_description) by extensions ['ignore', 'ignore_ament_install']
[0.189s] [34mcolcon.colcon_core.package_identification[0m [1;30mLevel 1[0m _identify(src/realsense-ros/realsense2_description) by extension 'ignore'
[0.189s] [34mcolcon.colcon_core.package_identification[0m [1;30mLevel 1[0m _identify(src/realsense-ros/realsense2_description) by extension 'ignore_ament_install'
[0.189s] [34mcolcon.colcon_core.package_identification[0m [1;30mLevel 1[0m _identify(src/realsense-ros/realsense2_description) by extensions ['colcon_pkg']
[0.190s] [34mcolcon.colcon_core.package_identification[0m [1;30mLevel 1[0m _identify(src/realsense-ros/realsense2_description) by extension 'colcon_pkg'
[0.190s] [34mcolcon.colcon_core.package_identification[0m [1;30mLevel 1[0m _identify(src/realsense-ros/realsense2_description) by extensions ['colcon_meta']
[0.190s] [34mcolcon.colcon_core.package_identification[0m [1;30mLevel 1[0m _identify(src/realsense-ros/realsense2_description) by extension 'colcon_meta'
[0.190s] [34mcolcon.colcon_core.package_identification[0m [1;30mLevel 1[0m _identify(src/realsense-ros/realsense2_description) by extensions ['ros']
[0.190s] [34mcolcon.colcon_core.package_identification[0m [1;30mLevel 1[0m _identify(src/realsense-ros/realsense2_description) by extension 'ros'
[0.190s] [34mcolcon.colcon_core.package_identification[0m [1;30mDEBUG[0m [32mPackage 'src/realsense-ros/realsense2_description' with type 'ros.ament_cmake' and name 'realsense2_description'[0m
[0.190s] [34mcolcon.colcon_core.package_identification[0m [1;30mLevel 1[0m _identify(src/realsense-ros/scripts) by extensions ['ignore', 'ignore_ament_install']
[0.191s] [34mcolcon.colcon_core.package_identification[0m [1;30mLevel 1[0m _identify(src/realsense-ros/scripts) by extension 'ignore'
[0.191s] [34mcolcon.colcon_core.package_identification[0m [1;30mLevel 1[0m _identify(src/realsense-ros/scripts) by extension 'ignore_ament_install'
[0.191s] [34mcolcon.colcon_core.package_identification[0m [1;30mLevel 1[0m _identify(src/realsense-ros/scripts) by extensions ['colcon_pkg']
[0.191s] [34mcolcon.colcon_core.package_identification[0m [1;30mLevel 1[0m _identify(src/realsense-ros/scripts) by extension 'colcon_pkg'
[0.191s] [34mcolcon.colcon_core.package_identification[0m [1;30mLevel 1[0m _identify(src/realsense-ros/scripts) by extensions ['colcon_meta']
[0.191s] [34mcolcon.colcon_core.package_identification[0m [1;30mLevel 1[0m _identify(src/realsense-ros/scripts) by extension 'colcon_meta'
[0.191s] [34mcolcon.colcon_core.package_identification[0m [1;30mLevel 1[0m _identify(src/realsense-ros/scripts) by extensions ['ros']
[0.191s] [34mcolcon.colcon_core.package_identification[0m [1;30mLevel 1[0m _identify(src/realsense-ros/scripts) by extension 'ros'
[0.191s] [34mcolcon.colcon_core.package_identification[0m [1;30mLevel 1[0m _identify(src/realsense-ros/scripts) by extensions ['cmake', 'python']
[0.191s] [34mcolcon.colcon_core.package_identification[0m [1;30mLevel 1[0m _identify(src/realsense-ros/scripts) by extension 'cmake'
[0.191s] [34mcolcon.colcon_core.package_identification[0m [1;30mLevel 1[0m _identify(src/realsense-ros/scripts) by extension 'python'
[0.191s] [34mcolcon.colcon_core.package_identification[0m [1;30mLevel 1[0m _identify(src/realsense-ros/scripts) by extensions ['python_setup_py']
[0.191s] [34mcolcon.colcon_core.package_identification[0m [1;30mLevel 1[0m _identify(src/realsense-ros/scripts) by extension 'python_setup_py'
[0.191s] [34mcolcon.colcon_core.package_identification[0m [1;30mLevel 1[0m _identify(src/six_arm) by extensions ['ignore', 'ignore_ament_install']
[0.191s] [34mcolcon.colcon_core.package_identification[0m [1;30mLevel 1[0m _identify(src/six_arm) by extension 'ignore'
[0.191s] [34mcolcon.colcon_core.package_identification[0m [1;30mLevel 1[0m _identify(src/six_arm) by extension 'ignore_ament_install'
[0.191s] [34mcolcon.colcon_core.package_identification[0m [1;30mLevel 1[0m _identify(src/six_arm) by extensions ['colcon_pkg']
[0.191s] [34mcolcon.colcon_core.package_identification[0m [1;30mLevel 1[0m _identify(src/six_arm) by extension 'colcon_pkg'
[0.191s] [34mcolcon.colcon_core.package_identification[0m [1;30mLevel 1[0m _identify(src/six_arm) by extensions ['colcon_meta']
[0.191s] [34mcolcon.colcon_core.package_identification[0m [1;30mLevel 1[0m _identify(src/six_arm) by extension 'colcon_meta'
[0.192s] [34mcolcon.colcon_core.package_identification[0m [1;30mLevel 1[0m _identify(src/six_arm) by extensions ['ros']
[0.192s] [34mcolcon.colcon_core.package_identification[0m [1;30mLevel 1[0m _identify(src/six_arm) by extension 'ros'
[0.192s] [34mcolcon.colcon_core.package_identification[0m [1;30mDEBUG[0m [32mPackage 'src/six_arm' with type 'ros.ament_cmake' and name 'six_arm'[0m
[0.192s] [34mcolcon.colcon_core.package_discovery[0m [1;30mLevel 1[0m discover_packages(recursive) using defaults
[0.192s] [34mcolcon.colcon_core.package_discovery[0m [1;30mLevel 1[0m discover_packages(ignore) discover
[0.192s] [34mcolcon.colcon_core.package_discovery[0m [1;30mLevel 1[0m discover_packages(ignore) using defaults
[0.192s] [34mcolcon.colcon_core.package_discovery[0m [1;30mLevel 1[0m discover_packages(path) discover
[0.192s] [34mcolcon.colcon_core.package_discovery[0m [1;30mLevel 1[0m discover_packages(path) using defaults
[0.207s] [34mcolcon.colcon_core.package_discovery[0m [1;30mLevel 1[0m discover_packages(prefix_path) check parameters
[0.208s] [34mcolcon.colcon_core.package_discovery[0m [1;30mLevel 1[0m discover_packages(prefix_path) discover
[0.208s] [34mcolcon.colcon_ros.prefix_path.ament[0m [1;30mWARNING[0m [33mThe path '/home/fra/master_ws_test/install/six_arm' in the environment variable AMENT_PREFIX_PATH doesn't exist[0m
[0.208s] [34mcolcon.colcon_ros.prefix_path.ament[0m [1;30mWARNING[0m [33mThe path '/home/fra/master_ws_test/install/realsense2_description' in the environment variable AMENT_PREFIX_PATH doesn't exist[0m
[0.209s] [34mcolcon.colcon_ros.prefix_path.ament[0m [1;30mWARNING[0m [33mThe path '/home/fra/master_ws_test/install/realsense2_camera' in the environment variable AMENT_PREFIX_PATH doesn't exist[0m
[0.209s] [34mcolcon.colcon_ros.prefix_path.ament[0m [1;30mWARNING[0m [33mThe path '/home/fra/master_ws_test/install/realsense2_camera_msgs' in the environment variable AMENT_PREFIX_PATH doesn't exist[0m
[0.209s] [34mcolcon.colcon_ros.prefix_path.ament[0m [1;30mWARNING[0m [33mThe path '/home/fra/master_ws_test/install/ind_environment' in the environment variable AMENT_PREFIX_PATH doesn't exist[0m
[0.209s] [34mcolcon.colcon_ros.prefix_path.catkin[0m [1;30mWARNING[0m [33mThe path '/home/fra/master_ws_test/install/six_arm' in the environment variable CMAKE_PREFIX_PATH doesn't exist[0m
[0.209s] [34mcolcon.colcon_ros.prefix_path.catkin[0m [1;30mWARNING[0m [33mThe path '/home/fra/master_ws_test/install/realsense2_description' in the environment variable CMAKE_PREFIX_PATH doesn't exist[0m
[0.209s] [34mcolcon.colcon_ros.prefix_path.catkin[0m [1;30mWARNING[0m [33mThe path '/home/fra/master_ws_test/install/realsense2_camera' in the environment variable CMAKE_PREFIX_PATH doesn't exist[0m
[0.209s] [34mcolcon.colcon_ros.prefix_path.catkin[0m [1;30mWARNING[0m [33mThe path '/home/fra/master_ws_test/install/realsense2_camera_msgs' in the environment variable CMAKE_PREFIX_PATH doesn't exist[0m
[0.209s] [34mcolcon.colcon_ros.prefix_path.catkin[0m [1;30mWARNING[0m [33mThe path '/home/fra/master_ws_test/install/ind_environment' in the environment variable CMAKE_PREFIX_PATH doesn't exist[0m
[0.210s] [34mcolcon.colcon_installed_package_information.package_discovery[0m [1;30mDEBUG[0m [32mFound 1 installed packages in /home/fra/master_ws_test/install[0m
[0.211s] [34mcolcon.colcon_installed_package_information.package_discovery[0m [1;30mDEBUG[0m [32mFound 4 installed packages in /home/fra/ros2_ws/install[0m
[0.212s] [34mcolcon.colcon_installed_package_information.package_discovery[0m [1;30mDEBUG[0m [32mFound 336 installed packages in /opt/ros/humble[0m
[0.213s] [34mcolcon.colcon_core.package_discovery[0m [1;30mLevel 1[0m discover_packages(prefix_path) using defaults
[0.265s] [34mcolcon.colcon_core.verb[0m [1;30mLevel 5[0m set package 'ind_environment' build argument 'cmake_args' from command line to 'None'
[0.266s] [34mcolcon.colcon_core.verb[0m [1;30mLevel 5[0m set package 'ind_environment' build argument 'cmake_target' from command line to 'None'
[0.266s] [34mcolcon.colcon_core.verb[0m [1;30mLevel 5[0m set package 'ind_environment' build argument 'cmake_target_skip_unavailable' from command line to 'False'
[0.266s] [34mcolcon.colcon_core.verb[0m [1;30mLevel 5[0m set package 'ind_environment' build argument 'cmake_clean_cache' from command line to 'False'
[0.266s] [34mcolcon.colcon_core.verb[0m [1;30mLevel 5[0m set package 'ind_environment' build argument 'cmake_clean_first' from command line to 'False'
[0.266s] [34mcolcon.colcon_core.verb[0m [1;30mLevel 5[0m set package 'ind_environment' build argument 'cmake_force_configure' from command line to 'False'
[0.266s] [34mcolcon.colcon_core.verb[0m [1;30mLevel 5[0m set package 'ind_environment' build argument 'ament_cmake_args' from command line to 'None'
[0.266s] [34mcolcon.colcon_core.verb[0m [1;30mLevel 5[0m set package 'ind_environment' build argument 'catkin_cmake_args' from command line to 'None'
[0.266s] [34mcolcon.colcon_core.verb[0m [1;30mLevel 5[0m set package 'ind_environment' build argument 'catkin_skip_building_tests' from command line to 'False'
[0.266s] [34mcolcon.colcon_core.verb[0m [1;30mDEBUG[0m [32mBuilding package 'ind_environment' with the following arguments: {'ament_cmake_args': None, 'build_base': '/home/fra/master_ws_test/build/ind_environment', 'catkin_cmake_args': None, 'catkin_skip_building_tests': False, 'cmake_args': None, 'cmake_clean_cache': False, 'cmake_clean_first': False, 'cmake_force_configure': False, 'cmake_target': None, 'cmake_target_skip_unavailable': False, 'install_base': '/home/fra/master_ws_test/install/ind_environment', 'merge_install': False, 'path': '/home/fra/master_ws_test/src/ind_environment', 'symlink_install': False, 'test_result_base': None}[0m
[0.266s] [34mcolcon.colcon_core.verb[0m [1;30mLevel 5[0m set package 'realsense2_camera_msgs' build argument 'cmake_args' from command line to 'None'
[0.266s] [34mcolcon.colcon_core.verb[0m [1;30mLevel 5[0m set package 'realsense2_camera_msgs' build argument 'cmake_target' from command line to 'None'
[0.266s] [34mcolcon.colcon_core.verb[0m [1;30mLevel 5[0m set package 'realsense2_camera_msgs' build argument 'cmake_target_skip_unavailable' from command line to 'False'
[0.266s] [34mcolcon.colcon_core.verb[0m [1;30mLevel 5[0m set package 'realsense2_camera_msgs' build argument 'cmake_clean_cache' from command line to 'False'
[0.266s] [34mcolcon.colcon_core.verb[0m [1;30mLevel 5[0m set package 'realsense2_camera_msgs' build argument 'cmake_clean_first' from command line to 'False'
[0.266s] [34mcolcon.colcon_core.verb[0m [1;30mLevel 5[0m set package 'realsense2_camera_msgs' build argument 'cmake_force_configure' from command line to 'False'
[0.266s] [34mcolcon.colcon_core.verb[0m [1;30mLevel 5[0m set package 'realsense2_camera_msgs' build argument 'ament_cmake_args' from command line to 'None'
[0.266s] [34mcolcon.colcon_core.verb[0m [1;30mLevel 5[0m set package 'realsense2_camera_msgs' build argument 'catkin_cmake_args' from command line to 'None'
[0.266s] [34mcolcon.colcon_core.verb[0m [1;30mLevel 5[0m set package 'realsense2_camera_msgs' build argument 'catkin_skip_building_tests' from command line to 'False'
[0.266s] [34mcolcon.colcon_core.verb[0m [1;30mDEBUG[0m [32mBuilding package 'realsense2_camera_msgs' with the following arguments: {'ament_cmake_args': None, 'build_base': '/home/fra/master_ws_test/build/realsense2_camera_msgs', 'catkin_cmake_args': None, 'catkin_skip_building_tests': False, 'cmake_args': None, 'cmake_clean_cache': False, 'cmake_clean_first': False, 'cmake_force_configure': False, 'cmake_target': None, 'cmake_target_skip_unavailable': False, 'install_base': '/home/fra/master_ws_test/install/realsense2_camera_msgs', 'merge_install': False, 'path': '/home/fra/master_ws_test/src/realsense-ros/realsense2_camera_msgs', 'symlink_install': False, 'test_result_base': None}[0m
[0.267s] [34mcolcon.colcon_core.verb[0m [1;30mLevel 5[0m set package 'six_arm' build argument 'cmake_args' from command line to 'None'
[0.267s] [34mcolcon.colcon_core.verb[0m [1;30mLevel 5[0m set package 'six_arm' build argument 'cmake_target' from command line to 'None'
[0.267s] [34mcolcon.colcon_core.verb[0m [1;30mLevel 5[0m set package 'six_arm' build argument 'cmake_target_skip_unavailable' from command line to 'False'
[0.267s] [34mcolcon.colcon_core.verb[0m [1;30mLevel 5[0m set package 'six_arm' build argument 'cmake_clean_cache' from command line to 'False'
[0.267s] [34mcolcon.colcon_core.verb[0m [1;30mLevel 5[0m set package 'six_arm' build argument 'cmake_clean_first' from command line to 'False'
[0.267s] [34mcolcon.colcon_core.verb[0m [1;30mLevel 5[0m set package 'six_arm' build argument 'cmake_force_configure' from command line to 'False'
[0.267s] [34mcolcon.colcon_core.verb[0m [1;30mLevel 5[0m set package 'six_arm' build argument 'ament_cmake_args' from command line to 'None'
[0.267s] [34mcolcon.colcon_core.verb[0m [1;30mLevel 5[0m set package 'six_arm' build argument 'catkin_cmake_args' from command line to 'None'
[0.267s] [34mcolcon.colcon_core.verb[0m [1;30mLevel 5[0m set package 'six_arm' build argument 'catkin_skip_building_tests' from command line to 'False'
[0.267s] [34mcolcon.colcon_core.verb[0m [1;30mDEBUG[0m [32mBuilding package 'six_arm' with the following arguments: {'ament_cmake_args': None, 'build_base': '/home/fra/master_ws_test/build/six_arm', 'catkin_cmake_args': None, 'catkin_skip_building_tests': False, 'cmake_args': None, 'cmake_clean_cache': False, 'cmake_clean_first': False, 'cmake_force_configure': False, 'cmake_target': None, 'cmake_target_skip_unavailable': False, 'install_base': '/home/fra/master_ws_test/install/six_arm', 'merge_install': False, 'path': '/home/fra/master_ws_test/src/six_arm', 'symlink_install': False, 'test_result_base': None}[0m
[0.267s] [34mcolcon.colcon_core.verb[0m [1;30mLevel 5[0m set package 'realsense2_camera' build argument 'cmake_args' from command line to 'None'
[0.267s] [34mcolcon.colcon_core.verb[0m [1;30mLevel 5[0m set package 'realsense2_camera' build argument 'cmake_target' from command line to 'None'
[0.267s] [34mcolcon.colcon_core.verb[0m [1;30mLevel 5[0m set package 'realsense2_camera' build argument 'cmake_target_skip_unavailable' from command line to 'False'
[0.268s] [34mcolcon.colcon_core.verb[0m [1;30mLevel 5[0m set package 'realsense2_camera' build argument 'cmake_clean_cache' from command line to 'False'
[0.268s] [34mcolcon.colcon_core.verb[0m [1;30mLevel 5[0m set package 'realsense2_camera' build argument 'cmake_clean_first' from command line to 'False'
[0.268s] [34mcolcon.colcon_core.verb[0m [1;30mLevel 5[0m set package 'realsense2_camera' build argument 'cmake_force_configure' from command line to 'False'
[0.268s] [34mcolcon.colcon_core.verb[0m [1;30mLevel 5[0m set package 'realsense2_camera' build argument 'ament_cmake_args' from command line to 'None'
[0.268s] [34mcolcon.colcon_core.verb[0m [1;30mLevel 5[0m set package 'realsense2_camera' build argument 'catkin_cmake_args' from command line to 'None'
[0.268s] [34mcolcon.colcon_core.verb[0m [1;30mLevel 5[0m set package 'realsense2_camera' build argument 'catkin_skip_building_tests' from command line to 'False'
[0.268s] [34mcolcon.colcon_core.verb[0m [1;30mDEBUG[0m [32mBuilding package 'realsense2_camera' with the following arguments: {'ament_cmake_args': None, 'build_base': '/home/fra/master_ws_test/build/realsense2_camera', 'catkin_cmake_args': None, 'catkin_skip_building_tests': False, 'cmake_args': None, 'cmake_clean_cache': False, 'cmake_clean_first': False, 'cmake_force_configure': False, 'cmake_target': None, 'cmake_target_skip_unavailable': False, 'install_base': '/home/fra/master_ws_test/install/realsense2_camera', 'merge_install': False, 'path': '/home/fra/master_ws_test/src/realsense-ros/realsense2_camera', 'symlink_install': False, 'test_result_base': None}[0m
[0.268s] [34mcolcon.colcon_core.verb[0m [1;30mLevel 5[0m set package 'realsense2_description' build argument 'cmake_args' from command line to 'None'
[0.268s] [34mcolcon.colcon_core.verb[0m [1;30mLevel 5[0m set package 'realsense2_description' build argument 'cmake_target' from command line to 'None'
[0.268s] [34mcolcon.colcon_core.verb[0m [1;30mLevel 5[0m set package 'realsense2_description' build argument 'cmake_target_skip_unavailable' from command line to 'False'
[0.268s] [34mcolcon.colcon_core.verb[0m [1;30mLevel 5[0m set package 'realsense2_description' build argument 'cmake_clean_cache' from command line to 'False'
[0.268s] [34mcolcon.colcon_core.verb[0m [1;30mLevel 5[0m set package 'realsense2_description' build argument 'cmake_clean_first' from command line to 'False'
[0.268s] [34mcolcon.colcon_core.verb[0m [1;30mLevel 5[0m set package 'realsense2_description' build argument 'cmake_force_configure' from command line to 'False'
[0.268s] [34mcolcon.colcon_core.verb[0m [1;30mLevel 5[0m set package 'realsense2_description' build argument 'ament_cmake_args' from command line to 'None'
[0.268s] [34mcolcon.colcon_core.verb[0m [1;30mLevel 5[0m set package 'realsense2_description' build argument 'catkin_cmake_args' from command line to 'None'
[0.268s] [34mcolcon.colcon_core.verb[0m [1;30mLevel 5[0m set package 'realsense2_description' build argument 'catkin_skip_building_tests' from command line to 'False'
[0.268s] [34mcolcon.colcon_core.verb[0m [1;30mDEBUG[0m [32mBuilding package 'realsense2_description' with the following arguments: {'ament_cmake_args': None, 'build_base': '/home/fra/master_ws_test/build/realsense2_description', 'catkin_cmake_args': None, 'catkin_skip_building_tests': False, 'cmake_args': None, 'cmake_clean_cache': False, 'cmake_clean_first': False, 'cmake_force_configure': False, 'cmake_target': None, 'cmake_target_skip_unavailable': False, 'install_base': '/home/fra/master_ws_test/install/realsense2_description', 'merge_install': False, 'path': '/home/fra/master_ws_test/src/realsense-ros/realsense2_description', 'symlink_install': False, 'test_result_base': None}[0m
[0.268s] [34mcolcon.colcon_core.executor[0m [1;30mINFO[0m Executing jobs using 'parallel' executor
[0.269s] [34mcolcon.colcon_parallel_executor.executor.parallel[0m [1;30mDEBUG[0m [32mrun_until_complete[0m
[0.270s] [34mcolcon.colcon_ros.task.ament_cmake.build[0m [1;30mINFO[0m Building ROS package in '/home/fra/master_ws_test/src/realsense-ros/realsense2_camera_msgs' with build type 'ament_cmake'
[0.270s] [34mcolcon.colcon_cmake.task.cmake.build[0m [1;30mINFO[0m Building CMake package in '/home/fra/master_ws_test/src/realsense-ros/realsense2_camera_msgs'
[0.271s] [34mcolcon.colcon_core.plugin_system[0m [1;30mINFO[0m Skipping extension 'colcon_core.shell.bat': Not used on non-Windows systems
[0.272s] [34mcolcon.colcon_core.shell[0m [1;30mINFO[0m Skip shell extension 'powershell' for command environment: Not usable outside of PowerShell
[0.272s] [34mcolcon.colcon_core.shell[0m [1;30mDEBUG[0m [32mSkip shell extension 'dsv' for command environment[0m
[0.275s] [34mcolcon.colcon_ros.task.ament_cmake.build[0m [1;30mINFO[0m Building ROS package in '/home/fra/master_ws_test/src/ind_environment' with build type 'ament_cmake'
[0.275s] [34mcolcon.colcon_cmake.task.cmake.build[0m [1;30mINFO[0m Building CMake package in '/home/fra/master_ws_test/src/ind_environment'
[0.276s] [34mcolcon.colcon_core.shell[0m [1;30mINFO[0m Skip shell extension 'powershell' for command environment: Not usable outside of PowerShell
[0.276s] [34mcolcon.colcon_core.shell[0m [1;30mDEBUG[0m [32mSkip shell extension 'dsv' for command environment[0m
[0.279s] [34mcolcon.colcon_ros.task.ament_cmake.build[0m [1;30mINFO[0m Building ROS package in '/home/fra/master_ws_test/src/six_arm' with build type 'ament_cmake'
[0.279s] [34mcolcon.colcon_cmake.task.cmake.build[0m [1;30mINFO[0m Building CMake package in '/home/fra/master_ws_test/src/six_arm'
[0.280s] [34mcolcon.colcon_core.shell[0m [1;30mINFO[0m Skip shell extension 'powershell' for command environment: Not usable outside of PowerShell
[0.280s] [34mcolcon.colcon_core.shell[0m [1;30mDEBUG[0m [32mSkip shell extension 'dsv' for command environment[0m
[0.289s] [34mcolcon.colcon_core.event_handler.log_command[0m [1;30mDEBUG[0m [32mInvoking command in '/home/fra/master_ws_test/build/realsense2_camera_msgs': CMAKE_PREFIX_PATH=${CMAKE_PREFIX_PATH}:/home/fra/ros2_ws/install/python_pkg:/opt/ros/humble /usr/bin/cmake /home/fra/master_ws_test/src/realsense-ros/realsense2_camera_msgs -DCMAKE_INSTALL_PREFIX=/home/fra/master_ws_test/install/realsense2_camera_msgs[0m
[0.293s] [34mcolcon.colcon_core.event_handler.log_command[0m [1;30mDEBUG[0m [32mInvoking command in '/home/fra/master_ws_test/build/ind_environment': CMAKE_PREFIX_PATH=${CMAKE_PREFIX_PATH}:/home/fra/ros2_ws/install/python_pkg:/opt/ros/humble /usr/bin/cmake /home/fra/master_ws_test/src/ind_environment -DCMAKE_INSTALL_PREFIX=/home/fra/master_ws_test/install/ind_environment[0m
[0.296s] [34mcolcon.colcon_core.event_handler.log_command[0m [1;30mDEBUG[0m [32mInvoking command in '/home/fra/master_ws_test/build/six_arm': CMAKE_PREFIX_PATH=${CMAKE_PREFIX_PATH}:/home/fra/ros2_ws/install/python_pkg:/opt/ros/humble /usr/bin/cmake /home/fra/master_ws_test/src/six_arm -DCMAKE_INSTALL_PREFIX=/home/fra/master_ws_test/install/six_arm[0m
[1.206s] [34mcolcon.colcon_core.event_handler.log_command[0m [1;30mDEBUG[0m [32mInvoked command in '/home/fra/master_ws_test/build/ind_environment' returned '0': CMAKE_PREFIX_PATH=${CMAKE_PREFIX_PATH}:/home/fra/ros2_ws/install/python_pkg:/opt/ros/humble /usr/bin/cmake /home/fra/master_ws_test/src/ind_environment -DCMAKE_INSTALL_PREFIX=/home/fra/master_ws_test/install/ind_environment[0m
[1.208s] [34mcolcon.colcon_core.event_handler.log_command[0m [1;30mDEBUG[0m [32mInvoking command in '/home/fra/master_ws_test/build/ind_environment': CMAKE_PREFIX_PATH=${CMAKE_PREFIX_PATH}:/home/fra/ros2_ws/install/python_pkg:/opt/ros/humble /usr/bin/cmake --build /home/fra/master_ws_test/build/ind_environment -- -j12 -l12[0m
[1.241s] [34mcolcon.colcon_core.event_handler.log_command[0m [1;30mDEBUG[0m [32mInvoked command in '/home/fra/master_ws_test/build/ind_environment' returned '0': CMAKE_PREFIX_PATH=${CMAKE_PREFIX_PATH}:/home/fra/ros2_ws/install/python_pkg:/opt/ros/humble /usr/bin/cmake --build /home/fra/master_ws_test/build/ind_environment -- -j12 -l12[0m
[1.251s] [34mcolcon.colcon_core.event_handler.log_command[0m [1;30mDEBUG[0m [32mInvoking command in '/home/fra/master_ws_test/build/ind_environment': CMAKE_PREFIX_PATH=${CMAKE_PREFIX_PATH}:/home/fra/ros2_ws/install/python_pkg:/opt/ros/humble /usr/bin/cmake --install /home/fra/master_ws_test/build/ind_environment[0m
[1.263s] [34mcolcon.colcon_core.environment[0m [1;30mLevel 1[0m create_environment_scripts_only(ind_environment)
[1.264s] [34mcolcon.colcon_core.event_handler.log_command[0m [1;30mDEBUG[0m [32mInvoked command in '/home/fra/master_ws_test/build/ind_environment' returned '0': CMAKE_PREFIX_PATH=${CMAKE_PREFIX_PATH}:/home/fra/ros2_ws/install/python_pkg:/opt/ros/humble /usr/bin/cmake --install /home/fra/master_ws_test/build/ind_environment[0m
[1.266s] [34mcolcon.colcon_core.environment[0m [1;30mLevel 1[0m checking '/home/fra/master_ws_test/install/ind_environment' for CMake module files
[1.266s] [34mcolcon.colcon_core.environment[0m [1;30mLevel 1[0m checking '/home/fra/master_ws_test/install/ind_environment' for CMake config files
[1.266s] [34mcolcon.colcon_core.shell[0m [1;30mLevel 1[0m create_environment_hook('ind_environment', 'cmake_prefix_path')
[1.267s] [34mcolcon.colcon_core.shell[0m [1;30mINFO[0m Creating environment hook '/home/fra/master_ws_test/install/ind_environment/share/ind_environment/hook/cmake_prefix_path.ps1'
[1.267s] [34mcolcon.colcon_core.shell[0m [1;30mINFO[0m Creating environment descriptor '/home/fra/master_ws_test/install/ind_environment/share/ind_environment/hook/cmake_prefix_path.dsv'
[1.268s] [34mcolcon.colcon_core.shell[0m [1;30mINFO[0m Creating environment hook '/home/fra/master_ws_test/install/ind_environment/share/ind_environment/hook/cmake_prefix_path.sh'
[1.269s] [34mcolcon.colcon_core.environment[0m [1;30mLevel 1[0m checking '/home/fra/master_ws_test/install/ind_environment/bin'
[1.269s] [34mcolcon.colcon_core.environment[0m [1;30mLevel 1[0m checking '/home/fra/master_ws_test/install/ind_environment/lib/pkgconfig/ind_environment.pc'
[1.269s] [34mcolcon.colcon_core.environment[0m [1;30mLevel 1[0m checking '/home/fra/master_ws_test/install/ind_environment/lib/python3.10/site-packages'
[1.269s] [34mcolcon.colcon_core.environment[0m [1;30mLevel 1[0m checking '/home/fra/master_ws_test/install/ind_environment/bin'
[1.269s] [34mcolcon.colcon_core.shell[0m [1;30mINFO[0m Creating package script '/home/fra/master_ws_test/install/ind_environment/share/ind_environment/package.ps1'
[1.270s] [34mcolcon.colcon_core.shell[0m [1;30mINFO[0m Creating package descriptor '/home/fra/master_ws_test/install/ind_environment/share/ind_environment/package.dsv'
[1.271s] [34mcolcon.colcon_core.shell[0m [1;30mINFO[0m Creating package script '/home/fra/master_ws_test/install/ind_environment/share/ind_environment/package.sh'
[1.272s] [34mcolcon.colcon_core.shell[0m [1;30mINFO[0m Creating package script '/home/fra/master_ws_test/install/ind_environment/share/ind_environment/package.bash'
[1.273s] [34mcolcon.colcon_core.shell[0m [1;30mINFO[0m Creating package script '/home/fra/master_ws_test/install/ind_environment/share/ind_environment/package.zsh'
[1.273s] [34mcolcon.colcon_core.environment[0m [1;30mLevel 1[0m create_file_with_runtime_dependencies(/home/fra/master_ws_test/install/ind_environment/share/colcon-core/packages/ind_environment)
[1.274s] [34mcolcon.colcon_core.environment[0m [1;30mLevel 1[0m create_environment_scripts_only(ind_environment)
[1.274s] [34mcolcon.colcon_core.environment[0m [1;30mLevel 1[0m checking '/home/fra/master_ws_test/install/ind_environment' for CMake module files
[1.275s] [34mcolcon.colcon_core.environment[0m [1;30mLevel 1[0m checking '/home/fra/master_ws_test/install/ind_environment' for CMake config files
[1.275s] [34mcolcon.colcon_core.shell[0m [1;30mLevel 1[0m create_environment_hook('ind_environment', 'cmake_prefix_path')
[1.275s] [34mcolcon.colcon_core.shell[0m [1;30mINFO[0m Creating environment hook '/home/fra/master_ws_test/install/ind_environment/share/ind_environment/hook/cmake_prefix_path.ps1'
[1.276s] [34mcolcon.colcon_core.shell[0m [1;30mINFO[0m Creating environment descriptor '/home/fra/master_ws_test/install/ind_environment/share/ind_environment/hook/cmake_prefix_path.dsv'
[1.276s] [34mcolcon.colcon_core.shell[0m [1;30mINFO[0m Creating environment hook '/home/fra/master_ws_test/install/ind_environment/share/ind_environment/hook/cmake_prefix_path.sh'
[1.277s] [34mcolcon.colcon_core.environment[0m [1;30mLevel 1[0m checking '/home/fra/master_ws_test/install/ind_environment/bin'
[1.277s] [34mcolcon.colcon_core.environment[0m [1;30mLevel 1[0m checking '/home/fra/master_ws_test/install/ind_environment/lib/pkgconfig/ind_environment.pc'
[1.277s] [34mcolcon.colcon_core.environment[0m [1;30mLevel 1[0m checking '/home/fra/master_ws_test/install/ind_environment/lib/python3.10/site-packages'
[1.277s] [34mcolcon.colcon_core.environment[0m [1;30mLevel 1[0m checking '/home/fra/master_ws_test/install/ind_environment/bin'
[1.277s] [34mcolcon.colcon_core.shell[0m [1;30mINFO[0m Creating package script '/home/fra/master_ws_test/install/ind_environment/share/ind_environment/package.ps1'
[1.278s] [34mcolcon.colcon_core.shell[0m [1;30mINFO[0m Creating package descriptor '/home/fra/master_ws_test/install/ind_environment/share/ind_environment/package.dsv'
[1.278s] [34mcolcon.colcon_core.shell[0m [1;30mINFO[0m Creating package script '/home/fra/master_ws_test/install/ind_environment/share/ind_environment/package.sh'
[1.279s] [34mcolcon.colcon_core.shell[0m [1;30mINFO[0m Creating package script '/home/fra/master_ws_test/install/ind_environment/share/ind_environment/package.bash'
[1.279s] [34mcolcon.colcon_core.shell[0m [1;30mINFO[0m Creating package script '/home/fra/master_ws_test/install/ind_environment/share/ind_environment/package.zsh'
[1.280s] [34mcolcon.colcon_core.environment[0m [1;30mLevel 1[0m create_file_with_runtime_dependencies(/home/fra/master_ws_test/install/ind_environment/share/colcon-core/packages/ind_environment)
[1.751s] [34mcolcon.colcon_core.event_handler.log_command[0m [1;30mDEBUG[0m [32mInvoked command in '/home/fra/master_ws_test/build/six_arm' returned '0': CMAKE_PREFIX_PATH=${CMAKE_PREFIX_PATH}:/home/fra/ros2_ws/install/python_pkg:/opt/ros/humble /usr/bin/cmake /home/fra/master_ws_test/src/six_arm -DCMAKE_INSTALL_PREFIX=/home/fra/master_ws_test/install/six_arm[0m
[1.752s] [34mcolcon.colcon_core.event_handler.log_command[0m [1;30mDEBUG[0m [32mInvoking command in '/home/fra/master_ws_test/build/six_arm': CMAKE_PREFIX_PATH=${CMAKE_PREFIX_PATH}:/home/fra/ros2_ws/install/python_pkg:/opt/ros/humble /usr/bin/cmake --build /home/fra/master_ws_test/build/six_arm -- -j12 -l12[0m
[2.508s] [34mcolcon.colcon_core.event_handler.log_command[0m [1;30mDEBUG[0m [32mInvoked command in '/home/fra/master_ws_test/build/realsense2_camera_msgs' returned '0': CMAKE_PREFIX_PATH=${CMAKE_PREFIX_PATH}:/home/fra/ros2_ws/install/python_pkg:/opt/ros/humble /usr/bin/cmake /home/fra/master_ws_test/src/realsense-ros/realsense2_camera_msgs -DCMAKE_INSTALL_PREFIX=/home/fra/master_ws_test/install/realsense2_camera_msgs[0m
[2.510s] [34mcolcon.colcon_core.event_handler.log_command[0m [1;30mDEBUG[0m [32mInvoking command in '/home/fra/master_ws_test/build/realsense2_camera_msgs': CMAKE_PREFIX_PATH=${CMAKE_PREFIX_PATH}:/home/fra/ros2_ws/install/python_pkg:/opt/ros/humble /usr/bin/cmake --build /home/fra/master_ws_test/build/realsense2_camera_msgs -- -j12 -l12[0m
[6.949s] [34mcolcon.colcon_core.event_handler.log_command[0m [1;30mDEBUG[0m [32mInvoked command in '/home/fra/master_ws_test/build/realsense2_camera_msgs' returned '0': CMAKE_PREFIX_PATH=${CMAKE_PREFIX_PATH}:/home/fra/ros2_ws/install/python_pkg:/opt/ros/humble /usr/bin/cmake --build /home/fra/master_ws_test/build/realsense2_camera_msgs -- -j12 -l12[0m
[6.951s] [34mcolcon.colcon_core.event_handler.log_command[0m [1;30mDEBUG[0m [32mInvoking command in '/home/fra/master_ws_test/build/realsense2_camera_msgs': CMAKE_PREFIX_PATH=${CMAKE_PREFIX_PATH}:/home/fra/ros2_ws/install/python_pkg:/opt/ros/humble /usr/bin/cmake --install /home/fra/master_ws_test/build/realsense2_camera_msgs[0m
[7.034s] [34mcolcon.colcon_core.environment[0m [1;30mLevel 1[0m create_environment_scripts_only(realsense2_camera_msgs)
[7.035s] [34mcolcon.colcon_core.environment[0m [1;30mLevel 1[0m checking '/home/fra/master_ws_test/install/realsense2_camera_msgs' for CMake module files
[7.035s] [34mcolcon.colcon_core.event_handler.log_command[0m [1;30mDEBUG[0m [32mInvoked command in '/home/fra/master_ws_test/build/realsense2_camera_msgs' returned '0': CMAKE_PREFIX_PATH=${CMAKE_PREFIX_PATH}:/home/fra/ros2_ws/install/python_pkg:/opt/ros/humble /usr/bin/cmake --install /home/fra/master_ws_test/build/realsense2_camera_msgs[0m
[7.036s] [34mcolcon.colcon_core.environment[0m [1;30mLevel 1[0m checking '/home/fra/master_ws_test/install/realsense2_camera_msgs' for CMake config files
[7.036s] [34mcolcon.colcon_core.shell[0m [1;30mLevel 1[0m create_environment_hook('realsense2_camera_msgs', 'cmake_prefix_path')
[7.036s] [34mcolcon.colcon_core.shell[0m [1;30mINFO[0m Creating environment hook '/home/fra/master_ws_test/install/realsense2_camera_msgs/share/realsense2_camera_msgs/hook/cmake_prefix_path.ps1'
[7.037s] [34mcolcon.colcon_core.shell[0m [1;30mINFO[0m Creating environment descriptor '/home/fra/master_ws_test/install/realsense2_camera_msgs/share/realsense2_camera_msgs/hook/cmake_prefix_path.dsv'
[7.037s] [34mcolcon.colcon_core.shell[0m [1;30mINFO[0m Creating environment hook '/home/fra/master_ws_test/install/realsense2_camera_msgs/share/realsense2_camera_msgs/hook/cmake_prefix_path.sh'
[7.037s] [34mcolcon.colcon_core.environment[0m [1;30mLevel 1[0m checking '/home/fra/master_ws_test/install/realsense2_camera_msgs/lib'
[7.038s] [34mcolcon.colcon_core.shell[0m [1;30mLevel 1[0m create_environment_hook('realsense2_camera_msgs', 'ld_library_path_lib')
[7.038s] [34mcolcon.colcon_core.shell[0m [1;30mINFO[0m Creating environment hook '/home/fra/master_ws_test/install/realsense2_camera_msgs/share/realsense2_camera_msgs/hook/ld_library_path_lib.ps1'
[7.038s] [34mcolcon.colcon_core.shell[0m [1;30mINFO[0m Creating environment descriptor '/home/fra/master_ws_test/install/realsense2_camera_msgs/share/realsense2_camera_msgs/hook/ld_library_path_lib.dsv'
[7.039s] [34mcolcon.colcon_core.shell[0m [1;30mINFO[0m Creating environment hook '/home/fra/master_ws_test/install/realsense2_camera_msgs/share/realsense2_camera_msgs/hook/ld_library_path_lib.sh'
[7.039s] [34mcolcon.colcon_core.environment[0m [1;30mLevel 1[0m checking '/home/fra/master_ws_test/install/realsense2_camera_msgs/bin'
[7.039s] [34mcolcon.colcon_core.environment[0m [1;30mLevel 1[0m checking '/home/fra/master_ws_test/install/realsense2_camera_msgs/lib/pkgconfig/realsense2_camera_msgs.pc'
[7.039s] [34mcolcon.colcon_core.environment[0m [1;30mLevel 1[0m checking '/home/fra/master_ws_test/install/realsense2_camera_msgs/lib/python3.10/site-packages'
[7.039s] [34mcolcon.colcon_core.environment[0m [1;30mLevel 1[0m checking '/home/fra/master_ws_test/install/realsense2_camera_msgs/bin'
[7.040s] [34mcolcon.colcon_core.shell[0m [1;30mINFO[0m Creating package script '/home/fra/master_ws_test/install/realsense2_camera_msgs/share/realsense2_camera_msgs/package.ps1'
[7.040s] [34mcolcon.colcon_core.shell[0m [1;30mINFO[0m Creating package descriptor '/home/fra/master_ws_test/install/realsense2_camera_msgs/share/realsense2_camera_msgs/package.dsv'
[7.041s] [34mcolcon.colcon_core.shell[0m [1;30mINFO[0m Creating package script '/home/fra/master_ws_test/install/realsense2_camera_msgs/share/realsense2_camera_msgs/package.sh'
[7.041s] [34mcolcon.colcon_core.shell[0m [1;30mINFO[0m Creating package script '/home/fra/master_ws_test/install/realsense2_camera_msgs/share/realsense2_camera_msgs/package.bash'
[7.041s] [34mcolcon.colcon_core.shell[0m [1;30mINFO[0m Creating package script '/home/fra/master_ws_test/install/realsense2_camera_msgs/share/realsense2_camera_msgs/package.zsh'
[7.042s] [34mcolcon.colcon_core.environment[0m [1;30mLevel 1[0m create_file_with_runtime_dependencies(/home/fra/master_ws_test/install/realsense2_camera_msgs/share/colcon-core/packages/realsense2_camera_msgs)
[7.042s] [34mcolcon.colcon_core.environment[0m [1;30mLevel 1[0m create_environment_scripts_only(realsense2_camera_msgs)
[7.043s] [34mcolcon.colcon_core.environment[0m [1;30mLevel 1[0m checking '/home/fra/master_ws_test/install/realsense2_camera_msgs' for CMake module files
[7.043s] [34mcolcon.colcon_core.environment[0m [1;30mLevel 1[0m checking '/home/fra/master_ws_test/install/realsense2_camera_msgs' for CMake config files
[7.043s] [34mcolcon.colcon_core.shell[0m [1;30mLevel 1[0m create_environment_hook('realsense2_camera_msgs', 'cmake_prefix_path')
[7.044s] [34mcolcon.colcon_core.shell[0m [1;30mINFO[0m Creating environment hook '/home/fra/master_ws_test/install/realsense2_camera_msgs/share/realsense2_camera_msgs/hook/cmake_prefix_path.ps1'
[7.044s] [34mcolcon.colcon_core.shell[0m [1;30mINFO[0m Creating environment descriptor '/home/fra/master_ws_test/install/realsense2_camera_msgs/share/realsense2_camera_msgs/hook/cmake_prefix_path.dsv'
[7.044s] [34mcolcon.colcon_core.shell[0m [1;30mINFO[0m Creating environment hook '/home/fra/master_ws_test/install/realsense2_camera_msgs/share/realsense2_camera_msgs/hook/cmake_prefix_path.sh'
[7.045s] [34mcolcon.colcon_core.environment[0m [1;30mLevel 1[0m checking '/home/fra/master_ws_test/install/realsense2_camera_msgs/lib'
[7.045s] [34mcolcon.colcon_core.shell[0m [1;30mLevel 1[0m create_environment_hook('realsense2_camera_msgs', 'ld_library_path_lib')
[7.045s] [34mcolcon.colcon_core.shell[0m [1;30mINFO[0m Creating environment hook '/home/fra/master_ws_test/install/realsense2_camera_msgs/share/realsense2_camera_msgs/hook/ld_library_path_lib.ps1'
[7.045s] [34mcolcon.colcon_core.shell[0m [1;30mINFO[0m Creating environment descriptor '/home/fra/master_ws_test/install/realsense2_camera_msgs/share/realsense2_camera_msgs/hook/ld_library_path_lib.dsv'
[7.046s] [34mcolcon.colcon_core.shell[0m [1;30mINFO[0m Creating environment hook '/home/fra/master_ws_test/install/realsense2_camera_msgs/share/realsense2_camera_msgs/hook/ld_library_path_lib.sh'
[7.046s] [34mcolcon.colcon_core.environment[0m [1;30mLevel 1[0m checking '/home/fra/master_ws_test/install/realsense2_camera_msgs/bin'
[7.046s] [34mcolcon.colcon_core.environment[0m [1;30mLevel 1[0m checking '/home/fra/master_ws_test/install/realsense2_camera_msgs/lib/pkgconfig/realsense2_camera_msgs.pc'
[7.046s] [34mcolcon.colcon_core.environment[0m [1;30mLevel 1[0m checking '/home/fra/master_ws_test/install/realsense2_camera_msgs/lib/python3.10/site-packages'
[7.047s] [34mcolcon.colcon_core.environment[0m [1;30mLevel 1[0m checking '/home/fra/master_ws_test/install/realsense2_camera_msgs/bin'
[7.047s] [34mcolcon.colcon_core.shell[0m [1;30mINFO[0m Creating package script '/home/fra/master_ws_test/install/realsense2_camera_msgs/share/realsense2_camera_msgs/package.ps1'
[7.048s] [34mcolcon.colcon_core.shell[0m [1;30mINFO[0m Creating package descriptor '/home/fra/master_ws_test/install/realsense2_camera_msgs/share/realsense2_camera_msgs/package.dsv'
[7.048s] [34mcolcon.colcon_core.shell[0m [1;30mINFO[0m Creating package script '/home/fra/master_ws_test/install/realsense2_camera_msgs/share/realsense2_camera_msgs/package.sh'
[7.048s] [34mcolcon.colcon_core.shell[0m [1;30mINFO[0m Creating package script '/home/fra/master_ws_test/install/realsense2_camera_msgs/share/realsense2_camera_msgs/package.bash'
[7.049s] [34mcolcon.colcon_core.shell[0m [1;30mINFO[0m Creating package script '/home/fra/master_ws_test/install/realsense2_camera_msgs/share/realsense2_camera_msgs/package.zsh'
[7.049s] [34mcolcon.colcon_core.environment[0m [1;30mLevel 1[0m create_file_with_runtime_dependencies(/home/fra/master_ws_test/install/realsense2_camera_msgs/share/colcon-core/packages/realsense2_camera_msgs)
[7.050s] [34mcolcon.colcon_ros.task.ament_cmake.build[0m [1;30mINFO[0m Building ROS package in '/home/fra/master_ws_test/src/realsense-ros/realsense2_camera' with build type 'ament_cmake'
[7.050s] [34mcolcon.colcon_cmake.task.cmake.build[0m [1;30mINFO[0m Building CMake package in '/home/fra/master_ws_test/src/realsense-ros/realsense2_camera'
[7.050s] [34mcolcon.colcon_core.shell[0m [1;30mINFO[0m Skip shell extension 'powershell' for command environment: Not usable outside of PowerShell
[7.050s] [34mcolcon.colcon_core.shell[0m [1;30mDEBUG[0m [32mSkip shell extension 'dsv' for command environment[0m
[7.054s] [34mcolcon.colcon_ros.task.ament_cmake.build[0m [1;30mINFO[0m Building ROS package in '/home/fra/master_ws_test/src/realsense-ros/realsense2_description' with build type 'ament_cmake'
[7.054s] [34mcolcon.colcon_cmake.task.cmake.build[0m [1;30mINFO[0m Building CMake package in '/home/fra/master_ws_test/src/realsense-ros/realsense2_description'
[7.054s] [34mcolcon.colcon_core.shell[0m [1;30mINFO[0m Skip shell extension 'powershell' for command environment: Not usable outside of PowerShell
[7.055s] [34mcolcon.colcon_core.shell[0m [1;30mDEBUG[0m [32mSkip shell extension 'dsv' for command environment[0m
[7.063s] [34mcolcon.colcon_core.event_handler.log_command[0m [1;30mDEBUG[0m [32mInvoking command in '/home/fra/master_ws_test/build/realsense2_camera': CMAKE_PREFIX_PATH=/home/fra/master_ws_test/install/realsense2_camera_msgs:/home/fra/master_ws_test/install/six_arm:/home/fra/master_ws_test/install/realsense2_description:/home/fra/master_ws_test/install/realsense2_camera:/home/fra/master_ws_test/install/ind_environment:/home/fra/ros2_ws/install/app_bringup:/home/fra/ros2_ws/install/cpp_pkg:/home/fra/ros2_ws/install/custom_interface:/home/fra/ros2_ws/install/python_pkg:/opt/ros/humble LD_LIBRARY_PATH=/home/fra/master_ws_test/install/realsense2_camera_msgs/lib:/home/fra/master_ws_test/install/realsense2_camera/lib:/home/fra/ros2_ws/install/custom_interface/lib:/usr/lib/x86_64-linux-gnu/gazebo-11/plugins:/opt/ros/humble/opt/rviz_ogre_vendor/lib:/opt/ros/humble/lib/x86_64-linux-gnu:/opt/ros/humble/lib /usr/bin/cmake /home/fra/master_ws_test/src/realsense-ros/realsense2_camera -DCMAKE_INSTALL_PREFIX=/home/fra/master_ws_test/install/realsense2_camera[0m
[7.066s] [34mcolcon.colcon_core.event_handler.log_command[0m [1;30mDEBUG[0m [32mInvoking command in '/home/fra/master_ws_test/build/realsense2_description': CMAKE_PREFIX_PATH=/home/fra/master_ws_test/install/realsense2_camera_msgs:/home/fra/master_ws_test/install/six_arm:/home/fra/master_ws_test/install/realsense2_description:/home/fra/master_ws_test/install/realsense2_camera:/home/fra/master_ws_test/install/ind_environment:/home/fra/ros2_ws/install/app_bringup:/home/fra/ros2_ws/install/cpp_pkg:/home/fra/ros2_ws/install/custom_interface:/home/fra/ros2_ws/install/python_pkg:/opt/ros/humble LD_LIBRARY_PATH=/home/fra/master_ws_test/install/realsense2_camera_msgs/lib:/home/fra/master_ws_test/install/realsense2_camera/lib:/home/fra/ros2_ws/install/custom_interface/lib:/usr/lib/x86_64-linux-gnu/gazebo-11/plugins:/opt/ros/humble/opt/rviz_ogre_vendor/lib:/opt/ros/humble/lib/x86_64-linux-gnu:/opt/ros/humble/lib /usr/bin/cmake /home/fra/master_ws_test/src/realsense-ros/realsense2_description -DCMAKE_INSTALL_PREFIX=/home/fra/master_ws_test/install/realsense2_description[0m
[7.546s] [34mcolcon.colcon_core.event_handler.log_command[0m [1;30mDEBUG[0m [32mInvoked command in '/home/fra/master_ws_test/build/six_arm' returned '0': CMAKE_PREFIX_PATH=${CMAKE_PREFIX_PATH}:/home/fra/ros2_ws/install/python_pkg:/opt/ros/humble /usr/bin/cmake --build /home/fra/master_ws_test/build/six_arm -- -j12 -l12[0m
[7.548s] [34mcolcon.colcon_core.event_handler.log_command[0m [1;30mDEBUG[0m [32mInvoking command in '/home/fra/master_ws_test/build/six_arm': CMAKE_PREFIX_PATH=${CMAKE_PREFIX_PATH}:/home/fra/ros2_ws/install/python_pkg:/opt/ros/humble /usr/bin/cmake --install /home/fra/master_ws_test/build/six_arm[0m
[7.563s] [34mcolcon.colcon_core.environment[0m [1;30mLevel 1[0m create_environment_scripts_only(six_arm)
[7.563s] [34mcolcon.colcon_core.event_handler.log_command[0m [1;30mDEBUG[0m [32mInvoked command in '/home/fra/master_ws_test/build/six_arm' returned '0': CMAKE_PREFIX_PATH=${CMAKE_PREFIX_PATH}:/home/fra/ros2_ws/install/python_pkg:/opt/ros/humble /usr/bin/cmake --install /home/fra/master_ws_test/build/six_arm[0m
[7.564s] [34mcolcon.colcon_core.environment[0m [1;30mLevel 1[0m checking '/home/fra/master_ws_test/install/six_arm' for CMake module files
[7.564s] [34mcolcon.colcon_core.environment[0m [1;30mLevel 1[0m checking '/home/fra/master_ws_test/install/six_arm' for CMake config files
[7.565s] [34mcolcon.colcon_core.shell[0m [1;30mLevel 1[0m create_environment_hook('six_arm', 'cmake_prefix_path')
[7.565s] [34mcolcon.colcon_core.shell[0m [1;30mINFO[0m Creating environment hook '/home/fra/master_ws_test/install/six_arm/share/six_arm/hook/cmake_prefix_path.ps1'
[7.566s] [34mcolcon.colcon_core.shell[0m [1;30mINFO[0m Creating environment descriptor '/home/fra/master_ws_test/install/six_arm/share/six_arm/hook/cmake_prefix_path.dsv'
[7.566s] [34mcolcon.colcon_core.shell[0m [1;30mINFO[0m Creating environment hook '/home/fra/master_ws_test/install/six_arm/share/six_arm/hook/cmake_prefix_path.sh'
[7.567s] [34mcolcon.colcon_core.environment[0m [1;30mLevel 1[0m checking '/home/fra/master_ws_test/install/six_arm/lib'
[7.567s] [34mcolcon.colcon_core.environment[0m [1;30mLevel 1[0m checking '/home/fra/master_ws_test/install/six_arm/bin'
[7.568s] [34mcolcon.colcon_core.environment[0m [1;30mLevel 1[0m checking '/home/fra/master_ws_test/install/six_arm/lib/pkgconfig/six_arm.pc'
[7.568s] [34mcolcon.colcon_core.environment[0m [1;30mLevel 1[0m checking '/home/fra/master_ws_test/install/six_arm/lib/python3.10/site-packages'
[7.568s] [34mcolcon.colcon_core.environment[0m [1;30mLevel 1[0m checking '/home/fra/master_ws_test/install/six_arm/bin'
[7.569s] [34mcolcon.colcon_core.shell[0m [1;30mINFO[0m Creating package script '/home/fra/master_ws_test/install/six_arm/share/six_arm/package.ps1'
[7.569s] [34mcolcon.colcon_core.shell[0m [1;30mINFO[0m Creating package descriptor '/home/fra/master_ws_test/install/six_arm/share/six_arm/package.dsv'
[7.570s] [34mcolcon.colcon_core.shell[0m [1;30mINFO[0m Creating package script '/home/fra/master_ws_test/install/six_arm/share/six_arm/package.sh'
[7.571s] [34mcolcon.colcon_core.shell[0m [1;30mINFO[0m Creating package script '/home/fra/master_ws_test/install/six_arm/share/six_arm/package.bash'
[7.571s] [34mcolcon.colcon_core.shell[0m [1;30mINFO[0m Creating package script '/home/fra/master_ws_test/install/six_arm/share/six_arm/package.zsh'
[7.572s] [34mcolcon.colcon_core.environment[0m [1;30mLevel 1[0m create_file_with_runtime_dependencies(/home/fra/master_ws_test/install/six_arm/share/colcon-core/packages/six_arm)
[7.572s] [34mcolcon.colcon_core.environment[0m [1;30mLevel 1[0m create_environment_scripts_only(six_arm)
[7.573s] [34mcolcon.colcon_core.environment[0m [1;30mLevel 1[0m checking '/home/fra/master_ws_test/install/six_arm' for CMake module files
[7.574s] [34mcolcon.colcon_core.environment[0m [1;30mLevel 1[0m checking '/home/fra/master_ws_test/install/six_arm' for CMake config files
[7.574s] [34mcolcon.colcon_core.shell[0m [1;30mLevel 1[0m create_environment_hook('six_arm', 'cmake_prefix_path')
[7.574s] [34mcolcon.colcon_core.shell[0m [1;30mINFO[0m Creating environment hook '/home/fra/master_ws_test/install/six_arm/share/six_arm/hook/cmake_prefix_path.ps1'
[7.575s] [34mcolcon.colcon_core.shell[0m [1;30mINFO[0m Creating environment descriptor '/home/fra/master_ws_test/install/six_arm/share/six_arm/hook/cmake_prefix_path.dsv'
[7.575s] [34mcolcon.colcon_core.shell[0m [1;30mINFO[0m Creating environment hook '/home/fra/master_ws_test/install/six_arm/share/six_arm/hook/cmake_prefix_path.sh'
[7.576s] [34mcolcon.colcon_core.environment[0m [1;30mLevel 1[0m checking '/home/fra/master_ws_test/install/six_arm/lib'
[7.576s] [34mcolcon.colcon_core.environment[0m [1;30mLevel 1[0m checking '/home/fra/master_ws_test/install/six_arm/bin'
[7.576s] [34mcolcon.colcon_core.environment[0m [1;30mLevel 1[0m checking '/home/fra/master_ws_test/install/six_arm/lib/pkgconfig/six_arm.pc'
[7.577s] [34mcolcon.colcon_core.environment[0m [1;30mLevel 1[0m checking '/home/fra/master_ws_test/install/six_arm/lib/python3.10/site-packages'
[7.577s] [34mcolcon.colcon_core.environment[0m [1;30mLevel 1[0m checking '/home/fra/master_ws_test/install/six_arm/bin'
[7.578s] [34mcolcon.colcon_core.shell[0m [1;30mINFO[0m Creating package script '/home/fra/master_ws_test/install/six_arm/share/six_arm/package.ps1'
[7.578s] [34mcolcon.colcon_core.shell[0m [1;30mINFO[0m Creating package descriptor '/home/fra/master_ws_test/install/six_arm/share/six_arm/package.dsv'
[7.579s] [34mcolcon.colcon_core.shell[0m [1;30mINFO[0m Creating package script '/home/fra/master_ws_test/install/six_arm/share/six_arm/package.sh'
[7.579s] [34mcolcon.colcon_core.shell[0m [1;30mINFO[0m Creating package script '/home/fra/master_ws_test/install/six_arm/share/six_arm/package.bash'
[7.580s] [34mcolcon.colcon_core.shell[0m [1;30mINFO[0m Creating package script '/home/fra/master_ws_test/install/six_arm/share/six_arm/package.zsh'
[7.581s] [34mcolcon.colcon_core.environment[0m [1;30mLevel 1[0m create_file_with_runtime_dependencies(/home/fra/master_ws_test/install/six_arm/share/colcon-core/packages/six_arm)
[7.943s] [34mcolcon.colcon_core.event_handler.log_command[0m [1;30mDEBUG[0m [32mInvoked command in '/home/fra/master_ws_test/build/realsense2_description' returned '0': CMAKE_PREFIX_PATH=/home/fra/master_ws_test/install/realsense2_camera_msgs:/home/fra/master_ws_test/install/six_arm:/home/fra/master_ws_test/install/realsense2_description:/home/fra/master_ws_test/install/realsense2_camera:/home/fra/master_ws_test/install/ind_environment:/home/fra/ros2_ws/install/app_bringup:/home/fra/ros2_ws/install/cpp_pkg:/home/fra/ros2_ws/install/custom_interface:/home/fra/ros2_ws/install/python_pkg:/opt/ros/humble LD_LIBRARY_PATH=/home/fra/master_ws_test/install/realsense2_camera_msgs/lib:/home/fra/master_ws_test/install/realsense2_camera/lib:/home/fra/ros2_ws/install/custom_interface/lib:/usr/lib/x86_64-linux-gnu/gazebo-11/plugins:/opt/ros/humble/opt/rviz_ogre_vendor/lib:/opt/ros/humble/lib/x86_64-linux-gnu:/opt/ros/humble/lib /usr/bin/cmake /home/fra/master_ws_test/src/realsense-ros/realsense2_description -DCMAKE_INSTALL_PREFIX=/home/fra/master_ws_test/install/realsense2_description[0m
[7.944s] [34mcolcon.colcon_core.event_handler.log_command[0m [1;30mDEBUG[0m [32mInvoking command in '/home/fra/master_ws_test/build/realsense2_description': CMAKE_PREFIX_PATH=/home/fra/master_ws_test/install/realsense2_camera_msgs:/home/fra/master_ws_test/install/six_arm:/home/fra/master_ws_test/install/realsense2_description:/home/fra/master_ws_test/install/realsense2_camera:/home/fra/master_ws_test/install/ind_environment:/home/fra/ros2_ws/install/app_bringup:/home/fra/ros2_ws/install/cpp_pkg:/home/fra/ros2_ws/install/custom_interface:/home/fra/ros2_ws/install/python_pkg:/opt/ros/humble LD_LIBRARY_PATH=/home/fra/master_ws_test/install/realsense2_camera_msgs/lib:/home/fra/master_ws_test/install/realsense2_camera/lib:/home/fra/ros2_ws/install/custom_interface/lib:/usr/lib/x86_64-linux-gnu/gazebo-11/plugins:/opt/ros/humble/opt/rviz_ogre_vendor/lib:/opt/ros/humble/lib/x86_64-linux-gnu:/opt/ros/humble/lib /usr/bin/cmake --build /home/fra/master_ws_test/build/realsense2_description -- -j12 -l12[0m
[7.977s] [34mcolcon.colcon_core.event_handler.log_command[0m [1;30mDEBUG[0m [32mInvoked command in '/home/fra/master_ws_test/build/realsense2_description' returned '0': CMAKE_PREFIX_PATH=/home/fra/master_ws_test/install/realsense2_camera_msgs:/home/fra/master_ws_test/install/six_arm:/home/fra/master_ws_test/install/realsense2_description:/home/fra/master_ws_test/install/realsense2_camera:/home/fra/master_ws_test/install/ind_environment:/home/fra/ros2_ws/install/app_bringup:/home/fra/ros2_ws/install/cpp_pkg:/home/fra/ros2_ws/install/custom_interface:/home/fra/ros2_ws/install/python_pkg:/opt/ros/humble LD_LIBRARY_PATH=/home/fra/master_ws_test/install/realsense2_camera_msgs/lib:/home/fra/master_ws_test/install/realsense2_camera/lib:/home/fra/ros2_ws/install/custom_interface/lib:/usr/lib/x86_64-linux-gnu/gazebo-11/plugins:/opt/ros/humble/opt/rviz_ogre_vendor/lib:/opt/ros/humble/lib/x86_64-linux-gnu:/opt/ros/humble/lib /usr/bin/cmake --build /home/fra/master_ws_test/build/realsense2_description -- -j12 -l12[0m
[7.978s] [34mcolcon.colcon_core.event_handler.log_command[0m [1;30mDEBUG[0m [32mInvoking command in '/home/fra/master_ws_test/build/realsense2_description': CMAKE_PREFIX_PATH=/home/fra/master_ws_test/install/realsense2_camera_msgs:/home/fra/master_ws_test/install/six_arm:/home/fra/master_ws_test/install/realsense2_description:/home/fra/master_ws_test/install/realsense2_camera:/home/fra/master_ws_test/install/ind_environment:/home/fra/ros2_ws/install/app_bringup:/home/fra/ros2_ws/install/cpp_pkg:/home/fra/ros2_ws/install/custom_interface:/home/fra/ros2_ws/install/python_pkg:/opt/ros/humble LD_LIBRARY_PATH=/home/fra/master_ws_test/install/realsense2_camera_msgs/lib:/home/fra/master_ws_test/install/realsense2_camera/lib:/home/fra/ros2_ws/install/custom_interface/lib:/usr/lib/x86_64-linux-gnu/gazebo-11/plugins:/opt/ros/humble/opt/rviz_ogre_vendor/lib:/opt/ros/humble/lib/x86_64-linux-gnu:/opt/ros/humble/lib /usr/bin/cmake --install /home/fra/master_ws_test/build/realsense2_description[0m
[8.041s] [34mcolcon.colcon_core.environment[0m [1;30mLevel 1[0m create_environment_scripts_only(realsense2_description)
[8.042s] [34mcolcon.colcon_core.environment[0m [1;30mLevel 1[0m checking '/home/fra/master_ws_test/install/realsense2_description' for CMake module files
[8.043s] [34mcolcon.colcon_core.event_handler.log_command[0m [1;30mDEBUG[0m [32mInvoked command in '/home/fra/master_ws_test/build/realsense2_description' returned '0': CMAKE_PREFIX_PATH=/home/fra/master_ws_test/install/realsense2_camera_msgs:/home/fra/master_ws_test/install/six_arm:/home/fra/master_ws_test/install/realsense2_description:/home/fra/master_ws_test/install/realsense2_camera:/home/fra/master_ws_test/install/ind_environment:/home/fra/ros2_ws/install/app_bringup:/home/fra/ros2_ws/install/cpp_pkg:/home/fra/ros2_ws/install/custom_interface:/home/fra/ros2_ws/install/python_pkg:/opt/ros/humble LD_LIBRARY_PATH=/home/fra/master_ws_test/install/realsense2_camera_msgs/lib:/home/fra/master_ws_test/install/realsense2_camera/lib:/home/fra/ros2_ws/install/custom_interface/lib:/usr/lib/x86_64-linux-gnu/gazebo-11/plugins:/opt/ros/humble/opt/rviz_ogre_vendor/lib:/opt/ros/humble/lib/x86_64-linux-gnu:/opt/ros/humble/lib /usr/bin/cmake --install /home/fra/master_ws_test/build/realsense2_description[0m
[8.043s] [34mcolcon.colcon_core.environment[0m [1;30mLevel 1[0m checking '/home/fra/master_ws_test/install/realsense2_description' for CMake config files
[8.043s] [34mcolcon.colcon_core.shell[0m [1;30mLevel 1[0m create_environment_hook('realsense2_description', 'cmake_prefix_path')
[8.043s] [34mcolcon.colcon_core.shell[0m [1;30mINFO[0m Creating environment hook '/home/fra/master_ws_test/install/realsense2_description/share/realsense2_description/hook/cmake_prefix_path.ps1'
[8.044s] [34mcolcon.colcon_core.shell[0m [1;30mINFO[0m Creating environment descriptor '/home/fra/master_ws_test/install/realsense2_description/share/realsense2_description/hook/cmake_prefix_path.dsv'
[8.044s] [34mcolcon.colcon_core.shell[0m [1;30mINFO[0m Creating environment hook '/home/fra/master_ws_test/install/realsense2_description/share/realsense2_description/hook/cmake_prefix_path.sh'
[8.045s] [34mcolcon.colcon_core.environment[0m [1;30mLevel 1[0m checking '/home/fra/master_ws_test/install/realsense2_description/bin'
[8.045s] [34mcolcon.colcon_core.environment[0m [1;30mLevel 1[0m checking '/home/fra/master_ws_test/install/realsense2_description/lib/pkgconfig/realsense2_description.pc'
[8.045s] [34mcolcon.colcon_core.environment[0m [1;30mLevel 1[0m checking '/home/fra/master_ws_test/install/realsense2_description/lib/python3.10/site-packages'
[8.045s] [34mcolcon.colcon_core.environment[0m [1;30mLevel 1[0m checking '/home/fra/master_ws_test/install/realsense2_description/bin'
[8.046s] [34mcolcon.colcon_core.shell[0m [1;30mINFO[0m Creating package script '/home/fra/master_ws_test/install/realsense2_description/share/realsense2_description/package.ps1'
[8.046s] [34mcolcon.colcon_core.shell[0m [1;30mINFO[0m Creating package descriptor '/home/fra/master_ws_test/install/realsense2_description/share/realsense2_description/package.dsv'
[8.046s] [34mcolcon.colcon_core.shell[0m [1;30mINFO[0m Creating package script '/home/fra/master_ws_test/install/realsense2_description/share/realsense2_description/package.sh'
[8.047s] [34mcolcon.colcon_core.shell[0m [1;30mINFO[0m Creating package script '/home/fra/master_ws_test/install/realsense2_description/share/realsense2_description/package.bash'
[8.047s] [34mcolcon.colcon_core.shell[0m [1;30mINFO[0m Creating package script '/home/fra/master_ws_test/install/realsense2_description/share/realsense2_description/package.zsh'
[8.048s] [34mcolcon.colcon_core.environment[0m [1;30mLevel 1[0m create_file_with_runtime_dependencies(/home/fra/master_ws_test/install/realsense2_description/share/colcon-core/packages/realsense2_description)
[8.048s] [34mcolcon.colcon_core.environment[0m [1;30mLevel 1[0m create_environment_scripts_only(realsense2_description)
[8.048s] [34mcolcon.colcon_core.environment[0m [1;30mLevel 1[0m checking '/home/fra/master_ws_test/install/realsense2_description' for CMake module files
[8.049s] [34mcolcon.colcon_core.environment[0m [1;30mLevel 1[0m checking '/home/fra/master_ws_test/install/realsense2_description' for CMake config files
[8.049s] [34mcolcon.colcon_core.shell[0m [1;30mLevel 1[0m create_environment_hook('realsense2_description', 'cmake_prefix_path')
[8.049s] [34mcolcon.colcon_core.shell[0m [1;30mINFO[0m Creating environment hook '/home/fra/master_ws_test/install/realsense2_description/share/realsense2_description/hook/cmake_prefix_path.ps1'
[8.050s] [34mcolcon.colcon_core.shell[0m [1;30mINFO[0m Creating environment descriptor '/home/fra/master_ws_test/install/realsense2_description/share/realsense2_description/hook/cmake_prefix_path.dsv'
[8.050s] [34mcolcon.colcon_core.shell[0m [1;30mINFO[0m Creating environment hook '/home/fra/master_ws_test/install/realsense2_description/share/realsense2_description/hook/cmake_prefix_path.sh'
[8.050s] [34mcolcon.colcon_core.environment[0m [1;30mLevel 1[0m checking '/home/fra/master_ws_test/install/realsense2_description/bin'
[8.051s] [34mcolcon.colcon_core.environment[0m [1;30mLevel 1[0m checking '/home/fra/master_ws_test/install/realsense2_description/lib/pkgconfig/realsense2_description.pc'
[8.051s] [34mcolcon.colcon_core.environment[0m [1;30mLevel 1[0m checking '/home/fra/master_ws_test/install/realsense2_description/lib/python3.10/site-packages'
[8.051s] [34mcolcon.colcon_core.environment[0m [1;30mLevel 1[0m checking '/home/fra/master_ws_test/install/realsense2_description/bin'
[8.051s] [34mcolcon.colcon_core.shell[0m [1;30mINFO[0m Creating package script '/home/fra/master_ws_test/install/realsense2_description/share/realsense2_description/package.ps1'
[8.052s] [34mcolcon.colcon_core.shell[0m [1;30mINFO[0m Creating package descriptor '/home/fra/master_ws_test/install/realsense2_description/share/realsense2_description/package.dsv'
[8.052s] [34mcolcon.colcon_core.shell[0m [1;30mINFO[0m Creating package script '/home/fra/master_ws_test/install/realsense2_description/share/realsense2_description/package.sh'
[8.053s] [34mcolcon.colcon_core.shell[0m [1;30mINFO[0m Creating package script '/home/fra/master_ws_test/install/realsense2_description/share/realsense2_description/package.bash'
[8.053s] [34mcolcon.colcon_core.shell[0m [1;30mINFO[0m Creating package script '/home/fra/master_ws_test/install/realsense2_description/share/realsense2_description/package.zsh'
[8.053s] [34mcolcon.colcon_core.environment[0m [1;30mLevel 1[0m create_file_with_runtime_dependencies(/home/fra/master_ws_test/install/realsense2_description/share/colcon-core/packages/realsense2_description)
[11.963s] [34mcolcon.colcon_core.event_handler.log_command[0m [1;30mDEBUG[0m [32mInvoked command in '/home/fra/master_ws_test/build/realsense2_camera' returned '0': CMAKE_PREFIX_PATH=/home/fra/master_ws_test/install/realsense2_camera_msgs:/home/fra/master_ws_test/install/six_arm:/home/fra/master_ws_test/install/realsense2_description:/home/fra/master_ws_test/install/realsense2_camera:/home/fra/master_ws_test/install/ind_environment:/home/fra/ros2_ws/install/app_bringup:/home/fra/ros2_ws/install/cpp_pkg:/home/fra/ros2_ws/install/custom_interface:/home/fra/ros2_ws/install/python_pkg:/opt/ros/humble LD_LIBRARY_PATH=/home/fra/master_ws_test/install/realsense2_camera_msgs/lib:/home/fra/master_ws_test/install/realsense2_camera/lib:/home/fra/ros2_ws/install/custom_interface/lib:/usr/lib/x86_64-linux-gnu/gazebo-11/plugins:/opt/ros/humble/opt/rviz_ogre_vendor/lib:/opt/ros/humble/lib/x86_64-linux-gnu:/opt/ros/humble/lib /usr/bin/cmake /home/fra/master_ws_test/src/realsense-ros/realsense2_camera -DCMAKE_INSTALL_PREFIX=/home/fra/master_ws_test/install/realsense2_camera[0m
[11.964s] [34mcolcon.colcon_core.event_handler.log_command[0m [1;30mDEBUG[0m [32mInvoking command in '/home/fra/master_ws_test/build/realsense2_camera': CMAKE_PREFIX_PATH=/home/fra/master_ws_test/install/realsense2_camera_msgs:/home/fra/master_ws_test/install/six_arm:/home/fra/master_ws_test/install/realsense2_description:/home/fra/master_ws_test/install/realsense2_camera:/home/fra/master_ws_test/install/ind_environment:/home/fra/ros2_ws/install/app_bringup:/home/fra/ros2_ws/install/cpp_pkg:/home/fra/ros2_ws/install/custom_interface:/home/fra/ros2_ws/install/python_pkg:/opt/ros/humble LD_LIBRARY_PATH=/home/fra/master_ws_test/install/realsense2_camera_msgs/lib:/home/fra/master_ws_test/install/realsense2_camera/lib:/home/fra/ros2_ws/install/custom_interface/lib:/usr/lib/x86_64-linux-gnu/gazebo-11/plugins:/opt/ros/humble/opt/rviz_ogre_vendor/lib:/opt/ros/humble/lib/x86_64-linux-gnu:/opt/ros/humble/lib /usr/bin/cmake --build /home/fra/master_ws_test/build/realsense2_camera -- -j12 -l12[0m
[34.625s] [34mcolcon.colcon_core.event_handler.log_command[0m [1;30mDEBUG[0m [32mInvoked command in '/home/fra/master_ws_test/build/realsense2_camera' returned '0': CMAKE_PREFIX_PATH=/home/fra/master_ws_test/install/realsense2_camera_msgs:/home/fra/master_ws_test/install/six_arm:/home/fra/master_ws_test/install/realsense2_description:/home/fra/master_ws_test/install/realsense2_camera:/home/fra/master_ws_test/install/ind_environment:/home/fra/ros2_ws/install/app_bringup:/home/fra/ros2_ws/install/cpp_pkg:/home/fra/ros2_ws/install/custom_interface:/home/fra/ros2_ws/install/python_pkg:/opt/ros/humble LD_LIBRARY_PATH=/home/fra/master_ws_test/install/realsense2_camera_msgs/lib:/home/fra/master_ws_test/install/realsense2_camera/lib:/home/fra/ros2_ws/install/custom_interface/lib:/usr/lib/x86_64-linux-gnu/gazebo-11/plugins:/opt/ros/humble/opt/rviz_ogre_vendor/lib:/opt/ros/humble/lib/x86_64-linux-gnu:/opt/ros/humble/lib /usr/bin/cmake --build /home/fra/master_ws_test/build/realsense2_camera -- -j12 -l12[0m
[34.625s] [34mcolcon.colcon_core.event_handler.log_command[0m [1;30mDEBUG[0m [32mInvoking command in '/home/fra/master_ws_test/build/realsense2_camera': CMAKE_PREFIX_PATH=/home/fra/master_ws_test/install/realsense2_camera_msgs:/home/fra/master_ws_test/install/six_arm:/home/fra/master_ws_test/install/realsense2_description:/home/fra/master_ws_test/install/realsense2_camera:/home/fra/master_ws_test/install/ind_environment:/home/fra/ros2_ws/install/app_bringup:/home/fra/ros2_ws/install/cpp_pkg:/home/fra/ros2_ws/install/custom_interface:/home/fra/ros2_ws/install/python_pkg:/opt/ros/humble LD_LIBRARY_PATH=/home/fra/master_ws_test/install/realsense2_camera_msgs/lib:/home/fra/master_ws_test/install/realsense2_camera/lib:/home/fra/ros2_ws/install/custom_interface/lib:/usr/lib/x86_64-linux-gnu/gazebo-11/plugins:/opt/ros/humble/opt/rviz_ogre_vendor/lib:/opt/ros/humble/lib/x86_64-linux-gnu:/opt/ros/humble/lib /usr/bin/cmake --install /home/fra/master_ws_test/build/realsense2_camera[0m
[34.641s] [34mcolcon.colcon_core.environment[0m [1;30mLevel 1[0m create_environment_scripts_only(realsense2_camera)
[34.642s] [34mcolcon.colcon_core.environment[0m [1;30mLevel 1[0m checking '/home/fra/master_ws_test/install/realsense2_camera' for CMake module files
[34.642s] [34mcolcon.colcon_core.event_handler.log_command[0m [1;30mDEBUG[0m [32mInvoked command in '/home/fra/master_ws_test/build/realsense2_camera' returned '0': CMAKE_PREFIX_PATH=/home/fra/master_ws_test/install/realsense2_camera_msgs:/home/fra/master_ws_test/install/six_arm:/home/fra/master_ws_test/install/realsense2_description:/home/fra/master_ws_test/install/realsense2_camera:/home/fra/master_ws_test/install/ind_environment:/home/fra/ros2_ws/install/app_bringup:/home/fra/ros2_ws/install/cpp_pkg:/home/fra/ros2_ws/install/custom_interface:/home/fra/ros2_ws/install/python_pkg:/opt/ros/humble LD_LIBRARY_PATH=/home/fra/master_ws_test/install/realsense2_camera_msgs/lib:/home/fra/master_ws_test/install/realsense2_camera/lib:/home/fra/ros2_ws/install/custom_interface/lib:/usr/lib/x86_64-linux-gnu/gazebo-11/plugins:/opt/ros/humble/opt/rviz_ogre_vendor/lib:/opt/ros/humble/lib/x86_64-linux-gnu:/opt/ros/humble/lib /usr/bin/cmake --install /home/fra/master_ws_test/build/realsense2_camera[0m
[34.643s] [34mcolcon.colcon_core.environment[0m [1;30mLevel 1[0m checking '/home/fra/master_ws_test/install/realsense2_camera' for CMake config files
[34.643s] [34mcolcon.colcon_core.shell[0m [1;30mLevel 1[0m create_environment_hook('realsense2_camera', 'cmake_prefix_path')
[34.644s] [34mcolcon.colcon_core.shell[0m [1;30mINFO[0m Creating environment hook '/home/fra/master_ws_test/install/realsense2_camera/share/realsense2_camera/hook/cmake_prefix_path.ps1'
[34.644s] [34mcolcon.colcon_core.shell[0m [1;30mINFO[0m Creating environment descriptor '/home/fra/master_ws_test/install/realsense2_camera/share/realsense2_camera/hook/cmake_prefix_path.dsv'
[34.645s] [34mcolcon.colcon_core.shell[0m [1;30mINFO[0m Creating environment hook '/home/fra/master_ws_test/install/realsense2_camera/share/realsense2_camera/hook/cmake_prefix_path.sh'
[34.645s] [34mcolcon.colcon_core.environment[0m [1;30mLevel 1[0m checking '/home/fra/master_ws_test/install/realsense2_camera/lib'
[34.645s] [34mcolcon.colcon_core.shell[0m [1;30mLevel 1[0m create_environment_hook('realsense2_camera', 'ld_library_path_lib')
[34.645s] [34mcolcon.colcon_core.shell[0m [1;30mINFO[0m Creating environment hook '/home/fra/master_ws_test/install/realsense2_camera/share/realsense2_camera/hook/ld_library_path_lib.ps1'
[34.646s] [34mcolcon.colcon_core.shell[0m [1;30mINFO[0m Creating environment descriptor '/home/fra/master_ws_test/install/realsense2_camera/share/realsense2_camera/hook/ld_library_path_lib.dsv'
[34.646s] [34mcolcon.colcon_core.shell[0m [1;30mINFO[0m Creating environment hook '/home/fra/master_ws_test/install/realsense2_camera/share/realsense2_camera/hook/ld_library_path_lib.sh'
[34.646s] [34mcolcon.colcon_core.environment[0m [1;30mLevel 1[0m checking '/home/fra/master_ws_test/install/realsense2_camera/bin'
[34.647s] [34mcolcon.colcon_core.environment[0m [1;30mLevel 1[0m checking '/home/fra/master_ws_test/install/realsense2_camera/lib/pkgconfig/realsense2_camera.pc'
[34.647s] [34mcolcon.colcon_core.environment[0m [1;30mLevel 1[0m checking '/home/fra/master_ws_test/install/realsense2_camera/lib/python3.10/site-packages'
[34.647s] [34mcolcon.colcon_core.environment[0m [1;30mLevel 1[0m checking '/home/fra/master_ws_test/install/realsense2_camera/bin'
[34.647s] [34mcolcon.colcon_core.shell[0m [1;30mINFO[0m Creating package script '/home/fra/master_ws_test/install/realsense2_camera/share/realsense2_camera/package.ps1'
[34.648s] [34mcolcon.colcon_core.shell[0m [1;30mINFO[0m Creating package descriptor '/home/fra/master_ws_test/install/realsense2_camera/share/realsense2_camera/package.dsv'
[34.648s] [34mcolcon.colcon_core.shell[0m [1;30mINFO[0m Creating package script '/home/fra/master_ws_test/install/realsense2_camera/share/realsense2_camera/package.sh'
[34.649s] [34mcolcon.colcon_core.shell[0m [1;30mINFO[0m Creating package script '/home/fra/master_ws_test/install/realsense2_camera/share/realsense2_camera/package.bash'
[34.649s] [34mcolcon.colcon_core.shell[0m [1;30mINFO[0m Creating package script '/home/fra/master_ws_test/install/realsense2_camera/share/realsense2_camera/package.zsh'
[34.649s] [34mcolcon.colcon_core.environment[0m [1;30mLevel 1[0m create_file_with_runtime_dependencies(/home/fra/master_ws_test/install/realsense2_camera/share/colcon-core/packages/realsense2_camera)
[34.650s] [34mcolcon.colcon_core.environment[0m [1;30mLevel 1[0m create_environment_scripts_only(realsense2_camera)
[34.650s] [34mcolcon.colcon_core.environment[0m [1;30mLevel 1[0m checking '/home/fra/master_ws_test/install/realsense2_camera' for CMake module files
[34.651s] [34mcolcon.colcon_core.environment[0m [1;30mLevel 1[0m checking '/home/fra/master_ws_test/install/realsense2_camera' for CMake config files
[34.651s] [34mcolcon.colcon_core.shell[0m [1;30mLevel 1[0m create_environment_hook('realsense2_camera', 'cmake_prefix_path')
[34.651s] [34mcolcon.colcon_core.shell[0m [1;30mINFO[0m Creating environment hook '/home/fra/master_ws_test/install/realsense2_camera/share/realsense2_camera/hook/cmake_prefix_path.ps1'
[34.652s] [34mcolcon.colcon_core.shell[0m [1;30mINFO[0m Creating environment descriptor '/home/fra/master_ws_test/install/realsense2_camera/share/realsense2_camera/hook/cmake_prefix_path.dsv'
[34.652s] [34mcolcon.colcon_core.shell[0m [1;30mINFO[0m Creating environment hook '/home/fra/master_ws_test/install/realsense2_camera/share/realsense2_camera/hook/cmake_prefix_path.sh'
[34.653s] [34mcolcon.colcon_core.environment[0m [1;30mLevel 1[0m checking '/home/fra/master_ws_test/install/realsense2_camera/lib'
[34.653s] [34mcolcon.colcon_core.shell[0m [1;30mLevel 1[0m create_environment_hook('realsense2_camera', 'ld_library_path_lib')
[34.653s] [34mcolcon.colcon_core.shell[0m [1;30mINFO[0m Creating environment hook '/home/fra/master_ws_test/install/realsense2_camera/share/realsense2_camera/hook/ld_library_path_lib.ps1'
[34.653s] [34mcolcon.colcon_core.shell[0m [1;30mINFO[0m Creating environment descriptor '/home/fra/master_ws_test/install/realsense2_camera/share/realsense2_camera/hook/ld_library_path_lib.dsv'
[34.653s] [34mcolcon.colcon_core.shell[0m [1;30mINFO[0m Creating environment hook '/home/fra/master_ws_test/install/realsense2_camera/share/realsense2_camera/hook/ld_library_path_lib.sh'
[34.654s] [34mcolcon.colcon_core.environment[0m [1;30mLevel 1[0m checking '/home/fra/master_ws_test/install/realsense2_camera/bin'
[34.654s] [34mcolcon.colcon_core.environment[0m [1;30mLevel 1[0m checking '/home/fra/master_ws_test/install/realsense2_camera/lib/pkgconfig/realsense2_camera.pc'
[34.654s] [34mcolcon.colcon_core.environment[0m [1;30mLevel 1[0m checking '/home/fra/master_ws_test/install/realsense2_camera/lib/python3.10/site-packages'
[34.654s] [34mcolcon.colcon_core.environment[0m [1;30mLevel 1[0m checking '/home/fra/master_ws_test/install/realsense2_camera/bin'
[34.655s] [34mcolcon.colcon_core.shell[0m [1;30mINFO[0m Creating package script '/home/fra/master_ws_test/install/realsense2_camera/share/realsense2_camera/package.ps1'
[34.655s] [34mcolcon.colcon_core.shell[0m [1;30mINFO[0m Creating package descriptor '/home/fra/master_ws_test/install/realsense2_camera/share/realsense2_camera/package.dsv'
[34.656s] [34mcolcon.colcon_core.shell[0m [1;30mINFO[0m Creating package script '/home/fra/master_ws_test/install/realsense2_camera/share/realsense2_camera/package.sh'
[34.656s] [34mcolcon.colcon_core.shell[0m [1;30mINFO[0m Creating package script '/home/fra/master_ws_test/install/realsense2_camera/share/realsense2_camera/package.bash'
[34.657s] [34mcolcon.colcon_core.shell[0m [1;30mINFO[0m Creating package script '/home/fra/master_ws_test/install/realsense2_camera/share/realsense2_camera/package.zsh'
[34.657s] [34mcolcon.colcon_core.environment[0m [1;30mLevel 1[0m create_file_with_runtime_dependencies(/home/fra/master_ws_test/install/realsense2_camera/share/colcon-core/packages/realsense2_camera)
[34.657s] [34mcolcon.colcon_parallel_executor.executor.parallel[0m [1;30mDEBUG[0m [32mclosing loop[0m
[34.657s] [34mcolcon.colcon_parallel_executor.executor.parallel[0m [1;30mDEBUG[0m [32mloop closed[0m
[34.658s] [34mcolcon.colcon_parallel_executor.executor.parallel[0m [1;30mDEBUG[0m [32mrun_until_complete finished with '0'[0m
[34.658s] [34mcolcon.colcon_core.event_reactor[0m [1;30mDEBUG[0m [32mjoining thread[0m
[34.663s] [34mcolcon.colcon_core.plugin_system[0m [1;30mINFO[0m Skipping extension 'colcon_notification.desktop_notification.terminal_notifier': Not used on non-Darwin systems
[34.663s] [34mcolcon.colcon_core.plugin_system[0m [1;30mINFO[0m Skipping extension 'colcon_notification.desktop_notification.win32': Not used on non-Windows systems
[34.663s] [34mcolcon.colcon_notification.desktop_notification[0m [1;30mINFO[0m Sending desktop notification using 'notify2'
[34.674s] [34mcolcon.colcon_core.event_reactor[0m [1;30mDEBUG[0m [32mjoined thread[0m
[34.675s] [34mcolcon.colcon_core.shell[0m [1;30mINFO[0m Creating prefix script '/home/fra/master_ws_test/install/local_setup.ps1'
[34.676s] [34mcolcon.colcon_core.shell[0m [1;30mINFO[0m Creating prefix util module '/home/fra/master_ws_test/install/_local_setup_util_ps1.py'
[34.679s] [34mcolcon.colcon_core.shell[0m [1;30mINFO[0m Creating prefix chain script '/home/fra/master_ws_test/install/setup.ps1'
[34.681s] [34mcolcon.colcon_core.shell[0m [1;30mINFO[0m Creating prefix script '/home/fra/master_ws_test/install/local_setup.sh'
[34.682s] [34mcolcon.colcon_core.shell[0m [1;30mINFO[0m Creating prefix util module '/home/fra/master_ws_test/install/_local_setup_util_sh.py'
[34.683s] [34mcolcon.colcon_core.shell[0m [1;30mINFO[0m Creating prefix chain script '/home/fra/master_ws_test/install/setup.sh'
[34.684s] [34mcolcon.colcon_core.shell[0m [1;30mINFO[0m Creating prefix script '/home/fra/master_ws_test/install/local_setup.bash'
[34.684s] [34mcolcon.colcon_core.shell[0m [1;30mINFO[0m Creating prefix chain script '/home/fra/master_ws_test/install/setup.bash'
[34.686s] [34mcolcon.colcon_core.shell[0m [1;30mINFO[0m Creating prefix script '/home/fra/master_ws_test/install/local_setup.zsh'
[34.686s] [34mcolcon.colcon_core.shell[0m [1;30mINFO[0m Creating prefix chain script '/home/fra/master_ws_test/install/setup.zsh'
