[0.021s] Invoking command in '/home/fra/master_ws_test/build/gazebo_realsense_plugin': CMAKE_PREFIX_PATH=${CMAKE_PREFIX_PATH}:/home/fra/ros2_ws/install/python_pkg:/opt/ros/humble /usr/bin/cmake /home/fra/master_ws_test/src/gazebo_realsense_plugin -DCMAKE_INSTALL_PREFIX=/home/fra/master_ws_test/install/gazebo_realsense_plugin
[0.084s] -- The C compiler identification is GNU 11.4.0
[0.159s] -- The CXX compiler identification is GNU 11.4.0
[0.168s] -- Detecting C compiler ABI info
[0.241s] -- Detecting C compiler ABI info - done
[0.248s] -- Check for working C compiler: /usr/bin/cc - skipped
[0.249s] -- Detecting C compile features
[0.249s] -- Detecting C compile features - done
[0.252s] -- Detecting CXX compiler ABI info
[0.325s] -- Detecting CXX compiler ABI info - done
[0.333s] -- Check for working CXX compiler: /usr/bin/c++ - skipped
[0.334s] -- Detecting CXX compile features
[0.334s] -- Detecting CXX compile features - done
[0.337s] -- Found ament_cmake: 1.3.11 (/opt/ros/humble/share/ament_cmake/cmake)
[0.758s] -- Found Python3: /usr/bin/python3 (found version "3.10.12") found components: Interpreter 
[0.850s] -- Found gazebo_ros: 3.7.0 (/opt/ros/humble/share/gazebo_ros/cmake)
[0.897s] -- Found rosidl_generator_c: 3.1.6 (/opt/ros/humble/share/rosidl_generator_c/cmake)
[0.902s] -- Found rosidl_adapter: 3.1.6 (/opt/ros/humble/share/rosidl_adapter/cmake)
[0.910s] -- Found rosidl_generator_cpp: 3.1.6 (/opt/ros/humble/share/rosidl_generator_cpp/cmake)
[0.923s] -- Using all available rosidl_typesupport_c: rosidl_typesupport_fastrtps_c;rosidl_typesupport_introspection_c
[0.940s] -- Using all available rosidl_typesupport_cpp: rosidl_typesupport_fastrtps_cpp;rosidl_typesupport_introspection_cpp
[0.986s] -- Found rmw_implementation_cmake: 6.1.2 (/opt/ros/humble/share/rmw_implementation_cmake/cmake)
[0.989s] -- Found rmw_fastrtps_cpp: 6.2.7 (/opt/ros/humble/share/rmw_fastrtps_cpp/cmake)
[1.066s] -- Found OpenSSL: /usr/lib/x86_64-linux-gnu/libcrypto.so (found version "3.0.2")  
[1.092s] -- Found FastRTPS: /opt/ros/humble/include  
[1.132s] -- Using RMW implementation 'rmw_fastrtps_cpp' as default
[1.141s] -- Looking for pthread.h
[1.207s] -- Looking for pthread.h - found
[1.208s] -- Performing Test CMAKE_HAVE_LIBC_PTHREAD
[1.294s] -- Performing Test CMAKE_HAVE_LIBC_PTHREAD - Success
[1.295s] -- Found Threads: TRUE  
[1.360s] -- Found PkgConfig: /usr/bin/pkg-config (found version "0.29.2") 
[1.361s] -- Checking for module 'bullet>=2.82'
[1.372s] --   Found bullet, version 3.05
[1.469s] -- Found fcl: /usr/include (found suitable version "0.7.0", minimum required is "0.5.0") 
[1.525s] -- Found assimp: /usr/include (found version "5.2.0") 
[1.551s] -- Found DART: /usr/include (Required is at least version "6.6") found components: dart 
[1.580s] -- Found Boost: /usr/lib/x86_64-linux-gnu/cmake/Boost-1.74.0/BoostConfig.cmake (found suitable version "1.74.0", minimum required is "1.40.0") found components: thread system filesystem program_options regex iostreams date_time 
[1.593s] -- Found Protobuf: /usr/lib/x86_64-linux-gnu/libprotobuf.so (found version "3.12.4") 
[1.598s] -- Looking for ignition-math6 -- found version 6.15.1
[1.604s] -- Searching for dependencies of ignition-math6
[1.605s] -- Looking for OGRE...
[1.605s] -- OGRE_PREFIX_WATCH changed.
[1.610s] -- Checking for module 'OGRE'
[1.620s] --   Found OGRE, version 1.9.0
[1.646s] -- Found Ogre Ghadamon (1.9.0)
[1.653s] -- Found OGRE: optimized;/usr/lib/x86_64-linux-gnu/libOgreMain.so;debug;/usr/lib/x86_64-linux-gnu/libOgreMain.so
[1.662s] -- Looking for OGRE_Paging...
[1.667s] -- Found OGRE_Paging: optimized;/usr/lib/x86_64-linux-gnu/libOgrePaging.so;debug;/usr/lib/x86_64-linux-gnu/libOgrePaging.so
[1.667s] -- Looking for OGRE_Terrain...
[1.672s] -- Found OGRE_Terrain: optimized;/usr/lib/x86_64-linux-gnu/libOgreTerrain.so;debug;/usr/lib/x86_64-linux-gnu/libOgreTerrain.so
[1.672s] -- Looking for OGRE_Property...
[1.677s] -- Found OGRE_Property: optimized;/usr/lib/x86_64-linux-gnu/libOgreProperty.so;debug;/usr/lib/x86_64-linux-gnu/libOgreProperty.so
[1.677s] -- Looking for OGRE_RTShaderSystem...
[1.682s] -- Found OGRE_RTShaderSystem: optimized;/usr/lib/x86_64-linux-gnu/libOgreRTShaderSystem.so;debug;/usr/lib/x86_64-linux-gnu/libOgreRTShaderSystem.so
[1.682s] -- Looking for OGRE_Volume...
[1.687s] -- Found OGRE_Volume: optimized;/usr/lib/x86_64-linux-gnu/libOgreVolume.so;debug;/usr/lib/x86_64-linux-gnu/libOgreVolume.so
[1.687s] -- Looking for OGRE_Overlay...
[1.692s] -- Found OGRE_Overlay: optimized;/usr/lib/x86_64-linux-gnu/libOgreOverlay.so;debug;/usr/lib/x86_64-linux-gnu/libOgreOverlay.so
[1.804s] -- Looking for ignition-math6 -- found version 6.15.1
[1.807s] -- Looking for ignition-transport8 -- found version 8.2.1
[1.807s] -- Searching for dependencies of ignition-transport8
[1.823s] -- Found Protobuf: /usr/lib/x86_64-linux-gnu/libprotobuf.so (found suitable version "3.12.4", minimum required is "3") 
[1.834s] -- Config-file not installed for ZeroMQ -- checking for pkg-config
[1.838s] -- Checking for module 'libzmq >= 4'
[1.849s] --   Found libzmq , version 4.3.4
[1.877s] -- Found ZeroMQ: TRUE (Required is at least version "4") 
[1.882s] -- Checking for module 'uuid'
[1.892s] --   Found uuid, version 2.37.2
[1.919s] -- Found UUID: TRUE  
[1.922s] -- Looking for ignition-msgs5 -- found version 5.8.1
[1.923s] -- Searching for dependencies of ignition-msgs5
[1.944s] -- Looking for ignition-math6 -- found version 6.15.1
[1.949s] -- Checking for module 'tinyxml2'
[1.961s] --   Found tinyxml2, version 9.0.0
[1.989s] -- Looking for ignition-msgs5 -- found version 5.8.1
[1.991s] -- Looking for ignition-common3 -- found version 3.14.0
[1.991s] -- Searching for dependencies of ignition-common3
[1.992s] -- Looking for dlfcn.h - found
[1.992s] -- Looking for libdl - found
[1.994s] -- Found DL: TRUE  
[2.004s] -- Found tinyobjloader: /usr/lib/x86_64-linux-gnu/cmake/tinyobjloader/tinyobjloader-config.cmake (found version "2.0.0") 
[2.004s] -- Searching for <ignition-common3> component [graphics]
[2.006s] -- Looking for ignition-common3-graphics -- found version 3.14.0
[2.007s] -- Searching for dependencies of ignition-common3-graphics
[2.007s] -- Looking for ignition-math6 -- found version 6.15.1
[2.010s] -- Looking for ignition-fuel_tools4 -- found version 4.4.0
[2.010s] -- Searching for dependencies of ignition-fuel_tools4
[2.075s] -- Found CURL: /usr/lib/x86_64-linux-gnu/libcurl.so (found version "7.81.0")  
[2.083s] -- Checking for module 'jsoncpp'
[2.094s] --   Found jsoncpp, version 1.9.5
[2.121s] -- Found JSONCPP: TRUE  
[2.126s] -- Checking for module 'libzip'
[2.137s] --   Found libzip, version 1.7.3
[2.163s] -- Found ZIP: TRUE  
[2.164s] -- Looking for ignition-common3 -- found version 3.14.0
[2.164s] -- Looking for ignition-math6 -- found version 6.15.1
[2.165s] -- Looking for ignition-msgs5 -- found version 5.8.1
[2.168s] -- Gazebo version: 11.10
[2.168s] -- Checking for module 'tbb'
[2.180s] --   Found tbb, version 2021.5.0
[2.208s] -- Found ament_lint_auto: 0.12.11 (/opt/ros/humble/share/ament_lint_auto/cmake)
[2.300s] [31mCMake Error at /opt/ros/humble/share/ament_cmake_target_dependencies/cmake/ament_target_dependencies.cmake:42 (message):
[2.300s]   ament_target_dependencies() the first argument must be a valid target name
[2.300s] Call Stack (most recent call first):
[2.300s]   CMakeLists.txt:25 (ament_target_dependencies)
[2.300s] 
[2.300s] [0m
[2.300s] -- Configuring incomplete, errors occurred!
[2.300s] See also "/home/fra/master_ws_test/build/gazebo_realsense_plugin/CMakeFiles/CMakeOutput.log".
[2.309s] Invoked command in '/home/fra/master_ws_test/build/gazebo_realsense_plugin' returned '1': CMAKE_PREFIX_PATH=${CMAKE_PREFIX_PATH}:/home/fra/ros2_ws/install/python_pkg:/opt/ros/humble /usr/bin/cmake /home/fra/master_ws_test/src/gazebo_realsense_plugin -DCMAKE_INSTALL_PREFIX=/home/fra/master_ws_test/install/gazebo_realsense_plugin
