[0.061s] Invoking command in '/home/fra/master_ws_test/build/linkattacher_msgs': CMAKE_PREFIX_PATH=${CMAKE_PREFIX_PATH}:/opt/ros/humble /usr/bin/cmake --build /home/fra/master_ws_test/build/linkattacher_msgs -- -j12 -l12
[0.207s] [  2%] Built target linkattacher_msgs__cpp
[0.208s] [ 12%] Built target linkattacher_msgs__rosidl_generator_c
[0.243s] [ 12%] Built target ament_cmake_python_copy_linkattacher_msgs
[0.285s] [ 23%] Built target linkattacher_msgs__rosidl_typesupport_introspection_c
[0.291s] [ 33%] Built target linkattacher_msgs__rosidl_typesupport_introspection_cpp
[0.291s] [ 48%] Built target linkattacher_msgs__rosidl_typesupport_c
[0.292s] [ 53%] Built target linkattacher_msgs__rosidl_typesupport_fastrtps_cpp
[0.294s] [ 64%] Built target linkattacher_msgs__rosidl_typesupport_fastrtps_c
[0.304s] [ 74%] Built target linkattacher_msgs__rosidl_typesupport_cpp
[0.363s] [ 74%] Built target linkattacher_msgs
[0.427s] [ 76%] Built target linkattacher_msgs__py
[0.501s] [ 84%] Built target linkattacher_msgs__rosidl_generator_py
[0.565s] [ 89%] Built target linkattacher_msgs__rosidl_typesupport_introspection_c__pyext
[0.566s] [ 94%] Built target linkattacher_msgs__rosidl_typesupport_fastrtps_c__pyext
[0.569s] [100%] Built target linkattacher_msgs__rosidl_typesupport_c__pyext
[1.210s] running egg_info
[1.294s] writing linkattacher_msgs.egg-info/PKG-INFO
[1.295s] writing dependency_links to linkattacher_msgs.egg-info/dependency_links.txt
[1.296s] writing top-level names to linkattacher_msgs.egg-info/top_level.txt
[1.539s] reading manifest file 'linkattacher_msgs.egg-info/SOURCES.txt'
[1.543s] writing manifest file 'linkattacher_msgs.egg-info/SOURCES.txt'
[1.621s] [100%] Built target ament_cmake_python_build_linkattacher_msgs_egg
[1.653s] Invoked command in '/home/fra/master_ws_test/build/linkattacher_msgs' returned '0': CMAKE_PREFIX_PATH=${CMAKE_PREFIX_PATH}:/opt/ros/humble /usr/bin/cmake --build /home/fra/master_ws_test/build/linkattacher_msgs -- -j12 -l12
[1.658s] Invoking command in '/home/fra/master_ws_test/build/linkattacher_msgs': CMAKE_PREFIX_PATH=${CMAKE_PREFIX_PATH}:/opt/ros/humble /usr/bin/cmake --install /home/fra/master_ws_test/build/linkattacher_msgs
[1.682s] -- Install configuration: ""
[1.682s] -- Up-to-date: /home/fra/master_ws_test/install/linkattacher_msgs/share/linkattacher_msgs/srv
[1.683s] -- Up-to-date: /home/fra/master_ws_test/install/linkattacher_msgs/share/linkattacher_msgs/srv/AttachLink.srv
[1.683s] -- Up-to-date: /home/fra/master_ws_test/install/linkattacher_msgs/share/linkattacher_msgs/srv/DetachLink.srv
[1.683s] -- Up-to-date: /home/fra/master_ws_test/install/linkattacher_msgs/share/ament_index/resource_index/rosidl_interfaces/linkattacher_msgs
[1.683s] -- Up-to-date: /home/fra/master_ws_test/install/linkattacher_msgs/include/linkattacher_msgs/linkattacher_msgs
[1.684s] -- Up-to-date: /home/fra/master_ws_test/install/linkattacher_msgs/include/linkattacher_msgs/linkattacher_msgs/msg
[1.684s] -- Up-to-date: /home/fra/master_ws_test/install/linkattacher_msgs/include/linkattacher_msgs/linkattacher_msgs/msg/rosidl_generator_c__visibility_control.h
[1.685s] -- Up-to-date: /home/fra/master_ws_test/install/linkattacher_msgs/include/linkattacher_msgs/linkattacher_msgs/srv
[1.685s] -- Up-to-date: /home/fra/master_ws_test/install/linkattacher_msgs/include/linkattacher_msgs/linkattacher_msgs/srv/detach_link.h
[1.685s] -- Up-to-date: /home/fra/master_ws_test/install/linkattacher_msgs/include/linkattacher_msgs/linkattacher_msgs/srv/attach_link.h
[1.686s] -- Up-to-date: /home/fra/master_ws_test/install/linkattacher_msgs/include/linkattacher_msgs/linkattacher_msgs/srv/detail
[1.686s] -- Up-to-date: /home/fra/master_ws_test/install/linkattacher_msgs/include/linkattacher_msgs/linkattacher_msgs/srv/detail/attach_link__struct.h
[1.686s] -- Up-to-date: /home/fra/master_ws_test/install/linkattacher_msgs/include/linkattacher_msgs/linkattacher_msgs/srv/detail/attach_link__functions.c
[1.686s] -- Up-to-date: /home/fra/master_ws_test/install/linkattacher_msgs/include/linkattacher_msgs/linkattacher_msgs/srv/detail/attach_link__type_support.h
[1.687s] -- Up-to-date: /home/fra/master_ws_test/install/linkattacher_msgs/include/linkattacher_msgs/linkattacher_msgs/srv/detail/detach_link__struct.h
[1.687s] -- Up-to-date: /home/fra/master_ws_test/install/linkattacher_msgs/include/linkattacher_msgs/linkattacher_msgs/srv/detail/detach_link__type_support.h
[1.687s] -- Up-to-date: /home/fra/master_ws_test/install/linkattacher_msgs/include/linkattacher_msgs/linkattacher_msgs/srv/detail/attach_link__functions.h
[1.687s] -- Up-to-date: /home/fra/master_ws_test/install/linkattacher_msgs/include/linkattacher_msgs/linkattacher_msgs/srv/detail/detach_link__functions.c
[1.688s] -- Up-to-date: /home/fra/master_ws_test/install/linkattacher_msgs/include/linkattacher_msgs/linkattacher_msgs/srv/detail/detach_link__functions.h
[1.688s] -- Up-to-date: /home/fra/master_ws_test/install/linkattacher_msgs/share/linkattacher_msgs/environment/library_path.sh
[1.688s] -- Up-to-date: /home/fra/master_ws_test/install/linkattacher_msgs/share/linkattacher_msgs/environment/library_path.dsv
[1.689s] -- Up-to-date: /home/fra/master_ws_test/install/linkattacher_msgs/lib/liblinkattacher_msgs__rosidl_generator_c.so
[1.689s] -- Up-to-date: /home/fra/master_ws_test/install/linkattacher_msgs/include/linkattacher_msgs/linkattacher_msgs
[1.689s] -- Up-to-date: /home/fra/master_ws_test/install/linkattacher_msgs/include/linkattacher_msgs/linkattacher_msgs/msg
[1.689s] -- Up-to-date: /home/fra/master_ws_test/install/linkattacher_msgs/include/linkattacher_msgs/linkattacher_msgs/msg/rosidl_typesupport_fastrtps_c__visibility_control.h
[1.690s] -- Up-to-date: /home/fra/master_ws_test/install/linkattacher_msgs/include/linkattacher_msgs/linkattacher_msgs/srv
[1.690s] -- Up-to-date: /home/fra/master_ws_test/install/linkattacher_msgs/include/linkattacher_msgs/linkattacher_msgs/srv/detail
[1.690s] -- Up-to-date: /home/fra/master_ws_test/install/linkattacher_msgs/include/linkattacher_msgs/linkattacher_msgs/srv/detail/detach_link__rosidl_typesupport_fastrtps_c.h
[1.690s] -- Up-to-date: /home/fra/master_ws_test/install/linkattacher_msgs/include/linkattacher_msgs/linkattacher_msgs/srv/detail/attach_link__rosidl_typesupport_fastrtps_c.h
[1.691s] -- Up-to-date: /home/fra/master_ws_test/install/linkattacher_msgs/lib/liblinkattacher_msgs__rosidl_typesupport_fastrtps_c.so
[1.691s] -- Up-to-date: /home/fra/master_ws_test/install/linkattacher_msgs/include/linkattacher_msgs/linkattacher_msgs
[1.691s] -- Up-to-date: /home/fra/master_ws_test/install/linkattacher_msgs/include/linkattacher_msgs/linkattacher_msgs/msg
[1.691s] -- Up-to-date: /home/fra/master_ws_test/install/linkattacher_msgs/include/linkattacher_msgs/linkattacher_msgs/msg/rosidl_typesupport_introspection_c__visibility_control.h
[1.692s] -- Up-to-date: /home/fra/master_ws_test/install/linkattacher_msgs/include/linkattacher_msgs/linkattacher_msgs/srv
[1.692s] -- Up-to-date: /home/fra/master_ws_test/install/linkattacher_msgs/include/linkattacher_msgs/linkattacher_msgs/srv/detail
[1.692s] -- Up-to-date: /home/fra/master_ws_test/install/linkattacher_msgs/include/linkattacher_msgs/linkattacher_msgs/srv/detail/attach_link__type_support.c
[1.692s] -- Up-to-date: /home/fra/master_ws_test/install/linkattacher_msgs/include/linkattacher_msgs/linkattacher_msgs/srv/detail/detach_link__type_support.c
[1.693s] -- Up-to-date: /home/fra/master_ws_test/install/linkattacher_msgs/include/linkattacher_msgs/linkattacher_msgs/srv/detail/detach_link__rosidl_typesupport_introspection_c.h
[1.693s] -- Up-to-date: /home/fra/master_ws_test/install/linkattacher_msgs/include/linkattacher_msgs/linkattacher_msgs/srv/detail/attach_link__rosidl_typesupport_introspection_c.h
[1.693s] -- Up-to-date: /home/fra/master_ws_test/install/linkattacher_msgs/lib/liblinkattacher_msgs__rosidl_typesupport_introspection_c.so
[1.693s] -- Up-to-date: /home/fra/master_ws_test/install/linkattacher_msgs/lib/liblinkattacher_msgs__rosidl_typesupport_c.so
[1.694s] -- Up-to-date: /home/fra/master_ws_test/install/linkattacher_msgs/include/linkattacher_msgs/linkattacher_msgs
[1.694s] -- Up-to-date: /home/fra/master_ws_test/install/linkattacher_msgs/include/linkattacher_msgs/linkattacher_msgs/msg
[1.694s] -- Up-to-date: /home/fra/master_ws_test/install/linkattacher_msgs/include/linkattacher_msgs/linkattacher_msgs/msg/rosidl_generator_cpp__visibility_control.hpp
[1.694s] -- Up-to-date: /home/fra/master_ws_test/install/linkattacher_msgs/include/linkattacher_msgs/linkattacher_msgs/srv
[1.695s] -- Up-to-date: /home/fra/master_ws_test/install/linkattacher_msgs/include/linkattacher_msgs/linkattacher_msgs/srv/attach_link.hpp
[1.695s] -- Up-to-date: /home/fra/master_ws_test/install/linkattacher_msgs/include/linkattacher_msgs/linkattacher_msgs/srv/detach_link.hpp
[1.695s] -- Up-to-date: /home/fra/master_ws_test/install/linkattacher_msgs/include/linkattacher_msgs/linkattacher_msgs/srv/detail
[1.695s] -- Up-to-date: /home/fra/master_ws_test/install/linkattacher_msgs/include/linkattacher_msgs/linkattacher_msgs/srv/detail/detach_link__builder.hpp
[1.696s] -- Up-to-date: /home/fra/master_ws_test/install/linkattacher_msgs/include/linkattacher_msgs/linkattacher_msgs/srv/detail/attach_link__builder.hpp
[1.696s] -- Up-to-date: /home/fra/master_ws_test/install/linkattacher_msgs/include/linkattacher_msgs/linkattacher_msgs/srv/detail/attach_link__struct.hpp
[1.696s] -- Up-to-date: /home/fra/master_ws_test/install/linkattacher_msgs/include/linkattacher_msgs/linkattacher_msgs/srv/detail/detach_link__struct.hpp
[1.697s] -- Up-to-date: /home/fra/master_ws_test/install/linkattacher_msgs/include/linkattacher_msgs/linkattacher_msgs/srv/detail/attach_link__traits.hpp
[1.697s] -- Up-to-date: /home/fra/master_ws_test/install/linkattacher_msgs/include/linkattacher_msgs/linkattacher_msgs/srv/detail/attach_link__type_support.hpp
[1.697s] -- Up-to-date: /home/fra/master_ws_test/install/linkattacher_msgs/include/linkattacher_msgs/linkattacher_msgs/srv/detail/detach_link__traits.hpp
[1.697s] -- Up-to-date: /home/fra/master_ws_test/install/linkattacher_msgs/include/linkattacher_msgs/linkattacher_msgs/srv/detail/detach_link__type_support.hpp
[1.697s] -- Up-to-date: /home/fra/master_ws_test/install/linkattacher_msgs/include/linkattacher_msgs/linkattacher_msgs
[1.698s] -- Up-to-date: /home/fra/master_ws_test/install/linkattacher_msgs/include/linkattacher_msgs/linkattacher_msgs/msg
[1.698s] -- Up-to-date: /home/fra/master_ws_test/install/linkattacher_msgs/include/linkattacher_msgs/linkattacher_msgs/msg/rosidl_typesupport_fastrtps_cpp__visibility_control.h
[1.698s] -- Up-to-date: /home/fra/master_ws_test/install/linkattacher_msgs/include/linkattacher_msgs/linkattacher_msgs/srv
[1.698s] -- Up-to-date: /home/fra/master_ws_test/install/linkattacher_msgs/include/linkattacher_msgs/linkattacher_msgs/srv/detail
[1.698s] -- Up-to-date: /home/fra/master_ws_test/install/linkattacher_msgs/include/linkattacher_msgs/linkattacher_msgs/srv/detail/attach_link__rosidl_typesupport_fastrtps_cpp.hpp
[1.699s] -- Up-to-date: /home/fra/master_ws_test/install/linkattacher_msgs/include/linkattacher_msgs/linkattacher_msgs/srv/detail/detach_link__rosidl_typesupport_fastrtps_cpp.hpp
[1.699s] -- Up-to-date: /home/fra/master_ws_test/install/linkattacher_msgs/include/linkattacher_msgs/linkattacher_msgs/srv/detail/dds_fastrtps
[1.699s] -- Up-to-date: /home/fra/master_ws_test/install/linkattacher_msgs/lib/liblinkattacher_msgs__rosidl_typesupport_fastrtps_cpp.so
[1.699s] -- Up-to-date: /home/fra/master_ws_test/install/linkattacher_msgs/include/linkattacher_msgs/linkattacher_msgs
[1.699s] -- Up-to-date: /home/fra/master_ws_test/install/linkattacher_msgs/include/linkattacher_msgs/linkattacher_msgs/srv
[1.700s] -- Up-to-date: /home/fra/master_ws_test/install/linkattacher_msgs/include/linkattacher_msgs/linkattacher_msgs/srv/detail
[1.700s] -- Up-to-date: /home/fra/master_ws_test/install/linkattacher_msgs/include/linkattacher_msgs/linkattacher_msgs/srv/detail/detach_link__rosidl_typesupport_introspection_cpp.hpp
[1.700s] -- Up-to-date: /home/fra/master_ws_test/install/linkattacher_msgs/include/linkattacher_msgs/linkattacher_msgs/srv/detail/detach_link__type_support.cpp
[1.700s] -- Up-to-date: /home/fra/master_ws_test/install/linkattacher_msgs/include/linkattacher_msgs/linkattacher_msgs/srv/detail/attach_link__rosidl_typesupport_introspection_cpp.hpp
[1.701s] -- Up-to-date: /home/fra/master_ws_test/install/linkattacher_msgs/include/linkattacher_msgs/linkattacher_msgs/srv/detail/attach_link__type_support.cpp
[1.701s] -- Up-to-date: /home/fra/master_ws_test/install/linkattacher_msgs/lib/liblinkattacher_msgs__rosidl_typesupport_introspection_cpp.so
[1.701s] -- Up-to-date: /home/fra/master_ws_test/install/linkattacher_msgs/lib/liblinkattacher_msgs__rosidl_typesupport_cpp.so
[1.701s] -- Up-to-date: /home/fra/master_ws_test/install/linkattacher_msgs/share/linkattacher_msgs/environment/pythonpath.sh
[1.701s] -- Up-to-date: /home/fra/master_ws_test/install/linkattacher_msgs/share/linkattacher_msgs/environment/pythonpath.dsv
[1.702s] -- Up-to-date: /home/fra/master_ws_test/install/linkattacher_msgs/local/lib/python3.10/dist-packages/linkattacher_msgs-0.0.0-py3.10.egg-info
[1.702s] -- Installing: /home/fra/master_ws_test/install/linkattacher_msgs/local/lib/python3.10/dist-packages/linkattacher_msgs-0.0.0-py3.10.egg-info/dependency_links.txt
[1.702s] -- Installing: /home/fra/master_ws_test/install/linkattacher_msgs/local/lib/python3.10/dist-packages/linkattacher_msgs-0.0.0-py3.10.egg-info/top_level.txt
[1.702s] -- Installing: /home/fra/master_ws_test/install/linkattacher_msgs/local/lib/python3.10/dist-packages/linkattacher_msgs-0.0.0-py3.10.egg-info/PKG-INFO
[1.702s] -- Installing: /home/fra/master_ws_test/install/linkattacher_msgs/local/lib/python3.10/dist-packages/linkattacher_msgs-0.0.0-py3.10.egg-info/SOURCES.txt
[1.703s] -- Up-to-date: /home/fra/master_ws_test/install/linkattacher_msgs/local/lib/python3.10/dist-packages/linkattacher_msgs
[1.703s] -- Up-to-date: /home/fra/master_ws_test/install/linkattacher_msgs/local/lib/python3.10/dist-packages/linkattacher_msgs/linkattacher_msgs_s__rosidl_typesupport_introspection_c.cpython-310-x86_64-linux-gnu.so
[1.703s] -- Up-to-date: /home/fra/master_ws_test/install/linkattacher_msgs/local/lib/python3.10/dist-packages/linkattacher_msgs/_linkattacher_msgs_s.ep.rosidl_typesupport_fastrtps_c.c
[1.703s] -- Up-to-date: /home/fra/master_ws_test/install/linkattacher_msgs/local/lib/python3.10/dist-packages/linkattacher_msgs/liblinkattacher_msgs__rosidl_generator_py.so
[1.704s] -- Up-to-date: /home/fra/master_ws_test/install/linkattacher_msgs/local/lib/python3.10/dist-packages/linkattacher_msgs/_linkattacher_msgs_s.ep.rosidl_typesupport_introspection_c.c
[1.704s] -- Up-to-date: /home/fra/master_ws_test/install/linkattacher_msgs/local/lib/python3.10/dist-packages/linkattacher_msgs/srv
[1.704s] -- Up-to-date: /home/fra/master_ws_test/install/linkattacher_msgs/local/lib/python3.10/dist-packages/linkattacher_msgs/srv/_attach_link.py
[1.704s] -- Up-to-date: /home/fra/master_ws_test/install/linkattacher_msgs/local/lib/python3.10/dist-packages/linkattacher_msgs/srv/_attach_link_s.c
[1.704s] -- Up-to-date: /home/fra/master_ws_test/install/linkattacher_msgs/local/lib/python3.10/dist-packages/linkattacher_msgs/srv/_detach_link_s.c
[1.705s] -- Up-to-date: /home/fra/master_ws_test/install/linkattacher_msgs/local/lib/python3.10/dist-packages/linkattacher_msgs/srv/__init__.py
[1.705s] -- Up-to-date: /home/fra/master_ws_test/install/linkattacher_msgs/local/lib/python3.10/dist-packages/linkattacher_msgs/srv/_detach_link.py
[1.705s] -- Up-to-date: /home/fra/master_ws_test/install/linkattacher_msgs/local/lib/python3.10/dist-packages/linkattacher_msgs/_linkattacher_msgs_s.ep.rosidl_typesupport_c.c
[1.705s] -- Up-to-date: /home/fra/master_ws_test/install/linkattacher_msgs/local/lib/python3.10/dist-packages/linkattacher_msgs/linkattacher_msgs_s__rosidl_typesupport_fastrtps_c.cpython-310-x86_64-linux-gnu.so
[1.705s] -- Up-to-date: /home/fra/master_ws_test/install/linkattacher_msgs/local/lib/python3.10/dist-packages/linkattacher_msgs/__init__.py
[1.706s] -- Up-to-date: /home/fra/master_ws_test/install/linkattacher_msgs/local/lib/python3.10/dist-packages/linkattacher_msgs/linkattacher_msgs_s__rosidl_typesupport_c.cpython-310-x86_64-linux-gnu.so
[1.813s] Listing '/home/fra/master_ws_test/install/linkattacher_msgs/local/lib/python3.10/dist-packages/linkattacher_msgs'...
[1.813s] Listing '/home/fra/master_ws_test/install/linkattacher_msgs/local/lib/python3.10/dist-packages/linkattacher_msgs/srv'...
[1.827s] -- Up-to-date: /home/fra/master_ws_test/install/linkattacher_msgs/local/lib/python3.10/dist-packages/linkattacher_msgs/linkattacher_msgs_s__rosidl_typesupport_fastrtps_c.cpython-310-x86_64-linux-gnu.so
[1.828s] -- Up-to-date: /home/fra/master_ws_test/install/linkattacher_msgs/local/lib/python3.10/dist-packages/linkattacher_msgs/linkattacher_msgs_s__rosidl_typesupport_introspection_c.cpython-310-x86_64-linux-gnu.so
[1.829s] -- Up-to-date: /home/fra/master_ws_test/install/linkattacher_msgs/local/lib/python3.10/dist-packages/linkattacher_msgs/linkattacher_msgs_s__rosidl_typesupport_c.cpython-310-x86_64-linux-gnu.so
[1.830s] -- Up-to-date: /home/fra/master_ws_test/install/linkattacher_msgs/lib/liblinkattacher_msgs__rosidl_generator_py.so
[1.830s] -- Up-to-date: /home/fra/master_ws_test/install/linkattacher_msgs/share/linkattacher_msgs/srv/AttachLink.idl
[1.831s] -- Up-to-date: /home/fra/master_ws_test/install/linkattacher_msgs/share/linkattacher_msgs/srv/DetachLink.idl
[1.831s] -- Up-to-date: /home/fra/master_ws_test/install/linkattacher_msgs/share/linkattacher_msgs/srv/AttachLink.srv
[1.831s] -- Up-to-date: /home/fra/master_ws_test/install/linkattacher_msgs/share/linkattacher_msgs/srv/AttachLink_Request.msg
[1.832s] -- Up-to-date: /home/fra/master_ws_test/install/linkattacher_msgs/share/linkattacher_msgs/srv/AttachLink_Response.msg
[1.832s] -- Up-to-date: /home/fra/master_ws_test/install/linkattacher_msgs/share/linkattacher_msgs/srv/DetachLink.srv
[1.832s] -- Up-to-date: /home/fra/master_ws_test/install/linkattacher_msgs/share/linkattacher_msgs/srv/DetachLink_Request.msg
[1.833s] -- Up-to-date: /home/fra/master_ws_test/install/linkattacher_msgs/share/linkattacher_msgs/srv/DetachLink_Response.msg
[1.833s] -- Up-to-date: /home/fra/master_ws_test/install/linkattacher_msgs/share/ament_index/resource_index/package_run_dependencies/linkattacher_msgs
[1.833s] -- Up-to-date: /home/fra/master_ws_test/install/linkattacher_msgs/share/ament_index/resource_index/parent_prefix_path/linkattacher_msgs
[1.833s] -- Up-to-date: /home/fra/master_ws_test/install/linkattacher_msgs/share/linkattacher_msgs/environment/ament_prefix_path.sh
[1.834s] -- Up-to-date: /home/fra/master_ws_test/install/linkattacher_msgs/share/linkattacher_msgs/environment/ament_prefix_path.dsv
[1.834s] -- Up-to-date: /home/fra/master_ws_test/install/linkattacher_msgs/share/linkattacher_msgs/environment/path.sh
[1.834s] -- Up-to-date: /home/fra/master_ws_test/install/linkattacher_msgs/share/linkattacher_msgs/environment/path.dsv
[1.834s] -- Up-to-date: /home/fra/master_ws_test/install/linkattacher_msgs/share/linkattacher_msgs/local_setup.bash
[1.835s] -- Up-to-date: /home/fra/master_ws_test/install/linkattacher_msgs/share/linkattacher_msgs/local_setup.sh
[1.835s] -- Up-to-date: /home/fra/master_ws_test/install/linkattacher_msgs/share/linkattacher_msgs/local_setup.zsh
[1.835s] -- Up-to-date: /home/fra/master_ws_test/install/linkattacher_msgs/share/linkattacher_msgs/local_setup.dsv
[1.835s] -- Installing: /home/fra/master_ws_test/install/linkattacher_msgs/share/linkattacher_msgs/package.dsv
[1.836s] -- Up-to-date: /home/fra/master_ws_test/install/linkattacher_msgs/share/ament_index/resource_index/packages/linkattacher_msgs
[1.836s] -- Up-to-date: /home/fra/master_ws_test/install/linkattacher_msgs/share/linkattacher_msgs/cmake/export_linkattacher_msgs__rosidl_generator_cExport.cmake
[1.836s] -- Up-to-date: /home/fra/master_ws_test/install/linkattacher_msgs/share/linkattacher_msgs/cmake/export_linkattacher_msgs__rosidl_generator_cExport-noconfig.cmake
[1.836s] -- Up-to-date: /home/fra/master_ws_test/install/linkattacher_msgs/share/linkattacher_msgs/cmake/export_linkattacher_msgs__rosidl_typesupport_fastrtps_cExport.cmake
[1.837s] -- Up-to-date: /home/fra/master_ws_test/install/linkattacher_msgs/share/linkattacher_msgs/cmake/export_linkattacher_msgs__rosidl_typesupport_fastrtps_cExport-noconfig.cmake
[1.837s] -- Up-to-date: /home/fra/master_ws_test/install/linkattacher_msgs/share/linkattacher_msgs/cmake/linkattacher_msgs__rosidl_typesupport_introspection_cExport.cmake
[1.837s] -- Up-to-date: /home/fra/master_ws_test/install/linkattacher_msgs/share/linkattacher_msgs/cmake/linkattacher_msgs__rosidl_typesupport_introspection_cExport-noconfig.cmake
[1.838s] -- Up-to-date: /home/fra/master_ws_test/install/linkattacher_msgs/share/linkattacher_msgs/cmake/linkattacher_msgs__rosidl_typesupport_cExport.cmake
[1.838s] -- Up-to-date: /home/fra/master_ws_test/install/linkattacher_msgs/share/linkattacher_msgs/cmake/linkattacher_msgs__rosidl_typesupport_cExport-noconfig.cmake
[1.838s] -- Up-to-date: /home/fra/master_ws_test/install/linkattacher_msgs/share/linkattacher_msgs/cmake/export_linkattacher_msgs__rosidl_generator_cppExport.cmake
[1.838s] -- Up-to-date: /home/fra/master_ws_test/install/linkattacher_msgs/share/linkattacher_msgs/cmake/export_linkattacher_msgs__rosidl_typesupport_fastrtps_cppExport.cmake
[1.839s] -- Up-to-date: /home/fra/master_ws_test/install/linkattacher_msgs/share/linkattacher_msgs/cmake/export_linkattacher_msgs__rosidl_typesupport_fastrtps_cppExport-noconfig.cmake
[1.839s] -- Up-to-date: /home/fra/master_ws_test/install/linkattacher_msgs/share/linkattacher_msgs/cmake/linkattacher_msgs__rosidl_typesupport_introspection_cppExport.cmake
[1.839s] -- Up-to-date: /home/fra/master_ws_test/install/linkattacher_msgs/share/linkattacher_msgs/cmake/linkattacher_msgs__rosidl_typesupport_introspection_cppExport-noconfig.cmake
[1.839s] -- Up-to-date: /home/fra/master_ws_test/install/linkattacher_msgs/share/linkattacher_msgs/cmake/linkattacher_msgs__rosidl_typesupport_cppExport.cmake
[1.839s] -- Up-to-date: /home/fra/master_ws_test/install/linkattacher_msgs/share/linkattacher_msgs/cmake/linkattacher_msgs__rosidl_typesupport_cppExport-noconfig.cmake
[1.840s] -- Up-to-date: /home/fra/master_ws_test/install/linkattacher_msgs/share/linkattacher_msgs/cmake/export_linkattacher_msgs__rosidl_generator_pyExport.cmake
[1.840s] -- Up-to-date: /home/fra/master_ws_test/install/linkattacher_msgs/share/linkattacher_msgs/cmake/export_linkattacher_msgs__rosidl_generator_pyExport-noconfig.cmake
[1.840s] -- Up-to-date: /home/fra/master_ws_test/install/linkattacher_msgs/share/linkattacher_msgs/cmake/rosidl_cmake-extras.cmake
[1.840s] -- Up-to-date: /home/fra/master_ws_test/install/linkattacher_msgs/share/linkattacher_msgs/cmake/ament_cmake_export_include_directories-extras.cmake
[1.840s] -- Up-to-date: /home/fra/master_ws_test/install/linkattacher_msgs/share/linkattacher_msgs/cmake/ament_cmake_export_libraries-extras.cmake
[1.841s] -- Up-to-date: /home/fra/master_ws_test/install/linkattacher_msgs/share/linkattacher_msgs/cmake/ament_cmake_export_targets-extras.cmake
[1.841s] -- Up-to-date: /home/fra/master_ws_test/install/linkattacher_msgs/share/linkattacher_msgs/cmake/rosidl_cmake_export_typesupport_targets-extras.cmake
[1.841s] -- Up-to-date: /home/fra/master_ws_test/install/linkattacher_msgs/share/linkattacher_msgs/cmake/ament_cmake_export_dependencies-extras.cmake
[1.841s] -- Up-to-date: /home/fra/master_ws_test/install/linkattacher_msgs/share/linkattacher_msgs/cmake/rosidl_cmake_export_typesupport_libraries-extras.cmake
[1.841s] -- Up-to-date: /home/fra/master_ws_test/install/linkattacher_msgs/share/linkattacher_msgs/cmake/linkattacher_msgsConfig.cmake
[1.842s] -- Up-to-date: /home/fra/master_ws_test/install/linkattacher_msgs/share/linkattacher_msgs/cmake/linkattacher_msgsConfig-version.cmake
[1.842s] -- Up-to-date: /home/fra/master_ws_test/install/linkattacher_msgs/share/linkattacher_msgs/package.xml
[1.846s] Invoked command in '/home/fra/master_ws_test/build/linkattacher_msgs' returned '0': CMAKE_PREFIX_PATH=${CMAKE_PREFIX_PATH}:/opt/ros/humble /usr/bin/cmake --install /home/fra/master_ws_test/build/linkattacher_msgs
