[35m[1mConsolidate compiler generated dependencies of target joint_publisher[0m
[100%] Built target joint_publisher
-- Install configuration: ""
-- Up-to-date: /home/fra/master_ws_test/install/six_arm/lib/six_arm/joint_publisher
-- Up-to-date: /home/fra/master_ws_test/install/six_arm/share/six_arm/launch
-- Up-to-date: /home/fra/master_ws_test/install/six_arm/share/six_arm/launch/spawn_robot_traj_controllers.launch.py
-- Up-to-date: /home/fra/master_ws_test/install/six_arm/share/six_arm/launch/spawn_robot_eff_controllers.launch.py
-- Up-to-date: /home/fra/master_ws_test/install/six_arm/share/six_arm/launch/spawn_robot_camera_moveit.launch.py
-- Up-to-date: /home/fra/master_ws_test/install/six_arm/share/six_arm/launch/spawn_robot_controllers.launch.py
-- Up-to-date: /home/fra/master_ws_test/install/six_arm/share/six_arm/launch/spawn_robot_namespace.launch.py
-- Up-to-date: /home/fra/master_ws_test/install/six_arm/share/six_arm/launch/spawn_robot_camera.launch.py
-- Up-to-date: /home/fra/master_ws_test/install/six_arm/share/six_arm/urdf
-- Up-to-date: /home/fra/master_ws_test/install/six_arm/share/six_arm/urdf/red_cube.xacro
-- Installing: /home/fra/master_ws_test/install/six_arm/share/six_arm/urdf/cobot_camera.urdf.xacro
-- Up-to-date: /home/fra/master_ws_test/install/six_arm/share/six_arm/urdf/cobot_trajectory_control.urdf.xacro
-- Up-to-date: /home/fra/master_ws_test/install/six_arm/share/six_arm/urdf/check.urdf
-- Up-to-date: /home/fra/master_ws_test/install/six_arm/share/six_arm/urdf/cobot.urdf.xacro
-- Up-to-date: /home/fra/master_ws_test/install/six_arm/share/six_arm/urdf/custom_robot_gazebo.xacro
-- Up-to-date: /home/fra/master_ws_test/install/six_arm/share/six_arm/urdf/custom_gripper.xacro
-- Up-to-date: /home/fra/master_ws_test/install/six_arm/share/six_arm/urdf/cobot_effort.urdf.xacro
-- Up-to-date: /home/fra/master_ws_test/install/six_arm/share/six_arm/urdf/link_joint.xacro
-- Up-to-date: /home/fra/master_ws_test/install/six_arm/share/six_arm/urdf/camera.xacro
-- Up-to-date: /home/fra/master_ws_test/install/six_arm/share/six_arm/config
-- Up-to-date: /home/fra/master_ws_test/install/six_arm/share/six_arm/config/effort_controllers.yaml
-- Up-to-date: /home/fra/master_ws_test/install/six_arm/share/six_arm/config/trajectory_controllers.yaml
-- Up-to-date: /home/fra/master_ws_test/install/six_arm/share/six_arm/config/controllers.yaml
-- Up-to-date: /home/fra/master_ws_test/install/six_arm/share/six_arm/config/config.rviz
-- Up-to-date: /home/fra/master_ws_test/install/six_arm/share/six_arm/src
-- Up-to-date: /home/fra/master_ws_test/install/six_arm/share/six_arm/src/joint_publisher.cpp
-- Up-to-date: /home/fra/master_ws_test/install/six_arm/share/six_arm/meshes
-- Up-to-date: /home/fra/master_ws_test/install/six_arm/share/six_arm/meshes/sensors
-- Up-to-date: /home/fra/master_ws_test/install/six_arm/share/six_arm/meshes/sensors/camera
-- Up-to-date: /home/fra/master_ws_test/install/six_arm/share/six_arm/meshes/sensors/camera/kinetic.png
-- Up-to-date: /home/fra/master_ws_test/install/six_arm/share/six_arm/meshes/sensors/camera/kinetic.dae
-- Up-to-date: /home/fra/master_ws_test/install/six_arm/share/six_arm/meshes/sensors/camera/kinetic.stl
-- Up-to-date: /home/fra/master_ws_test/install/six_arm/share/ament_index/resource_index/package_run_dependencies/six_arm
-- Up-to-date: /home/fra/master_ws_test/install/six_arm/share/ament_index/resource_index/parent_prefix_path/six_arm
-- Up-to-date: /home/fra/master_ws_test/install/six_arm/share/six_arm/environment/ament_prefix_path.sh
-- Up-to-date: /home/fra/master_ws_test/install/six_arm/share/six_arm/environment/ament_prefix_path.dsv
-- Up-to-date: /home/fra/master_ws_test/install/six_arm/share/six_arm/environment/path.sh
-- Up-to-date: /home/fra/master_ws_test/install/six_arm/share/six_arm/environment/path.dsv
-- Up-to-date: /home/fra/master_ws_test/install/six_arm/share/six_arm/local_setup.bash
-- Up-to-date: /home/fra/master_ws_test/install/six_arm/share/six_arm/local_setup.sh
-- Up-to-date: /home/fra/master_ws_test/install/six_arm/share/six_arm/local_setup.zsh
-- Up-to-date: /home/fra/master_ws_test/install/six_arm/share/six_arm/local_setup.dsv
-- Installing: /home/fra/master_ws_test/install/six_arm/share/six_arm/package.dsv
-- Up-to-date: /home/fra/master_ws_test/install/six_arm/share/ament_index/resource_index/packages/six_arm
-- Up-to-date: /home/fra/master_ws_test/install/six_arm/share/six_arm/cmake/six_armConfig.cmake
-- Up-to-date: /home/fra/master_ws_test/install/six_arm/share/six_arm/cmake/six_armConfig-version.cmake
-- Up-to-date: /home/fra/master_ws_test/install/six_arm/share/six_arm/package.xml
