[0.021s] Invoking command in '/home/fra/master_ws_test/build/cobot_ik': CMAKE_PREFIX_PATH=/home/fra/master_ws_test/install/ros2_linkattacher:/home/fra/master_ws_test/install/linkattacher_msgs:/home/fra/master_ws_test/install/six_arm_moveit_config:/home/fra/master_ws_test/install/cobot_moveit_config:/home/fra/master_ws_test/install/cobot_camera_moveit_config:/home/fra/master_ws_test/install/arm_moveit_config:/home/fra/master_ws_test/install/six_arm:/home/fra/master_ws_test/install/cobot_ik:/home/fra/master_ws_test/install/realsense2_description:/home/fra/master_ws_test/install/realsense2_camera:/home/fra/master_ws_test/install/realsense2_camera_msgs:/home/fra/master_ws_test/install/ind_environment:/home/fra/ros2_master_ws/install/custom_robot_ik:/home/fra/ros2_master_ws/install/ros2_linkattacher:/home/fra/ros2_master_ws/install/linkattacher_msgs:/home/fra/ros2_master_ws/install/ind_environment:/home/fra/ros2_master_ws/install/custom_robot_moveit_config:/home/fra/ros2_master_ws/install/cobot_gazebo:/home/fra/ros2_master_ws/install/cobot_description:/opt/ros/humble LD_LIBRARY_PATH=/home/fra/master_ws_test/install/ros2_linkattacher/lib:/home/fra/master_ws_test/install/linkattacher_msgs/lib:/home/fra/master_ws_test/install/realsense2_camera/lib:/home/fra/master_ws_test/install/realsense2_camera_msgs/lib:/home/fra/ros2_master_ws/install/ros2_linkattacher/lib:/home/fra/ros2_master_ws/install/linkattacher_msgs/lib:/usr/lib/x86_64-linux-gnu/gazebo-11/plugins:/opt/ros/humble/opt/rviz_ogre_vendor/lib:/opt/ros/humble/lib/x86_64-linux-gnu:/opt/ros/humble/lib /usr/bin/cmake --build /home/fra/master_ws_test/build/cobot_ik -- -j12 -l12
[0.098s] [35m[1mConsolidate compiler generated dependencies of target pick_place_link_attacher[0m
[0.114s] [ 12%] Built target attach
[0.134s] [ 25%] Built target process_points_stream
[0.136s] [ 37%] Built target pick_place
[0.137s] [ 62%] Built target test_pick_care
[0.137s] [ 62%] Built target test_ik
[0.138s] [ 75%] Built target pick_place_link_attacher
[0.139s] [ 87%] Built target test_pick_care_waypoints
[0.141s] [100%] Built target pick_place_fake_gripping
[0.152s] Invoked command in '/home/fra/master_ws_test/build/cobot_ik' returned '0': CMAKE_PREFIX_PATH=/home/fra/master_ws_test/install/ros2_linkattacher:/home/fra/master_ws_test/install/linkattacher_msgs:/home/fra/master_ws_test/install/six_arm_moveit_config:/home/fra/master_ws_test/install/cobot_moveit_config:/home/fra/master_ws_test/install/cobot_camera_moveit_config:/home/fra/master_ws_test/install/arm_moveit_config:/home/fra/master_ws_test/install/six_arm:/home/fra/master_ws_test/install/cobot_ik:/home/fra/master_ws_test/install/realsense2_description:/home/fra/master_ws_test/install/realsense2_camera:/home/fra/master_ws_test/install/realsense2_camera_msgs:/home/fra/master_ws_test/install/ind_environment:/home/fra/ros2_master_ws/install/custom_robot_ik:/home/fra/ros2_master_ws/install/ros2_linkattacher:/home/fra/ros2_master_ws/install/linkattacher_msgs:/home/fra/ros2_master_ws/install/ind_environment:/home/fra/ros2_master_ws/install/custom_robot_moveit_config:/home/fra/ros2_master_ws/install/cobot_gazebo:/home/fra/ros2_master_ws/install/cobot_description:/opt/ros/humble LD_LIBRARY_PATH=/home/fra/master_ws_test/install/ros2_linkattacher/lib:/home/fra/master_ws_test/install/linkattacher_msgs/lib:/home/fra/master_ws_test/install/realsense2_camera/lib:/home/fra/master_ws_test/install/realsense2_camera_msgs/lib:/home/fra/ros2_master_ws/install/ros2_linkattacher/lib:/home/fra/ros2_master_ws/install/linkattacher_msgs/lib:/usr/lib/x86_64-linux-gnu/gazebo-11/plugins:/opt/ros/humble/opt/rviz_ogre_vendor/lib:/opt/ros/humble/lib/x86_64-linux-gnu:/opt/ros/humble/lib /usr/bin/cmake --build /home/fra/master_ws_test/build/cobot_ik -- -j12 -l12
[0.154s] Invoking command in '/home/fra/master_ws_test/build/cobot_ik': CMAKE_PREFIX_PATH=/home/fra/master_ws_test/install/ros2_linkattacher:/home/fra/master_ws_test/install/linkattacher_msgs:/home/fra/master_ws_test/install/six_arm_moveit_config:/home/fra/master_ws_test/install/cobot_moveit_config:/home/fra/master_ws_test/install/cobot_camera_moveit_config:/home/fra/master_ws_test/install/arm_moveit_config:/home/fra/master_ws_test/install/six_arm:/home/fra/master_ws_test/install/cobot_ik:/home/fra/master_ws_test/install/realsense2_description:/home/fra/master_ws_test/install/realsense2_camera:/home/fra/master_ws_test/install/realsense2_camera_msgs:/home/fra/master_ws_test/install/ind_environment:/home/fra/ros2_master_ws/install/custom_robot_ik:/home/fra/ros2_master_ws/install/ros2_linkattacher:/home/fra/ros2_master_ws/install/linkattacher_msgs:/home/fra/ros2_master_ws/install/ind_environment:/home/fra/ros2_master_ws/install/custom_robot_moveit_config:/home/fra/ros2_master_ws/install/cobot_gazebo:/home/fra/ros2_master_ws/install/cobot_description:/opt/ros/humble LD_LIBRARY_PATH=/home/fra/master_ws_test/install/ros2_linkattacher/lib:/home/fra/master_ws_test/install/linkattacher_msgs/lib:/home/fra/master_ws_test/install/realsense2_camera/lib:/home/fra/master_ws_test/install/realsense2_camera_msgs/lib:/home/fra/ros2_master_ws/install/ros2_linkattacher/lib:/home/fra/ros2_master_ws/install/linkattacher_msgs/lib:/usr/lib/x86_64-linux-gnu/gazebo-11/plugins:/opt/ros/humble/opt/rviz_ogre_vendor/lib:/opt/ros/humble/lib/x86_64-linux-gnu:/opt/ros/humble/lib /usr/bin/cmake --install /home/fra/master_ws_test/build/cobot_ik
[0.161s] -- Install configuration: ""
[0.162s] -- Up-to-date: /home/fra/master_ws_test/install/cobot_ik/lib/cobot_ik/test_ik
[0.163s] -- Up-to-date: /home/fra/master_ws_test/install/cobot_ik/lib/cobot_ik/pick_place
[0.164s] -- Up-to-date: /home/fra/master_ws_test/install/cobot_ik/lib/cobot_ik/pick_place_fake_gripping
[0.164s] -- Up-to-date: /home/fra/master_ws_test/install/cobot_ik/lib/cobot_ik/pick_place_link_attacher
[0.165s] -- Up-to-date: /home/fra/master_ws_test/install/cobot_ik/lib/cobot_ik/attach
[0.166s] -- Up-to-date: /home/fra/master_ws_test/install/cobot_ik/lib/cobot_ik/process_points_stream
[0.167s] -- Up-to-date: /home/fra/master_ws_test/install/cobot_ik/lib/cobot_ik/test_pick_care_waypoints
[0.167s] -- Up-to-date: /home/fra/master_ws_test/install/cobot_ik/lib/cobot_ik/test_pick_care
[0.168s] -- Up-to-date: /home/fra/master_ws_test/install/cobot_ik/share/ament_index/resource_index/package_run_dependencies/cobot_ik
[0.168s] -- Up-to-date: /home/fra/master_ws_test/install/cobot_ik/share/ament_index/resource_index/parent_prefix_path/cobot_ik
[0.168s] -- Up-to-date: /home/fra/master_ws_test/install/cobot_ik/share/cobot_ik/environment/ament_prefix_path.sh
[0.168s] -- Up-to-date: /home/fra/master_ws_test/install/cobot_ik/share/cobot_ik/environment/ament_prefix_path.dsv
[0.168s] -- Up-to-date: /home/fra/master_ws_test/install/cobot_ik/share/cobot_ik/environment/path.sh
[0.168s] -- Up-to-date: /home/fra/master_ws_test/install/cobot_ik/share/cobot_ik/environment/path.dsv
[0.168s] -- Up-to-date: /home/fra/master_ws_test/install/cobot_ik/share/cobot_ik/local_setup.bash
[0.168s] -- Up-to-date: /home/fra/master_ws_test/install/cobot_ik/share/cobot_ik/local_setup.sh
[0.169s] -- Up-to-date: /home/fra/master_ws_test/install/cobot_ik/share/cobot_ik/local_setup.zsh
[0.169s] -- Up-to-date: /home/fra/master_ws_test/install/cobot_ik/share/cobot_ik/local_setup.dsv
[0.169s] -- Installing: /home/fra/master_ws_test/install/cobot_ik/share/cobot_ik/package.dsv
[0.169s] -- Up-to-date: /home/fra/master_ws_test/install/cobot_ik/share/ament_index/resource_index/packages/cobot_ik
[0.169s] -- Up-to-date: /home/fra/master_ws_test/install/cobot_ik/share/cobot_ik/cmake/cobot_ikConfig.cmake
[0.169s] -- Up-to-date: /home/fra/master_ws_test/install/cobot_ik/share/cobot_ik/cmake/cobot_ikConfig-version.cmake
[0.169s] -- Up-to-date: /home/fra/master_ws_test/install/cobot_ik/share/cobot_ik/package.xml
[0.172s] Invoked command in '/home/fra/master_ws_test/build/cobot_ik' returned '0': CMAKE_PREFIX_PATH=/home/fra/master_ws_test/install/ros2_linkattacher:/home/fra/master_ws_test/install/linkattacher_msgs:/home/fra/master_ws_test/install/six_arm_moveit_config:/home/fra/master_ws_test/install/cobot_moveit_config:/home/fra/master_ws_test/install/cobot_camera_moveit_config:/home/fra/master_ws_test/install/arm_moveit_config:/home/fra/master_ws_test/install/six_arm:/home/fra/master_ws_test/install/cobot_ik:/home/fra/master_ws_test/install/realsense2_description:/home/fra/master_ws_test/install/realsense2_camera:/home/fra/master_ws_test/install/realsense2_camera_msgs:/home/fra/master_ws_test/install/ind_environment:/home/fra/ros2_master_ws/install/custom_robot_ik:/home/fra/ros2_master_ws/install/ros2_linkattacher:/home/fra/ros2_master_ws/install/linkattacher_msgs:/home/fra/ros2_master_ws/install/ind_environment:/home/fra/ros2_master_ws/install/custom_robot_moveit_config:/home/fra/ros2_master_ws/install/cobot_gazebo:/home/fra/ros2_master_ws/install/cobot_description:/opt/ros/humble LD_LIBRARY_PATH=/home/fra/master_ws_test/install/ros2_linkattacher/lib:/home/fra/master_ws_test/install/linkattacher_msgs/lib:/home/fra/master_ws_test/install/realsense2_camera/lib:/home/fra/master_ws_test/install/realsense2_camera_msgs/lib:/home/fra/ros2_master_ws/install/ros2_linkattacher/lib:/home/fra/ros2_master_ws/install/linkattacher_msgs/lib:/usr/lib/x86_64-linux-gnu/gazebo-11/plugins:/opt/ros/humble/opt/rviz_ogre_vendor/lib:/opt/ros/humble/lib/x86_64-linux-gnu:/opt/ros/humble/lib /usr/bin/cmake --install /home/fra/master_ws_test/build/cobot_ik
