[0.016s] Invoking command in '/home/fra/master_ws_test/build/realsense2_camera_msgs': CMAKE_PREFIX_PATH=${CMAKE_PREFIX_PATH}:/opt/ros/humble /usr/bin/cmake --build /home/fra/master_ws_test/build/realsense2_camera_msgs -- -j12 -l12
[0.071s] [  1%] Built target realsense2_camera_msgs__cpp
[0.075s] [ 12%] Built target realsense2_camera_msgs__rosidl_generator_c
[0.084s] [ 12%] Built target ament_cmake_python_copy_realsense2_camera_msgs
[0.095s] [ 23%] Built target realsense2_camera_msgs__rosidl_typesupport_cpp
[0.098s] [ 34%] Built target realsense2_camera_msgs__rosidl_typesupport_introspection_cpp
[0.098s] [ 46%] Built target realsense2_camera_msgs__rosidl_typesupport_c
[0.100s] [ 57%] Built target realsense2_camera_msgs__rosidl_typesupport_fastrtps_cpp
[0.100s] [ 68%] Built target realsense2_camera_msgs__rosidl_typesupport_introspection_c
[0.101s] [ 79%] Built target realsense2_camera_msgs__rosidl_typesupport_fastrtps_c
[0.119s] [ 79%] Built target realsense2_camera_msgs
[0.138s] [ 80%] Built target realsense2_camera_msgs__py
[0.160s] [ 90%] Built target realsense2_camera_msgs__rosidl_generator_py
[0.180s] [100%] Built target realsense2_camera_msgs__rosidl_typesupport_c__pyext
[0.180s] [100%] Built target realsense2_camera_msgs__rosidl_typesupport_introspection_c__pyext
[0.180s] [100%] Built target realsense2_camera_msgs__rosidl_typesupport_fastrtps_c__pyext
[0.316s] running egg_info
[0.337s] writing realsense2_camera_msgs.egg-info/PKG-INFO
[0.337s] writing dependency_links to realsense2_camera_msgs.egg-info/dependency_links.txt
[0.338s] writing top-level names to realsense2_camera_msgs.egg-info/top_level.txt
[0.399s] reading manifest file 'realsense2_camera_msgs.egg-info/SOURCES.txt'
[0.400s] writing manifest file 'realsense2_camera_msgs.egg-info/SOURCES.txt'
[0.422s] [100%] Built target ament_cmake_python_build_realsense2_camera_msgs_egg
[0.431s] Invoked command in '/home/fra/master_ws_test/build/realsense2_camera_msgs' returned '0': CMAKE_PREFIX_PATH=${CMAKE_PREFIX_PATH}:/opt/ros/humble /usr/bin/cmake --build /home/fra/master_ws_test/build/realsense2_camera_msgs -- -j12 -l12
[0.433s] Invoking command in '/home/fra/master_ws_test/build/realsense2_camera_msgs': CMAKE_PREFIX_PATH=${CMAKE_PREFIX_PATH}:/opt/ros/humble /usr/bin/cmake --install /home/fra/master_ws_test/build/realsense2_camera_msgs
[0.440s] -- Install configuration: ""
[0.440s] -- Up-to-date: /home/fra/master_ws_test/install/realsense2_camera_msgs/share/ament_index/resource_index/rosidl_interfaces/realsense2_camera_msgs
[0.440s] -- Up-to-date: /home/fra/master_ws_test/install/realsense2_camera_msgs/include/realsense2_camera_msgs/realsense2_camera_msgs
[0.440s] -- Up-to-date: /home/fra/master_ws_test/install/realsense2_camera_msgs/include/realsense2_camera_msgs/realsense2_camera_msgs/msg
[0.441s] -- Up-to-date: /home/fra/master_ws_test/install/realsense2_camera_msgs/include/realsense2_camera_msgs/realsense2_camera_msgs/msg/rgbd.h
[0.441s] -- Up-to-date: /home/fra/master_ws_test/install/realsense2_camera_msgs/include/realsense2_camera_msgs/realsense2_camera_msgs/msg/extrinsics.h
[0.441s] -- Up-to-date: /home/fra/master_ws_test/install/realsense2_camera_msgs/include/realsense2_camera_msgs/realsense2_camera_msgs/msg/imu_info.h
[0.441s] -- Up-to-date: /home/fra/master_ws_test/install/realsense2_camera_msgs/include/realsense2_camera_msgs/realsense2_camera_msgs/msg/rosidl_generator_c__visibility_control.h
[0.441s] -- Up-to-date: /home/fra/master_ws_test/install/realsense2_camera_msgs/include/realsense2_camera_msgs/realsense2_camera_msgs/msg/metadata.h
[0.441s] -- Up-to-date: /home/fra/master_ws_test/install/realsense2_camera_msgs/include/realsense2_camera_msgs/realsense2_camera_msgs/msg/detail
[0.441s] -- Up-to-date: /home/fra/master_ws_test/install/realsense2_camera_msgs/include/realsense2_camera_msgs/realsense2_camera_msgs/msg/detail/imu_info__type_support.h
[0.441s] -- Up-to-date: /home/fra/master_ws_test/install/realsense2_camera_msgs/include/realsense2_camera_msgs/realsense2_camera_msgs/msg/detail/rgbd__functions.h
[0.441s] -- Up-to-date: /home/fra/master_ws_test/install/realsense2_camera_msgs/include/realsense2_camera_msgs/realsense2_camera_msgs/msg/detail/metadata__type_support.h
[0.441s] -- Up-to-date: /home/fra/master_ws_test/install/realsense2_camera_msgs/include/realsense2_camera_msgs/realsense2_camera_msgs/msg/detail/imu_info__functions.h
[0.441s] -- Up-to-date: /home/fra/master_ws_test/install/realsense2_camera_msgs/include/realsense2_camera_msgs/realsense2_camera_msgs/msg/detail/extrinsics__functions.h
[0.441s] -- Up-to-date: /home/fra/master_ws_test/install/realsense2_camera_msgs/include/realsense2_camera_msgs/realsense2_camera_msgs/msg/detail/imu_info__struct.h
[0.441s] -- Up-to-date: /home/fra/master_ws_test/install/realsense2_camera_msgs/include/realsense2_camera_msgs/realsense2_camera_msgs/msg/detail/extrinsics__functions.c
[0.441s] -- Up-to-date: /home/fra/master_ws_test/install/realsense2_camera_msgs/include/realsense2_camera_msgs/realsense2_camera_msgs/msg/detail/extrinsics__struct.h
[0.442s] -- Up-to-date: /home/fra/master_ws_test/install/realsense2_camera_msgs/include/realsense2_camera_msgs/realsense2_camera_msgs/msg/detail/extrinsics__type_support.h
[0.442s] -- Up-to-date: /home/fra/master_ws_test/install/realsense2_camera_msgs/include/realsense2_camera_msgs/realsense2_camera_msgs/msg/detail/rgbd__functions.c
[0.442s] -- Up-to-date: /home/fra/master_ws_test/install/realsense2_camera_msgs/include/realsense2_camera_msgs/realsense2_camera_msgs/msg/detail/rgbd__struct.h
[0.442s] -- Up-to-date: /home/fra/master_ws_test/install/realsense2_camera_msgs/include/realsense2_camera_msgs/realsense2_camera_msgs/msg/detail/metadata__struct.h
[0.442s] -- Up-to-date: /home/fra/master_ws_test/install/realsense2_camera_msgs/include/realsense2_camera_msgs/realsense2_camera_msgs/msg/detail/metadata__functions.h
[0.442s] -- Up-to-date: /home/fra/master_ws_test/install/realsense2_camera_msgs/include/realsense2_camera_msgs/realsense2_camera_msgs/msg/detail/imu_info__functions.c
[0.442s] -- Up-to-date: /home/fra/master_ws_test/install/realsense2_camera_msgs/include/realsense2_camera_msgs/realsense2_camera_msgs/msg/detail/metadata__functions.c
[0.442s] -- Up-to-date: /home/fra/master_ws_test/install/realsense2_camera_msgs/include/realsense2_camera_msgs/realsense2_camera_msgs/msg/detail/rgbd__type_support.h
[0.442s] -- Up-to-date: /home/fra/master_ws_test/install/realsense2_camera_msgs/include/realsense2_camera_msgs/realsense2_camera_msgs/srv
[0.442s] -- Up-to-date: /home/fra/master_ws_test/install/realsense2_camera_msgs/include/realsense2_camera_msgs/realsense2_camera_msgs/srv/device_info.h
[0.442s] -- Up-to-date: /home/fra/master_ws_test/install/realsense2_camera_msgs/include/realsense2_camera_msgs/realsense2_camera_msgs/srv/detail
[0.442s] -- Up-to-date: /home/fra/master_ws_test/install/realsense2_camera_msgs/include/realsense2_camera_msgs/realsense2_camera_msgs/srv/detail/device_info__functions.h
[0.442s] -- Up-to-date: /home/fra/master_ws_test/install/realsense2_camera_msgs/include/realsense2_camera_msgs/realsense2_camera_msgs/srv/detail/device_info__struct.h
[0.442s] -- Up-to-date: /home/fra/master_ws_test/install/realsense2_camera_msgs/include/realsense2_camera_msgs/realsense2_camera_msgs/srv/detail/device_info__functions.c
[0.442s] -- Up-to-date: /home/fra/master_ws_test/install/realsense2_camera_msgs/include/realsense2_camera_msgs/realsense2_camera_msgs/srv/detail/device_info__type_support.h
[0.442s] -- Up-to-date: /home/fra/master_ws_test/install/realsense2_camera_msgs/share/realsense2_camera_msgs/environment/library_path.sh
[0.442s] -- Up-to-date: /home/fra/master_ws_test/install/realsense2_camera_msgs/share/realsense2_camera_msgs/environment/library_path.dsv
[0.443s] -- Up-to-date: /home/fra/master_ws_test/install/realsense2_camera_msgs/lib/librealsense2_camera_msgs__rosidl_generator_c.so
[0.443s] -- Up-to-date: /home/fra/master_ws_test/install/realsense2_camera_msgs/include/realsense2_camera_msgs/realsense2_camera_msgs
[0.443s] -- Up-to-date: /home/fra/master_ws_test/install/realsense2_camera_msgs/include/realsense2_camera_msgs/realsense2_camera_msgs/msg
[0.443s] -- Up-to-date: /home/fra/master_ws_test/install/realsense2_camera_msgs/include/realsense2_camera_msgs/realsense2_camera_msgs/msg/rosidl_typesupport_fastrtps_c__visibility_control.h
[0.443s] -- Up-to-date: /home/fra/master_ws_test/install/realsense2_camera_msgs/include/realsense2_camera_msgs/realsense2_camera_msgs/msg/detail
[0.443s] -- Up-to-date: /home/fra/master_ws_test/install/realsense2_camera_msgs/include/realsense2_camera_msgs/realsense2_camera_msgs/msg/detail/extrinsics__rosidl_typesupport_fastrtps_c.h
[0.443s] -- Up-to-date: /home/fra/master_ws_test/install/realsense2_camera_msgs/include/realsense2_camera_msgs/realsense2_camera_msgs/msg/detail/metadata__rosidl_typesupport_fastrtps_c.h
[0.443s] -- Up-to-date: /home/fra/master_ws_test/install/realsense2_camera_msgs/include/realsense2_camera_msgs/realsense2_camera_msgs/msg/detail/imu_info__rosidl_typesupport_fastrtps_c.h
[0.443s] -- Up-to-date: /home/fra/master_ws_test/install/realsense2_camera_msgs/include/realsense2_camera_msgs/realsense2_camera_msgs/msg/detail/rgbd__rosidl_typesupport_fastrtps_c.h
[0.443s] -- Up-to-date: /home/fra/master_ws_test/install/realsense2_camera_msgs/include/realsense2_camera_msgs/realsense2_camera_msgs/srv
[0.443s] -- Up-to-date: /home/fra/master_ws_test/install/realsense2_camera_msgs/include/realsense2_camera_msgs/realsense2_camera_msgs/srv/detail
[0.443s] -- Up-to-date: /home/fra/master_ws_test/install/realsense2_camera_msgs/include/realsense2_camera_msgs/realsense2_camera_msgs/srv/detail/device_info__rosidl_typesupport_fastrtps_c.h
[0.443s] -- Up-to-date: /home/fra/master_ws_test/install/realsense2_camera_msgs/lib/librealsense2_camera_msgs__rosidl_typesupport_fastrtps_c.so
[0.443s] -- Up-to-date: /home/fra/master_ws_test/install/realsense2_camera_msgs/include/realsense2_camera_msgs/realsense2_camera_msgs
[0.443s] -- Up-to-date: /home/fra/master_ws_test/install/realsense2_camera_msgs/include/realsense2_camera_msgs/realsense2_camera_msgs/msg
[0.443s] -- Up-to-date: /home/fra/master_ws_test/install/realsense2_camera_msgs/include/realsense2_camera_msgs/realsense2_camera_msgs/msg/rosidl_typesupport_introspection_c__visibility_control.h
[0.443s] -- Up-to-date: /home/fra/master_ws_test/install/realsense2_camera_msgs/include/realsense2_camera_msgs/realsense2_camera_msgs/msg/detail
[0.444s] -- Up-to-date: /home/fra/master_ws_test/install/realsense2_camera_msgs/include/realsense2_camera_msgs/realsense2_camera_msgs/msg/detail/metadata__rosidl_typesupport_introspection_c.h
[0.444s] -- Up-to-date: /home/fra/master_ws_test/install/realsense2_camera_msgs/include/realsense2_camera_msgs/realsense2_camera_msgs/msg/detail/metadata__type_support.c
[0.444s] -- Up-to-date: /home/fra/master_ws_test/install/realsense2_camera_msgs/include/realsense2_camera_msgs/realsense2_camera_msgs/msg/detail/imu_info__rosidl_typesupport_introspection_c.h
[0.444s] -- Up-to-date: /home/fra/master_ws_test/install/realsense2_camera_msgs/include/realsense2_camera_msgs/realsense2_camera_msgs/msg/detail/rgbd__type_support.c
[0.444s] -- Up-to-date: /home/fra/master_ws_test/install/realsense2_camera_msgs/include/realsense2_camera_msgs/realsense2_camera_msgs/msg/detail/imu_info__type_support.c
[0.444s] -- Up-to-date: /home/fra/master_ws_test/install/realsense2_camera_msgs/include/realsense2_camera_msgs/realsense2_camera_msgs/msg/detail/extrinsics__type_support.c
[0.444s] -- Up-to-date: /home/fra/master_ws_test/install/realsense2_camera_msgs/include/realsense2_camera_msgs/realsense2_camera_msgs/msg/detail/rgbd__rosidl_typesupport_introspection_c.h
[0.444s] -- Up-to-date: /home/fra/master_ws_test/install/realsense2_camera_msgs/include/realsense2_camera_msgs/realsense2_camera_msgs/msg/detail/extrinsics__rosidl_typesupport_introspection_c.h
[0.444s] -- Up-to-date: /home/fra/master_ws_test/install/realsense2_camera_msgs/include/realsense2_camera_msgs/realsense2_camera_msgs/srv
[0.444s] -- Up-to-date: /home/fra/master_ws_test/install/realsense2_camera_msgs/include/realsense2_camera_msgs/realsense2_camera_msgs/srv/detail
[0.444s] -- Up-to-date: /home/fra/master_ws_test/install/realsense2_camera_msgs/include/realsense2_camera_msgs/realsense2_camera_msgs/srv/detail/device_info__rosidl_typesupport_introspection_c.h
[0.444s] -- Up-to-date: /home/fra/master_ws_test/install/realsense2_camera_msgs/include/realsense2_camera_msgs/realsense2_camera_msgs/srv/detail/device_info__type_support.c
[0.444s] -- Up-to-date: /home/fra/master_ws_test/install/realsense2_camera_msgs/lib/librealsense2_camera_msgs__rosidl_typesupport_introspection_c.so
[0.444s] -- Up-to-date: /home/fra/master_ws_test/install/realsense2_camera_msgs/lib/librealsense2_camera_msgs__rosidl_typesupport_c.so
[0.444s] -- Up-to-date: /home/fra/master_ws_test/install/realsense2_camera_msgs/include/realsense2_camera_msgs/realsense2_camera_msgs
[0.444s] -- Up-to-date: /home/fra/master_ws_test/install/realsense2_camera_msgs/include/realsense2_camera_msgs/realsense2_camera_msgs/msg
[0.444s] -- Up-to-date: /home/fra/master_ws_test/install/realsense2_camera_msgs/include/realsense2_camera_msgs/realsense2_camera_msgs/msg/metadata.hpp
[0.445s] -- Up-to-date: /home/fra/master_ws_test/install/realsense2_camera_msgs/include/realsense2_camera_msgs/realsense2_camera_msgs/msg/rgbd.hpp
[0.445s] -- Up-to-date: /home/fra/master_ws_test/install/realsense2_camera_msgs/include/realsense2_camera_msgs/realsense2_camera_msgs/msg/extrinsics.hpp
[0.445s] -- Up-to-date: /home/fra/master_ws_test/install/realsense2_camera_msgs/include/realsense2_camera_msgs/realsense2_camera_msgs/msg/imu_info.hpp
[0.445s] -- Up-to-date: /home/fra/master_ws_test/install/realsense2_camera_msgs/include/realsense2_camera_msgs/realsense2_camera_msgs/msg/rosidl_generator_cpp__visibility_control.hpp
[0.445s] -- Up-to-date: /home/fra/master_ws_test/install/realsense2_camera_msgs/include/realsense2_camera_msgs/realsense2_camera_msgs/msg/detail
[0.445s] -- Up-to-date: /home/fra/master_ws_test/install/realsense2_camera_msgs/include/realsense2_camera_msgs/realsense2_camera_msgs/msg/detail/extrinsics__type_support.hpp
[0.445s] -- Up-to-date: /home/fra/master_ws_test/install/realsense2_camera_msgs/include/realsense2_camera_msgs/realsense2_camera_msgs/msg/detail/imu_info__struct.hpp
[0.445s] -- Up-to-date: /home/fra/master_ws_test/install/realsense2_camera_msgs/include/realsense2_camera_msgs/realsense2_camera_msgs/msg/detail/extrinsics__struct.hpp
[0.445s] -- Up-to-date: /home/fra/master_ws_test/install/realsense2_camera_msgs/include/realsense2_camera_msgs/realsense2_camera_msgs/msg/detail/imu_info__type_support.hpp
[0.445s] -- Up-to-date: /home/fra/master_ws_test/install/realsense2_camera_msgs/include/realsense2_camera_msgs/realsense2_camera_msgs/msg/detail/metadata__builder.hpp
[0.445s] -- Up-to-date: /home/fra/master_ws_test/install/realsense2_camera_msgs/include/realsense2_camera_msgs/realsense2_camera_msgs/msg/detail/rgbd__traits.hpp
[0.445s] -- Up-to-date: /home/fra/master_ws_test/install/realsense2_camera_msgs/include/realsense2_camera_msgs/realsense2_camera_msgs/msg/detail/imu_info__builder.hpp
[0.445s] -- Up-to-date: /home/fra/master_ws_test/install/realsense2_camera_msgs/include/realsense2_camera_msgs/realsense2_camera_msgs/msg/detail/extrinsics__builder.hpp
[0.445s] -- Up-to-date: /home/fra/master_ws_test/install/realsense2_camera_msgs/include/realsense2_camera_msgs/realsense2_camera_msgs/msg/detail/extrinsics__traits.hpp
[0.445s] -- Up-to-date: /home/fra/master_ws_test/install/realsense2_camera_msgs/include/realsense2_camera_msgs/realsense2_camera_msgs/msg/detail/metadata__traits.hpp
[0.445s] -- Up-to-date: /home/fra/master_ws_test/install/realsense2_camera_msgs/include/realsense2_camera_msgs/realsense2_camera_msgs/msg/detail/rgbd__struct.hpp
[0.446s] -- Up-to-date: /home/fra/master_ws_test/install/realsense2_camera_msgs/include/realsense2_camera_msgs/realsense2_camera_msgs/msg/detail/metadata__struct.hpp
[0.446s] -- Up-to-date: /home/fra/master_ws_test/install/realsense2_camera_msgs/include/realsense2_camera_msgs/realsense2_camera_msgs/msg/detail/rgbd__type_support.hpp
[0.446s] -- Up-to-date: /home/fra/master_ws_test/install/realsense2_camera_msgs/include/realsense2_camera_msgs/realsense2_camera_msgs/msg/detail/imu_info__traits.hpp
[0.446s] -- Up-to-date: /home/fra/master_ws_test/install/realsense2_camera_msgs/include/realsense2_camera_msgs/realsense2_camera_msgs/msg/detail/rgbd__builder.hpp
[0.446s] -- Up-to-date: /home/fra/master_ws_test/install/realsense2_camera_msgs/include/realsense2_camera_msgs/realsense2_camera_msgs/msg/detail/metadata__type_support.hpp
[0.446s] -- Up-to-date: /home/fra/master_ws_test/install/realsense2_camera_msgs/include/realsense2_camera_msgs/realsense2_camera_msgs/srv
[0.446s] -- Up-to-date: /home/fra/master_ws_test/install/realsense2_camera_msgs/include/realsense2_camera_msgs/realsense2_camera_msgs/srv/device_info.hpp
[0.446s] -- Up-to-date: /home/fra/master_ws_test/install/realsense2_camera_msgs/include/realsense2_camera_msgs/realsense2_camera_msgs/srv/detail
[0.446s] -- Up-to-date: /home/fra/master_ws_test/install/realsense2_camera_msgs/include/realsense2_camera_msgs/realsense2_camera_msgs/srv/detail/device_info__traits.hpp
[0.446s] -- Up-to-date: /home/fra/master_ws_test/install/realsense2_camera_msgs/include/realsense2_camera_msgs/realsense2_camera_msgs/srv/detail/device_info__struct.hpp
[0.446s] -- Up-to-date: /home/fra/master_ws_test/install/realsense2_camera_msgs/include/realsense2_camera_msgs/realsense2_camera_msgs/srv/detail/device_info__type_support.hpp
[0.446s] -- Up-to-date: /home/fra/master_ws_test/install/realsense2_camera_msgs/include/realsense2_camera_msgs/realsense2_camera_msgs/srv/detail/device_info__builder.hpp
[0.446s] -- Up-to-date: /home/fra/master_ws_test/install/realsense2_camera_msgs/include/realsense2_camera_msgs/realsense2_camera_msgs
[0.446s] -- Up-to-date: /home/fra/master_ws_test/install/realsense2_camera_msgs/include/realsense2_camera_msgs/realsense2_camera_msgs/msg
[0.446s] -- Up-to-date: /home/fra/master_ws_test/install/realsense2_camera_msgs/include/realsense2_camera_msgs/realsense2_camera_msgs/msg/rosidl_typesupport_fastrtps_cpp__visibility_control.h
[0.446s] -- Up-to-date: /home/fra/master_ws_test/install/realsense2_camera_msgs/include/realsense2_camera_msgs/realsense2_camera_msgs/msg/detail
[0.446s] -- Up-to-date: /home/fra/master_ws_test/install/realsense2_camera_msgs/include/realsense2_camera_msgs/realsense2_camera_msgs/msg/detail/extrinsics__rosidl_typesupport_fastrtps_cpp.hpp
[0.447s] -- Up-to-date: /home/fra/master_ws_test/install/realsense2_camera_msgs/include/realsense2_camera_msgs/realsense2_camera_msgs/msg/detail/rgbd__rosidl_typesupport_fastrtps_cpp.hpp
[0.447s] -- Up-to-date: /home/fra/master_ws_test/install/realsense2_camera_msgs/include/realsense2_camera_msgs/realsense2_camera_msgs/msg/detail/metadata__rosidl_typesupport_fastrtps_cpp.hpp
[0.447s] -- Up-to-date: /home/fra/master_ws_test/install/realsense2_camera_msgs/include/realsense2_camera_msgs/realsense2_camera_msgs/msg/detail/imu_info__rosidl_typesupport_fastrtps_cpp.hpp
[0.447s] -- Up-to-date: /home/fra/master_ws_test/install/realsense2_camera_msgs/include/realsense2_camera_msgs/realsense2_camera_msgs/msg/detail/dds_fastrtps
[0.447s] -- Up-to-date: /home/fra/master_ws_test/install/realsense2_camera_msgs/include/realsense2_camera_msgs/realsense2_camera_msgs/srv
[0.447s] -- Up-to-date: /home/fra/master_ws_test/install/realsense2_camera_msgs/include/realsense2_camera_msgs/realsense2_camera_msgs/srv/detail
[0.447s] -- Up-to-date: /home/fra/master_ws_test/install/realsense2_camera_msgs/include/realsense2_camera_msgs/realsense2_camera_msgs/srv/detail/device_info__rosidl_typesupport_fastrtps_cpp.hpp
[0.447s] -- Up-to-date: /home/fra/master_ws_test/install/realsense2_camera_msgs/include/realsense2_camera_msgs/realsense2_camera_msgs/srv/detail/dds_fastrtps
[0.447s] -- Up-to-date: /home/fra/master_ws_test/install/realsense2_camera_msgs/lib/librealsense2_camera_msgs__rosidl_typesupport_fastrtps_cpp.so
[0.447s] -- Up-to-date: /home/fra/master_ws_test/install/realsense2_camera_msgs/include/realsense2_camera_msgs/realsense2_camera_msgs
[0.447s] -- Up-to-date: /home/fra/master_ws_test/install/realsense2_camera_msgs/include/realsense2_camera_msgs/realsense2_camera_msgs/msg
[0.447s] -- Up-to-date: /home/fra/master_ws_test/install/realsense2_camera_msgs/include/realsense2_camera_msgs/realsense2_camera_msgs/msg/detail
[0.447s] -- Up-to-date: /home/fra/master_ws_test/install/realsense2_camera_msgs/include/realsense2_camera_msgs/realsense2_camera_msgs/msg/detail/metadata__type_support.cpp
[0.447s] -- Up-to-date: /home/fra/master_ws_test/install/realsense2_camera_msgs/include/realsense2_camera_msgs/realsense2_camera_msgs/msg/detail/rgbd__rosidl_typesupport_introspection_cpp.hpp
[0.447s] -- Up-to-date: /home/fra/master_ws_test/install/realsense2_camera_msgs/include/realsense2_camera_msgs/realsense2_camera_msgs/msg/detail/imu_info__rosidl_typesupport_introspection_cpp.hpp
[0.447s] -- Up-to-date: /home/fra/master_ws_test/install/realsense2_camera_msgs/include/realsense2_camera_msgs/realsense2_camera_msgs/msg/detail/extrinsics__rosidl_typesupport_introspection_cpp.hpp
[0.447s] -- Up-to-date: /home/fra/master_ws_test/install/realsense2_camera_msgs/include/realsense2_camera_msgs/realsense2_camera_msgs/msg/detail/rgbd__type_support.cpp
[0.448s] -- Up-to-date: /home/fra/master_ws_test/install/realsense2_camera_msgs/include/realsense2_camera_msgs/realsense2_camera_msgs/msg/detail/metadata__rosidl_typesupport_introspection_cpp.hpp
[0.448s] -- Up-to-date: /home/fra/master_ws_test/install/realsense2_camera_msgs/include/realsense2_camera_msgs/realsense2_camera_msgs/msg/detail/extrinsics__type_support.cpp
[0.448s] -- Up-to-date: /home/fra/master_ws_test/install/realsense2_camera_msgs/include/realsense2_camera_msgs/realsense2_camera_msgs/msg/detail/imu_info__type_support.cpp
[0.448s] -- Up-to-date: /home/fra/master_ws_test/install/realsense2_camera_msgs/include/realsense2_camera_msgs/realsense2_camera_msgs/srv
[0.448s] -- Up-to-date: /home/fra/master_ws_test/install/realsense2_camera_msgs/include/realsense2_camera_msgs/realsense2_camera_msgs/srv/detail
[0.448s] -- Up-to-date: /home/fra/master_ws_test/install/realsense2_camera_msgs/include/realsense2_camera_msgs/realsense2_camera_msgs/srv/detail/device_info__type_support.cpp
[0.448s] -- Up-to-date: /home/fra/master_ws_test/install/realsense2_camera_msgs/include/realsense2_camera_msgs/realsense2_camera_msgs/srv/detail/device_info__rosidl_typesupport_introspection_cpp.hpp
[0.448s] -- Up-to-date: /home/fra/master_ws_test/install/realsense2_camera_msgs/lib/librealsense2_camera_msgs__rosidl_typesupport_introspection_cpp.so
[0.448s] -- Up-to-date: /home/fra/master_ws_test/install/realsense2_camera_msgs/lib/librealsense2_camera_msgs__rosidl_typesupport_cpp.so
[0.448s] -- Up-to-date: /home/fra/master_ws_test/install/realsense2_camera_msgs/share/realsense2_camera_msgs/environment/pythonpath.sh
[0.448s] -- Up-to-date: /home/fra/master_ws_test/install/realsense2_camera_msgs/share/realsense2_camera_msgs/environment/pythonpath.dsv
[0.448s] -- Up-to-date: /home/fra/master_ws_test/install/realsense2_camera_msgs/local/lib/python3.10/dist-packages/realsense2_camera_msgs-4.55.1-py3.10.egg-info
[0.448s] -- Installing: /home/fra/master_ws_test/install/realsense2_camera_msgs/local/lib/python3.10/dist-packages/realsense2_camera_msgs-4.55.1-py3.10.egg-info/dependency_links.txt
[0.448s] -- Installing: /home/fra/master_ws_test/install/realsense2_camera_msgs/local/lib/python3.10/dist-packages/realsense2_camera_msgs-4.55.1-py3.10.egg-info/top_level.txt
[0.448s] -- Installing: /home/fra/master_ws_test/install/realsense2_camera_msgs/local/lib/python3.10/dist-packages/realsense2_camera_msgs-4.55.1-py3.10.egg-info/PKG-INFO
[0.448s] -- Installing: /home/fra/master_ws_test/install/realsense2_camera_msgs/local/lib/python3.10/dist-packages/realsense2_camera_msgs-4.55.1-py3.10.egg-info/SOURCES.txt
[0.449s] -- Up-to-date: /home/fra/master_ws_test/install/realsense2_camera_msgs/local/lib/python3.10/dist-packages/realsense2_camera_msgs
[0.449s] -- Up-to-date: /home/fra/master_ws_test/install/realsense2_camera_msgs/local/lib/python3.10/dist-packages/realsense2_camera_msgs/librealsense2_camera_msgs__rosidl_generator_py.so
[0.449s] -- Up-to-date: /home/fra/master_ws_test/install/realsense2_camera_msgs/local/lib/python3.10/dist-packages/realsense2_camera_msgs/msg
[0.449s] -- Up-to-date: /home/fra/master_ws_test/install/realsense2_camera_msgs/local/lib/python3.10/dist-packages/realsense2_camera_msgs/msg/_metadata_s.c
[0.449s] -- Up-to-date: /home/fra/master_ws_test/install/realsense2_camera_msgs/local/lib/python3.10/dist-packages/realsense2_camera_msgs/msg/_metadata.py
[0.449s] -- Up-to-date: /home/fra/master_ws_test/install/realsense2_camera_msgs/local/lib/python3.10/dist-packages/realsense2_camera_msgs/msg/_extrinsics.py
[0.449s] -- Up-to-date: /home/fra/master_ws_test/install/realsense2_camera_msgs/local/lib/python3.10/dist-packages/realsense2_camera_msgs/msg/_imu_info_s.c
[0.449s] -- Up-to-date: /home/fra/master_ws_test/install/realsense2_camera_msgs/local/lib/python3.10/dist-packages/realsense2_camera_msgs/msg/_rgbd_s.c
[0.449s] -- Up-to-date: /home/fra/master_ws_test/install/realsense2_camera_msgs/local/lib/python3.10/dist-packages/realsense2_camera_msgs/msg/_rgbd.py
[0.449s] -- Up-to-date: /home/fra/master_ws_test/install/realsense2_camera_msgs/local/lib/python3.10/dist-packages/realsense2_camera_msgs/msg/_imu_info.py
[0.449s] -- Up-to-date: /home/fra/master_ws_test/install/realsense2_camera_msgs/local/lib/python3.10/dist-packages/realsense2_camera_msgs/msg/_extrinsics_s.c
[0.449s] -- Up-to-date: /home/fra/master_ws_test/install/realsense2_camera_msgs/local/lib/python3.10/dist-packages/realsense2_camera_msgs/msg/__init__.py
[0.449s] -- Up-to-date: /home/fra/master_ws_test/install/realsense2_camera_msgs/local/lib/python3.10/dist-packages/realsense2_camera_msgs/_realsense2_camera_msgs_s.ep.rosidl_typesupport_fastrtps_c.c
[0.449s] -- Up-to-date: /home/fra/master_ws_test/install/realsense2_camera_msgs/local/lib/python3.10/dist-packages/realsense2_camera_msgs/realsense2_camera_msgs_s__rosidl_typesupport_introspection_c.cpython-310-x86_64-linux-gnu.so
[0.449s] -- Up-to-date: /home/fra/master_ws_test/install/realsense2_camera_msgs/local/lib/python3.10/dist-packages/realsense2_camera_msgs/_realsense2_camera_msgs_s.ep.rosidl_typesupport_c.c
[0.449s] -- Up-to-date: /home/fra/master_ws_test/install/realsense2_camera_msgs/local/lib/python3.10/dist-packages/realsense2_camera_msgs/srv
[0.449s] -- Up-to-date: /home/fra/master_ws_test/install/realsense2_camera_msgs/local/lib/python3.10/dist-packages/realsense2_camera_msgs/srv/_device_info.py
[0.449s] -- Up-to-date: /home/fra/master_ws_test/install/realsense2_camera_msgs/local/lib/python3.10/dist-packages/realsense2_camera_msgs/srv/_device_info_s.c
[0.449s] -- Up-to-date: /home/fra/master_ws_test/install/realsense2_camera_msgs/local/lib/python3.10/dist-packages/realsense2_camera_msgs/srv/__init__.py
[0.450s] -- Up-to-date: /home/fra/master_ws_test/install/realsense2_camera_msgs/local/lib/python3.10/dist-packages/realsense2_camera_msgs/realsense2_camera_msgs_s__rosidl_typesupport_fastrtps_c.cpython-310-x86_64-linux-gnu.so
[0.450s] -- Up-to-date: /home/fra/master_ws_test/install/realsense2_camera_msgs/local/lib/python3.10/dist-packages/realsense2_camera_msgs/realsense2_camera_msgs_s__rosidl_typesupport_c.cpython-310-x86_64-linux-gnu.so
[0.450s] -- Up-to-date: /home/fra/master_ws_test/install/realsense2_camera_msgs/local/lib/python3.10/dist-packages/realsense2_camera_msgs/_realsense2_camera_msgs_s.ep.rosidl_typesupport_introspection_c.c
[0.450s] -- Up-to-date: /home/fra/master_ws_test/install/realsense2_camera_msgs/local/lib/python3.10/dist-packages/realsense2_camera_msgs/__init__.py
[0.479s] Listing '/home/fra/master_ws_test/install/realsense2_camera_msgs/local/lib/python3.10/dist-packages/realsense2_camera_msgs'...
[0.479s] Listing '/home/fra/master_ws_test/install/realsense2_camera_msgs/local/lib/python3.10/dist-packages/realsense2_camera_msgs/msg'...
[0.479s] Listing '/home/fra/master_ws_test/install/realsense2_camera_msgs/local/lib/python3.10/dist-packages/realsense2_camera_msgs/srv'...
[0.483s] -- Up-to-date: /home/fra/master_ws_test/install/realsense2_camera_msgs/local/lib/python3.10/dist-packages/realsense2_camera_msgs/realsense2_camera_msgs_s__rosidl_typesupport_fastrtps_c.cpython-310-x86_64-linux-gnu.so
[0.484s] -- Up-to-date: /home/fra/master_ws_test/install/realsense2_camera_msgs/local/lib/python3.10/dist-packages/realsense2_camera_msgs/realsense2_camera_msgs_s__rosidl_typesupport_introspection_c.cpython-310-x86_64-linux-gnu.so
[0.484s] -- Up-to-date: /home/fra/master_ws_test/install/realsense2_camera_msgs/local/lib/python3.10/dist-packages/realsense2_camera_msgs/realsense2_camera_msgs_s__rosidl_typesupport_c.cpython-310-x86_64-linux-gnu.so
[0.485s] -- Up-to-date: /home/fra/master_ws_test/install/realsense2_camera_msgs/lib/librealsense2_camera_msgs__rosidl_generator_py.so
[0.485s] -- Up-to-date: /home/fra/master_ws_test/install/realsense2_camera_msgs/share/realsense2_camera_msgs/msg/IMUInfo.idl
[0.485s] -- Up-to-date: /home/fra/master_ws_test/install/realsense2_camera_msgs/share/realsense2_camera_msgs/msg/Extrinsics.idl
[0.485s] -- Up-to-date: /home/fra/master_ws_test/install/realsense2_camera_msgs/share/realsense2_camera_msgs/msg/Metadata.idl
[0.485s] -- Up-to-date: /home/fra/master_ws_test/install/realsense2_camera_msgs/share/realsense2_camera_msgs/msg/RGBD.idl
[0.485s] -- Up-to-date: /home/fra/master_ws_test/install/realsense2_camera_msgs/share/realsense2_camera_msgs/srv/DeviceInfo.idl
[0.485s] -- Up-to-date: /home/fra/master_ws_test/install/realsense2_camera_msgs/share/realsense2_camera_msgs/msg/IMUInfo.msg
[0.485s] -- Up-to-date: /home/fra/master_ws_test/install/realsense2_camera_msgs/share/realsense2_camera_msgs/msg/Extrinsics.msg
[0.485s] -- Up-to-date: /home/fra/master_ws_test/install/realsense2_camera_msgs/share/realsense2_camera_msgs/msg/Metadata.msg
[0.485s] -- Up-to-date: /home/fra/master_ws_test/install/realsense2_camera_msgs/share/realsense2_camera_msgs/msg/RGBD.msg
[0.486s] -- Up-to-date: /home/fra/master_ws_test/install/realsense2_camera_msgs/share/realsense2_camera_msgs/srv/DeviceInfo.srv
[0.486s] -- Up-to-date: /home/fra/master_ws_test/install/realsense2_camera_msgs/share/realsense2_camera_msgs/srv/DeviceInfo_Request.msg
[0.486s] -- Up-to-date: /home/fra/master_ws_test/install/realsense2_camera_msgs/share/realsense2_camera_msgs/srv/DeviceInfo_Response.msg
[0.486s] -- Up-to-date: /home/fra/master_ws_test/install/realsense2_camera_msgs/share/ament_index/resource_index/package_run_dependencies/realsense2_camera_msgs
[0.486s] -- Up-to-date: /home/fra/master_ws_test/install/realsense2_camera_msgs/share/ament_index/resource_index/parent_prefix_path/realsense2_camera_msgs
[0.486s] -- Up-to-date: /home/fra/master_ws_test/install/realsense2_camera_msgs/share/realsense2_camera_msgs/environment/ament_prefix_path.sh
[0.486s] -- Up-to-date: /home/fra/master_ws_test/install/realsense2_camera_msgs/share/realsense2_camera_msgs/environment/ament_prefix_path.dsv
[0.486s] -- Up-to-date: /home/fra/master_ws_test/install/realsense2_camera_msgs/share/realsense2_camera_msgs/environment/path.sh
[0.486s] -- Up-to-date: /home/fra/master_ws_test/install/realsense2_camera_msgs/share/realsense2_camera_msgs/environment/path.dsv
[0.486s] -- Up-to-date: /home/fra/master_ws_test/install/realsense2_camera_msgs/share/realsense2_camera_msgs/local_setup.bash
[0.486s] -- Up-to-date: /home/fra/master_ws_test/install/realsense2_camera_msgs/share/realsense2_camera_msgs/local_setup.sh
[0.486s] -- Up-to-date: /home/fra/master_ws_test/install/realsense2_camera_msgs/share/realsense2_camera_msgs/local_setup.zsh
[0.486s] -- Up-to-date: /home/fra/master_ws_test/install/realsense2_camera_msgs/share/realsense2_camera_msgs/local_setup.dsv
[0.486s] -- Installing: /home/fra/master_ws_test/install/realsense2_camera_msgs/share/realsense2_camera_msgs/package.dsv
[0.486s] -- Up-to-date: /home/fra/master_ws_test/install/realsense2_camera_msgs/share/ament_index/resource_index/packages/realsense2_camera_msgs
[0.487s] -- Up-to-date: /home/fra/master_ws_test/install/realsense2_camera_msgs/share/realsense2_camera_msgs/cmake/export_realsense2_camera_msgs__rosidl_generator_cExport.cmake
[0.487s] -- Up-to-date: /home/fra/master_ws_test/install/realsense2_camera_msgs/share/realsense2_camera_msgs/cmake/export_realsense2_camera_msgs__rosidl_generator_cExport-noconfig.cmake
[0.487s] -- Up-to-date: /home/fra/master_ws_test/install/realsense2_camera_msgs/share/realsense2_camera_msgs/cmake/export_realsense2_camera_msgs__rosidl_typesupport_fastrtps_cExport.cmake
[0.487s] -- Up-to-date: /home/fra/master_ws_test/install/realsense2_camera_msgs/share/realsense2_camera_msgs/cmake/export_realsense2_camera_msgs__rosidl_typesupport_fastrtps_cExport-noconfig.cmake
[0.488s] -- Up-to-date: /home/fra/master_ws_test/install/realsense2_camera_msgs/share/realsense2_camera_msgs/cmake/realsense2_camera_msgs__rosidl_typesupport_introspection_cExport.cmake
[0.488s] -- Up-to-date: /home/fra/master_ws_test/install/realsense2_camera_msgs/share/realsense2_camera_msgs/cmake/realsense2_camera_msgs__rosidl_typesupport_introspection_cExport-noconfig.cmake
[0.488s] -- Up-to-date: /home/fra/master_ws_test/install/realsense2_camera_msgs/share/realsense2_camera_msgs/cmake/realsense2_camera_msgs__rosidl_typesupport_cExport.cmake
[0.488s] -- Up-to-date: /home/fra/master_ws_test/install/realsense2_camera_msgs/share/realsense2_camera_msgs/cmake/realsense2_camera_msgs__rosidl_typesupport_cExport-noconfig.cmake
[0.488s] -- Up-to-date: /home/fra/master_ws_test/install/realsense2_camera_msgs/share/realsense2_camera_msgs/cmake/export_realsense2_camera_msgs__rosidl_generator_cppExport.cmake
[0.489s] -- Up-to-date: /home/fra/master_ws_test/install/realsense2_camera_msgs/share/realsense2_camera_msgs/cmake/export_realsense2_camera_msgs__rosidl_typesupport_fastrtps_cppExport.cmake
[0.489s] -- Up-to-date: /home/fra/master_ws_test/install/realsense2_camera_msgs/share/realsense2_camera_msgs/cmake/export_realsense2_camera_msgs__rosidl_typesupport_fastrtps_cppExport-noconfig.cmake
[0.489s] -- Up-to-date: /home/fra/master_ws_test/install/realsense2_camera_msgs/share/realsense2_camera_msgs/cmake/realsense2_camera_msgs__rosidl_typesupport_introspection_cppExport.cmake
[0.489s] -- Up-to-date: /home/fra/master_ws_test/install/realsense2_camera_msgs/share/realsense2_camera_msgs/cmake/realsense2_camera_msgs__rosidl_typesupport_introspection_cppExport-noconfig.cmake
[0.489s] -- Up-to-date: /home/fra/master_ws_test/install/realsense2_camera_msgs/share/realsense2_camera_msgs/cmake/realsense2_camera_msgs__rosidl_typesupport_cppExport.cmake
[0.489s] -- Up-to-date: /home/fra/master_ws_test/install/realsense2_camera_msgs/share/realsense2_camera_msgs/cmake/realsense2_camera_msgs__rosidl_typesupport_cppExport-noconfig.cmake
[0.490s] -- Up-to-date: /home/fra/master_ws_test/install/realsense2_camera_msgs/share/realsense2_camera_msgs/cmake/export_realsense2_camera_msgs__rosidl_generator_pyExport.cmake
[0.490s] -- Up-to-date: /home/fra/master_ws_test/install/realsense2_camera_msgs/share/realsense2_camera_msgs/cmake/export_realsense2_camera_msgs__rosidl_generator_pyExport-noconfig.cmake
[0.490s] -- Up-to-date: /home/fra/master_ws_test/install/realsense2_camera_msgs/share/realsense2_camera_msgs/cmake/rosidl_cmake-extras.cmake
[0.490s] -- Up-to-date: /home/fra/master_ws_test/install/realsense2_camera_msgs/share/realsense2_camera_msgs/cmake/ament_cmake_export_dependencies-extras.cmake
[0.490s] -- Up-to-date: /home/fra/master_ws_test/install/realsense2_camera_msgs/share/realsense2_camera_msgs/cmake/ament_cmake_export_include_directories-extras.cmake
[0.490s] -- Up-to-date: /home/fra/master_ws_test/install/realsense2_camera_msgs/share/realsense2_camera_msgs/cmake/ament_cmake_export_libraries-extras.cmake
[0.490s] -- Up-to-date: /home/fra/master_ws_test/install/realsense2_camera_msgs/share/realsense2_camera_msgs/cmake/ament_cmake_export_targets-extras.cmake
[0.490s] -- Up-to-date: /home/fra/master_ws_test/install/realsense2_camera_msgs/share/realsense2_camera_msgs/cmake/rosidl_cmake_export_typesupport_targets-extras.cmake
[0.490s] -- Up-to-date: /home/fra/master_ws_test/install/realsense2_camera_msgs/share/realsense2_camera_msgs/cmake/rosidl_cmake_export_typesupport_libraries-extras.cmake
[0.490s] -- Up-to-date: /home/fra/master_ws_test/install/realsense2_camera_msgs/share/realsense2_camera_msgs/cmake/realsense2_camera_msgsConfig.cmake
[0.490s] -- Up-to-date: /home/fra/master_ws_test/install/realsense2_camera_msgs/share/realsense2_camera_msgs/cmake/realsense2_camera_msgsConfig-version.cmake
[0.490s] -- Up-to-date: /home/fra/master_ws_test/install/realsense2_camera_msgs/share/realsense2_camera_msgs/package.xml
[0.492s] Invoked command in '/home/fra/master_ws_test/build/realsense2_camera_msgs' returned '0': CMAKE_PREFIX_PATH=${CMAKE_PREFIX_PATH}:/opt/ros/humble /usr/bin/cmake --install /home/fra/master_ws_test/build/realsense2_camera_msgs
