[0.017s] Invoking command in '/home/fra/master_ws_test/build/cobot_ik': CMAKE_PREFIX_PATH=${CMAKE_PREFIX_PATH}:/opt/ros/humble /usr/bin/cmake --build /home/fra/master_ws_test/build/cobot_ik -- -j12 -l12
[0.082s] [35m[1mConsolidate compiler generated dependencies of target pick_place[0m
[0.095s] [ 50%] Built target test_ik
[0.101s] [ 75%] [32mBuilding CXX object CMakeFiles/pick_place.dir/src/pick_place.cpp.o[0m
[4.611s] [01m[K/home/fra/master_ws_test/src/cobot_ik/src/pick_place.cpp:[m[K In constructor ‘[01m[KPickAndPlace::PickAndPlace()[m[K’:
[4.611s] [01m[K/home/fra/master_ws_test/src/cobot_ik/src/pick_place.cpp:16:88:[m[K [01;31m[Kerror: [m[Krequest for member ‘[01m[Kshared_from_this[m[K’ is ambiguous
[4.611s]    16 |         group = std::make_shared<moveit::planning_interface::MoveGroupInterface>(this->[01;31m[Kshared_from_this[m[K(), "arm");
[4.611s]       |                                                                                        [01;31m[K^~~~~~~~~~~~~~~~[m[K
[4.622s] In file included from [01m[K/usr/include/c++/11/memory:77[m[K,
[4.622s]                  from [01m[K/opt/ros/humble/include/rclcpp/rclcpp/rclcpp.hpp:153[m[K,
[4.622s]                  from [01m[K/home/fra/master_ws_test/src/cobot_ik/src/pick_place.cpp:1[m[K:
[4.622s] [01m[K/usr/include/c++/11/bits/shared_ptr.h:811:7:[m[K [01;36m[Knote: [m[Kcandidates are: ‘[01m[Kstd::shared_ptr<const _Tp> std::enable_shared_from_this<_Tp>::shared_from_this() const [with _Tp = PickAndPlace][m[K’
[4.622s]   811 |       [01;36m[Kshared_from_this[m[K() const
[4.622s]       |       [01;36m[K^~~~~~~~~~~~~~~~[m[K
[4.622s] [01m[K/usr/include/c++/11/bits/shared_ptr.h:807:7:[m[K [01;36m[Knote: [m[K                ‘[01m[Kstd::shared_ptr<_Tp> std::enable_shared_from_this<_Tp>::shared_from_this() [with _Tp = PickAndPlace][m[K’
[4.623s]   807 |       [01;36m[Kshared_from_this[m[K()
[4.623s]       |       [01;36m[K^~~~~~~~~~~~~~~~[m[K
[4.623s] [01m[K/usr/include/c++/11/bits/shared_ptr.h:811:7:[m[K [01;36m[Knote: [m[K                ‘[01m[Kstd::shared_ptr<const _Tp> std::enable_shared_from_this<_Tp>::shared_from_this() const [with _Tp = rclcpp::Node][m[K’
[4.623s]   811 |       [01;36m[Kshared_from_this[m[K() const
[4.623s]       |       [01;36m[K^~~~~~~~~~~~~~~~[m[K
[4.623s] [01m[K/usr/include/c++/11/bits/shared_ptr.h:807:7:[m[K [01;36m[Knote: [m[K                ‘[01m[Kstd::shared_ptr<_Tp> std::enable_shared_from_this<_Tp>::shared_from_this() [with _Tp = rclcpp::Node][m[K’
[4.623s]   807 |       [01;36m[Kshared_from_this[m[K()
[4.623s]       |       [01;36m[K^~~~~~~~~~~~~~~~[m[K
[4.623s] [01m[K/home/fra/master_ws_test/src/cobot_ik/src/pick_place.cpp:17:90:[m[K [01;31m[Kerror: [m[Krequest for member ‘[01m[Kshared_from_this[m[K’ is ambiguous
[4.623s]    17 |         gripper = std::make_shared<moveit::planning_interface::MoveGroupInterface>(this->[01;31m[Kshared_from_this[m[K(), "gripper");
[4.623s]       |                                                                                          [01;31m[K^~~~~~~~~~~~~~~~[m[K
[4.623s] In file included from [01m[K/usr/include/c++/11/memory:77[m[K,
[4.623s]                  from [01m[K/opt/ros/humble/include/rclcpp/rclcpp/rclcpp.hpp:153[m[K,
[4.623s]                  from [01m[K/home/fra/master_ws_test/src/cobot_ik/src/pick_place.cpp:1[m[K:
[4.623s] [01m[K/usr/include/c++/11/bits/shared_ptr.h:811:7:[m[K [01;36m[Knote: [m[Kcandidates are: ‘[01m[Kstd::shared_ptr<const _Tp> std::enable_shared_from_this<_Tp>::shared_from_this() const [with _Tp = PickAndPlace][m[K’
[4.623s]   811 |       [01;36m[Kshared_from_this[m[K() const
[4.623s]       |       [01;36m[K^~~~~~~~~~~~~~~~[m[K
[4.623s] [01m[K/usr/include/c++/11/bits/shared_ptr.h:807:7:[m[K [01;36m[Knote: [m[K                ‘[01m[Kstd::shared_ptr<_Tp> std::enable_shared_from_this<_Tp>::shared_from_this() [with _Tp = PickAndPlace][m[K’
[4.623s]   807 |       [01;36m[Kshared_from_this[m[K()
[4.624s]       |       [01;36m[K^~~~~~~~~~~~~~~~[m[K
[4.624s] [01m[K/usr/include/c++/11/bits/shared_ptr.h:811:7:[m[K [01;36m[Knote: [m[K                ‘[01m[Kstd::shared_ptr<const _Tp> std::enable_shared_from_this<_Tp>::shared_from_this() const [with _Tp = rclcpp::Node][m[K’
[4.624s]   811 |       [01;36m[Kshared_from_this[m[K() const
[4.624s]       |       [01;36m[K^~~~~~~~~~~~~~~~[m[K
[4.624s] [01m[K/usr/include/c++/11/bits/shared_ptr.h:807:7:[m[K [01;36m[Knote: [m[K                ‘[01m[Kstd::shared_ptr<_Tp> std::enable_shared_from_this<_Tp>::shared_from_this() [with _Tp = rclcpp::Node][m[K’
[4.624s]   807 |       [01;36m[Kshared_from_this[m[K()
[4.624s]       |       [01;36m[K^~~~~~~~~~~~~~~~[m[K
[4.624s] [01m[K/home/fra/master_ws_test/src/cobot_ik/src/pick_place.cpp:[m[K In member function ‘[01m[Kbool PickAndPlace::moveToTarget(const Pose&)[m[K’:
[4.624s] [01m[K/home/fra/master_ws_test/src/cobot_ik/src/pick_place.cpp:40:91:[m[K [01;35m[Kwarning: [m[K‘[01m[Kusing MoveItErrorCode = class moveit::core::MoveItErrorCode[m[K’ is deprecated: Use moveit::core::MoveItErrorCode [[01;35m[K]8;;https://gcc.gnu.org/onlinedocs/gcc/Warning-Options.html#index-Wdeprecated-declarations-Wdeprecated-declarations]8;;[m[K]
[4.624s]    40 |         bool success = (group->plan(plan) == moveit::planning_interface::MoveItErrorCode::[01;35m[KSUCCESS[m[K);
[4.624s]       |                                                                                           [01;35m[K^~~~~~~[m[K
[4.624s] In file included from [01m[K/home/fra/master_ws_test/src/cobot_ik/src/pick_place.cpp:3[m[K:
[4.624s] [01m[K/opt/ros/humble/include/moveit/move_group_interface/move_group_interface.h:71:7:[m[K [01;36m[Knote: [m[Kdeclared here
[4.624s]    71 | using [01;36m[KMoveItErrorCode[m[K [[deprecated("Use moveit::core::MoveItErrorCode")]] = moveit::core::MoveItErrorCode;
[4.624s]       |       [01;36m[K^~~~~~~~~~~~~~~[m[K
[4.632s] In file included from [01m[K/opt/ros/humble/include/rclcpp/rclcpp/client.hpp:40[m[K,
[4.632s]                  from [01m[K/opt/ros/humble/include/rclcpp/rclcpp/callback_group.hpp:24[m[K,
[4.632s]                  from [01m[K/opt/ros/humble/include/rclcpp/rclcpp/any_executable.hpp:20[m[K,
[4.633s]                  from [01m[K/opt/ros/humble/include/rclcpp/rclcpp/memory_strategy.hpp:25[m[K,
[4.633s]                  from [01m[K/opt/ros/humble/include/rclcpp/rclcpp/memory_strategies.hpp:18[m[K,
[4.633s]                  from [01m[K/opt/ros/humble/include/rclcpp/rclcpp/executor_options.hpp:20[m[K,
[4.633s]                  from [01m[K/opt/ros/humble/include/rclcpp/rclcpp/executor.hpp:37[m[K,
[4.633s]                  from [01m[K/opt/ros/humble/include/rclcpp/rclcpp/executors/multi_threaded_executor.hpp:25[m[K,
[4.633s]                  from [01m[K/opt/ros/humble/include/rclcpp/rclcpp/executors.hpp:21[m[K,
[4.633s]                  from [01m[K/opt/ros/humble/include/rclcpp/rclcpp/rclcpp.hpp:155[m[K,
[4.633s]                  from [01m[K/home/fra/master_ws_test/src/cobot_ik/src/pick_place.cpp:1[m[K:
[4.633s] [01m[K/home/fra/master_ws_test/src/cobot_ik/src/pick_place.cpp:[m[K In member function ‘[01m[Kvoid PickAndPlace::addCollisionObject()[m[K’:
[4.633s] [01m[K/home/fra/master_ws_test/src/cobot_ik/src/pick_place.cpp:131:21:[m[K [01;31m[Kerror: [m[K‘[01m[Klogger[m[K’ was not declared in this scope
[4.633s]   131 |         RCLCPP_INFO([01;31m[Klogger[m[K, "Collision objects added to the planning scene.");
[4.633s]       |                     [01;31m[K^~~~~~[m[K
[4.633s] [01m[K/home/fra/master_ws_test/src/cobot_ik/src/pick_place.cpp:131:9:[m[K [01;31m[Kerror: [m[Ktemplate argument 1 is invalid
[4.633s]   131 |         [01;31m[KRCLCPP_INFO[m[K(logger, "Collision objects added to the planning scene.");
[4.633s]       |         [01;31m[K^~~~~~~~~~~[m[K
[4.633s] [01m[K/home/fra/master_ws_test/src/cobot_ik/src/pick_place.cpp:131:9:[m[K [01;31m[Kerror: [m[Ktemplate argument 1 is invalid
[4.633s]   131 |         [01;31m[KRCLCPP_INFO[m[K(logger, "Collision objects added to the planning scene.");
[4.633s]       |         [01;31m[K^~~~~~~~~~~[m[K
[4.633s] [01m[K/home/fra/master_ws_test/src/cobot_ik/src/pick_place.cpp:131:9:[m[K [01;31m[Kerror: [m[Ktemplate argument 1 is invalid
[4.634s]   131 |         [01;31m[KRCLCPP_INFO[m[K(logger, "Collision objects added to the planning scene.");
[4.634s]       |         [01;31m[K^~~~~~~~~~~[m[K
[4.637s] [01m[K/home/fra/master_ws_test/src/cobot_ik/src/pick_place.cpp:[m[K In function ‘[01m[Kint main(int, char**)[m[K’:
[4.637s] [01m[K/home/fra/master_ws_test/src/cobot_ik/src/pick_place.cpp:152:19:[m[K [01;31m[Kerror: [m[Kcould not convert ‘[01m[K((std::__shared_ptr_access<PickAndPlace, __gnu_cxx::_S_atomic, false, false>*)(& node))->std::__shared_ptr_access<PickAndPlace, __gnu_cxx::_S_atomic, false, false>::operator->()->PickAndPlace::pick()[m[K’ from ‘[01m[Kvoid[m[K’ to ‘[01m[Kbool[m[K’
[4.637s]   152 |     if ([01;31m[Knode->pick()[m[K) {
[4.637s]       |         [01;31m[K~~~~~~~~~~^~[m[K
[4.637s]       |                   [01;31m[K|[m[K
[4.637s]       |                   [01;31m[Kvoid[m[K
[6.988s] gmake[2]: *** [CMakeFiles/pick_place.dir/build.make:76: CMakeFiles/pick_place.dir/src/pick_place.cpp.o] Error 1
[6.988s] gmake[1]: *** [CMakeFiles/Makefile2:165: CMakeFiles/pick_place.dir/all] Error 2
[6.988s] gmake: *** [Makefile:146: all] Error 2
[6.990s] Invoked command in '/home/fra/master_ws_test/build/cobot_ik' returned '2': CMAKE_PREFIX_PATH=${CMAKE_PREFIX_PATH}:/opt/ros/humble /usr/bin/cmake --build /home/fra/master_ws_test/build/cobot_ik -- -j12 -l12
