[0.021s] Invoking command in '/home/fra/master_ws_test/src/build/six_arm_moveit_config': AMENT_PREFIX_PATH=/home/fra/master_ws_test/src/install/six_arm:${AMENT_PREFIX_PATH} CMAKE_PREFIX_PATH=/home/fra/master_ws_test/src/install/six_arm:/home/fra/master_ws_test/install/six_arm_moveit_config:/home/fra/master_ws_test/install/cobot_moveit_config:/home/fra/master_ws_test/install/cobot_camera_moveit_config:/home/fra/master_ws_test/install/arm_moveit_config:/home/fra/master_ws_test/install/six_arm:/home/fra/master_ws_test/install/ros2_linkattacher:/home/fra/master_ws_test/install/realsense2_description:/home/fra/master_ws_test/install/realsense2_camera:/home/fra/master_ws_test/install/realsense2_camera_msgs:/home/fra/master_ws_test/install/linkattacher_msgs:/home/fra/master_ws_test/install/ind_environment:/home/fra/master_ws_test/install/cobot_ik:/home/fra/ros2_master_ws/install/ind_environment:/home/fra/ros2_master_ws/install/custom_robot_moveit_config:/home/fra/ros2_master_ws/install/custom_robot_ik:/home/fra/ros2_master_ws/install/cobot_gazebo:/home/fra/ros2_master_ws/install/cobot_camera_moveit_config:/home/fra/ros2_master_ws/install/cobot_description:/opt/ros/humble /usr/bin/cmake /home/fra/master_ws_test/src/six_arm_moveit_config -DCMAKE_INSTALL_PREFIX=/home/fra/master_ws_test/src/install/six_arm_moveit_config
[0.080s] -- The C compiler identification is GNU 11.4.0
[0.157s] -- The CXX compiler identification is GNU 11.4.0
[0.167s] -- Detecting C compiler ABI info
[0.238s] -- Detecting C compiler ABI info - done
[0.246s] -- Check for working C compiler: /usr/bin/cc - skipped
[0.246s] -- Detecting C compile features
[0.247s] -- Detecting C compile features - done
[0.250s] -- Detecting CXX compiler ABI info
[0.328s] -- Detecting CXX compiler ABI info - done
[0.335s] -- Check for working CXX compiler: /usr/bin/c++ - skipped
[0.335s] -- Detecting CXX compile features
[0.336s] -- Detecting CXX compile features - done
[0.340s] -- Found ament_cmake: 1.3.11 (/opt/ros/humble/share/ament_cmake/cmake)
[0.745s] -- Found Python3: /usr/bin/python3 (found version "3.10.12") found components: Interpreter 
[1.003s] -- Configuring done
[1.006s] -- Generating done
[1.008s] -- Build files have been written to: /home/fra/master_ws_test/src/build/six_arm_moveit_config
[1.012s] Invoked command in '/home/fra/master_ws_test/src/build/six_arm_moveit_config' returned '0': AMENT_PREFIX_PATH=/home/fra/master_ws_test/src/install/six_arm:${AMENT_PREFIX_PATH} CMAKE_PREFIX_PATH=/home/fra/master_ws_test/src/install/six_arm:/home/fra/master_ws_test/install/six_arm_moveit_config:/home/fra/master_ws_test/install/cobot_moveit_config:/home/fra/master_ws_test/install/cobot_camera_moveit_config:/home/fra/master_ws_test/install/arm_moveit_config:/home/fra/master_ws_test/install/six_arm:/home/fra/master_ws_test/install/ros2_linkattacher:/home/fra/master_ws_test/install/realsense2_description:/home/fra/master_ws_test/install/realsense2_camera:/home/fra/master_ws_test/install/realsense2_camera_msgs:/home/fra/master_ws_test/install/linkattacher_msgs:/home/fra/master_ws_test/install/ind_environment:/home/fra/master_ws_test/install/cobot_ik:/home/fra/ros2_master_ws/install/ind_environment:/home/fra/ros2_master_ws/install/custom_robot_moveit_config:/home/fra/ros2_master_ws/install/custom_robot_ik:/home/fra/ros2_master_ws/install/cobot_gazebo:/home/fra/ros2_master_ws/install/cobot_camera_moveit_config:/home/fra/ros2_master_ws/install/cobot_description:/opt/ros/humble /usr/bin/cmake /home/fra/master_ws_test/src/six_arm_moveit_config -DCMAKE_INSTALL_PREFIX=/home/fra/master_ws_test/src/install/six_arm_moveit_config
[1.014s] Invoking command in '/home/fra/master_ws_test/src/build/six_arm_moveit_config': AMENT_PREFIX_PATH=/home/fra/master_ws_test/src/install/six_arm:${AMENT_PREFIX_PATH} CMAKE_PREFIX_PATH=/home/fra/master_ws_test/src/install/six_arm:/home/fra/master_ws_test/install/six_arm_moveit_config:/home/fra/master_ws_test/install/cobot_moveit_config:/home/fra/master_ws_test/install/cobot_camera_moveit_config:/home/fra/master_ws_test/install/arm_moveit_config:/home/fra/master_ws_test/install/six_arm:/home/fra/master_ws_test/install/ros2_linkattacher:/home/fra/master_ws_test/install/realsense2_description:/home/fra/master_ws_test/install/realsense2_camera:/home/fra/master_ws_test/install/realsense2_camera_msgs:/home/fra/master_ws_test/install/linkattacher_msgs:/home/fra/master_ws_test/install/ind_environment:/home/fra/master_ws_test/install/cobot_ik:/home/fra/ros2_master_ws/install/ind_environment:/home/fra/ros2_master_ws/install/custom_robot_moveit_config:/home/fra/ros2_master_ws/install/custom_robot_ik:/home/fra/ros2_master_ws/install/cobot_gazebo:/home/fra/ros2_master_ws/install/cobot_camera_moveit_config:/home/fra/ros2_master_ws/install/cobot_description:/opt/ros/humble /usr/bin/cmake --build /home/fra/master_ws_test/src/build/six_arm_moveit_config -- -j12 -l12
[1.054s] Invoked command in '/home/fra/master_ws_test/src/build/six_arm_moveit_config' returned '0': AMENT_PREFIX_PATH=/home/fra/master_ws_test/src/install/six_arm:${AMENT_PREFIX_PATH} CMAKE_PREFIX_PATH=/home/fra/master_ws_test/src/install/six_arm:/home/fra/master_ws_test/install/six_arm_moveit_config:/home/fra/master_ws_test/install/cobot_moveit_config:/home/fra/master_ws_test/install/cobot_camera_moveit_config:/home/fra/master_ws_test/install/arm_moveit_config:/home/fra/master_ws_test/install/six_arm:/home/fra/master_ws_test/install/ros2_linkattacher:/home/fra/master_ws_test/install/realsense2_description:/home/fra/master_ws_test/install/realsense2_camera:/home/fra/master_ws_test/install/realsense2_camera_msgs:/home/fra/master_ws_test/install/linkattacher_msgs:/home/fra/master_ws_test/install/ind_environment:/home/fra/master_ws_test/install/cobot_ik:/home/fra/ros2_master_ws/install/ind_environment:/home/fra/ros2_master_ws/install/custom_robot_moveit_config:/home/fra/ros2_master_ws/install/custom_robot_ik:/home/fra/ros2_master_ws/install/cobot_gazebo:/home/fra/ros2_master_ws/install/cobot_camera_moveit_config:/home/fra/ros2_master_ws/install/cobot_description:/opt/ros/humble /usr/bin/cmake --build /home/fra/master_ws_test/src/build/six_arm_moveit_config -- -j12 -l12
[1.056s] Invoking command in '/home/fra/master_ws_test/src/build/six_arm_moveit_config': AMENT_PREFIX_PATH=/home/fra/master_ws_test/src/install/six_arm:${AMENT_PREFIX_PATH} CMAKE_PREFIX_PATH=/home/fra/master_ws_test/src/install/six_arm:/home/fra/master_ws_test/install/six_arm_moveit_config:/home/fra/master_ws_test/install/cobot_moveit_config:/home/fra/master_ws_test/install/cobot_camera_moveit_config:/home/fra/master_ws_test/install/arm_moveit_config:/home/fra/master_ws_test/install/six_arm:/home/fra/master_ws_test/install/ros2_linkattacher:/home/fra/master_ws_test/install/realsense2_description:/home/fra/master_ws_test/install/realsense2_camera:/home/fra/master_ws_test/install/realsense2_camera_msgs:/home/fra/master_ws_test/install/linkattacher_msgs:/home/fra/master_ws_test/install/ind_environment:/home/fra/master_ws_test/install/cobot_ik:/home/fra/ros2_master_ws/install/ind_environment:/home/fra/ros2_master_ws/install/custom_robot_moveit_config:/home/fra/ros2_master_ws/install/custom_robot_ik:/home/fra/ros2_master_ws/install/cobot_gazebo:/home/fra/ros2_master_ws/install/cobot_camera_moveit_config:/home/fra/ros2_master_ws/install/cobot_description:/opt/ros/humble /usr/bin/cmake --install /home/fra/master_ws_test/src/build/six_arm_moveit_config
[1.063s] -- Install configuration: ""
[1.063s] -- Installing: /home/fra/master_ws_test/src/install/six_arm_moveit_config/share/ament_index/resource_index/package_run_dependencies/six_arm_moveit_config
[1.063s] -- Installing: /home/fra/master_ws_test/src/install/six_arm_moveit_config/share/ament_index/resource_index/parent_prefix_path/six_arm_moveit_config
[1.063s] -- Installing: /home/fra/master_ws_test/src/install/six_arm_moveit_config/share/six_arm_moveit_config/environment/ament_prefix_path.sh
[1.063s] -- Installing: /home/fra/master_ws_test/src/install/six_arm_moveit_config/share/six_arm_moveit_config/environment/ament_prefix_path.dsv
[1.064s] -- Installing: /home/fra/master_ws_test/src/install/six_arm_moveit_config/share/six_arm_moveit_config/environment/path.sh
[1.064s] -- Installing: /home/fra/master_ws_test/src/install/six_arm_moveit_config/share/six_arm_moveit_config/environment/path.dsv
[1.064s] -- Installing: /home/fra/master_ws_test/src/install/six_arm_moveit_config/share/six_arm_moveit_config/local_setup.bash
[1.064s] -- Installing: /home/fra/master_ws_test/src/install/six_arm_moveit_config/share/six_arm_moveit_config/local_setup.sh
[1.064s] -- Installing: /home/fra/master_ws_test/src/install/six_arm_moveit_config/share/six_arm_moveit_config/local_setup.zsh
[1.064s] -- Installing: /home/fra/master_ws_test/src/install/six_arm_moveit_config/share/six_arm_moveit_config/local_setup.dsv
[1.065s] -- Installing: /home/fra/master_ws_test/src/install/six_arm_moveit_config/share/six_arm_moveit_config/package.dsv
[1.065s] -- Installing: /home/fra/master_ws_test/src/install/six_arm_moveit_config/share/ament_index/resource_index/packages/six_arm_moveit_config
[1.065s] -- Installing: /home/fra/master_ws_test/src/install/six_arm_moveit_config/share/six_arm_moveit_config/cmake/six_arm_moveit_configConfig.cmake
[1.065s] -- Installing: /home/fra/master_ws_test/src/install/six_arm_moveit_config/share/six_arm_moveit_config/cmake/six_arm_moveit_configConfig-version.cmake
[1.065s] -- Installing: /home/fra/master_ws_test/src/install/six_arm_moveit_config/share/six_arm_moveit_config/package.xml
[1.065s] -- Installing: /home/fra/master_ws_test/src/install/six_arm_moveit_config/share/six_arm_moveit_config/launch
[1.065s] -- Installing: /home/fra/master_ws_test/src/install/six_arm_moveit_config/share/six_arm_moveit_config/launch/demo_try2.launch.py
[1.066s] -- Installing: /home/fra/master_ws_test/src/install/six_arm_moveit_config/share/six_arm_moveit_config/launch/demo.launch.py
[1.066s] -- Installing: /home/fra/master_ws_test/src/install/six_arm_moveit_config/share/six_arm_moveit_config/launch/warehouse_db.launch.py
[1.066s] -- Installing: /home/fra/master_ws_test/src/install/six_arm_moveit_config/share/six_arm_moveit_config/launch/rsp.launch.py
[1.066s] -- Installing: /home/fra/master_ws_test/src/install/six_arm_moveit_config/share/six_arm_moveit_config/launch/spawn_controllers.launch.py
[1.066s] -- Installing: /home/fra/master_ws_test/src/install/six_arm_moveit_config/share/six_arm_moveit_config/launch/moveit.rviz
[1.066s] -- Installing: /home/fra/master_ws_test/src/install/six_arm_moveit_config/share/six_arm_moveit_config/launch/setup_assistant.launch.py
[1.066s] -- Installing: /home/fra/master_ws_test/src/install/six_arm_moveit_config/share/six_arm_moveit_config/launch/demo_try.launch.py
[1.066s] -- Installing: /home/fra/master_ws_test/src/install/six_arm_moveit_config/share/six_arm_moveit_config/launch/moveit_empty.rviz
[1.067s] -- Installing: /home/fra/master_ws_test/src/install/six_arm_moveit_config/share/six_arm_moveit_config/launch/moveit_rviz.launch.py
[1.067s] -- Installing: /home/fra/master_ws_test/src/install/six_arm_moveit_config/share/six_arm_moveit_config/launch/move_group.launch.py
[1.067s] -- Installing: /home/fra/master_ws_test/src/install/six_arm_moveit_config/share/six_arm_moveit_config/launch/static_virtual_joint_tfs.launch.py
[1.067s] -- Installing: /home/fra/master_ws_test/src/install/six_arm_moveit_config/share/six_arm_moveit_config/launch/demo_with_controllers.launch.py
[1.067s] -- Installing: /home/fra/master_ws_test/src/install/six_arm_moveit_config/share/six_arm_moveit_config/config
[1.067s] -- Installing: /home/fra/master_ws_test/src/install/six_arm_moveit_config/share/six_arm_moveit_config/config/initial_positions.yaml
[1.068s] -- Installing: /home/fra/master_ws_test/src/install/six_arm_moveit_config/share/six_arm_moveit_config/config/kinematics.yaml
[1.068s] -- Installing: /home/fra/master_ws_test/src/install/six_arm_moveit_config/share/six_arm_moveit_config/config/joint_limits.yaml
[1.068s] -- Installing: /home/fra/master_ws_test/src/install/six_arm_moveit_config/share/six_arm_moveit_config/config/chomp_planning.yaml
[1.068s] -- Installing: /home/fra/master_ws_test/src/install/six_arm_moveit_config/share/six_arm_moveit_config/config/custom_robot.urdf.xacro
[1.069s] -- Installing: /home/fra/master_ws_test/src/install/six_arm_moveit_config/share/six_arm_moveit_config/config/moveit_controllers.yaml
[1.069s] -- Installing: /home/fra/master_ws_test/src/install/six_arm_moveit_config/share/six_arm_moveit_config/config/pilz_industrial_motion_planner_planning.yaml
[1.069s] -- Installing: /home/fra/master_ws_test/src/install/six_arm_moveit_config/share/six_arm_moveit_config/config/pilz_cartesian_limits.yaml
[1.070s] -- Installing: /home/fra/master_ws_test/src/install/six_arm_moveit_config/share/six_arm_moveit_config/config/sensors_3d.yaml
[1.070s] -- Installing: /home/fra/master_ws_test/src/install/six_arm_moveit_config/share/six_arm_moveit_config/config/ompl_planning.yaml
[1.070s] -- Installing: /home/fra/master_ws_test/src/install/six_arm_moveit_config/share/six_arm_moveit_config/config/moveit.rviz
[1.070s] -- Installing: /home/fra/master_ws_test/src/install/six_arm_moveit_config/share/six_arm_moveit_config/config/lerp_planning.yaml
[1.071s] -- Installing: /home/fra/master_ws_test/src/install/six_arm_moveit_config/share/six_arm_moveit_config/config/custom_robot.ros2_control.xacro
[1.071s] -- Installing: /home/fra/master_ws_test/src/install/six_arm_moveit_config/share/six_arm_moveit_config/config/ros2_controllers.yaml
[1.071s] -- Installing: /home/fra/master_ws_test/src/install/six_arm_moveit_config/share/six_arm_moveit_config/config/trajopt_planning.yaml
[1.072s] -- Installing: /home/fra/master_ws_test/src/install/six_arm_moveit_config/share/six_arm_moveit_config/config/custom_robot.srdf
[1.072s] -- Installing: /home/fra/master_ws_test/src/install/six_arm_moveit_config/share/six_arm_moveit_config/urdf
[1.072s] -- Installing: /home/fra/master_ws_test/src/install/six_arm_moveit_config/share/six_arm_moveit_config/urdf/cobot_camera.urdf.xacro
[1.072s] -- Installing: /home/fra/master_ws_test/src/install/six_arm_moveit_config/share/six_arm_moveit_config/.setup_assistant
[1.075s] Invoked command in '/home/fra/master_ws_test/src/build/six_arm_moveit_config' returned '0': AMENT_PREFIX_PATH=/home/fra/master_ws_test/src/install/six_arm:${AMENT_PREFIX_PATH} CMAKE_PREFIX_PATH=/home/fra/master_ws_test/src/install/six_arm:/home/fra/master_ws_test/install/six_arm_moveit_config:/home/fra/master_ws_test/install/cobot_moveit_config:/home/fra/master_ws_test/install/cobot_camera_moveit_config:/home/fra/master_ws_test/install/arm_moveit_config:/home/fra/master_ws_test/install/six_arm:/home/fra/master_ws_test/install/ros2_linkattacher:/home/fra/master_ws_test/install/realsense2_description:/home/fra/master_ws_test/install/realsense2_camera:/home/fra/master_ws_test/install/realsense2_camera_msgs:/home/fra/master_ws_test/install/linkattacher_msgs:/home/fra/master_ws_test/install/ind_environment:/home/fra/master_ws_test/install/cobot_ik:/home/fra/ros2_master_ws/install/ind_environment:/home/fra/ros2_master_ws/install/custom_robot_moveit_config:/home/fra/ros2_master_ws/install/custom_robot_ik:/home/fra/ros2_master_ws/install/cobot_gazebo:/home/fra/ros2_master_ws/install/cobot_camera_moveit_config:/home/fra/ros2_master_ws/install/cobot_description:/opt/ros/humble /usr/bin/cmake --install /home/fra/master_ws_test/src/build/six_arm_moveit_config
