[0.011s] Invoking command in '/home/fra/master_ws_test/build/cobot_camera_moveit_config': CMAKE_PREFIX_PATH=/home/fra/master_ws_test/install/six_arm:/home/fra/master_ws_test/install/six_arm_moveit_config:/home/fra/master_ws_test/install/cobot_moveit_config:/home/fra/master_ws_test/install/realsense2_description:/home/fra/master_ws_test/install/realsense2_camera:/home/fra/master_ws_test/install/realsense2_camera_msgs:/home/fra/master_ws_test/install/ind_environment:/home/fra/ros2_master_ws/install/ind_environment:/home/fra/ros2_master_ws/install/cobot_gazebo:/home/fra/ros2_master_ws/install/cobot_description:/opt/ros/humble /usr/bin/cmake /home/fra/master_ws_test/src/cobot_camera_moveit_config -DCMAKE_INSTALL_PREFIX=/home/fra/master_ws_test/install/cobot_camera_moveit_config
[0.093s] -- The C compiler identification is GNU 11.4.0
[0.160s] -- The CXX compiler identification is GNU 11.4.0
[0.169s] -- Detecting C compiler ABI info
[0.228s] -- Detecting C compiler ABI info - done
[0.237s] -- Check for working C compiler: /usr/bin/cc - skipped
[0.237s] -- Detecting C compile features
[0.238s] -- Detecting C compile features - done
[0.242s] -- Detecting CXX compiler ABI info
[0.308s] -- Detecting CXX compiler ABI info - done
[0.315s] -- Check for working CXX compiler: /usr/bin/c++ - skipped
[0.315s] -- Detecting CXX compile features
[0.316s] -- Detecting CXX compile features - done
[0.319s] -- Found ament_cmake: 1.3.11 (/opt/ros/humble/share/ament_cmake/cmake)
[0.645s] -- Found Python3: /usr/bin/python3 (found version "3.10.12") found components: Interpreter 
[0.832s] -- Configuring done
[0.835s] -- Generating done
[0.837s] -- Build files have been written to: /home/fra/master_ws_test/build/cobot_camera_moveit_config
[0.840s] Invoked command in '/home/fra/master_ws_test/build/cobot_camera_moveit_config' returned '0': CMAKE_PREFIX_PATH=/home/fra/master_ws_test/install/six_arm:/home/fra/master_ws_test/install/six_arm_moveit_config:/home/fra/master_ws_test/install/cobot_moveit_config:/home/fra/master_ws_test/install/realsense2_description:/home/fra/master_ws_test/install/realsense2_camera:/home/fra/master_ws_test/install/realsense2_camera_msgs:/home/fra/master_ws_test/install/ind_environment:/home/fra/ros2_master_ws/install/ind_environment:/home/fra/ros2_master_ws/install/cobot_gazebo:/home/fra/ros2_master_ws/install/cobot_description:/opt/ros/humble /usr/bin/cmake /home/fra/master_ws_test/src/cobot_camera_moveit_config -DCMAKE_INSTALL_PREFIX=/home/fra/master_ws_test/install/cobot_camera_moveit_config
[0.841s] Invoking command in '/home/fra/master_ws_test/build/cobot_camera_moveit_config': CMAKE_PREFIX_PATH=/home/fra/master_ws_test/install/six_arm:/home/fra/master_ws_test/install/six_arm_moveit_config:/home/fra/master_ws_test/install/cobot_moveit_config:/home/fra/master_ws_test/install/realsense2_description:/home/fra/master_ws_test/install/realsense2_camera:/home/fra/master_ws_test/install/realsense2_camera_msgs:/home/fra/master_ws_test/install/ind_environment:/home/fra/ros2_master_ws/install/ind_environment:/home/fra/ros2_master_ws/install/cobot_gazebo:/home/fra/ros2_master_ws/install/cobot_description:/opt/ros/humble /usr/bin/cmake --build /home/fra/master_ws_test/build/cobot_camera_moveit_config -- -j12 -l12
[0.871s] Invoked command in '/home/fra/master_ws_test/build/cobot_camera_moveit_config' returned '0': CMAKE_PREFIX_PATH=/home/fra/master_ws_test/install/six_arm:/home/fra/master_ws_test/install/six_arm_moveit_config:/home/fra/master_ws_test/install/cobot_moveit_config:/home/fra/master_ws_test/install/realsense2_description:/home/fra/master_ws_test/install/realsense2_camera:/home/fra/master_ws_test/install/realsense2_camera_msgs:/home/fra/master_ws_test/install/ind_environment:/home/fra/ros2_master_ws/install/ind_environment:/home/fra/ros2_master_ws/install/cobot_gazebo:/home/fra/ros2_master_ws/install/cobot_description:/opt/ros/humble /usr/bin/cmake --build /home/fra/master_ws_test/build/cobot_camera_moveit_config -- -j12 -l12
[0.872s] Invoking command in '/home/fra/master_ws_test/build/cobot_camera_moveit_config': CMAKE_PREFIX_PATH=/home/fra/master_ws_test/install/six_arm:/home/fra/master_ws_test/install/six_arm_moveit_config:/home/fra/master_ws_test/install/cobot_moveit_config:/home/fra/master_ws_test/install/realsense2_description:/home/fra/master_ws_test/install/realsense2_camera:/home/fra/master_ws_test/install/realsense2_camera_msgs:/home/fra/master_ws_test/install/ind_environment:/home/fra/ros2_master_ws/install/ind_environment:/home/fra/ros2_master_ws/install/cobot_gazebo:/home/fra/ros2_master_ws/install/cobot_description:/opt/ros/humble /usr/bin/cmake --install /home/fra/master_ws_test/build/cobot_camera_moveit_config
[0.878s] -- Install configuration: ""
[0.878s] -- Installing: /home/fra/master_ws_test/install/cobot_camera_moveit_config/share/ament_index/resource_index/package_run_dependencies/cobot_camera_moveit_config
[0.879s] -- Installing: /home/fra/master_ws_test/install/cobot_camera_moveit_config/share/ament_index/resource_index/parent_prefix_path/cobot_camera_moveit_config
[0.879s] -- Installing: /home/fra/master_ws_test/install/cobot_camera_moveit_config/share/cobot_camera_moveit_config/environment/ament_prefix_path.sh
[0.879s] -- Installing: /home/fra/master_ws_test/install/cobot_camera_moveit_config/share/cobot_camera_moveit_config/environment/ament_prefix_path.dsv
[0.879s] -- Installing: /home/fra/master_ws_test/install/cobot_camera_moveit_config/share/cobot_camera_moveit_config/environment/path.sh
[0.879s] -- Installing: /home/fra/master_ws_test/install/cobot_camera_moveit_config/share/cobot_camera_moveit_config/environment/path.dsv
[0.879s] -- Installing: /home/fra/master_ws_test/install/cobot_camera_moveit_config/share/cobot_camera_moveit_config/local_setup.bash
[0.879s] -- Installing: /home/fra/master_ws_test/install/cobot_camera_moveit_config/share/cobot_camera_moveit_config/local_setup.sh
[0.879s] -- Installing: /home/fra/master_ws_test/install/cobot_camera_moveit_config/share/cobot_camera_moveit_config/local_setup.zsh
[0.880s] -- Installing: /home/fra/master_ws_test/install/cobot_camera_moveit_config/share/cobot_camera_moveit_config/local_setup.dsv
[0.880s] -- Installing: /home/fra/master_ws_test/install/cobot_camera_moveit_config/share/cobot_camera_moveit_config/package.dsv
[0.880s] -- Installing: /home/fra/master_ws_test/install/cobot_camera_moveit_config/share/ament_index/resource_index/packages/cobot_camera_moveit_config
[0.880s] -- Installing: /home/fra/master_ws_test/install/cobot_camera_moveit_config/share/cobot_camera_moveit_config/cmake/cobot_camera_moveit_configConfig.cmake
[0.880s] -- Installing: /home/fra/master_ws_test/install/cobot_camera_moveit_config/share/cobot_camera_moveit_config/cmake/cobot_camera_moveit_configConfig-version.cmake
[0.880s] -- Installing: /home/fra/master_ws_test/install/cobot_camera_moveit_config/share/cobot_camera_moveit_config/package.xml
[0.880s] -- Installing: /home/fra/master_ws_test/install/cobot_camera_moveit_config/share/cobot_camera_moveit_config/launch
[0.880s] -- Installing: /home/fra/master_ws_test/install/cobot_camera_moveit_config/share/cobot_camera_moveit_config/launch/demo.launch.py
[0.881s] -- Installing: /home/fra/master_ws_test/install/cobot_camera_moveit_config/share/cobot_camera_moveit_config/launch/warehouse_db.launch.py
[0.881s] -- Installing: /home/fra/master_ws_test/install/cobot_camera_moveit_config/share/cobot_camera_moveit_config/launch/rsp.launch.py
[0.881s] -- Installing: /home/fra/master_ws_test/install/cobot_camera_moveit_config/share/cobot_camera_moveit_config/launch/spawn_controllers.launch.py
[0.881s] -- Installing: /home/fra/master_ws_test/install/cobot_camera_moveit_config/share/cobot_camera_moveit_config/launch/setup_assistant.launch.py
[0.881s] -- Installing: /home/fra/master_ws_test/install/cobot_camera_moveit_config/share/cobot_camera_moveit_config/launch/moveit_rviz.launch.py
[0.881s] -- Installing: /home/fra/master_ws_test/install/cobot_camera_moveit_config/share/cobot_camera_moveit_config/launch/move_group.launch.py
[0.881s] -- Installing: /home/fra/master_ws_test/install/cobot_camera_moveit_config/share/cobot_camera_moveit_config/launch/static_virtual_joint_tfs.launch.py
[0.881s] -- Installing: /home/fra/master_ws_test/install/cobot_camera_moveit_config/share/cobot_camera_moveit_config/config
[0.881s] -- Installing: /home/fra/master_ws_test/install/cobot_camera_moveit_config/share/cobot_camera_moveit_config/config/initial_positions.yaml
[0.881s] -- Installing: /home/fra/master_ws_test/install/cobot_camera_moveit_config/share/cobot_camera_moveit_config/config/kinematics.yaml
[0.881s] -- Installing: /home/fra/master_ws_test/install/cobot_camera_moveit_config/share/cobot_camera_moveit_config/config/joint_limits.yaml
[0.882s] -- Installing: /home/fra/master_ws_test/install/cobot_camera_moveit_config/share/cobot_camera_moveit_config/config/custom_robot.urdf.xacro
[0.882s] -- Installing: /home/fra/master_ws_test/install/cobot_camera_moveit_config/share/cobot_camera_moveit_config/config/moveit_controllers.yaml
[0.882s] -- Installing: /home/fra/master_ws_test/install/cobot_camera_moveit_config/share/cobot_camera_moveit_config/config/pilz_cartesian_limits.yaml
[0.882s] -- Installing: /home/fra/master_ws_test/install/cobot_camera_moveit_config/share/cobot_camera_moveit_config/config/moveit.rviz
[0.882s] -- Installing: /home/fra/master_ws_test/install/cobot_camera_moveit_config/share/cobot_camera_moveit_config/config/custom_robot.ros2_control.xacro
[0.882s] -- Installing: /home/fra/master_ws_test/install/cobot_camera_moveit_config/share/cobot_camera_moveit_config/config/ros2_controllers.yaml
[0.882s] -- Installing: /home/fra/master_ws_test/install/cobot_camera_moveit_config/share/cobot_camera_moveit_config/config/custom_robot.srdf
[0.882s] -- Installing: /home/fra/master_ws_test/install/cobot_camera_moveit_config/share/cobot_camera_moveit_config/.setup_assistant
[0.883s] Invoked command in '/home/fra/master_ws_test/build/cobot_camera_moveit_config' returned '0': CMAKE_PREFIX_PATH=/home/fra/master_ws_test/install/six_arm:/home/fra/master_ws_test/install/six_arm_moveit_config:/home/fra/master_ws_test/install/cobot_moveit_config:/home/fra/master_ws_test/install/realsense2_description:/home/fra/master_ws_test/install/realsense2_camera:/home/fra/master_ws_test/install/realsense2_camera_msgs:/home/fra/master_ws_test/install/ind_environment:/home/fra/ros2_master_ws/install/ind_environment:/home/fra/ros2_master_ws/install/cobot_gazebo:/home/fra/ros2_master_ws/install/cobot_description:/opt/ros/humble /usr/bin/cmake --install /home/fra/master_ws_test/build/cobot_camera_moveit_config
