[01m[K/home/fra/master_ws_test/src/cobot_ik/src/test_ik.cpp:[m[K In function ‘[01m[Kint main(int, char**)[m[K’:
[01m[K/home/fra/master_ws_test/src/cobot_ik/src/test_ik.cpp:67:69:[m[K [01;31m[Kerror: [m[Kno match for ‘[01m[Koperator=[m[K’ (operand types are ‘[01m[Kgeometry_msgs::msg::Pose_<std::allocator<void> >::_position_type[m[K’ {aka ‘[01m[Kgeometry_msgs::msg::Point_<std::allocator<void> >[m[K’} and ‘[01m[K<brace-enclosed initializer list>[m[K’)
   67 |     collision_objects[0].primitive_poses[0].position = {0.75, 0, 0.5[01;31m[K}[m[K;
      |                                                                     [01;31m[K^[m[K
In file included from [01m[K/opt/ros/humble/include/geometry_msgs/geometry_msgs/msg/detail/pose__struct.hpp:20[m[K,
                 from [01m[K/opt/ros/humble/include/geometry_msgs/geometry_msgs/msg/pose.hpp:7[m[K,
                 from [01m[K/opt/ros/humble/include/moveit/kinematics_base/kinematics_base.h:39[m[K,
                 from [01m[K/opt/ros/humble/include/moveit/robot_model/joint_model_group.h:42[m[K,
                 from [01m[K/opt/ros/humble/include/moveit/robot_model/robot_model.h:45[m[K,
                 from [01m[K/opt/ros/humble/include/moveit/robot_state/robot_state.h:40[m[K,
                 from [01m[K/opt/ros/humble/include/moveit/move_group_interface/move_group_interface.h:41[m[K,
                 from [01m[K/home/fra/master_ws_test/src/cobot_ik/src/test_ik.cpp:4[m[K:
[01m[K/opt/ros/humble/include/geometry_msgs/geometry_msgs/msg/detail/point__struct.hpp:32:8:[m[K [01;36m[Knote: [m[Kcandidate: ‘[01m[Kconstexpr geometry_msgs::msg::Point_<std::allocator<void> >& geometry_msgs::msg::Point_<std::allocator<void> >::operator=(const geometry_msgs::msg::Point_<std::allocator<void> >&)[m[K’
   32 | struct [01;36m[KPoint_[m[K
      |        [01;36m[K^~~~~~[m[K
[01m[K/opt/ros/humble/include/geometry_msgs/geometry_msgs/msg/detail/point__struct.hpp:32:8:[m[K [01;36m[Knote: [m[K  no known conversion for argument 1 from ‘[01m[K<brace-enclosed initializer list>[m[K’ to ‘[01m[Kconst geometry_msgs::msg::Point_<std::allocator<void> >&[m[K’
[01m[K/opt/ros/humble/include/geometry_msgs/geometry_msgs/msg/detail/point__struct.hpp:32:8:[m[K [01;36m[Knote: [m[Kcandidate: ‘[01m[Kconstexpr geometry_msgs::msg::Point_<std::allocator<void> >& geometry_msgs::msg::Point_<std::allocator<void> >::operator=(geometry_msgs::msg::Point_<std::allocator<void> >&&)[m[K’
[01m[K/opt/ros/humble/include/geometry_msgs/geometry_msgs/msg/detail/point__struct.hpp:32:8:[m[K [01;36m[Knote: [m[K  no known conversion for argument 1 from ‘[01m[K<brace-enclosed initializer list>[m[K’ to ‘[01m[Kgeometry_msgs::msg::Point_<std::allocator<void> >&&[m[K’
[01m[K/home/fra/master_ws_test/src/cobot_ik/src/test_ik.cpp:77:66:[m[K [01;31m[Kerror: [m[Kno match for ‘[01m[Koperator=[m[K’ (operand types are ‘[01m[Kgeometry_msgs::msg::Pose_<std::allocator<void> >::_position_type[m[K’ {aka ‘[01m[Kgeometry_msgs::msg::Point_<std::allocator<void> >[m[K’} and ‘[01m[K<brace-enclosed initializer list>[m[K’)
   77 |     collision_objects[1].primitive_poses[0].position = {0, 1, 0.5[01;31m[K}[m[K;
      |                                                                  [01;31m[K^[m[K
In file included from [01m[K/opt/ros/humble/include/geometry_msgs/geometry_msgs/msg/detail/pose__struct.hpp:20[m[K,
                 from [01m[K/opt/ros/humble/include/geometry_msgs/geometry_msgs/msg/pose.hpp:7[m[K,
                 from [01m[K/opt/ros/humble/include/moveit/kinematics_base/kinematics_base.h:39[m[K,
                 from [01m[K/opt/ros/humble/include/moveit/robot_model/joint_model_group.h:42[m[K,
                 from [01m[K/opt/ros/humble/include/moveit/robot_model/robot_model.h:45[m[K,
                 from [01m[K/opt/ros/humble/include/moveit/robot_state/robot_state.h:40[m[K,
                 from [01m[K/opt/ros/humble/include/moveit/move_group_interface/move_group_interface.h:41[m[K,
                 from [01m[K/home/fra/master_ws_test/src/cobot_ik/src/test_ik.cpp:4[m[K:
[01m[K/opt/ros/humble/include/geometry_msgs/geometry_msgs/msg/detail/point__struct.hpp:32:8:[m[K [01;36m[Knote: [m[Kcandidate: ‘[01m[Kconstexpr geometry_msgs::msg::Point_<std::allocator<void> >& geometry_msgs::msg::Point_<std::allocator<void> >::operator=(const geometry_msgs::msg::Point_<std::allocator<void> >&)[m[K’
   32 | struct [01;36m[KPoint_[m[K
      |        [01;36m[K^~~~~~[m[K
[01m[K/opt/ros/humble/include/geometry_msgs/geometry_msgs/msg/detail/point__struct.hpp:32:8:[m[K [01;36m[Knote: [m[K  no known conversion for argument 1 from ‘[01m[K<brace-enclosed initializer list>[m[K’ to ‘[01m[Kconst geometry_msgs::msg::Point_<std::allocator<void> >&[m[K’
[01m[K/opt/ros/humble/include/geometry_msgs/geometry_msgs/msg/detail/point__struct.hpp:32:8:[m[K [01;36m[Knote: [m[Kcandidate: ‘[01m[Kconstexpr geometry_msgs::msg::Point_<std::allocator<void> >& geometry_msgs::msg::Point_<std::allocator<void> >::operator=(geometry_msgs::msg::Point_<std::allocator<void> >&&)[m[K’
[01m[K/opt/ros/humble/include/geometry_msgs/geometry_msgs/msg/detail/point__struct.hpp:32:8:[m[K [01;36m[Knote: [m[K  no known conversion for argument 1 from ‘[01m[K<brace-enclosed initializer list>[m[K’ to ‘[01m[Kgeometry_msgs::msg::Point_<std::allocator<void> >&&[m[K’
[01m[K/home/fra/master_ws_test/src/cobot_ik/src/test_ik.cpp:87:66:[m[K [01;31m[Kerror: [m[Kno match for ‘[01m[Koperator=[m[K’ (operand types are ‘[01m[Kgeometry_msgs::msg::Pose_<std::allocator<void> >::_position_type[m[K’ {aka ‘[01m[Kgeometry_msgs::msg::Point_<std::allocator<void> >[m[K’} and ‘[01m[K<brace-enclosed initializer list>[m[K’)
   87 |     collision_objects[2].primitive_poses[0].position = {0, 0, 0.4[01;31m[K}[m[K;
      |                                                                  [01;31m[K^[m[K
In file included from [01m[K/opt/ros/humble/include/geometry_msgs/geometry_msgs/msg/detail/pose__struct.hpp:20[m[K,
                 from [01m[K/opt/ros/humble/include/geometry_msgs/geometry_msgs/msg/pose.hpp:7[m[K,
                 from [01m[K/opt/ros/humble/include/moveit/kinematics_base/kinematics_base.h:39[m[K,
                 from [01m[K/opt/ros/humble/include/moveit/robot_model/joint_model_group.h:42[m[K,
                 from [01m[K/opt/ros/humble/include/moveit/robot_model/robot_model.h:45[m[K,
                 from [01m[K/opt/ros/humble/include/moveit/robot_state/robot_state.h:40[m[K,
                 from [01m[K/opt/ros/humble/include/moveit/move_group_interface/move_group_interface.h:41[m[K,
                 from [01m[K/home/fra/master_ws_test/src/cobot_ik/src/test_ik.cpp:4[m[K:
[01m[K/opt/ros/humble/include/geometry_msgs/geometry_msgs/msg/detail/point__struct.hpp:32:8:[m[K [01;36m[Knote: [m[Kcandidate: ‘[01m[Kconstexpr geometry_msgs::msg::Point_<std::allocator<void> >& geometry_msgs::msg::Point_<std::allocator<void> >::operator=(const geometry_msgs::msg::Point_<std::allocator<void> >&)[m[K’
   32 | struct [01;36m[KPoint_[m[K
      |        [01;36m[K^~~~~~[m[K
[01m[K/opt/ros/humble/include/geometry_msgs/geometry_msgs/msg/detail/point__struct.hpp:32:8:[m[K [01;36m[Knote: [m[K  no known conversion for argument 1 from ‘[01m[K<brace-enclosed initializer list>[m[K’ to ‘[01m[Kconst geometry_msgs::msg::Point_<std::allocator<void> >&[m[K’
[01m[K/opt/ros/humble/include/geometry_msgs/geometry_msgs/msg/detail/point__struct.hpp:32:8:[m[K [01;36m[Knote: [m[Kcandidate: ‘[01m[Kconstexpr geometry_msgs::msg::Point_<std::allocator<void> >& geometry_msgs::msg::Point_<std::allocator<void> >::operator=(geometry_msgs::msg::Point_<std::allocator<void> >&&)[m[K’
[01m[K/opt/ros/humble/include/geometry_msgs/geometry_msgs/msg/detail/point__struct.hpp:32:8:[m[K [01;36m[Knote: [m[K  no known conversion for argument 1 from ‘[01m[K<brace-enclosed initializer list>[m[K’ to ‘[01m[Kgeometry_msgs::msg::Point_<std::allocator<void> >&&[m[K’
[01m[K/home/fra/master_ws_test/src/cobot_ik/src/test_ik.cpp:97:75:[m[K [01;31m[Kerror: [m[Kno match for ‘[01m[Koperator=[m[K’ (operand types are ‘[01m[Kgeometry_msgs::msg::Pose_<std::allocator<void> >::_position_type[m[K’ {aka ‘[01m[Kgeometry_msgs::msg::Point_<std::allocator<void> >[m[K’} and ‘[01m[K<brace-enclosed initializer list>[m[K’)
   97 | ollision_objects[3].primitive_poses[0].position = {0.642, -0.031, 1.1[01;31m[K}[m[K;
      |                                                                      [01;31m[K^[m[K

In file included from [01m[K/opt/ros/humble/include/geometry_msgs/geometry_msgs/msg/detail/pose__struct.hpp:20[m[K,
                 from [01m[K/opt/ros/humble/include/geometry_msgs/geometry_msgs/msg/pose.hpp:7[m[K,
                 from [01m[K/opt/ros/humble/include/moveit/kinematics_base/kinematics_base.h:39[m[K,
                 from [01m[K/opt/ros/humble/include/moveit/robot_model/joint_model_group.h:42[m[K,
                 from [01m[K/opt/ros/humble/include/moveit/robot_model/robot_model.h:45[m[K,
                 from [01m[K/opt/ros/humble/include/moveit/robot_state/robot_state.h:40[m[K,
                 from [01m[K/opt/ros/humble/include/moveit/move_group_interface/move_group_interface.h:41[m[K,
                 from [01m[K/home/fra/master_ws_test/src/cobot_ik/src/test_ik.cpp:4[m[K:
[01m[K/opt/ros/humble/include/geometry_msgs/geometry_msgs/msg/detail/point__struct.hpp:32:8:[m[K [01;36m[Knote: [m[Kcandidate: ‘[01m[Kconstexpr geometry_msgs::msg::Point_<std::allocator<void> >& geometry_msgs::msg::Point_<std::allocator<void> >::operator=(const geometry_msgs::msg::Point_<std::allocator<void> >&)[m[K’
   32 | struct [01;36m[KPoint_[m[K
      |        [01;36m[K^~~~~~[m[K
[01m[K/opt/ros/humble/include/geometry_msgs/geometry_msgs/msg/detail/point__struct.hpp:32:8:[m[K [01;36m[Knote: [m[K  no known conversion for argument 1 from ‘[01m[K<brace-enclosed initializer list>[m[K’ to ‘[01m[Kconst geometry_msgs::msg::Point_<std::allocator<void> >&[m[K’
[01m[K/opt/ros/humble/include/geometry_msgs/geometry_msgs/msg/detail/point__struct.hpp:32:8:[m[K [01;36m[Knote: [m[Kcandidate: ‘[01m[Kconstexpr geometry_msgs::msg::Point_<std::allocator<void> >& geometry_msgs::msg::Point_<std::allocator<void> >::operator=(geometry_msgs::msg::Point_<std::allocator<void> >&&)[m[K’
[01m[K/opt/ros/humble/include/geometry_msgs/geometry_msgs/msg/detail/point__struct.hpp:32:8:[m[K [01;36m[Knote: [m[K  no known conversion for argument 1 from ‘[01m[K<brace-enclosed initializer list>[m[K’ to ‘[01m[Kgeometry_msgs::msg::Point_<std::allocator<void> >&&[m[K’
gmake[2]: *** [CMakeFiles/test_ik.dir/build.make:76: CMakeFiles/test_ik.dir/src/test_ik.cpp.o] Error 1
gmake[1]: *** [CMakeFiles/Makefile2:137: CMakeFiles/test_ik.dir/all] Error 2
gmake: *** [Makefile:146: all] Error 2
