[0.015s] Invoking command in '/home/fra/master_ws_test/build/cobot_ik': CMAKE_PREFIX_PATH=${CMAKE_PREFIX_PATH}:/opt/ros/humble /usr/bin/cmake --build /home/fra/master_ws_test/build/cobot_ik -- -j12 -l12
[0.052s] [35m[1mConsolidate compiler generated dependencies of target pick_place[0m
[0.065s] [ 50%] Built target test_ik
[0.071s] [ 75%] [32mBuilding CXX object CMakeFiles/pick_place.dir/src/pick_place.cpp.o[0m
[4.565s] [01m[K/home/fra/master_ws_test/src/cobot_ik/src/pick_place.cpp:[m[K In constructor ‘[01m[KPickAndPlace::PickAndPlace()[m[K’:
[4.565s] [01m[K/home/fra/master_ws_test/src/cobot_ik/src/pick_place.cpp:17:52:[m[K [01;31m[Kerror: [m[Kreference to ‘[01m[Kshared_from_this[m[K’ is ambiguous
[4.565s]    17 |             std::static_pointer_cast<rclcpp::Node>([01;31m[Kshared_from_this[m[K()), "arm");
[4.565s]       |                                                    [01;31m[K^~~~~~~~~~~~~~~~[m[K
[4.565s] In file included from [01m[K/usr/include/c++/11/memory:77[m[K,
[4.566s]                  from [01m[K/opt/ros/humble/include/rclcpp/rclcpp/rclcpp.hpp:153[m[K,
[4.566s]                  from [01m[K/home/fra/master_ws_test/src/cobot_ik/src/pick_place.cpp:1[m[K:
[4.566s] [01m[K/usr/include/c++/11/bits/shared_ptr.h:811:7:[m[K [01;36m[Knote: [m[Kcandidates are: ‘[01m[Kstd::shared_ptr<const _Tp> std::enable_shared_from_this<_Tp>::shared_from_this() const [with _Tp = PickAndPlace][m[K’
[4.566s]   811 |       [01;36m[Kshared_from_this[m[K() const
[4.566s]       |       [01;36m[K^~~~~~~~~~~~~~~~[m[K
[4.566s] [01m[K/usr/include/c++/11/bits/shared_ptr.h:807:7:[m[K [01;36m[Knote: [m[K                ‘[01m[Kstd::shared_ptr<_Tp> std::enable_shared_from_this<_Tp>::shared_from_this() [with _Tp = PickAndPlace][m[K’
[4.566s]   807 |       [01;36m[Kshared_from_this[m[K()
[4.566s]       |       [01;36m[K^~~~~~~~~~~~~~~~[m[K
[4.566s] [01m[K/usr/include/c++/11/bits/shared_ptr.h:811:7:[m[K [01;36m[Knote: [m[K                ‘[01m[Kstd::shared_ptr<const _Tp> std::enable_shared_from_this<_Tp>::shared_from_this() const [with _Tp = rclcpp::Node][m[K’
[4.566s]   811 |       [01;36m[Kshared_from_this[m[K() const
[4.566s]       |       [01;36m[K^~~~~~~~~~~~~~~~[m[K
[4.566s] [01m[K/usr/include/c++/11/bits/shared_ptr.h:807:7:[m[K [01;36m[Knote: [m[K                ‘[01m[Kstd::shared_ptr<_Tp> std::enable_shared_from_this<_Tp>::shared_from_this() [with _Tp = rclcpp::Node][m[K’
[4.566s]   807 |       [01;36m[Kshared_from_this[m[K()
[4.566s]       |       [01;36m[K^~~~~~~~~~~~~~~~[m[K
[4.566s] [01m[K/home/fra/master_ws_test/src/cobot_ik/src/pick_place.cpp:19:52:[m[K [01;31m[Kerror: [m[Kreference to ‘[01m[Kshared_from_this[m[K’ is ambiguous
[4.566s]    19 |             std::static_pointer_cast<rclcpp::Node>([01;31m[Kshared_from_this[m[K()), "gripper");
[4.566s]       |                                                    [01;31m[K^~~~~~~~~~~~~~~~[m[K
[4.566s] In file included from [01m[K/usr/include/c++/11/memory:77[m[K,
[4.566s]                  from [01m[K/opt/ros/humble/include/rclcpp/rclcpp/rclcpp.hpp:153[m[K,
[4.566s]                  from [01m[K/home/fra/master_ws_test/src/cobot_ik/src/pick_place.cpp:1[m[K:
[4.567s] [01m[K/usr/include/c++/11/bits/shared_ptr.h:811:7:[m[K [01;36m[Knote: [m[Kcandidates are: ‘[01m[Kstd::shared_ptr<const _Tp> std::enable_shared_from_this<_Tp>::shared_from_this() const [with _Tp = PickAndPlace][m[K’
[4.567s]   811 |       [01;36m[Kshared_from_this[m[K() const
[4.567s]       |       [01;36m[K^~~~~~~~~~~~~~~~[m[K
[4.567s] [01m[K/usr/include/c++/11/bits/shared_ptr.h:807:7:[m[K [01;36m[Knote: [m[K                ‘[01m[Kstd::shared_ptr<_Tp> std::enable_shared_from_this<_Tp>::shared_from_this() [with _Tp = PickAndPlace][m[K’
[4.567s]   807 |       [01;36m[Kshared_from_this[m[K()
[4.567s]       |       [01;36m[K^~~~~~~~~~~~~~~~[m[K
[4.567s] [01m[K/usr/include/c++/11/bits/shared_ptr.h:811:7:[m[K [01;36m[Knote: [m[K                ‘[01m[Kstd::shared_ptr<const _Tp> std::enable_shared_from_this<_Tp>::shared_from_this() const [with _Tp = rclcpp::Node][m[K’
[4.567s]   811 |       [01;36m[Kshared_from_this[m[K() const
[4.567s]       |       [01;36m[K^~~~~~~~~~~~~~~~[m[K
[4.567s] [01m[K/usr/include/c++/11/bits/shared_ptr.h:807:7:[m[K [01;36m[Knote: [m[K                ‘[01m[Kstd::shared_ptr<_Tp> std::enable_shared_from_this<_Tp>::shared_from_this() [with _Tp = rclcpp::Node][m[K’
[4.567s]   807 |       [01;36m[Kshared_from_this[m[K()
[4.567s]       |       [01;36m[K^~~~~~~~~~~~~~~~[m[K
[4.567s] [01m[K/home/fra/master_ws_test/src/cobot_ik/src/pick_place.cpp:[m[K In member function ‘[01m[Kbool PickAndPlace::pick()[m[K’:
[4.567s] [01m[K/home/fra/master_ws_test/src/cobot_ik/src/pick_place.cpp:62:5:[m[K [01;35m[Kwarning: [m[Kno return statement in function returning non-void [[01;35m[K]8;;https://gcc.gnu.org/onlinedocs/gcc/Warning-Options.html#index-Wreturn-type-Wreturn-type]8;;[m[K]
[4.567s]    62 |     [01;35m[K}[m[K
[4.567s]       |     [01;35m[K^[m[K
[4.608s] In file included from [01m[K/opt/ros/humble/include/rclcpp/rclcpp/client.hpp:40[m[K,
[4.608s]                  from [01m[K/opt/ros/humble/include/rclcpp/rclcpp/callback_group.hpp:24[m[K,
[4.608s]                  from [01m[K/opt/ros/humble/include/rclcpp/rclcpp/any_executable.hpp:20[m[K,
[4.609s]                  from [01m[K/opt/ros/humble/include/rclcpp/rclcpp/memory_strategy.hpp:25[m[K,
[4.609s]                  from [01m[K/opt/ros/humble/include/rclcpp/rclcpp/memory_strategies.hpp:18[m[K,
[4.609s]                  from [01m[K/opt/ros/humble/include/rclcpp/rclcpp/executor_options.hpp:20[m[K,
[4.609s]                  from [01m[K/opt/ros/humble/include/rclcpp/rclcpp/executor.hpp:37[m[K,
[4.609s]                  from [01m[K/opt/ros/humble/include/rclcpp/rclcpp/executors/multi_threaded_executor.hpp:25[m[K,
[4.609s]                  from [01m[K/opt/ros/humble/include/rclcpp/rclcpp/executors.hpp:21[m[K,
[4.610s]                  from [01m[K/opt/ros/humble/include/rclcpp/rclcpp/rclcpp.hpp:155[m[K,
[4.610s]                  from [01m[K/home/fra/master_ws_test/src/cobot_ik/src/pick_place.cpp:1[m[K:
[4.610s] [01m[K/home/fra/master_ws_test/src/cobot_ik/src/pick_place.cpp:[m[K In member function ‘[01m[Kvoid PickAndPlace::addCollisionObject()[m[K’:
[4.610s] [01m[K/home/fra/master_ws_test/src/cobot_ik/src/pick_place.cpp:133:27:[m[K [01;31m[Kerror: [m[K‘[01m[Kclass PickAndPlace[m[K’ has no member named ‘[01m[Klogger[m[K’; did you mean ‘[01m[Kget_logger[m[K’?
[4.610s]   133 |         RCLCPP_INFO(this->[01;31m[Klogger[m[K, "Collision objects added to the planning scene.");
[4.610s]       |                           [01;31m[K^~~~~~[m[K
[4.610s] [01m[K/home/fra/master_ws_test/src/cobot_ik/src/pick_place.cpp:133:27:[m[K [01;31m[Kerror: [m[K‘[01m[Kclass PickAndPlace[m[K’ has no member named ‘[01m[Klogger[m[K’; did you mean ‘[01m[Kget_logger[m[K’?
[4.610s] [01m[K/home/fra/master_ws_test/src/cobot_ik/src/pick_place.cpp:133:9:[m[K [01;31m[Kerror: [m[Ktemplate argument 1 is invalid
[4.611s]   133 |         [01;31m[KRCLCPP_INFO[m[K(this->logger, "Collision objects added to the planning scene.");
[4.611s]       |         [01;31m[K^~~~~~~~~~~[m[K
[4.611s] [01m[K/home/fra/master_ws_test/src/cobot_ik/src/pick_place.cpp:133:9:[m[K [01;31m[Kerror: [m[Ktemplate argument 1 is invalid
[4.611s]   133 |         [01;31m[KRCLCPP_INFO[m[K(this->logger, "Collision objects added to the planning scene.");
[4.611s]       |         [01;31m[K^~~~~~~~~~~[m[K
[4.611s] [01m[K/home/fra/master_ws_test/src/cobot_ik/src/pick_place.cpp:133:9:[m[K [01;31m[Kerror: [m[Ktemplate argument 1 is invalid
[4.611s]   133 |         [01;31m[KRCLCPP_INFO[m[K(this->logger, "Collision objects added to the planning scene.");
[4.611s]       |         [01;31m[K^~~~~~~~~~~[m[K
[4.611s] In file included from [01m[K/opt/ros/humble/include/rclcpp/rclcpp/logging.hpp:24[m[K,
[4.612s]                  from [01m[K/opt/ros/humble/include/rclcpp/rclcpp/client.hpp:40[m[K,
[4.612s]                  from [01m[K/opt/ros/humble/include/rclcpp/rclcpp/callback_group.hpp:24[m[K,
[4.612s]                  from [01m[K/opt/ros/humble/include/rclcpp/rclcpp/any_executable.hpp:20[m[K,
[4.612s]                  from [01m[K/opt/ros/humble/include/rclcpp/rclcpp/memory_strategy.hpp:25[m[K,
[4.612s]                  from [01m[K/opt/ros/humble/include/rclcpp/rclcpp/memory_strategies.hpp:18[m[K,
[4.612s]                  from [01m[K/opt/ros/humble/include/rclcpp/rclcpp/executor_options.hpp:20[m[K,
[4.612s]                  from [01m[K/opt/ros/humble/include/rclcpp/rclcpp/executor.hpp:37[m[K,
[4.612s]                  from [01m[K/opt/ros/humble/include/rclcpp/rclcpp/executors/multi_threaded_executor.hpp:25[m[K,
[4.613s]                  from [01m[K/opt/ros/humble/include/rclcpp/rclcpp/executors.hpp:21[m[K,
[4.613s]                  from [01m[K/opt/ros/humble/include/rclcpp/rclcpp/rclcpp.hpp:155[m[K,
[4.613s]                  from [01m[K/home/fra/master_ws_test/src/cobot_ik/src/pick_place.cpp:1[m[K:
[4.613s] [01m[K/home/fra/master_ws_test/src/cobot_ik/src/pick_place.cpp:133:27:[m[K [01;31m[Kerror: [m[K‘[01m[Kclass PickAndPlace[m[K’ has no member named ‘[01m[Klogger[m[K’; did you mean ‘[01m[Kget_logger[m[K’?
[4.613s]   133 |         RCLCPP_INFO(this->[01;31m[Klogger[m[K, "Collision objects added to the planning scene.");
[4.613s]       |                           [01;31m[K^~~~~~[m[K
[4.613s] [01m[K/home/fra/master_ws_test/src/cobot_ik/src/pick_place.cpp:133:27:[m[K [01;31m[Kerror: [m[K‘[01m[Kclass PickAndPlace[m[K’ has no member named ‘[01m[Klogger[m[K’; did you mean ‘[01m[Kget_logger[m[K’?
[4.613s]   133 |         RCLCPP_INFO(this->[01;31m[Klogger[m[K, "Collision objects added to the planning scene.");
[4.613s]       |                           [01;31m[K^~~~~~[m[K
[6.890s] gmake[2]: *** [CMakeFiles/pick_place.dir/build.make:76: CMakeFiles/pick_place.dir/src/pick_place.cpp.o] Error 1
[6.890s] gmake[1]: *** [CMakeFiles/Makefile2:165: CMakeFiles/pick_place.dir/all] Error 2
[6.890s] gmake: *** [Makefile:146: all] Error 2
[6.892s] Invoked command in '/home/fra/master_ws_test/build/cobot_ik' returned '2': CMAKE_PREFIX_PATH=${CMAKE_PREFIX_PATH}:/opt/ros/humble /usr/bin/cmake --build /home/fra/master_ws_test/build/cobot_ik -- -j12 -l12
