[35m[1mConsolidate compiler generated dependencies of target pick_place[0m
[35m[1mConsolidate compiler generated dependencies of target test_ik[0m
[ 25%] [32mBuilding CXX object CMakeFiles/pick_place.dir/src/pick_place.cpp.o[0m
[ 75%] Built target test_ik
In file included from [01m[K/home/fra/master_ws_test/src/cobot_ik/src/pick_place.cpp:6[m[K:
[01m[K/opt/ros/humble/include/tf2_geometry_msgs/tf2_geometry_msgs/tf2_geometry_msgs.h:35:2:[m[K [01;35m[Kwarning: [m[K#warning This header is obsolete, please include tf2_geometry_msgs/tf2_geometry_msgs.hpp instead [[01;35m[K]8;;https://gcc.gnu.org/onlinedocs/gcc/Warning-Options.html#index-Wcpp-Wcpp]8;;[m[K]
   35 | #[01;35m[Kwarning[m[K This header is obsolete, please include tf2_geometry_msgs/tf2_geometry_msgs.hpp instead
      |  [01;35m[K^~~~~~~[m[K
[01m[K/home/fra/master_ws_test/src/cobot_ik/src/pick_place.cpp:[m[K In constructor ‘[01m[KPickAndPlace::PickAndPlace()[m[K’:
[01m[K/home/fra/master_ws_test/src/cobot_ik/src/pick_place.cpp:15:17:[m[K [01;31m[Kerror: [m[Kreference to ‘[01m[Kshared_from_this[m[K’ is ambiguous
   15 |           group([01;31m[Kshared_from_this[m[K(), "arm"),
      |                 [01;31m[K^~~~~~~~~~~~~~~~[m[K
In file included from [01m[K/usr/include/c++/11/memory:77[m[K,
                 from [01m[K/opt/ros/humble/include/rclcpp/rclcpp/rclcpp.hpp:153[m[K,
                 from [01m[K/home/fra/master_ws_test/src/cobot_ik/src/pick_place.cpp:1[m[K:
[01m[K/usr/include/c++/11/bits/shared_ptr.h:811:7:[m[K [01;36m[Knote: [m[Kcandidates are: ‘[01m[Kstd::shared_ptr<const _Tp> std::enable_shared_from_this<_Tp>::shared_from_this() const [with _Tp = PickAndPlace][m[K’
  811 |       [01;36m[Kshared_from_this[m[K() const
      |       [01;36m[K^~~~~~~~~~~~~~~~[m[K
[01m[K/usr/include/c++/11/bits/shared_ptr.h:807:7:[m[K [01;36m[Knote: [m[K                ‘[01m[Kstd::shared_ptr<_Tp> std::enable_shared_from_this<_Tp>::shared_from_this() [with _Tp = PickAndPlace][m[K’
  807 |       [01;36m[Kshared_from_this[m[K()
      |       [01;36m[K^~~~~~~~~~~~~~~~[m[K
[01m[K/usr/include/c++/11/bits/shared_ptr.h:811:7:[m[K [01;36m[Knote: [m[K                ‘[01m[Kstd::shared_ptr<const _Tp> std::enable_shared_from_this<_Tp>::shared_from_this() const [with _Tp = rclcpp::Node][m[K’
  811 |       [01;36m[Kshared_from_this[m[K() const
      |       [01;36m[K^~~~~~~~~~~~~~~~[m[K
[01m[K/usr/include/c++/11/bits/shared_ptr.h:807:7:[m[K [01;36m[Knote: [m[K                ‘[01m[Kstd::shared_ptr<_Tp> std::enable_shared_from_this<_Tp>::shared_from_this() [with _Tp = rclcpp::Node][m[K’
  807 |       [01;36m[Kshared_from_this[m[K()
      |       [01;36m[K^~~~~~~~~~~~~~~~[m[K
[01m[K/home/fra/master_ws_test/src/cobot_ik/src/pick_place.cpp:16:19:[m[K [01;31m[Kerror: [m[Kreference to ‘[01m[Kshared_from_this[m[K’ is ambiguous
   16 |           gripper([01;31m[Kshared_from_this[m[K(), "gripper")
      |                   [01;31m[K^~~~~~~~~~~~~~~~[m[K
In file included from [01m[K/usr/include/c++/11/memory:77[m[K,
                 from [01m[K/opt/ros/humble/include/rclcpp/rclcpp/rclcpp.hpp:153[m[K,
                 from [01m[K/home/fra/master_ws_test/src/cobot_ik/src/pick_place.cpp:1[m[K:
[01m[K/usr/include/c++/11/bits/shared_ptr.h:811:7:[m[K [01;36m[Knote: [m[Kcandidates are: ‘[01m[Kstd::shared_ptr<const _Tp> std::enable_shared_from_this<_Tp>::shared_from_this() const [with _Tp = PickAndPlace][m[K’
  811 |       [01;36m[Kshared_from_this[m[K() const
      |       [01;36m[K^~~~~~~~~~~~~~~~[m[K
[01m[K/usr/include/c++/11/bits/shared_ptr.h:807:7:[m[K [01;36m[Knote: [m[K                ‘[01m[Kstd::shared_ptr<_Tp> std::enable_shared_from_this<_Tp>::shared_from_this() [with _Tp = PickAndPlace][m[K’
  807 |       [01;36m[Kshared_from_this[m[K()
      |       [01;36m[K^~~~~~~~~~~~~~~~[m[K
[01m[K/usr/include/c++/11/bits/shared_ptr.h:811:7:[m[K [01;36m[Knote: [m[K                ‘[01m[Kstd::shared_ptr<const _Tp> std::enable_shared_from_this<_Tp>::shared_from_this() const [with _Tp = rclcpp::Node][m[K’
  811 |       [01;36m[Kshared_from_this[m[K() const
      |       [01;36m[K^~~~~~~~~~~~~~~~[m[K
[01m[K/usr/include/c++/11/bits/shared_ptr.h:807:7:[m[K [01;36m[Knote: [m[K                ‘[01m[Kstd::shared_ptr<_Tp> std::enable_shared_from_this<_Tp>::shared_from_this() [with _Tp = rclcpp::Node][m[K’
  807 |       [01;36m[Kshared_from_this[m[K()
      |       [01;36m[K^~~~~~~~~~~~~~~~[m[K
gmake[2]: *** [CMakeFiles/pick_place.dir/build.make:76: CMakeFiles/pick_place.dir/src/pick_place.cpp.o] Error 1
gmake[1]: *** [CMakeFiles/Makefile2:165: CMakeFiles/pick_place.dir/all] Error 2
gmake: *** [Makefile:146: all] Error 2
