[0.012s] Invoking command in '/home/fra/master_ws_test/build/cobot_ik': CMAKE_PREFIX_PATH=/home/fra/master_ws_test/install/ros2_linkattacher:/home/fra/master_ws_test/install/linkattacher_msgs:/home/fra/master_ws_test/install/six_arm_moveit_config:/home/fra/master_ws_test/install/cobot_moveit_config:/home/fra/master_ws_test/install/cobot_camera_moveit_config:/home/fra/master_ws_test/install/arm_moveit_config:/home/fra/master_ws_test/install/six_arm:/home/fra/master_ws_test/install/cobot_ik:/home/fra/master_ws_test/install/realsense2_description:/home/fra/master_ws_test/install/realsense2_camera:/home/fra/master_ws_test/install/realsense2_camera_msgs:/home/fra/master_ws_test/install/ind_environment:/home/fra/ros2_master_ws/install/ros2_linkattacher:/home/fra/ros2_master_ws/install/linkattacher_msgs:/home/fra/ros2_master_ws/install/ind_environment:/home/fra/ros2_master_ws/install/custom_robot_moveit_config:/home/fra/ros2_master_ws/install/custom_robot_ik:/home/fra/ros2_master_ws/install/cobot_gazebo:/home/fra/ros2_master_ws/install/cobot_description:/opt/ros/humble LD_LIBRARY_PATH=/home/fra/master_ws_test/install/ros2_linkattacher/lib:/home/fra/master_ws_test/install/linkattacher_msgs/lib:/home/fra/master_ws_test/install/realsense2_camera/lib:/home/fra/master_ws_test/install/realsense2_camera_msgs/lib:/home/fra/ros2_master_ws/install/ros2_linkattacher/lib:/home/fra/ros2_master_ws/install/linkattacher_msgs/lib:/usr/lib/x86_64-linux-gnu/gazebo-11/plugins:/opt/ros/humble/opt/rviz_ogre_vendor/lib:/opt/ros/humble/lib/x86_64-linux-gnu:/opt/ros/humble/lib /usr/bin/cmake --build /home/fra/master_ws_test/build/cobot_ik -- -j12 -l12
[0.060s] [35m[1mConsolidate compiler generated dependencies of target test_ik[0m
[0.067s] [ 12%] Built target attach
[0.079s] [ 25%] Built target pick_place
[0.084s] [ 37%] Built target pick_place_link_attacher
[0.085s] [ 68%] Built target pick_place_fake_gripping
[0.085s] [ 68%] Built target test_pick_care
[0.085s] [ 75%] Built target test_pick_care_waypoints
[0.086s] [ 81%] [32mBuilding CXX object CMakeFiles/test_ik.dir/src/test_ik.cpp.o[0m
[0.087s] [ 93%] Built target process_points_stream
[7.293s] [100%] [32m[1mLinking CXX executable test_ik[0m
[7.852s] [100%] Built target test_ik
[7.866s] Invoked command in '/home/fra/master_ws_test/build/cobot_ik' returned '0': CMAKE_PREFIX_PATH=/home/fra/master_ws_test/install/ros2_linkattacher:/home/fra/master_ws_test/install/linkattacher_msgs:/home/fra/master_ws_test/install/six_arm_moveit_config:/home/fra/master_ws_test/install/cobot_moveit_config:/home/fra/master_ws_test/install/cobot_camera_moveit_config:/home/fra/master_ws_test/install/arm_moveit_config:/home/fra/master_ws_test/install/six_arm:/home/fra/master_ws_test/install/cobot_ik:/home/fra/master_ws_test/install/realsense2_description:/home/fra/master_ws_test/install/realsense2_camera:/home/fra/master_ws_test/install/realsense2_camera_msgs:/home/fra/master_ws_test/install/ind_environment:/home/fra/ros2_master_ws/install/ros2_linkattacher:/home/fra/ros2_master_ws/install/linkattacher_msgs:/home/fra/ros2_master_ws/install/ind_environment:/home/fra/ros2_master_ws/install/custom_robot_moveit_config:/home/fra/ros2_master_ws/install/custom_robot_ik:/home/fra/ros2_master_ws/install/cobot_gazebo:/home/fra/ros2_master_ws/install/cobot_description:/opt/ros/humble LD_LIBRARY_PATH=/home/fra/master_ws_test/install/ros2_linkattacher/lib:/home/fra/master_ws_test/install/linkattacher_msgs/lib:/home/fra/master_ws_test/install/realsense2_camera/lib:/home/fra/master_ws_test/install/realsense2_camera_msgs/lib:/home/fra/ros2_master_ws/install/ros2_linkattacher/lib:/home/fra/ros2_master_ws/install/linkattacher_msgs/lib:/usr/lib/x86_64-linux-gnu/gazebo-11/plugins:/opt/ros/humble/opt/rviz_ogre_vendor/lib:/opt/ros/humble/lib/x86_64-linux-gnu:/opt/ros/humble/lib /usr/bin/cmake --build /home/fra/master_ws_test/build/cobot_ik -- -j12 -l12
[7.867s] Invoking command in '/home/fra/master_ws_test/build/cobot_ik': CMAKE_PREFIX_PATH=/home/fra/master_ws_test/install/ros2_linkattacher:/home/fra/master_ws_test/install/linkattacher_msgs:/home/fra/master_ws_test/install/six_arm_moveit_config:/home/fra/master_ws_test/install/cobot_moveit_config:/home/fra/master_ws_test/install/cobot_camera_moveit_config:/home/fra/master_ws_test/install/arm_moveit_config:/home/fra/master_ws_test/install/six_arm:/home/fra/master_ws_test/install/cobot_ik:/home/fra/master_ws_test/install/realsense2_description:/home/fra/master_ws_test/install/realsense2_camera:/home/fra/master_ws_test/install/realsense2_camera_msgs:/home/fra/master_ws_test/install/ind_environment:/home/fra/ros2_master_ws/install/ros2_linkattacher:/home/fra/ros2_master_ws/install/linkattacher_msgs:/home/fra/ros2_master_ws/install/ind_environment:/home/fra/ros2_master_ws/install/custom_robot_moveit_config:/home/fra/ros2_master_ws/install/custom_robot_ik:/home/fra/ros2_master_ws/install/cobot_gazebo:/home/fra/ros2_master_ws/install/cobot_description:/opt/ros/humble LD_LIBRARY_PATH=/home/fra/master_ws_test/install/ros2_linkattacher/lib:/home/fra/master_ws_test/install/linkattacher_msgs/lib:/home/fra/master_ws_test/install/realsense2_camera/lib:/home/fra/master_ws_test/install/realsense2_camera_msgs/lib:/home/fra/ros2_master_ws/install/ros2_linkattacher/lib:/home/fra/ros2_master_ws/install/linkattacher_msgs/lib:/usr/lib/x86_64-linux-gnu/gazebo-11/plugins:/opt/ros/humble/opt/rviz_ogre_vendor/lib:/opt/ros/humble/lib/x86_64-linux-gnu:/opt/ros/humble/lib /usr/bin/cmake --install /home/fra/master_ws_test/build/cobot_ik
[7.874s] -- Install configuration: ""
[7.874s] -- Installing: /home/fra/master_ws_test/install/cobot_ik/lib/cobot_ik/test_ik
[7.875s] -- Set runtime path of "/home/fra/master_ws_test/install/cobot_ik/lib/cobot_ik/test_ik" to ""
[7.875s] -- Up-to-date: /home/fra/master_ws_test/install/cobot_ik/lib/cobot_ik/pick_place
[7.876s] -- Up-to-date: /home/fra/master_ws_test/install/cobot_ik/lib/cobot_ik/pick_place_fake_gripping
[7.876s] -- Up-to-date: /home/fra/master_ws_test/install/cobot_ik/lib/cobot_ik/pick_place_link_attacher
[7.876s] -- Up-to-date: /home/fra/master_ws_test/install/cobot_ik/lib/cobot_ik/attach
[7.876s] -- Up-to-date: /home/fra/master_ws_test/install/cobot_ik/lib/cobot_ik/process_points_stream
[7.876s] -- Up-to-date: /home/fra/master_ws_test/install/cobot_ik/lib/cobot_ik/test_pick_care_waypoints
[7.877s] -- Up-to-date: /home/fra/master_ws_test/install/cobot_ik/lib/cobot_ik/test_pick_care
[7.877s] -- Up-to-date: /home/fra/master_ws_test/install/cobot_ik/share/ament_index/resource_index/package_run_dependencies/cobot_ik
[7.877s] -- Up-to-date: /home/fra/master_ws_test/install/cobot_ik/share/ament_index/resource_index/parent_prefix_path/cobot_ik
[7.877s] -- Up-to-date: /home/fra/master_ws_test/install/cobot_ik/share/cobot_ik/environment/ament_prefix_path.sh
[7.877s] -- Up-to-date: /home/fra/master_ws_test/install/cobot_ik/share/cobot_ik/environment/ament_prefix_path.dsv
[7.877s] -- Up-to-date: /home/fra/master_ws_test/install/cobot_ik/share/cobot_ik/environment/path.sh
[7.877s] -- Up-to-date: /home/fra/master_ws_test/install/cobot_ik/share/cobot_ik/environment/path.dsv
[7.877s] -- Up-to-date: /home/fra/master_ws_test/install/cobot_ik/share/cobot_ik/local_setup.bash
[7.877s] -- Up-to-date: /home/fra/master_ws_test/install/cobot_ik/share/cobot_ik/local_setup.sh
[7.877s] -- Up-to-date: /home/fra/master_ws_test/install/cobot_ik/share/cobot_ik/local_setup.zsh
[7.877s] -- Up-to-date: /home/fra/master_ws_test/install/cobot_ik/share/cobot_ik/local_setup.dsv
[7.877s] -- Installing: /home/fra/master_ws_test/install/cobot_ik/share/cobot_ik/package.dsv
[7.877s] -- Up-to-date: /home/fra/master_ws_test/install/cobot_ik/share/ament_index/resource_index/packages/cobot_ik
[7.877s] -- Up-to-date: /home/fra/master_ws_test/install/cobot_ik/share/cobot_ik/cmake/cobot_ikConfig.cmake
[7.878s] -- Up-to-date: /home/fra/master_ws_test/install/cobot_ik/share/cobot_ik/cmake/cobot_ikConfig-version.cmake
[7.878s] -- Up-to-date: /home/fra/master_ws_test/install/cobot_ik/share/cobot_ik/package.xml
[7.879s] Invoked command in '/home/fra/master_ws_test/build/cobot_ik' returned '0': CMAKE_PREFIX_PATH=/home/fra/master_ws_test/install/ros2_linkattacher:/home/fra/master_ws_test/install/linkattacher_msgs:/home/fra/master_ws_test/install/six_arm_moveit_config:/home/fra/master_ws_test/install/cobot_moveit_config:/home/fra/master_ws_test/install/cobot_camera_moveit_config:/home/fra/master_ws_test/install/arm_moveit_config:/home/fra/master_ws_test/install/six_arm:/home/fra/master_ws_test/install/cobot_ik:/home/fra/master_ws_test/install/realsense2_description:/home/fra/master_ws_test/install/realsense2_camera:/home/fra/master_ws_test/install/realsense2_camera_msgs:/home/fra/master_ws_test/install/ind_environment:/home/fra/ros2_master_ws/install/ros2_linkattacher:/home/fra/ros2_master_ws/install/linkattacher_msgs:/home/fra/ros2_master_ws/install/ind_environment:/home/fra/ros2_master_ws/install/custom_robot_moveit_config:/home/fra/ros2_master_ws/install/custom_robot_ik:/home/fra/ros2_master_ws/install/cobot_gazebo:/home/fra/ros2_master_ws/install/cobot_description:/opt/ros/humble LD_LIBRARY_PATH=/home/fra/master_ws_test/install/ros2_linkattacher/lib:/home/fra/master_ws_test/install/linkattacher_msgs/lib:/home/fra/master_ws_test/install/realsense2_camera/lib:/home/fra/master_ws_test/install/realsense2_camera_msgs/lib:/home/fra/ros2_master_ws/install/ros2_linkattacher/lib:/home/fra/ros2_master_ws/install/linkattacher_msgs/lib:/usr/lib/x86_64-linux-gnu/gazebo-11/plugins:/opt/ros/humble/opt/rviz_ogre_vendor/lib:/opt/ros/humble/lib/x86_64-linux-gnu:/opt/ros/humble/lib /usr/bin/cmake --install /home/fra/master_ws_test/build/cobot_ik
