[01m[K/home/fra/master_ws_test/src/cobot_ik/src/pick_place_fake_gripping.cpp:[m[K In constructor ‘[01m[KPickAndPlace::PickAndPlace(rclcpp::Node::SharedPtr)[m[K’:
[01m[K/home/fra/master_ws_test/src/cobot_ik/src/pick_place_fake_gripping.cpp:31:39:[m[K [01;31m[Kerror: [m[K‘[01m[Kclass PickAndPlace[m[K’ has no member named ‘[01m[Kcreate_client[m[K’
   31 |         set_link_state_client = this->[01;31m[Kcreate_client[m[K<gazebo_msgs::srv::SetLinkState>("/gazebo/set_link_state");
      |                                       [01;31m[K^~~~~~~~~~~~~[m[K
[01m[K/home/fra/master_ws_test/src/cobot_ik/src/pick_place_fake_gripping.cpp:31:83:[m[K [01;31m[Kerror: [m[Kexpected primary-expression before ‘[01m[K>[m[K’ token
   31 |         set_link_state_client = this->create_client<gazebo_msgs::srv::SetLinkState[01;31m[K>[m[K("/gazebo/set_link_state");
      |                                                                                   [01;31m[K^[m[K
[01m[K/home/fra/master_ws_test/src/cobot_ik/src/pick_place_fake_gripping.cpp:32:39:[m[K [01;31m[Kerror: [m[K‘[01m[Kclass PickAndPlace[m[K’ has no member named ‘[01m[Kcreate_client[m[K’
   32 |         get_link_state_client = this->[01;31m[Kcreate_client[m[K<gazebo_msgs::srv::GetLinkState>("/gazebo/get_link_state");
      |                                       [01;31m[K^~~~~~~~~~~~~[m[K
[01m[K/home/fra/master_ws_test/src/cobot_ik/src/pick_place_fake_gripping.cpp:32:83:[m[K [01;31m[Kerror: [m[Kexpected primary-expression before ‘[01m[K>[m[K’ token
   32 |         get_link_state_client = this->create_client<gazebo_msgs::srv::GetLinkState[01;31m[K>[m[K("/gazebo/get_link_state");
      |                                                                                   [01;31m[K^[m[K
[01m[K/home/fra/master_ws_test/src/cobot_ik/src/pick_place_fake_gripping.cpp:34:24:[m[K [01;31m[Kerror: [m[K‘[01m[Kclass PickAndPlace[m[K’ has no member named ‘[01m[Kcreate_wall_timer[m[K’
   34 |         timer_ = this->[01;31m[Kcreate_wall_timer[m[K(std::chrono::milliseconds(10),
      |                        [01;31m[K^~~~~~~~~~~~~~~~~[m[K
In file included from [01m[K/opt/ros/humble/include/rclcpp/rclcpp/client.hpp:40[m[K,
                 from [01m[K/opt/ros/humble/include/rclcpp/rclcpp/callback_group.hpp:24[m[K,
                 from [01m[K/opt/ros/humble/include/rclcpp/rclcpp/any_executable.hpp:20[m[K,
                 from [01m[K/opt/ros/humble/include/rclcpp/rclcpp/memory_strategy.hpp:25[m[K,
                 from [01m[K/opt/ros/humble/include/rclcpp/rclcpp/memory_strategies.hpp:18[m[K,
                 from [01m[K/opt/ros/humble/include/rclcpp/rclcpp/executor_options.hpp:20[m[K,
                 from [01m[K/opt/ros/humble/include/rclcpp/rclcpp/executor.hpp:37[m[K,
                 from [01m[K/opt/ros/humble/include/rclcpp/rclcpp/executors/multi_threaded_executor.hpp:25[m[K,
                 from [01m[K/opt/ros/humble/include/rclcpp/rclcpp/executors.hpp:21[m[K,
                 from [01m[K/opt/ros/humble/include/rclcpp/rclcpp/rclcpp.hpp:155[m[K,
                 from [01m[K/home/fra/master_ws_test/src/cobot_ik/src/pick_place_fake_gripping.cpp:2[m[K:
[01m[K/home/fra/master_ws_test/src/cobot_ik/src/pick_place_fake_gripping.cpp:[m[K In member function ‘[01m[Kvoid PickAndPlace::attachObject(const string&, const string&)[m[K’:
[01m[K/home/fra/master_ws_test/src/cobot_ik/src/pick_place_fake_gripping.cpp:57:32:[m[K [01;31m[Kerror: [m[K‘[01m[Kclass PickAndPlace[m[K’ has no member named ‘[01m[Kget_logger[m[K’; did you mean ‘[01m[Klogger[m[K’?
   57 |             RCLCPP_ERROR(this->[01;31m[Kget_logger[m[K(), "Failed to get relative pose of object");
      |                                [01;31m[K^~~~~~~~~~[m[K
[01m[K/home/fra/master_ws_test/src/cobot_ik/src/pick_place_fake_gripping.cpp:57:32:[m[K [01;31m[Kerror: [m[K‘[01m[Kclass PickAndPlace[m[K’ has no member named ‘[01m[Kget_logger[m[K’; did you mean ‘[01m[Klogger[m[K’?
[01m[K/home/fra/master_ws_test/src/cobot_ik/src/pick_place_fake_gripping.cpp:57:13:[m[K [01;31m[Kerror: [m[Ktemplate argument 1 is invalid
   57 |             [01;31m[KRCLCPP_ERROR[m[K(this->get_logger(), "Failed to get relative pose of object");
      |             [01;31m[K^~~~~~~~~~~~[m[K
[01m[K/home/fra/master_ws_test/src/cobot_ik/src/pick_place_fake_gripping.cpp:57:13:[m[K [01;31m[Kerror: [m[Ktemplate argument 1 is invalid
   57 |             [01;31m[KRCLCPP_ERROR[m[K(this->get_logger(), "Failed to get relative pose of object");
      |             [01;31m[K^~~~~~~~~~~~[m[K
[01m[K/home/fra/master_ws_test/src/cobot_ik/src/pick_place_fake_gripping.cpp:57:13:[m[K [01;31m[Kerror: [m[Ktemplate argument 1 is invalid
   57 |             [01;31m[KRCLCPP_ERROR[m[K(this->get_logger(), "Failed to get relative pose of object");
      |             [01;31m[K^~~~~~~~~~~~[m[K
In file included from [01m[K/opt/ros/humble/include/rclcpp/rclcpp/logging.hpp:24[m[K,
                 from [01m[K/opt/ros/humble/include/rclcpp/rclcpp/client.hpp:40[m[K,
                 from [01m[K/opt/ros/humble/include/rclcpp/rclcpp/callback_group.hpp:24[m[K,
                 from [01m[K/opt/ros/humble/include/rclcpp/rclcpp/any_executable.hpp:20[m[K,
                 from [01m[K/opt/ros/humble/include/rclcpp/rclcpp/memory_strategy.hpp:25[m[K,
                 from [01m[K/opt/ros/humble/include/rclcpp/rclcpp/memory_strategies.hpp:18[m[K,
                 from [01m[K/opt/ros/humble/include/rclcpp/rclcpp/executor_options.hpp:20[m[K,
                 from [01m[K/opt/ros/humble/include/rclcpp/rclcpp/executor.hpp:37[m[K,
                 from [01m[K/opt/ros/humble/include/rclcpp/rclcpp/executors/multi_threaded_executor.hpp:25[m[K,
                 from [01m[K/opt/ros/humble/include/rclcpp/rclcpp/executors.hpp:21[m[K,
                 from [01m[K/opt/ros/humble/include/rclcpp/rclcpp/rclcpp.hpp:155[m[K,
                 from [01m[K/home/fra/master_ws_test/src/cobot_ik/src/pick_place_fake_gripping.cpp:2[m[K:
[01m[K/home/fra/master_ws_test/src/cobot_ik/src/pick_place_fake_gripping.cpp:57:32:[m[K [01;31m[Kerror: [m[K‘[01m[Kclass PickAndPlace[m[K’ has no member named ‘[01m[Kget_logger[m[K’; did you mean ‘[01m[Klogger[m[K’?
   57 |             RCLCPP_ERROR(this->[01;31m[Kget_logger[m[K(), "Failed to get relative pose of object");
      |                                [01;31m[K^~~~~~~~~~[m[K
[01m[K/home/fra/master_ws_test/src/cobot_ik/src/pick_place_fake_gripping.cpp:57:32:[m[K [01;31m[Kerror: [m[K‘[01m[Kclass PickAndPlace[m[K’ has no member named ‘[01m[Kget_logger[m[K’; did you mean ‘[01m[Klogger[m[K’?
   57 |             RCLCPP_ERROR(this->[01;31m[Kget_logger[m[K(), "Failed to get relative pose of object");
      |                                [01;31m[K^~~~~~~~~~[m[K
gmake[2]: *** [CMakeFiles/pick_place_fake_gripping.dir/build.make:76: CMakeFiles/pick_place_fake_gripping.dir/src/pick_place_fake_gripping.cpp.o] Error 1
gmake[1]: *** [CMakeFiles/Makefile2:193: CMakeFiles/pick_place_fake_gripping.dir/all] Error 2
gmake: *** [Makefile:146: all] Error 2
