[0.012s] Invoking command in '/home/fra/master_ws_test/build/realsense2_camera': CMAKE_PREFIX_PATH=/home/fra/master_ws_test/install/realsense2_camera_msgs:/home/fra/master_ws_test/install/six_arm:/home/fra/master_ws_test/install/realsense2_description:/home/fra/master_ws_test/install/realsense2_camera:/home/fra/master_ws_test/install/ind_environment:/home/fra/ros2_ws/install/app_bringup:/home/fra/ros2_ws/install/cpp_pkg:/home/fra/ros2_ws/install/custom_interface:/home/fra/ros2_ws/install/python_pkg:/opt/ros/humble LD_LIBRARY_PATH=/home/fra/master_ws_test/install/realsense2_camera_msgs/lib:/home/fra/master_ws_test/install/realsense2_camera/lib:/home/fra/ros2_ws/install/custom_interface/lib:/usr/lib/x86_64-linux-gnu/gazebo-11/plugins:/opt/ros/humble/opt/rviz_ogre_vendor/lib:/opt/ros/humble/lib/x86_64-linux-gnu:/opt/ros/humble/lib /usr/bin/cmake /home/fra/master_ws_test/src/realsense-ros/realsense2_camera -DCMAKE_INSTALL_PREFIX=/home/fra/master_ws_test/install/realsense2_camera
[0.069s] -- The C compiler identification is GNU 11.4.0
[0.127s] -- The CXX compiler identification is GNU 11.4.0
[0.134s] -- Detecting C compiler ABI info
[0.200s] -- Detecting C compiler ABI info - done
[0.208s] -- Check for working C compiler: /usr/bin/cc - skipped
[0.209s] -- Detecting C compile features
[0.209s] -- Detecting C compile features - done
[0.213s] -- Detecting CXX compiler ABI info
[0.292s] -- Detecting CXX compiler ABI info - done
[0.301s] -- Check for working CXX compiler: /usr/bin/c++ - skipped
[0.301s] -- Detecting CXX compile features
[0.302s] -- Detecting CXX compile features - done
[0.302s] -- Create Release Build.
[0.304s] -- Found ament_cmake: 1.3.11 (/opt/ros/humble/share/ament_cmake/cmake)
[0.701s] -- Found Python3: /usr/bin/python3 (found version "3.10.12") found components: Interpreter 
[0.794s] -- Found builtin_interfaces: 1.2.1 (/opt/ros/humble/share/builtin_interfaces/cmake)
[0.828s] -- Found rosidl_generator_c: 3.1.6 (/opt/ros/humble/share/rosidl_generator_c/cmake)
[0.833s] -- Found rosidl_adapter: 3.1.6 (/opt/ros/humble/share/rosidl_adapter/cmake)
[0.842s] -- Found rosidl_generator_cpp: 3.1.6 (/opt/ros/humble/share/rosidl_generator_cpp/cmake)
[0.856s] -- Using all available rosidl_typesupport_c: rosidl_typesupport_fastrtps_c;rosidl_typesupport_introspection_c
[0.874s] -- Using all available rosidl_typesupport_cpp: rosidl_typesupport_fastrtps_cpp;rosidl_typesupport_introspection_cpp
[0.890s] -- Found cv_bridge: 3.2.1 (/opt/ros/humble/share/cv_bridge/cmake)
[0.957s] -- Found image_transport: 3.1.10 (/opt/ros/humble/share/image_transport/cmake)
[1.008s] -- Found rmw_implementation_cmake: 6.1.2 (/opt/ros/humble/share/rmw_implementation_cmake/cmake)
[1.011s] -- Found rmw_fastrtps_cpp: 6.2.7 (/opt/ros/humble/share/rmw_fastrtps_cpp/cmake)
[1.096s] -- Found OpenSSL: /usr/lib/x86_64-linux-gnu/libcrypto.so (found version "3.0.2")  
[1.122s] -- Found FastRTPS: /opt/ros/humble/include  
[1.160s] -- Using RMW implementation 'rmw_fastrtps_cpp' as default
[1.170s] -- Looking for pthread.h
[1.234s] -- Looking for pthread.h - found
[1.234s] -- Performing Test CMAKE_HAVE_LIBC_PTHREAD
[1.314s] -- Performing Test CMAKE_HAVE_LIBC_PTHREAD - Success
[1.315s] -- Found Threads: TRUE  
[1.387s] -- Found rclcpp_components: 16.0.11 (/opt/ros/humble/share/rclcpp_components/cmake)
[1.405s] -- Found realsense2_camera_msgs: 4.55.1 (/home/fra/master_ws_test/install/realsense2_camera_msgs/share/realsense2_camera_msgs/cmake)
[1.424s] -- Found nav_msgs: 4.2.4 (/opt/ros/humble/share/nav_msgs/cmake)
[1.442s] -- Found tf2_ros: 0.25.11 (/opt/ros/humble/share/tf2_ros/cmake)
[1.514s] -- Found diagnostic_updater: 4.0.0 (/opt/ros/humble/share/diagnostic_updater/cmake)
[1.534s] -- Found OpenCV: /usr (found version "4.5.4") found components: core 
[1.536s] -- Build for ROS2 Humble
[1.543s] -- Found ament_cmake_gtest: 1.3.11 (/opt/ros/humble/share/ament_cmake_gtest/cmake)
[1.546s] -- Found gtest sources under '/opt/ros/humble/src/gtest_vendor': C++ tests using 'Google Test' will be built
[1.552s] -- Found ament_cmake_pytest: 1.3.11 (/opt/ros/humble/share/ament_cmake_pytest/cmake)
[4.760s] -- rs_device_info:
[4.760s] -- No device detected. Is it plugged in?
[4.760s] 
[4.860s] -- Configuring done
[4.891s] -- Generating done
[4.900s] -- Build files have been written to: /home/fra/master_ws_test/build/realsense2_camera
[4.912s] Invoked command in '/home/fra/master_ws_test/build/realsense2_camera' returned '0': CMAKE_PREFIX_PATH=/home/fra/master_ws_test/install/realsense2_camera_msgs:/home/fra/master_ws_test/install/six_arm:/home/fra/master_ws_test/install/realsense2_description:/home/fra/master_ws_test/install/realsense2_camera:/home/fra/master_ws_test/install/ind_environment:/home/fra/ros2_ws/install/app_bringup:/home/fra/ros2_ws/install/cpp_pkg:/home/fra/ros2_ws/install/custom_interface:/home/fra/ros2_ws/install/python_pkg:/opt/ros/humble LD_LIBRARY_PATH=/home/fra/master_ws_test/install/realsense2_camera_msgs/lib:/home/fra/master_ws_test/install/realsense2_camera/lib:/home/fra/ros2_ws/install/custom_interface/lib:/usr/lib/x86_64-linux-gnu/gazebo-11/plugins:/opt/ros/humble/opt/rviz_ogre_vendor/lib:/opt/ros/humble/lib/x86_64-linux-gnu:/opt/ros/humble/lib /usr/bin/cmake /home/fra/master_ws_test/src/realsense-ros/realsense2_camera -DCMAKE_INSTALL_PREFIX=/home/fra/master_ws_test/install/realsense2_camera
[4.913s] Invoking command in '/home/fra/master_ws_test/build/realsense2_camera': CMAKE_PREFIX_PATH=/home/fra/master_ws_test/install/realsense2_camera_msgs:/home/fra/master_ws_test/install/six_arm:/home/fra/master_ws_test/install/realsense2_description:/home/fra/master_ws_test/install/realsense2_camera:/home/fra/master_ws_test/install/ind_environment:/home/fra/ros2_ws/install/app_bringup:/home/fra/ros2_ws/install/cpp_pkg:/home/fra/ros2_ws/install/custom_interface:/home/fra/ros2_ws/install/python_pkg:/opt/ros/humble LD_LIBRARY_PATH=/home/fra/master_ws_test/install/realsense2_camera_msgs/lib:/home/fra/master_ws_test/install/realsense2_camera/lib:/home/fra/ros2_ws/install/custom_interface/lib:/usr/lib/x86_64-linux-gnu/gazebo-11/plugins:/opt/ros/humble/opt/rviz_ogre_vendor/lib:/opt/ros/humble/lib/x86_64-linux-gnu:/opt/ros/humble/lib /usr/bin/cmake --build /home/fra/master_ws_test/build/realsense2_camera -- -j12 -l12
[4.965s] [  4%] [32mBuilding CXX object gtest/CMakeFiles/gtest_main.dir/src/gtest_main.cc.o[0m
[4.965s] [  9%] [32mBuilding CXX object CMakeFiles/realsense2_camera_node.dir/rclcpp_components/node_main_realsense2_camera_node.cpp.o[0m
[4.966s] [ 18%] [32mBuilding CXX object gtest/CMakeFiles/gtest.dir/src/gtest-all.cc.o[0m
[4.966s] [ 18%] [32mBuilding CXX object CMakeFiles/realsense2_camera.dir/src/realsense_node_factory.cpp.o[0m
[4.966s] [ 22%] [32mBuilding CXX object CMakeFiles/realsense2_camera.dir/src/base_realsense_node.cpp.o[0m
[4.966s] [ 27%] [32mBuilding CXX object CMakeFiles/realsense2_camera.dir/src/rs_node_setup.cpp.o[0m
[4.966s] [ 31%] [32mBuilding CXX object CMakeFiles/realsense2_camera.dir/src/parameters.cpp.o[0m
[4.966s] [ 36%] [32mBuilding CXX object CMakeFiles/realsense2_camera.dir/src/ros_sensor.cpp.o[0m
[4.966s] [ 40%] [32mBuilding CXX object CMakeFiles/realsense2_camera.dir/src/ros_utils.cpp.o[0m
[4.967s] [ 50%] [32mBuilding CXX object CMakeFiles/realsense2_camera.dir/src/sensor_params.cpp.o[0m
[4.967s] [ 50%] [32mBuilding CXX object CMakeFiles/realsense2_camera.dir/src/dynamic_params.cpp.o[0m
[4.968s] [ 54%] [32mBuilding CXX object CMakeFiles/realsense2_camera.dir/src/named_filter.cpp.o[0m
[6.241s] [ 59%] [32m[1mLinking CXX static library libgtest_main.a[0m
[6.302s] [ 59%] Built target gtest_main
[6.314s] [ 63%] [32mBuilding CXX object CMakeFiles/realsense2_camera.dir/src/profile_manager.cpp.o[0m
[11.939s] [ 68%] [32mBuilding CXX object CMakeFiles/realsense2_camera.dir/src/image_publisher.cpp.o[0m
[12.036s] [ 72%] [32m[1mLinking CXX executable realsense2_camera_node[0m
[12.242s] [ 72%] Built target realsense2_camera_node
[12.258s] [ 77%] [32mBuilding CXX object CMakeFiles/realsense2_camera.dir/src/tfs.cpp.o[0m
[15.387s] [ 81%] [32mBuilding CXX object CMakeFiles/realsense2_camera.dir/src/ros_param_backend.cpp.o[0m
[19.680s] [ 86%] [32m[1mLinking CXX static library libgtest.a[0m
[19.741s] [ 86%] Built target gtest
[19.775s] [ 90%] [32mBuilding CXX object CMakeFiles/gtest_template.dir/test/gtest_template.cpp.o[0m
[21.024s] [ 95%] [32m[1mLinking CXX executable gtest_template[0m
[21.137s] [ 95%] Built target gtest_template
[27.232s] [100%] [32m[1mLinking CXX shared library librealsense2_camera.so[0m
[27.560s] [100%] Built target realsense2_camera
[27.574s] Invoked command in '/home/fra/master_ws_test/build/realsense2_camera' returned '0': CMAKE_PREFIX_PATH=/home/fra/master_ws_test/install/realsense2_camera_msgs:/home/fra/master_ws_test/install/six_arm:/home/fra/master_ws_test/install/realsense2_description:/home/fra/master_ws_test/install/realsense2_camera:/home/fra/master_ws_test/install/ind_environment:/home/fra/ros2_ws/install/app_bringup:/home/fra/ros2_ws/install/cpp_pkg:/home/fra/ros2_ws/install/custom_interface:/home/fra/ros2_ws/install/python_pkg:/opt/ros/humble LD_LIBRARY_PATH=/home/fra/master_ws_test/install/realsense2_camera_msgs/lib:/home/fra/master_ws_test/install/realsense2_camera/lib:/home/fra/ros2_ws/install/custom_interface/lib:/usr/lib/x86_64-linux-gnu/gazebo-11/plugins:/opt/ros/humble/opt/rviz_ogre_vendor/lib:/opt/ros/humble/lib/x86_64-linux-gnu:/opt/ros/humble/lib /usr/bin/cmake --build /home/fra/master_ws_test/build/realsense2_camera -- -j12 -l12
[27.575s] Invoking command in '/home/fra/master_ws_test/build/realsense2_camera': CMAKE_PREFIX_PATH=/home/fra/master_ws_test/install/realsense2_camera_msgs:/home/fra/master_ws_test/install/six_arm:/home/fra/master_ws_test/install/realsense2_description:/home/fra/master_ws_test/install/realsense2_camera:/home/fra/master_ws_test/install/ind_environment:/home/fra/ros2_ws/install/app_bringup:/home/fra/ros2_ws/install/cpp_pkg:/home/fra/ros2_ws/install/custom_interface:/home/fra/ros2_ws/install/python_pkg:/opt/ros/humble LD_LIBRARY_PATH=/home/fra/master_ws_test/install/realsense2_camera_msgs/lib:/home/fra/master_ws_test/install/realsense2_camera/lib:/home/fra/ros2_ws/install/custom_interface/lib:/usr/lib/x86_64-linux-gnu/gazebo-11/plugins:/opt/ros/humble/opt/rviz_ogre_vendor/lib:/opt/ros/humble/lib/x86_64-linux-gnu:/opt/ros/humble/lib /usr/bin/cmake --install /home/fra/master_ws_test/build/realsense2_camera
[27.580s] -- Install configuration: "Release"
[27.581s] -- Installing: /home/fra/master_ws_test/install/realsense2_camera/lib/realsense2_camera/realsense2_camera_node
[27.581s] -- Set runtime path of "/home/fra/master_ws_test/install/realsense2_camera/lib/realsense2_camera/realsense2_camera_node" to ""
[27.581s] -- Installing: /home/fra/master_ws_test/install/realsense2_camera/lib/librealsense2_camera.so
[27.583s] -- Set runtime path of "/home/fra/master_ws_test/install/realsense2_camera/lib/librealsense2_camera.so" to ""
[27.583s] -- Installing: /home/fra/master_ws_test/install/realsense2_camera/include
[27.583s] -- Installing: /home/fra/master_ws_test/install/realsense2_camera/include/base_realsense_node.h
[27.583s] -- Installing: /home/fra/master_ws_test/install/realsense2_camera/include/constants.h
[27.583s] -- Installing: /home/fra/master_ws_test/install/realsense2_camera/include/profile_manager.h
[27.584s] -- Installing: /home/fra/master_ws_test/install/realsense2_camera/include/realsense_node_factory.h
[27.584s] -- Installing: /home/fra/master_ws_test/install/realsense2_camera/include/sensor_params.h
[27.584s] -- Installing: /home/fra/master_ws_test/install/realsense2_camera/include/ros_sensor.h
[27.584s] -- Installing: /home/fra/master_ws_test/install/realsense2_camera/include/named_filter.h
[27.584s] -- Installing: /home/fra/master_ws_test/install/realsense2_camera/include/dynamic_params.h
[27.584s] -- Installing: /home/fra/master_ws_test/install/realsense2_camera/include/ros_param_backend.h
[27.584s] -- Installing: /home/fra/master_ws_test/install/realsense2_camera/include/gl_window.h
[27.584s] -- Installing: /home/fra/master_ws_test/install/realsense2_camera/include/image_publisher.h
[27.584s] -- Installing: /home/fra/master_ws_test/install/realsense2_camera/include/ros_utils.h
[27.584s] -- Installing: /home/fra/master_ws_test/install/realsense2_camera/share/realsense2_camera/launch
[27.584s] -- Installing: /home/fra/master_ws_test/install/realsense2_camera/share/realsense2_camera/launch/rs_launch.py
[27.585s] -- Installing: /home/fra/master_ws_test/install/realsense2_camera/share/realsense2_camera/launch/default.rviz
[27.585s] -- Installing: /home/fra/master_ws_test/install/realsense2_camera/share/realsense2_camera/launch/rs_multi_camera_launch.py
[27.585s] -- Installing: /home/fra/master_ws_test/install/realsense2_camera/share/realsense2_camera/launch/rs_intra_process_demo_launch.py
[27.585s] -- Installing: /home/fra/master_ws_test/install/realsense2_camera/share/realsense2_camera/examples
[27.585s] -- Installing: /home/fra/master_ws_test/install/realsense2_camera/share/realsense2_camera/examples/launch_from_rosbag
[27.585s] -- Installing: /home/fra/master_ws_test/install/realsense2_camera/share/realsense2_camera/examples/launch_from_rosbag/rs_launch_from_rosbag.py
[27.585s] -- Installing: /home/fra/master_ws_test/install/realsense2_camera/share/realsense2_camera/examples/launch_from_rosbag/README.md
[27.585s] -- Installing: /home/fra/master_ws_test/install/realsense2_camera/share/realsense2_camera/examples/pointcloud
[27.585s] -- Installing: /home/fra/master_ws_test/install/realsense2_camera/share/realsense2_camera/examples/pointcloud/rs_d455_pointcloud_launch.py
[27.586s] -- Installing: /home/fra/master_ws_test/install/realsense2_camera/share/realsense2_camera/examples/pointcloud/rs_d405_pointcloud_launch.py
[27.586s] -- Installing: /home/fra/master_ws_test/install/realsense2_camera/share/realsense2_camera/examples/pointcloud/README.md
[27.586s] -- Installing: /home/fra/master_ws_test/install/realsense2_camera/share/realsense2_camera/examples/pointcloud/rs_pointcloud_launch.py
[27.586s] -- Installing: /home/fra/master_ws_test/install/realsense2_camera/share/realsense2_camera/examples/pointcloud/rviz
[27.586s] -- Installing: /home/fra/master_ws_test/install/realsense2_camera/share/realsense2_camera/examples/pointcloud/rviz/urdf_pointcloud.rviz
[27.586s] -- Installing: /home/fra/master_ws_test/install/realsense2_camera/share/realsense2_camera/examples/pointcloud/rviz/pointcloud.rviz
[27.586s] -- Installing: /home/fra/master_ws_test/install/realsense2_camera/share/realsense2_camera/examples/launch_params_from_file
[27.586s] -- Installing: /home/fra/master_ws_test/install/realsense2_camera/share/realsense2_camera/examples/launch_params_from_file/rs_launch_get_params_from_yaml.py
[27.586s] -- Installing: /home/fra/master_ws_test/install/realsense2_camera/share/realsense2_camera/examples/launch_params_from_file/config
[27.586s] -- Installing: /home/fra/master_ws_test/install/realsense2_camera/share/realsense2_camera/examples/launch_params_from_file/config/config.yaml
[27.586s] -- Installing: /home/fra/master_ws_test/install/realsense2_camera/share/realsense2_camera/examples/launch_params_from_file/README.md
[27.587s] -- Installing: /home/fra/master_ws_test/install/realsense2_camera/share/realsense2_camera/examples/align_depth
[27.587s] -- Installing: /home/fra/master_ws_test/install/realsense2_camera/share/realsense2_camera/examples/align_depth/rs_align_depth_launch.py
[27.587s] -- Installing: /home/fra/master_ws_test/install/realsense2_camera/share/realsense2_camera/examples/align_depth/README.md
[27.587s] -- Installing: /home/fra/master_ws_test/install/realsense2_camera/share/realsense2_camera/examples/dual_camera
[27.587s] -- Installing: /home/fra/master_ws_test/install/realsense2_camera/share/realsense2_camera/examples/dual_camera/rs_dual_camera_launch.py
[27.587s] -- Installing: /home/fra/master_ws_test/install/realsense2_camera/share/realsense2_camera/examples/dual_camera/README.md
[27.587s] -- Installing: /home/fra/master_ws_test/install/realsense2_camera/share/realsense2_camera/examples/dual_camera/rviz
[27.587s] -- Installing: /home/fra/master_ws_test/install/realsense2_camera/share/realsense2_camera/examples/dual_camera/rviz/dual_camera_pointcloud.rviz
[27.587s] -- Installing: /home/fra/master_ws_test/install/realsense2_camera/share/realsense2_camera/environment/library_path.sh
[27.587s] -- Installing: /home/fra/master_ws_test/install/realsense2_camera/share/realsense2_camera/environment/library_path.dsv
[27.587s] -- Installing: /home/fra/master_ws_test/install/realsense2_camera/share/ament_index/resource_index/package_run_dependencies/realsense2_camera
[27.588s] -- Installing: /home/fra/master_ws_test/install/realsense2_camera/share/ament_index/resource_index/parent_prefix_path/realsense2_camera
[27.588s] -- Installing: /home/fra/master_ws_test/install/realsense2_camera/share/realsense2_camera/environment/ament_prefix_path.sh
[27.588s] -- Installing: /home/fra/master_ws_test/install/realsense2_camera/share/realsense2_camera/environment/ament_prefix_path.dsv
[27.588s] -- Installing: /home/fra/master_ws_test/install/realsense2_camera/share/realsense2_camera/environment/path.sh
[27.588s] -- Installing: /home/fra/master_ws_test/install/realsense2_camera/share/realsense2_camera/environment/path.dsv
[27.588s] -- Installing: /home/fra/master_ws_test/install/realsense2_camera/share/realsense2_camera/local_setup.bash
[27.588s] -- Installing: /home/fra/master_ws_test/install/realsense2_camera/share/realsense2_camera/local_setup.sh
[27.588s] -- Installing: /home/fra/master_ws_test/install/realsense2_camera/share/realsense2_camera/local_setup.zsh
[27.588s] -- Installing: /home/fra/master_ws_test/install/realsense2_camera/share/realsense2_camera/local_setup.dsv
[27.588s] -- Installing: /home/fra/master_ws_test/install/realsense2_camera/share/realsense2_camera/package.dsv
[27.588s] -- Installing: /home/fra/master_ws_test/install/realsense2_camera/share/ament_index/resource_index/packages/realsense2_camera
[27.589s] -- Installing: /home/fra/master_ws_test/install/realsense2_camera/share/ament_index/resource_index/rclcpp_components/realsense2_camera
[27.589s] -- Installing: /home/fra/master_ws_test/install/realsense2_camera/share/realsense2_camera/cmake/ament_cmake_export_include_directories-extras.cmake
[27.589s] -- Installing: /home/fra/master_ws_test/install/realsense2_camera/share/realsense2_camera/cmake/ament_cmake_export_libraries-extras.cmake
[27.589s] -- Installing: /home/fra/master_ws_test/install/realsense2_camera/share/realsense2_camera/cmake/ament_cmake_export_dependencies-extras.cmake
[27.589s] -- Installing: /home/fra/master_ws_test/install/realsense2_camera/share/realsense2_camera/cmake/realsense2_cameraConfig.cmake
[27.589s] -- Installing: /home/fra/master_ws_test/install/realsense2_camera/share/realsense2_camera/cmake/realsense2_cameraConfig-version.cmake
[27.589s] -- Installing: /home/fra/master_ws_test/install/realsense2_camera/share/realsense2_camera/package.xml
[27.592s] Invoked command in '/home/fra/master_ws_test/build/realsense2_camera' returned '0': CMAKE_PREFIX_PATH=/home/fra/master_ws_test/install/realsense2_camera_msgs:/home/fra/master_ws_test/install/six_arm:/home/fra/master_ws_test/install/realsense2_description:/home/fra/master_ws_test/install/realsense2_camera:/home/fra/master_ws_test/install/ind_environment:/home/fra/ros2_ws/install/app_bringup:/home/fra/ros2_ws/install/cpp_pkg:/home/fra/ros2_ws/install/custom_interface:/home/fra/ros2_ws/install/python_pkg:/opt/ros/humble LD_LIBRARY_PATH=/home/fra/master_ws_test/install/realsense2_camera_msgs/lib:/home/fra/master_ws_test/install/realsense2_camera/lib:/home/fra/ros2_ws/install/custom_interface/lib:/usr/lib/x86_64-linux-gnu/gazebo-11/plugins:/opt/ros/humble/opt/rviz_ogre_vendor/lib:/opt/ros/humble/lib/x86_64-linux-gnu:/opt/ros/humble/lib /usr/bin/cmake --install /home/fra/master_ws_test/build/realsense2_camera
