[0.022s] Invoking command in '/home/fra/master_ws_test/build/ind_environment': CMAKE_PREFIX_PATH=${CMAKE_PREFIX_PATH}:/opt/ros/humble /usr/bin/cmake --build /home/fra/master_ws_test/build/ind_environment -- -j16 -l16
[0.071s] -- Found ament_cmake: 1.3.11 (/opt/ros/humble/share/ament_cmake/cmake)
[0.209s] -- Found ament_lint_auto: 0.12.12 (/opt/ros/humble/share/ament_lint_auto/cmake)
[0.266s] -- Added test 'flake8' to check Python code syntax and style conventions
[0.267s] -- Added test 'lint_cmake' to check CMake code style
[0.267s] -- Added test 'pep257' to check Python code against some of the docstring style conventions in PEP 257
[0.269s] -- Added test 'xmllint' to check XML markup files
[0.269s] -- Configuring done
[0.272s] -- Generating done
[0.273s] -- Build files have been written to: /home/fra/master_ws_test/build/ind_environment
[0.294s] Invoked command in '/home/fra/master_ws_test/build/ind_environment' returned '0': CMAKE_PREFIX_PATH=${CMAKE_PREFIX_PATH}:/opt/ros/humble /usr/bin/cmake --build /home/fra/master_ws_test/build/ind_environment -- -j16 -l16
[0.303s] Invoking command in '/home/fra/master_ws_test/build/ind_environment': CMAKE_PREFIX_PATH=${CMAKE_PREFIX_PATH}:/opt/ros/humble /usr/bin/cmake --install /home/fra/master_ws_test/build/ind_environment
[0.309s] -- Install configuration: ""
[0.309s] -- Up-to-date: /home/fra/master_ws_test/install/ind_environment/share/ind_environment/launch
[0.309s] -- Up-to-date: /home/fra/master_ws_test/install/ind_environment/share/ind_environment/launch/world.launch.py
[0.309s] -- Up-to-date: /home/fra/master_ws_test/install/ind_environment/share/ind_environment/models
[0.309s] -- Up-to-date: /home/fra/master_ws_test/install/ind_environment/share/ind_environment/models/support
[0.309s] -- Up-to-date: /home/fra/master_ws_test/install/ind_environment/share/ind_environment/models/support/model.config
[0.309s] -- Up-to-date: /home/fra/master_ws_test/install/ind_environment/share/ind_environment/models/support/model.sdf
[0.309s] -- Up-to-date: /home/fra/master_ws_test/install/ind_environment/share/ind_environment/models/object_pick
[0.309s] -- Up-to-date: /home/fra/master_ws_test/install/ind_environment/share/ind_environment/models/object_pick/model.config
[0.310s] -- Up-to-date: /home/fra/master_ws_test/install/ind_environment/share/ind_environment/models/object_pick/model.sdf
[0.310s] -- Up-to-date: /home/fra/master_ws_test/install/ind_environment/share/ind_environment/models/red_cube
[0.310s] -- Up-to-date: /home/fra/master_ws_test/install/ind_environment/share/ind_environment/models/red_cube/model.config
[0.310s] -- Up-to-date: /home/fra/master_ws_test/install/ind_environment/share/ind_environment/models/red_cube/model.sdf
[0.310s] -- Up-to-date: /home/fra/master_ws_test/install/ind_environment/share/ind_environment/models/conveyor
[0.310s] -- Up-to-date: /home/fra/master_ws_test/install/ind_environment/share/ind_environment/models/conveyor/model.config
[0.310s] -- Up-to-date: /home/fra/master_ws_test/install/ind_environment/share/ind_environment/models/conveyor/model.sdf
[0.310s] -- Up-to-date: /home/fra/master_ws_test/install/ind_environment/share/ind_environment/worlds
[0.310s] -- Up-to-date: /home/fra/master_ws_test/install/ind_environment/share/ind_environment/worlds/pick_and_place_workplace.world
[0.310s] -- Up-to-date: /home/fra/master_ws_test/install/ind_environment/share/ind_environment/worlds/pick_and_place_workplace_cube.world
[0.310s] -- Up-to-date: /home/fra/master_ws_test/install/ind_environment/share/ind_environment/worlds/patient_env.world
[0.310s] -- Up-to-date: /home/fra/master_ws_test/install/ind_environment/share/ind_environment/worlds/pick_and_place_workplace_object.world
[0.310s] -- Up-to-date: /home/fra/master_ws_test/install/ind_environment/share/ament_index/resource_index/package_run_dependencies/ind_environment
[0.311s] -- Installing: /home/fra/master_ws_test/install/ind_environment/share/ament_index/resource_index/parent_prefix_path/ind_environment
[0.311s] -- Installing: /home/fra/master_ws_test/install/ind_environment/share/ind_environment/environment/ament_prefix_path.sh
[0.311s] -- Installing: /home/fra/master_ws_test/install/ind_environment/share/ind_environment/environment/ament_prefix_path.dsv
[0.311s] -- Installing: /home/fra/master_ws_test/install/ind_environment/share/ind_environment/environment/path.sh
[0.311s] -- Installing: /home/fra/master_ws_test/install/ind_environment/share/ind_environment/environment/path.dsv
[0.311s] -- Up-to-date: /home/fra/master_ws_test/install/ind_environment/share/ind_environment/local_setup.bash
[0.311s] -- Up-to-date: /home/fra/master_ws_test/install/ind_environment/share/ind_environment/local_setup.sh
[0.311s] -- Up-to-date: /home/fra/master_ws_test/install/ind_environment/share/ind_environment/local_setup.zsh
[0.311s] -- Installing: /home/fra/master_ws_test/install/ind_environment/share/ind_environment/local_setup.dsv
[0.311s] -- Installing: /home/fra/master_ws_test/install/ind_environment/share/ind_environment/package.dsv
[0.311s] -- Up-to-date: /home/fra/master_ws_test/install/ind_environment/share/ament_index/resource_index/packages/ind_environment
[0.311s] -- Up-to-date: /home/fra/master_ws_test/install/ind_environment/share/ind_environment/cmake/ind_environmentConfig.cmake
[0.312s] -- Up-to-date: /home/fra/master_ws_test/install/ind_environment/share/ind_environment/cmake/ind_environmentConfig-version.cmake
[0.312s] -- Up-to-date: /home/fra/master_ws_test/install/ind_environment/share/ind_environment/package.xml
[0.313s] Invoked command in '/home/fra/master_ws_test/build/ind_environment' returned '0': CMAKE_PREFIX_PATH=${CMAKE_PREFIX_PATH}:/opt/ros/humble /usr/bin/cmake --install /home/fra/master_ws_test/build/ind_environment
