[0.019s] Invoking command in '/home/fra/master_ws_test/build/six_arm': CMAKE_PREFIX_PATH=${CMAKE_PREFIX_PATH}:/opt/ros/humble /usr/bin/cmake --build /home/fra/master_ws_test/build/six_arm -- -j12 -l12
[0.041s] -- Found ament_cmake: 1.3.11 (/opt/ros/humble/share/ament_cmake/cmake)
[0.171s] -- Found rclcpp: 16.0.11 (/opt/ros/humble/share/rclcpp/cmake)
[0.198s] -- Found rosidl_generator_c: 3.1.6 (/opt/ros/humble/share/rosidl_generator_c/cmake)
[0.200s] -- Found rosidl_adapter: 3.1.6 (/opt/ros/humble/share/rosidl_adapter/cmake)
[0.206s] -- Found rosidl_generator_cpp: 3.1.6 (/opt/ros/humble/share/rosidl_generator_cpp/cmake)
[0.215s] -- Using all available rosidl_typesupport_c: rosidl_typesupport_fastrtps_c;rosidl_typesupport_introspection_c
[0.227s] -- Using all available rosidl_typesupport_cpp: rosidl_typesupport_fastrtps_cpp;rosidl_typesupport_introspection_cpp
[0.258s] -- Found rmw_implementation_cmake: 6.1.2 (/opt/ros/humble/share/rmw_implementation_cmake/cmake)
[0.260s] -- Found rmw_fastrtps_cpp: 6.2.7 (/opt/ros/humble/share/rmw_fastrtps_cpp/cmake)
[0.355s] -- Using RMW implementation 'rmw_fastrtps_cpp' as default
[0.403s] -- Found trajectory_msgs: 4.2.4 (/opt/ros/humble/share/trajectory_msgs/cmake)
[0.431s] -- Found ament_lint_auto: 0.12.11 (/opt/ros/humble/share/ament_lint_auto/cmake)
[0.519s] -- Added test 'cppcheck' to perform static code analysis on C / C++ code
[0.519s] -- Configured cppcheck include dirs: 
[0.519s] -- Configured cppcheck exclude dirs and/or files: 
[0.519s] -- Added test 'flake8' to check Python code syntax and style conventions
[0.520s] -- Added test 'lint_cmake' to check CMake code style
[0.520s] -- Added test 'pep257' to check Python code against some of the docstring style conventions in PEP 257
[0.521s] -- Added test 'uncrustify' to check C / C++ code style
[0.521s] -- Configured uncrustify additional arguments: 
[0.522s] -- Added test 'xmllint' to check XML markup files
[0.523s] -- Configuring done
[0.532s] -- Generating done
[0.536s] -- Build files have been written to: /home/fra/master_ws_test/build/six_arm
[0.559s] [35m[1mConsolidate compiler generated dependencies of target joint_publisher[0m
[0.572s] [100%] Built target joint_publisher
[0.582s] Invoked command in '/home/fra/master_ws_test/build/six_arm' returned '0': CMAKE_PREFIX_PATH=${CMAKE_PREFIX_PATH}:/opt/ros/humble /usr/bin/cmake --build /home/fra/master_ws_test/build/six_arm -- -j12 -l12
[0.583s] Invoking command in '/home/fra/master_ws_test/build/six_arm': CMAKE_PREFIX_PATH=${CMAKE_PREFIX_PATH}:/opt/ros/humble /usr/bin/cmake --install /home/fra/master_ws_test/build/six_arm
[0.589s] -- Install configuration: ""
[0.590s] -- Up-to-date: /home/fra/master_ws_test/install/six_arm/lib/six_arm/joint_publisher
[0.590s] -- Up-to-date: /home/fra/master_ws_test/install/six_arm/share/six_arm/launch
[0.590s] -- Up-to-date: /home/fra/master_ws_test/install/six_arm/share/six_arm/launch/spawn_robot_traj_controllers.launch.py
[0.590s] -- Up-to-date: /home/fra/master_ws_test/install/six_arm/share/six_arm/launch/spawn_robot_eff_controllers.launch.py
[0.590s] -- Up-to-date: /home/fra/master_ws_test/install/six_arm/share/six_arm/launch/spawn_robot_camera_moveit.launch.py
[0.590s] -- Up-to-date: /home/fra/master_ws_test/install/six_arm/share/six_arm/launch/spawn_robot_controllers.launch.py
[0.590s] -- Up-to-date: /home/fra/master_ws_test/install/six_arm/share/six_arm/launch/spawn_robot_namespace.launch.py
[0.590s] -- Up-to-date: /home/fra/master_ws_test/install/six_arm/share/six_arm/launch/spawn_robot_camera.launch.py
[0.590s] -- Up-to-date: /home/fra/master_ws_test/install/six_arm/share/six_arm/launch/spawn_robot_moveit.launch.py
[0.591s] -- Up-to-date: /home/fra/master_ws_test/install/six_arm/share/six_arm/urdf
[0.591s] -- Up-to-date: /home/fra/master_ws_test/install/six_arm/share/six_arm/urdf/red_cube.xacro
[0.591s] -- Up-to-date: /home/fra/master_ws_test/install/six_arm/share/six_arm/urdf/cobot_camera.urdf.xacro
[0.591s] -- Up-to-date: /home/fra/master_ws_test/install/six_arm/share/six_arm/urdf/cobot_trajectory_control.urdf.xacro
[0.591s] -- Up-to-date: /home/fra/master_ws_test/install/six_arm/share/six_arm/urdf/check.urdf
[0.591s] -- Up-to-date: /home/fra/master_ws_test/install/six_arm/share/six_arm/urdf/cobot.urdf.xacro
[0.591s] -- Installing: /home/fra/master_ws_test/install/six_arm/share/six_arm/urdf/custom_robot_gazebo.xacro
[0.591s] -- Up-to-date: /home/fra/master_ws_test/install/six_arm/share/six_arm/urdf/custom_gripper.xacro
[0.591s] -- Up-to-date: /home/fra/master_ws_test/install/six_arm/share/six_arm/urdf/cobot_effort.urdf.xacro
[0.591s] -- Up-to-date: /home/fra/master_ws_test/install/six_arm/share/six_arm/urdf/link_joint.xacro
[0.591s] -- Up-to-date: /home/fra/master_ws_test/install/six_arm/share/six_arm/urdf/camera.xacro
[0.591s] -- Up-to-date: /home/fra/master_ws_test/install/six_arm/share/six_arm/config
[0.592s] -- Up-to-date: /home/fra/master_ws_test/install/six_arm/share/six_arm/config/effort_controllers.yaml
[0.592s] -- Up-to-date: /home/fra/master_ws_test/install/six_arm/share/six_arm/config/trajectory_controllers.yaml
[0.592s] -- Up-to-date: /home/fra/master_ws_test/install/six_arm/share/six_arm/config/controllers.yaml
[0.593s] -- Up-to-date: /home/fra/master_ws_test/install/six_arm/share/six_arm/config/config.rviz
[0.593s] -- Up-to-date: /home/fra/master_ws_test/install/six_arm/share/six_arm/src
[0.593s] -- Up-to-date: /home/fra/master_ws_test/install/six_arm/share/six_arm/src/joint_publisher.cpp
[0.593s] -- Up-to-date: /home/fra/master_ws_test/install/six_arm/share/six_arm/meshes
[0.593s] -- Up-to-date: /home/fra/master_ws_test/install/six_arm/share/six_arm/meshes/sensors
[0.593s] -- Up-to-date: /home/fra/master_ws_test/install/six_arm/share/six_arm/meshes/sensors/camera
[0.593s] -- Up-to-date: /home/fra/master_ws_test/install/six_arm/share/six_arm/meshes/sensors/camera/kinetic.png
[0.593s] -- Up-to-date: /home/fra/master_ws_test/install/six_arm/share/six_arm/meshes/sensors/camera/kinetic.dae
[0.593s] -- Up-to-date: /home/fra/master_ws_test/install/six_arm/share/six_arm/meshes/sensors/camera/kinetic.stl
[0.593s] -- Up-to-date: /home/fra/master_ws_test/install/six_arm/share/ament_index/resource_index/package_run_dependencies/six_arm
[0.593s] -- Installing: /home/fra/master_ws_test/install/six_arm/share/ament_index/resource_index/parent_prefix_path/six_arm
[0.593s] -- Up-to-date: /home/fra/master_ws_test/install/six_arm/share/six_arm/environment/ament_prefix_path.sh
[0.593s] -- Installing: /home/fra/master_ws_test/install/six_arm/share/six_arm/environment/ament_prefix_path.dsv
[0.593s] -- Up-to-date: /home/fra/master_ws_test/install/six_arm/share/six_arm/environment/path.sh
[0.594s] -- Installing: /home/fra/master_ws_test/install/six_arm/share/six_arm/environment/path.dsv
[0.594s] -- Up-to-date: /home/fra/master_ws_test/install/six_arm/share/six_arm/local_setup.bash
[0.594s] -- Up-to-date: /home/fra/master_ws_test/install/six_arm/share/six_arm/local_setup.sh
[0.594s] -- Up-to-date: /home/fra/master_ws_test/install/six_arm/share/six_arm/local_setup.zsh
[0.594s] -- Installing: /home/fra/master_ws_test/install/six_arm/share/six_arm/local_setup.dsv
[0.594s] -- Installing: /home/fra/master_ws_test/install/six_arm/share/six_arm/package.dsv
[0.594s] -- Up-to-date: /home/fra/master_ws_test/install/six_arm/share/ament_index/resource_index/packages/six_arm
[0.594s] -- Up-to-date: /home/fra/master_ws_test/install/six_arm/share/six_arm/cmake/six_armConfig.cmake
[0.594s] -- Up-to-date: /home/fra/master_ws_test/install/six_arm/share/six_arm/cmake/six_armConfig-version.cmake
[0.594s] -- Installing: /home/fra/master_ws_test/install/six_arm/share/six_arm/package.xml
[0.604s] Invoked command in '/home/fra/master_ws_test/build/six_arm' returned '0': CMAKE_PREFIX_PATH=${CMAKE_PREFIX_PATH}:/opt/ros/humble /usr/bin/cmake --install /home/fra/master_ws_test/build/six_arm
