[0.014s] Invoking command in '/home/fra/master_ws_test/build/cobot_ik': CMAKE_PREFIX_PATH=${CMAKE_PREFIX_PATH}:/opt/ros/humble /usr/bin/cmake --build /home/fra/master_ws_test/build/cobot_ik -- -j12 -l12
[0.051s] [35m[1mConsolidate compiler generated dependencies of target pick_place_fake_gripping[0m
[0.064s] [ 33%] Built target test_ik
[0.065s] [ 66%] Built target pick_place
[0.072s] [ 83%] [32mBuilding CXX object CMakeFiles/pick_place_fake_gripping.dir/src/pick_place_fake_gripping.cpp.o[0m
[8.532s] [100%] [32m[1mLinking CXX executable pick_place_fake_gripping[0m
[9.067s] [100%] Built target pick_place_fake_gripping
[9.077s] Invoked command in '/home/fra/master_ws_test/build/cobot_ik' returned '0': CMAKE_PREFIX_PATH=${CMAKE_PREFIX_PATH}:/opt/ros/humble /usr/bin/cmake --build /home/fra/master_ws_test/build/cobot_ik -- -j12 -l12
[9.078s] Invoking command in '/home/fra/master_ws_test/build/cobot_ik': CMAKE_PREFIX_PATH=${CMAKE_PREFIX_PATH}:/opt/ros/humble /usr/bin/cmake --install /home/fra/master_ws_test/build/cobot_ik
[9.085s] -- Install configuration: ""
[9.085s] -- Up-to-date: /home/fra/master_ws_test/install/cobot_ik/lib/cobot_ik/test_ik
[9.086s] -- Up-to-date: /home/fra/master_ws_test/install/cobot_ik/lib/cobot_ik/pick_place
[9.087s] -- Installing: /home/fra/master_ws_test/install/cobot_ik/lib/cobot_ik/pick_place_fake_gripping
[9.088s] -- Set runtime path of "/home/fra/master_ws_test/install/cobot_ik/lib/cobot_ik/pick_place_fake_gripping" to ""
[9.088s] -- Installing: /home/fra/master_ws_test/install/cobot_ik/share/ament_index/resource_index/package_run_dependencies/cobot_ik
[9.088s] -- Up-to-date: /home/fra/master_ws_test/install/cobot_ik/share/ament_index/resource_index/parent_prefix_path/cobot_ik
[9.089s] -- Up-to-date: /home/fra/master_ws_test/install/cobot_ik/share/cobot_ik/environment/ament_prefix_path.sh
[9.089s] -- Installing: /home/fra/master_ws_test/install/cobot_ik/share/cobot_ik/environment/ament_prefix_path.dsv
[9.089s] -- Up-to-date: /home/fra/master_ws_test/install/cobot_ik/share/cobot_ik/environment/path.sh
[9.089s] -- Installing: /home/fra/master_ws_test/install/cobot_ik/share/cobot_ik/environment/path.dsv
[9.089s] -- Up-to-date: /home/fra/master_ws_test/install/cobot_ik/share/cobot_ik/local_setup.bash
[9.089s] -- Up-to-date: /home/fra/master_ws_test/install/cobot_ik/share/cobot_ik/local_setup.sh
[9.089s] -- Up-to-date: /home/fra/master_ws_test/install/cobot_ik/share/cobot_ik/local_setup.zsh
[9.089s] -- Installing: /home/fra/master_ws_test/install/cobot_ik/share/cobot_ik/local_setup.dsv
[9.089s] -- Installing: /home/fra/master_ws_test/install/cobot_ik/share/cobot_ik/package.dsv
[9.090s] -- Up-to-date: /home/fra/master_ws_test/install/cobot_ik/share/ament_index/resource_index/packages/cobot_ik
[9.090s] -- Up-to-date: /home/fra/master_ws_test/install/cobot_ik/share/cobot_ik/cmake/cobot_ikConfig.cmake
[9.090s] -- Up-to-date: /home/fra/master_ws_test/install/cobot_ik/share/cobot_ik/cmake/cobot_ikConfig-version.cmake
[9.090s] -- Installing: /home/fra/master_ws_test/install/cobot_ik/share/cobot_ik/package.xml
[9.091s] Invoked command in '/home/fra/master_ws_test/build/cobot_ik' returned '0': CMAKE_PREFIX_PATH=${CMAKE_PREFIX_PATH}:/opt/ros/humble /usr/bin/cmake --install /home/fra/master_ws_test/build/cobot_ik
