[0.048s] Invoking command in '/home/fra/master_ws_test/build/ur_simulation_gazebo': AMENT_PREFIX_PATH=/home/fra/master_ws_test/install/ur_description:${AMENT_PREFIX_PATH} CMAKE_PREFIX_PATH=/home/fra/master_ws_test/install/ur_description:/home/fra/master_ws_test/install/six_arm_moveit_config:/home/fra/master_ws_test/install/cobot_moveit_config:/home/fra/master_ws_test/install/cobot_camera_moveit_config:/home/fra/master_ws_test/install/arm_moveit_config:/home/fra/master_ws_test/install/six_arm:/home/fra/master_ws_test/install/cobot_ik:/home/fra/master_ws_test/install/ros2_linkattacher:/home/fra/master_ws_test/install/realsense2_description:/home/fra/master_ws_test/install/realsense2_camera:/home/fra/master_ws_test/install/realsense2_camera_msgs:/home/fra/master_ws_test/install/linkattacher_msgs:/home/fra/master_ws_test/install/ind_environment:/home/fra/ros2_master_ws/install/custom_robot_ik:/home/fra/ros2_master_ws/install/ros2_linkattacher:/home/fra/ros2_master_ws/install/linkattacher_msgs:/home/fra/ros2_master_ws/install/ind_environment:/home/fra/ros2_master_ws/install/custom_robot_moveit_config:/home/fra/ros2_master_ws/install/cobot_gazebo:/home/fra/ros2_master_ws/install/cobot_description:/opt/ros/humble /usr/bin/cmake /home/fra/master_ws_test/src/Universal_Robots_ROS2_Gazebo_Simulation/ur_simulation_gazebo -DCMAKE_INSTALL_PREFIX=/home/fra/master_ws_test/install/ur_simulation_gazebo
[0.116s] -- The C compiler identification is GNU 11.4.0
[0.171s] -- The CXX compiler identification is GNU 11.4.0
[0.178s] -- Detecting C compiler ABI info
[0.242s] -- Detecting C compiler ABI info - done
[0.250s] -- Check for working C compiler: /usr/bin/cc - skipped
[0.250s] -- Detecting C compile features
[0.250s] -- Detecting C compile features - done
[0.254s] -- Detecting CXX compiler ABI info
[0.325s] -- Detecting CXX compiler ABI info - done
[0.333s] -- Check for working CXX compiler: /usr/bin/c++ - skipped
[0.333s] -- Detecting CXX compile features
[0.334s] -- Detecting CXX compile features - done
[0.337s] -- Found ament_cmake: 1.3.11 (/opt/ros/humble/share/ament_cmake/cmake)
[0.752s] -- Found Python3: /usr/bin/python3 (found version "3.10.12") found components: Interpreter 
[0.864s] -- Found launch_testing_ament_cmake: 1.0.8 (/opt/ros/humble/share/launch_testing_ament_cmake/cmake)
[0.876s] -- Found python_cmake_module: 0.10.0 (/opt/ros/humble/share/python_cmake_module/cmake)
[0.920s] -- Found PythonInterp: /usr/bin/python3 (found suitable version "3.10.12", minimum required is "3.6") 
[0.940s] -- Found PythonLibs: /usr/lib/x86_64-linux-gnu/libpython3.10.so (found suitable version "3.10.12", minimum required is "3.5") 
[0.940s] -- Using PYTHON_EXECUTABLE: /usr/bin/python3
[0.940s] -- Using PYTHON_INCLUDE_DIRS: /usr/include/python3.10
[0.940s] -- Using PYTHON_LIBRARIES: /usr/lib/x86_64-linux-gnu/libpython3.10.so
[0.969s] -- Found PythonExtra: .so  
[0.972s] -- Found ament_cmake_pytest: 1.3.11 (/opt/ros/humble/share/ament_cmake_pytest/cmake)
[1.052s] -- Configuring done
[1.054s] -- Generating done
[1.056s] -- Build files have been written to: /home/fra/master_ws_test/build/ur_simulation_gazebo
[1.061s] Invoked command in '/home/fra/master_ws_test/build/ur_simulation_gazebo' returned '0': AMENT_PREFIX_PATH=/home/fra/master_ws_test/install/ur_description:${AMENT_PREFIX_PATH} CMAKE_PREFIX_PATH=/home/fra/master_ws_test/install/ur_description:/home/fra/master_ws_test/install/six_arm_moveit_config:/home/fra/master_ws_test/install/cobot_moveit_config:/home/fra/master_ws_test/install/cobot_camera_moveit_config:/home/fra/master_ws_test/install/arm_moveit_config:/home/fra/master_ws_test/install/six_arm:/home/fra/master_ws_test/install/cobot_ik:/home/fra/master_ws_test/install/ros2_linkattacher:/home/fra/master_ws_test/install/realsense2_description:/home/fra/master_ws_test/install/realsense2_camera:/home/fra/master_ws_test/install/realsense2_camera_msgs:/home/fra/master_ws_test/install/linkattacher_msgs:/home/fra/master_ws_test/install/ind_environment:/home/fra/ros2_master_ws/install/custom_robot_ik:/home/fra/ros2_master_ws/install/ros2_linkattacher:/home/fra/ros2_master_ws/install/linkattacher_msgs:/home/fra/ros2_master_ws/install/ind_environment:/home/fra/ros2_master_ws/install/custom_robot_moveit_config:/home/fra/ros2_master_ws/install/cobot_gazebo:/home/fra/ros2_master_ws/install/cobot_description:/opt/ros/humble /usr/bin/cmake /home/fra/master_ws_test/src/Universal_Robots_ROS2_Gazebo_Simulation/ur_simulation_gazebo -DCMAKE_INSTALL_PREFIX=/home/fra/master_ws_test/install/ur_simulation_gazebo
[1.062s] Invoking command in '/home/fra/master_ws_test/build/ur_simulation_gazebo': AMENT_PREFIX_PATH=/home/fra/master_ws_test/install/ur_description:${AMENT_PREFIX_PATH} CMAKE_PREFIX_PATH=/home/fra/master_ws_test/install/ur_description:/home/fra/master_ws_test/install/six_arm_moveit_config:/home/fra/master_ws_test/install/cobot_moveit_config:/home/fra/master_ws_test/install/cobot_camera_moveit_config:/home/fra/master_ws_test/install/arm_moveit_config:/home/fra/master_ws_test/install/six_arm:/home/fra/master_ws_test/install/cobot_ik:/home/fra/master_ws_test/install/ros2_linkattacher:/home/fra/master_ws_test/install/realsense2_description:/home/fra/master_ws_test/install/realsense2_camera:/home/fra/master_ws_test/install/realsense2_camera_msgs:/home/fra/master_ws_test/install/linkattacher_msgs:/home/fra/master_ws_test/install/ind_environment:/home/fra/ros2_master_ws/install/custom_robot_ik:/home/fra/ros2_master_ws/install/ros2_linkattacher:/home/fra/ros2_master_ws/install/linkattacher_msgs:/home/fra/ros2_master_ws/install/ind_environment:/home/fra/ros2_master_ws/install/custom_robot_moveit_config:/home/fra/ros2_master_ws/install/cobot_gazebo:/home/fra/ros2_master_ws/install/cobot_description:/opt/ros/humble /usr/bin/cmake --build /home/fra/master_ws_test/build/ur_simulation_gazebo -- -j12 -l12
[1.094s] Invoked command in '/home/fra/master_ws_test/build/ur_simulation_gazebo' returned '0': AMENT_PREFIX_PATH=/home/fra/master_ws_test/install/ur_description:${AMENT_PREFIX_PATH} CMAKE_PREFIX_PATH=/home/fra/master_ws_test/install/ur_description:/home/fra/master_ws_test/install/six_arm_moveit_config:/home/fra/master_ws_test/install/cobot_moveit_config:/home/fra/master_ws_test/install/cobot_camera_moveit_config:/home/fra/master_ws_test/install/arm_moveit_config:/home/fra/master_ws_test/install/six_arm:/home/fra/master_ws_test/install/cobot_ik:/home/fra/master_ws_test/install/ros2_linkattacher:/home/fra/master_ws_test/install/realsense2_description:/home/fra/master_ws_test/install/realsense2_camera:/home/fra/master_ws_test/install/realsense2_camera_msgs:/home/fra/master_ws_test/install/linkattacher_msgs:/home/fra/master_ws_test/install/ind_environment:/home/fra/ros2_master_ws/install/custom_robot_ik:/home/fra/ros2_master_ws/install/ros2_linkattacher:/home/fra/ros2_master_ws/install/linkattacher_msgs:/home/fra/ros2_master_ws/install/ind_environment:/home/fra/ros2_master_ws/install/custom_robot_moveit_config:/home/fra/ros2_master_ws/install/cobot_gazebo:/home/fra/ros2_master_ws/install/cobot_description:/opt/ros/humble /usr/bin/cmake --build /home/fra/master_ws_test/build/ur_simulation_gazebo -- -j12 -l12
[1.096s] Invoking command in '/home/fra/master_ws_test/build/ur_simulation_gazebo': AMENT_PREFIX_PATH=/home/fra/master_ws_test/install/ur_description:${AMENT_PREFIX_PATH} CMAKE_PREFIX_PATH=/home/fra/master_ws_test/install/ur_description:/home/fra/master_ws_test/install/six_arm_moveit_config:/home/fra/master_ws_test/install/cobot_moveit_config:/home/fra/master_ws_test/install/cobot_camera_moveit_config:/home/fra/master_ws_test/install/arm_moveit_config:/home/fra/master_ws_test/install/six_arm:/home/fra/master_ws_test/install/cobot_ik:/home/fra/master_ws_test/install/ros2_linkattacher:/home/fra/master_ws_test/install/realsense2_description:/home/fra/master_ws_test/install/realsense2_camera:/home/fra/master_ws_test/install/realsense2_camera_msgs:/home/fra/master_ws_test/install/linkattacher_msgs:/home/fra/master_ws_test/install/ind_environment:/home/fra/ros2_master_ws/install/custom_robot_ik:/home/fra/ros2_master_ws/install/ros2_linkattacher:/home/fra/ros2_master_ws/install/linkattacher_msgs:/home/fra/ros2_master_ws/install/ind_environment:/home/fra/ros2_master_ws/install/custom_robot_moveit_config:/home/fra/ros2_master_ws/install/cobot_gazebo:/home/fra/ros2_master_ws/install/cobot_description:/opt/ros/humble /usr/bin/cmake --install /home/fra/master_ws_test/build/ur_simulation_gazebo
[1.102s] -- Install configuration: ""
[1.102s] -- Installing: /home/fra/master_ws_test/install/ur_simulation_gazebo/share/ur_simulation_gazebo/config
[1.103s] -- Installing: /home/fra/master_ws_test/install/ur_simulation_gazebo/share/ur_simulation_gazebo/config/ur_controllers.yaml
[1.103s] -- Installing: /home/fra/master_ws_test/install/ur_simulation_gazebo/share/ur_simulation_gazebo/launch
[1.103s] -- Installing: /home/fra/master_ws_test/install/ur_simulation_gazebo/share/ur_simulation_gazebo/launch/ur_sim_moveit.launch.py
[1.103s] -- Installing: /home/fra/master_ws_test/install/ur_simulation_gazebo/share/ur_simulation_gazebo/launch/ur_sim_control.launch.py
[1.103s] -- Installing: /home/fra/master_ws_test/install/ur_simulation_gazebo/share/ament_index/resource_index/package_run_dependencies/ur_simulation_gazebo
[1.103s] -- Installing: /home/fra/master_ws_test/install/ur_simulation_gazebo/share/ament_index/resource_index/parent_prefix_path/ur_simulation_gazebo
[1.103s] -- Installing: /home/fra/master_ws_test/install/ur_simulation_gazebo/share/ur_simulation_gazebo/environment/ament_prefix_path.sh
[1.103s] -- Installing: /home/fra/master_ws_test/install/ur_simulation_gazebo/share/ur_simulation_gazebo/environment/ament_prefix_path.dsv
[1.103s] -- Installing: /home/fra/master_ws_test/install/ur_simulation_gazebo/share/ur_simulation_gazebo/environment/path.sh
[1.103s] -- Installing: /home/fra/master_ws_test/install/ur_simulation_gazebo/share/ur_simulation_gazebo/environment/path.dsv
[1.104s] -- Installing: /home/fra/master_ws_test/install/ur_simulation_gazebo/share/ur_simulation_gazebo/local_setup.bash
[1.104s] -- Installing: /home/fra/master_ws_test/install/ur_simulation_gazebo/share/ur_simulation_gazebo/local_setup.sh
[1.104s] -- Installing: /home/fra/master_ws_test/install/ur_simulation_gazebo/share/ur_simulation_gazebo/local_setup.zsh
[1.104s] -- Installing: /home/fra/master_ws_test/install/ur_simulation_gazebo/share/ur_simulation_gazebo/local_setup.dsv
[1.104s] -- Installing: /home/fra/master_ws_test/install/ur_simulation_gazebo/share/ur_simulation_gazebo/package.dsv
[1.104s] -- Installing: /home/fra/master_ws_test/install/ur_simulation_gazebo/share/ament_index/resource_index/packages/ur_simulation_gazebo
[1.104s] -- Installing: /home/fra/master_ws_test/install/ur_simulation_gazebo/share/ur_simulation_gazebo/cmake/ur_simulation_gazeboConfig.cmake
[1.104s] -- Installing: /home/fra/master_ws_test/install/ur_simulation_gazebo/share/ur_simulation_gazebo/cmake/ur_simulation_gazeboConfig-version.cmake
[1.104s] -- Installing: /home/fra/master_ws_test/install/ur_simulation_gazebo/share/ur_simulation_gazebo/package.xml
[1.106s] Invoked command in '/home/fra/master_ws_test/build/ur_simulation_gazebo' returned '0': AMENT_PREFIX_PATH=/home/fra/master_ws_test/install/ur_description:${AMENT_PREFIX_PATH} CMAKE_PREFIX_PATH=/home/fra/master_ws_test/install/ur_description:/home/fra/master_ws_test/install/six_arm_moveit_config:/home/fra/master_ws_test/install/cobot_moveit_config:/home/fra/master_ws_test/install/cobot_camera_moveit_config:/home/fra/master_ws_test/install/arm_moveit_config:/home/fra/master_ws_test/install/six_arm:/home/fra/master_ws_test/install/cobot_ik:/home/fra/master_ws_test/install/ros2_linkattacher:/home/fra/master_ws_test/install/realsense2_description:/home/fra/master_ws_test/install/realsense2_camera:/home/fra/master_ws_test/install/realsense2_camera_msgs:/home/fra/master_ws_test/install/linkattacher_msgs:/home/fra/master_ws_test/install/ind_environment:/home/fra/ros2_master_ws/install/custom_robot_ik:/home/fra/ros2_master_ws/install/ros2_linkattacher:/home/fra/ros2_master_ws/install/linkattacher_msgs:/home/fra/ros2_master_ws/install/ind_environment:/home/fra/ros2_master_ws/install/custom_robot_moveit_config:/home/fra/ros2_master_ws/install/cobot_gazebo:/home/fra/ros2_master_ws/install/cobot_description:/opt/ros/humble /usr/bin/cmake --install /home/fra/master_ws_test/build/ur_simulation_gazebo
