[ 25%] [32mBuilding CXX object CMakeFiles/pick_place.dir/src/pick_place.cpp.o[0m
[ 75%] Built target test_ik
[01m[K/home/fra/master_ws_test/src/cobot_ik/src/pick_place.cpp:[m[K In constructor ‘[01m[KPickAndPlace::PickAndPlace()[m[K’:
[01m[K/home/fra/master_ws_test/src/cobot_ik/src/pick_place.cpp:181:11:[m[K [01;31m[Kerror: [m[Kno matching function for call to ‘[01m[Kmoveit::planning_interface::MoveGroupInterface::MoveGroupInterface(const char [4])[m[K’
  181 |         : [01;31m[Kgroup("arm")[m[K, gripper("gripper")
      |           [01;31m[K^~~~~~~~~~~~[m[K
In file included from [01m[K/home/fra/master_ws_test/src/cobot_ik/src/pick_place.cpp:166[m[K:
[01m[K/opt/ros/humble/include/moveit/move_group_interface/move_group_interface.h:159:3:[m[K [01;36m[Knote: [m[Kcandidate: ‘[01m[Kmoveit::planning_interface::MoveGroupInterface::MoveGroupInterface(moveit::planning_interface::MoveGroupInterface&&)[m[K’
  159 |   [01;36m[KMoveGroupInterface[m[K(MoveGroupInterface&& other) noexcept;
      |   [01;36m[K^~~~~~~~~~~~~~~~~~[m[K
[01m[K/opt/ros/humble/include/moveit/move_group_interface/move_group_interface.h:159:43:[m[K [01;36m[Knote: [m[K  no known conversion for argument 1 from ‘[01m[Kconst char [4][m[K’ to ‘[01m[Kmoveit::planning_interface::MoveGroupInterface&&[m[K’
  159 |   MoveGroupInterface([01;36m[KMoveGroupInterface&& other[m[K) noexcept;
      |                      [01;36m[K~~~~~~~~~~~~~~~~~~~~~^~~~~[m[K
[01m[K/opt/ros/humble/include/moveit/move_group_interface/move_group_interface.h:145:3:[m[K [01;36m[Knote: [m[Kcandidate: ‘[01m[Kmoveit::planning_interface::MoveGroupInterface::MoveGroupInterface(const SharedPtr&, const string&, const std::shared_ptr<tf2_ros::Buffer>&, const rclcpp::Duration&)[m[K’
  145 |   [01;36m[KMoveGroupInterface[m[K(const rclcpp::Node::SharedPtr& node, const std::string& group,
      |   [01;36m[K^~~~~~~~~~~~~~~~~~[m[K
[01m[K/opt/ros/humble/include/moveit/move_group_interface/move_group_interface.h:145:3:[m[K [01;36m[Knote: [m[K  candidate expects 4 arguments, 1 provided
[01m[K/opt/ros/humble/include/moveit/move_group_interface/move_group_interface.h:134:3:[m[K [01;36m[Knote: [m[Kcandidate: ‘[01m[Kmoveit::planning_interface::MoveGroupInterface::MoveGroupInterface(const SharedPtr&, const moveit::planning_interface::MoveGroupInterface::Options&, const std::shared_ptr<tf2_ros::Buffer>&, const rclcpp::Duration&)[m[K’
  134 |   [01;36m[KMoveGroupInterface[m[K(const rclcpp::Node::SharedPtr& node, const Options& opt,
      |   [01;36m[K^~~~~~~~~~~~~~~~~~[m[K
[01m[K/opt/ros/humble/include/moveit/move_group_interface/move_group_interface.h:134:3:[m[K [01;36m[Knote: [m[K  candidate expects 4 arguments, 1 provided
[01m[K/home/fra/master_ws_test/src/cobot_ik/src/pick_place.cpp:181:25:[m[K [01;31m[Kerror: [m[Kno matching function for call to ‘[01m[Kmoveit::planning_interface::MoveGroupInterface::MoveGroupInterface(const char [8])[m[K’
  181 |         : group("arm"), [01;31m[Kgripper("gripper")[m[K
      |                         [01;31m[K^~~~~~~~~~~~~~~~~~[m[K
In file included from [01m[K/home/fra/master_ws_test/src/cobot_ik/src/pick_place.cpp:166[m[K:
[01m[K/opt/ros/humble/include/moveit/move_group_interface/move_group_interface.h:159:3:[m[K [01;36m[Knote: [m[Kcandidate: ‘[01m[Kmoveit::planning_interface::MoveGroupInterface::MoveGroupInterface(moveit::planning_interface::MoveGroupInterface&&)[m[K’
  159 |   [01;36m[KMoveGroupInterface[m[K(MoveGroupInterface&& other) noexcept;
      |   [01;36m[K^~~~~~~~~~~~~~~~~~[m[K
[01m[K/opt/ros/humble/include/moveit/move_group_interface/move_group_interface.h:159:43:[m[K [01;36m[Knote: [m[K  no known conversion for argument 1 from ‘[01m[Kconst char [8][m[K’ to ‘[01m[Kmoveit::planning_interface::MoveGroupInterface&&[m[K’
  159 |   MoveGroupInterface([01;36m[KMoveGroupInterface&& other[m[K) noexcept;
      |                      [01;36m[K~~~~~~~~~~~~~~~~~~~~~^~~~~[m[K
[01m[K/opt/ros/humble/include/moveit/move_group_interface/move_group_interface.h:145:3:[m[K [01;36m[Knote: [m[Kcandidate: ‘[01m[Kmoveit::planning_interface::MoveGroupInterface::MoveGroupInterface(const SharedPtr&, const string&, const std::shared_ptr<tf2_ros::Buffer>&, const rclcpp::Duration&)[m[K’
  145 |   [01;36m[KMoveGroupInterface[m[K(const rclcpp::Node::SharedPtr& node, const std::string& group,
      |   [01;36m[K^~~~~~~~~~~~~~~~~~[m[K
[01m[K/opt/ros/humble/include/moveit/move_group_interface/move_group_interface.h:145:3:[m[K [01;36m[Knote: [m[K  candidate expects 4 arguments, 1 provided
[01m[K/opt/ros/humble/include/moveit/move_group_interface/move_group_interface.h:134:3:[m[K [01;36m[Knote: [m[Kcandidate: ‘[01m[Kmoveit::planning_interface::MoveGroupInterface::MoveGroupInterface(const SharedPtr&, const moveit::planning_interface::MoveGroupInterface::Options&, const std::shared_ptr<tf2_ros::Buffer>&, const rclcpp::Duration&)[m[K’
  134 |   [01;36m[KMoveGroupInterface[m[K(const rclcpp::Node::SharedPtr& node, const Options& opt,
      |   [01;36m[K^~~~~~~~~~~~~~~~~~[m[K
[01m[K/opt/ros/humble/include/moveit/move_group_interface/move_group_interface.h:134:3:[m[K [01;36m[Knote: [m[K  candidate expects 4 arguments, 1 provided
[01m[K/home/fra/master_ws_test/src/cobot_ik/src/pick_place.cpp:183:15:[m[K [01;31m[Kerror: [m[K‘[01m[Kclass moveit::planning_interface::MoveGroupInterface[m[K’ has no member named ‘[01m[Kset_planning_time[m[K’; did you mean ‘[01m[KsetPlanningTime[m[K’?
  183 |         group.[01;31m[Kset_planning_time[m[K(45.0);
      |               [01;31m[K^~~~~~~~~~~~~~~~~[m[K
      |               [32m[KsetPlanningTime[m[K
[01m[K/home/fra/master_ws_test/src/cobot_ik/src/pick_place.cpp:[m[K In member function ‘[01m[Kvoid PickAndPlace::close_gripper()[m[K’:
[01m[K/home/fra/master_ws_test/src/cobot_ik/src/pick_place.cpp:188:17:[m[K [01;31m[Kerror: [m[K‘[01m[Kclass moveit::planning_interface::MoveGroupInterface[m[K’ has no member named ‘[01m[Kset_joint_value_target[m[K’; did you mean ‘[01m[KsetJointValueTarget[m[K’?
  188 |         gripper.[01;31m[Kset_joint_value_target[m[K("finger_right_joint", 0.04);
      |                 [01;31m[K^~~~~~~~~~~~~~~~~~~~~~[m[K
      |                 [32m[KsetJointValueTarget[m[K
[01m[K/home/fra/master_ws_test/src/cobot_ik/src/pick_place.cpp:[m[K In member function ‘[01m[Kvoid PickAndPlace::open_gripper()[m[K’:
[01m[K/home/fra/master_ws_test/src/cobot_ik/src/pick_place.cpp:194:17:[m[K [01;31m[Kerror: [m[K‘[01m[Kclass moveit::planning_interface::MoveGroupInterface[m[K’ has no member named ‘[01m[Kset_joint_value_target[m[K’; did you mean ‘[01m[KsetJointValueTarget[m[K’?
  194 |         gripper.[01;31m[Kset_joint_value_target[m[K("finger_right_joint", 0.0);
      |                 [01;31m[K^~~~~~~~~~~~~~~~~~~~~~[m[K
      |                 [32m[KsetJointValueTarget[m[K
[01m[K/home/fra/master_ws_test/src/cobot_ik/src/pick_place.cpp:[m[K In member function ‘[01m[Kvoid PickAndPlace::pick()[m[K’:
[01m[K/home/fra/master_ws_test/src/cobot_ik/src/pick_place.cpp:201:15:[m[K [01;31m[Kerror: [m[K‘[01m[Kclass moveit::planning_interface::MoveGroupInterface[m[K’ has no member named ‘[01m[Kset_pose_reference_frame[m[K’; did you mean ‘[01m[KsetPoseReferenceFrame[m[K’?
  201 |         group.[01;31m[Kset_pose_reference_frame[m[K("base_link");
      |               [01;31m[K^~~~~~~~~~~~~~~~~~~~~~~~[m[K
      |               [32m[KsetPoseReferenceFrame[m[K
[01m[K/home/fra/master_ws_test/src/cobot_ik/src/pick_place.cpp:209:15:[m[K [01;31m[Kerror: [m[K‘[01m[Kclass moveit::planning_interface::MoveGroupInterface[m[K’ has no member named ‘[01m[Kset_pose_target[m[K’; did you mean ‘[01m[KsetPoseTarget[m[K’?
  209 |         group.[01;31m[Kset_pose_target[m[K(pick_position, "picking_point");
      |               [01;31m[K^~~~~~~~~~~~~~~[m[K
      |               [32m[KsetPoseTarget[m[K
[01m[K/home/fra/master_ws_test/src/cobot_ik/src/pick_place.cpp:[m[K In member function ‘[01m[Kvoid PickAndPlace::place()[m[K’:
[01m[K/home/fra/master_ws_test/src/cobot_ik/src/pick_place.cpp:217:15:[m[K [01;31m[Kerror: [m[K‘[01m[Kclass moveit::planning_interface::MoveGroupInterface[m[K’ has no member named ‘[01m[Kset_pose_reference_frame[m[K’; did you mean ‘[01m[KsetPoseReferenceFrame[m[K’?
  217 |         group.[01;31m[Kset_pose_reference_frame[m[K("base_link");
      |               [01;31m[K^~~~~~~~~~~~~~~~~~~~~~~~[m[K
      |               [32m[KsetPoseReferenceFrame[m[K
[01m[K/home/fra/master_ws_test/src/cobot_ik/src/pick_place.cpp:225:15:[m[K [01;31m[Kerror: [m[K‘[01m[Kclass moveit::planning_interface::MoveGroupInterface[m[K’ has no member named ‘[01m[Kset_pose_target[m[K’; did you mean ‘[01m[KsetPoseTarget[m[K’?
  225 |         group.[01;31m[Kset_pose_target[m[K(place_position, "picking_point");
      |               [01;31m[K^~~~~~~~~~~~~~~[m[K
      |               [32m[KsetPoseTarget[m[K
[01m[K/home/fra/master_ws_test/src/cobot_ik/src/pick_place.cpp:[m[K In member function ‘[01m[Kvoid PickAndPlace::add_collision_object()[m[K’:
[01m[K/home/fra/master_ws_test/src/cobot_ik/src/pick_place.cpp:298:34:[m[K [01;31m[Kerror: [m[K‘[01m[Kclass moveit::planning_interface::PlanningSceneInterface[m[K’ has no member named ‘[01m[Kapply_collision_objects[m[K’; did you mean ‘[01m[KapplyCollisionObjects[m[K’?
  298 |         planning_scene_interface.[01;31m[Kapply_collision_objects[m[K(collision_objects);
      |                                  [01;31m[K^~~~~~~~~~~~~~~~~~~~~~~[m[K
      |                                  [32m[KapplyCollisionObjects[m[K
[01m[K/home/fra/master_ws_test/src/cobot_ik/src/pick_place.cpp:[m[K In member function ‘[01m[Kvoid PickAndPlace::attach_collision_object()[m[K’:
[01m[K/home/fra/master_ws_test/src/cobot_ik/src/pick_place.cpp:311:34:[m[K [01;31m[Kerror: [m[K‘[01m[Kclass moveit::planning_interface::PlanningSceneInterface[m[K’ has no member named ‘[01m[Kapply_attached_collision_object[m[K’; did you mean ‘[01m[KapplyAttachedCollisionObject[m[K’?
  311 |         planning_scene_interface.[01;31m[Kapply_attached_collision_object[m[K(attached_object);
      |                                  [01;31m[K^~~~~~~~~~~~~~~~~~~~~~~~~~~~~~~[m[K
      |                                  [32m[KapplyAttachedCollisionObject[m[K
[01m[K/home/fra/master_ws_test/src/cobot_ik/src/pick_place.cpp:[m[K In member function ‘[01m[Kvoid PickAndPlace::detach_collision_object()[m[K’:
[01m[K/home/fra/master_ws_test/src/cobot_ik/src/pick_place.cpp:319:34:[m[K [01;31m[Kerror: [m[K‘[01m[Kclass moveit::planning_interface::PlanningSceneInterface[m[K’ has no member named ‘[01m[Kapply_attached_collision_object[m[K’; did you mean ‘[01m[KapplyAttachedCollisionObject[m[K’?
  319 |         planning_scene_interface.[01;31m[Kapply_attached_collision_object[m[K(attached_object);
      |                                  [01;31m[K^~~~~~~~~~~~~~~~~~~~~~~~~~~~~~~[m[K
      |                                  [32m[KapplyAttachedCollisionObject[m[K
[01m[K/home/fra/master_ws_test/src/cobot_ik/src/pick_place.cpp:[m[K In function ‘[01m[Kint main(int, char**)[m[K’:
[01m[K/home/fra/master_ws_test/src/cobot_ik/src/pick_place.cpp:333:17:[m[K [01;31m[Kerror: [m[Kno matching function for call to ‘[01m[Kspin(std::shared_ptr<PickAndPlace>)[m[K’
  333 |     [01;31m[Krclcpp::spin(std::make_shared<PickAndPlace>())[m[K;
      |     [01;31m[K~~~~~~~~~~~~^~~~~~~~~~~~~~~~~~~~~~~~~~~~~~~~~~[m[K
In file included from [01m[K/opt/ros/humble/include/rclcpp/rclcpp/rclcpp.hpp:155[m[K,
                 from [01m[K/home/fra/master_ws_test/src/cobot_ik/src/pick_place.cpp:164[m[K:
[01m[K/opt/ros/humble/include/rclcpp/rclcpp/executors.hpp:45:1:[m[K [01;36m[Knote: [m[Kcandidate: ‘[01m[Kvoid rclcpp::spin(rclcpp::node_interfaces::NodeBaseInterface::SharedPtr)[m[K’
   45 | [01;36m[Kspin[m[K(rclcpp::node_interfaces::NodeBaseInterface::SharedPtr node_ptr);
      | [01;36m[K^~~~[m[K
[01m[K/opt/ros/humble/include/rclcpp/rclcpp/executors.hpp:45:60:[m[K [01;36m[Knote: [m[K  no known conversion for argument 1 from ‘[01m[Kshared_ptr<[01;32m[KPickAndPlace[m[K>[m[K’ to ‘[01m[Kshared_ptr<[01;32m[Krclcpp::node_interfaces::NodeBaseInterface[m[K>[m[K’
   45 | spin([01;36m[Krclcpp::node_interfaces::NodeBaseInterface::SharedPtr node_ptr[m[K);
      |      [01;36m[K~~~~~~~~~~~~~~~~~~~~~~~~~~~~~~~~~~~~~~~~~~~~~~~~~~~~~~^~~~~~~~[m[K
[01m[K/opt/ros/humble/include/rclcpp/rclcpp/executors.hpp:49:1:[m[K [01;36m[Knote: [m[Kcandidate: ‘[01m[Kvoid rclcpp::spin(rclcpp::Node::SharedPtr)[m[K’
   49 | [01;36m[Kspin[m[K(rclcpp::Node::SharedPtr node_ptr);
      | [01;36m[K^~~~[m[K
[01m[K/opt/ros/humble/include/rclcpp/rclcpp/executors.hpp:49:30:[m[K [01;36m[Knote: [m[K  no known conversion for argument 1 from ‘[01m[Kshared_ptr<[01;32m[KPickAndPlace[m[K>[m[K’ to ‘[01m[Kshared_ptr<[01;32m[Krclcpp::Node[m[K>[m[K’
   49 | spin([01;36m[Krclcpp::Node::SharedPtr node_ptr[m[K);
      |      [01;36m[K~~~~~~~~~~~~~~~~~~~~~~~~^~~~~~~~[m[K
gmake[2]: *** [CMakeFiles/pick_place.dir/build.make:76: CMakeFiles/pick_place.dir/src/pick_place.cpp.o] Error 1
gmake[1]: *** [CMakeFiles/Makefile2:165: CMakeFiles/pick_place.dir/all] Error 2
gmake: *** [Makefile:146: all] Error 2
