[0.010s] Invoking command in '/home/fra/master_ws_test/build/six_arm': CMAKE_PREFIX_PATH=${CMAKE_PREFIX_PATH}:/home/fra/ros2_ws/install/python_pkg:/opt/ros/humble /usr/bin/cmake --build /home/fra/master_ws_test/build/six_arm -- -j12 -l12
[0.039s] Invoked command in '/home/fra/master_ws_test/build/six_arm' returned '0': CMAKE_PREFIX_PATH=${CMAKE_PREFIX_PATH}:/home/fra/ros2_ws/install/python_pkg:/opt/ros/humble /usr/bin/cmake --build /home/fra/master_ws_test/build/six_arm -- -j12 -l12
[0.047s] Invoking command in '/home/fra/master_ws_test/build/six_arm': CMAKE_PREFIX_PATH=${CMAKE_PREFIX_PATH}:/home/fra/ros2_ws/install/python_pkg:/opt/ros/humble /usr/bin/cmake --install /home/fra/master_ws_test/build/six_arm
[0.052s] -- Install configuration: ""
[0.053s] -- Execute custom install script
[0.053s] -- Up-to-date symlink: /home/fra/master_ws_test/install/six_arm/share/six_arm/launch/spawn_robot_controllers.launch.py
[0.053s] -- Up-to-date symlink: /home/fra/master_ws_test/install/six_arm/share/six_arm/urdf/cobot.urdf.xacro
[0.053s] -- Up-to-date symlink: /home/fra/master_ws_test/install/six_arm/share/six_arm/urdf/custom_gripper.xacro
[0.053s] -- Up-to-date symlink: /home/fra/master_ws_test/install/six_arm/share/six_arm/urdf/custom_robot_gazebo.xacro
[0.053s] -- Up-to-date symlink: /home/fra/master_ws_test/install/six_arm/share/six_arm/urdf/link_joint.xacro
[0.054s] -- Up-to-date symlink: /home/fra/master_ws_test/install/six_arm/share/six_arm/config/controllers.yaml
[0.054s] -- Up-to-date symlink: /home/fra/master_ws_test/install/six_arm/share/ament_index/resource_index/package_run_dependencies/six_arm
[0.054s] -- Up-to-date symlink: /home/fra/master_ws_test/install/six_arm/share/ament_index/resource_index/parent_prefix_path/six_arm
[0.054s] -- Up-to-date symlink: /home/fra/master_ws_test/install/six_arm/share/six_arm/environment/ament_prefix_path.sh
[0.054s] -- Up-to-date symlink: /home/fra/master_ws_test/install/six_arm/share/six_arm/environment/ament_prefix_path.dsv
[0.054s] -- Up-to-date symlink: /home/fra/master_ws_test/install/six_arm/share/six_arm/environment/path.sh
[0.054s] -- Up-to-date symlink: /home/fra/master_ws_test/install/six_arm/share/six_arm/environment/path.dsv
[0.054s] -- Up-to-date symlink: /home/fra/master_ws_test/install/six_arm/share/six_arm/local_setup.bash
[0.055s] -- Up-to-date symlink: /home/fra/master_ws_test/install/six_arm/share/six_arm/local_setup.sh
[0.055s] -- Up-to-date symlink: /home/fra/master_ws_test/install/six_arm/share/six_arm/local_setup.zsh
[0.055s] -- Up-to-date symlink: /home/fra/master_ws_test/install/six_arm/share/six_arm/local_setup.dsv
[0.055s] -- Symlinking: /home/fra/master_ws_test/install/six_arm/share/six_arm/package.dsv
[0.062s] -- Up-to-date symlink: /home/fra/master_ws_test/install/six_arm/share/ament_index/resource_index/packages/six_arm
[0.062s] -- Up-to-date symlink: /home/fra/master_ws_test/install/six_arm/share/six_arm/cmake/six_armConfig.cmake
[0.062s] -- Up-to-date symlink: /home/fra/master_ws_test/install/six_arm/share/six_arm/cmake/six_armConfig-version.cmake
[0.062s] -- Up-to-date symlink: /home/fra/master_ws_test/install/six_arm/share/six_arm/package.xml
[0.064s] Invoked command in '/home/fra/master_ws_test/build/six_arm' returned '0': CMAKE_PREFIX_PATH=${CMAKE_PREFIX_PATH}:/home/fra/ros2_ws/install/python_pkg:/opt/ros/humble /usr/bin/cmake --install /home/fra/master_ws_test/build/six_arm
