[0.014s] Invoking command in '/home/fra/master_ws_test/build/cobot_ik': CMAKE_PREFIX_PATH=${CMAKE_PREFIX_PATH}:/opt/ros/humble /usr/bin/cmake --build /home/fra/master_ws_test/build/cobot_ik -- -j12 -l12
[0.052s] [35m[1mConsolidate compiler generated dependencies of target pick_place[0m
[0.066s] [ 50%] Built target test_ik
[0.071s] [ 75%] [32mBuilding CXX object CMakeFiles/pick_place.dir/src/pick_place.cpp.o[0m
[7.014s] [100%] [32m[1mLinking CXX executable pick_place[0m
[7.278s] [100%] Built target pick_place
[7.291s] Invoked command in '/home/fra/master_ws_test/build/cobot_ik' returned '0': CMAKE_PREFIX_PATH=${CMAKE_PREFIX_PATH}:/opt/ros/humble /usr/bin/cmake --build /home/fra/master_ws_test/build/cobot_ik -- -j12 -l12
[7.292s] Invoking command in '/home/fra/master_ws_test/build/cobot_ik': CMAKE_PREFIX_PATH=${CMAKE_PREFIX_PATH}:/opt/ros/humble /usr/bin/cmake --install /home/fra/master_ws_test/build/cobot_ik
[7.299s] -- Install configuration: ""
[7.299s] -- Up-to-date: /home/fra/master_ws_test/install/cobot_ik/lib/cobot_ik/test_ik
[7.299s] -- Installing: /home/fra/master_ws_test/install/cobot_ik/lib/cobot_ik/pick_place
[7.300s] -- Set runtime path of "/home/fra/master_ws_test/install/cobot_ik/lib/cobot_ik/pick_place" to ""
[7.300s] -- Up-to-date: /home/fra/master_ws_test/install/cobot_ik/share/ament_index/resource_index/package_run_dependencies/cobot_ik
[7.300s] -- Up-to-date: /home/fra/master_ws_test/install/cobot_ik/share/ament_index/resource_index/parent_prefix_path/cobot_ik
[7.300s] -- Up-to-date: /home/fra/master_ws_test/install/cobot_ik/share/cobot_ik/environment/ament_prefix_path.sh
[7.300s] -- Up-to-date: /home/fra/master_ws_test/install/cobot_ik/share/cobot_ik/environment/ament_prefix_path.dsv
[7.300s] -- Up-to-date: /home/fra/master_ws_test/install/cobot_ik/share/cobot_ik/environment/path.sh
[7.300s] -- Up-to-date: /home/fra/master_ws_test/install/cobot_ik/share/cobot_ik/environment/path.dsv
[7.300s] -- Up-to-date: /home/fra/master_ws_test/install/cobot_ik/share/cobot_ik/local_setup.bash
[7.300s] -- Up-to-date: /home/fra/master_ws_test/install/cobot_ik/share/cobot_ik/local_setup.sh
[7.301s] -- Up-to-date: /home/fra/master_ws_test/install/cobot_ik/share/cobot_ik/local_setup.zsh
[7.301s] -- Up-to-date: /home/fra/master_ws_test/install/cobot_ik/share/cobot_ik/local_setup.dsv
[7.301s] -- Installing: /home/fra/master_ws_test/install/cobot_ik/share/cobot_ik/package.dsv
[7.301s] -- Up-to-date: /home/fra/master_ws_test/install/cobot_ik/share/ament_index/resource_index/packages/cobot_ik
[7.301s] -- Up-to-date: /home/fra/master_ws_test/install/cobot_ik/share/cobot_ik/cmake/cobot_ikConfig.cmake
[7.301s] -- Up-to-date: /home/fra/master_ws_test/install/cobot_ik/share/cobot_ik/cmake/cobot_ikConfig-version.cmake
[7.301s] -- Up-to-date: /home/fra/master_ws_test/install/cobot_ik/share/cobot_ik/package.xml
[7.302s] Invoked command in '/home/fra/master_ws_test/build/cobot_ik' returned '0': CMAKE_PREFIX_PATH=${CMAKE_PREFIX_PATH}:/opt/ros/humble /usr/bin/cmake --install /home/fra/master_ws_test/build/cobot_ik
