[0.009s] Invoking command in '/home/fra/master_ws_test/build/six_arm': CMAKE_PREFIX_PATH=${CMAKE_PREFIX_PATH}:/home/fra/ros2_ws/install/python_pkg:/opt/ros/humble /usr/bin/cmake /home/fra/master_ws_test/src/six_arm -DCMAKE_INSTALL_PREFIX=/home/fra/master_ws_test/install/six_arm
[0.019s] -- Found ament_cmake: 1.3.11 (/opt/ros/humble/share/ament_cmake/cmake)
[0.129s] -- Override CMake install command with custom implementation using symlinks instead of copying resources
[0.135s] -- Found ament_lint_auto: 0.12.11 (/opt/ros/humble/share/ament_lint_auto/cmake)
[0.214s] -- Added test 'flake8' to check Python code syntax and style conventions
[0.215s] -- Added test 'lint_cmake' to check CMake code style
[0.215s] -- Added test 'pep257' to check Python code against some of the docstring style conventions in PEP 257
[0.216s] -- Added test 'xmllint' to check XML markup files
[0.216s] -- Configuring done
[0.218s] -- Generating done
[0.220s] -- Build files have been written to: /home/fra/master_ws_test/build/six_arm
[0.222s] Invoked command in '/home/fra/master_ws_test/build/six_arm' returned '0': CMAKE_PREFIX_PATH=${CMAKE_PREFIX_PATH}:/home/fra/ros2_ws/install/python_pkg:/opt/ros/humble /usr/bin/cmake /home/fra/master_ws_test/src/six_arm -DCMAKE_INSTALL_PREFIX=/home/fra/master_ws_test/install/six_arm
[0.223s] Invoking command in '/home/fra/master_ws_test/build/six_arm': CMAKE_PREFIX_PATH=${CMAKE_PREFIX_PATH}:/home/fra/ros2_ws/install/python_pkg:/opt/ros/humble /usr/bin/cmake --build /home/fra/master_ws_test/build/six_arm -- -j12 -l12
[0.253s] Invoked command in '/home/fra/master_ws_test/build/six_arm' returned '0': CMAKE_PREFIX_PATH=${CMAKE_PREFIX_PATH}:/home/fra/ros2_ws/install/python_pkg:/opt/ros/humble /usr/bin/cmake --build /home/fra/master_ws_test/build/six_arm -- -j12 -l12
[0.260s] Invoking command in '/home/fra/master_ws_test/build/six_arm': CMAKE_PREFIX_PATH=${CMAKE_PREFIX_PATH}:/home/fra/ros2_ws/install/python_pkg:/opt/ros/humble /usr/bin/cmake --install /home/fra/master_ws_test/build/six_arm
[0.265s] -- Install configuration: ""
[0.266s] -- Execute custom install script
[0.266s] -- Up-to-date symlink: /home/fra/master_ws_test/install/six_arm/share/six_arm/launch/spawn_robot_controllers.launch.py
[0.266s] -- Up-to-date symlink: /home/fra/master_ws_test/install/six_arm/share/six_arm/urdf/cobot.urdf.xacro
[0.266s] -- Up-to-date symlink: /home/fra/master_ws_test/install/six_arm/share/six_arm/urdf/custom_gripper.xacro
[0.266s] -- Up-to-date symlink: /home/fra/master_ws_test/install/six_arm/share/six_arm/urdf/custom_robot_gazebo.xacro
[0.266s] -- Up-to-date symlink: /home/fra/master_ws_test/install/six_arm/share/six_arm/urdf/link_joint.xacro
[0.267s] -- Up-to-date symlink: /home/fra/master_ws_test/install/six_arm/share/ament_index/resource_index/package_run_dependencies/six_arm
[0.267s] -- Up-to-date symlink: /home/fra/master_ws_test/install/six_arm/share/ament_index/resource_index/parent_prefix_path/six_arm
[0.267s] -- Up-to-date symlink: /home/fra/master_ws_test/install/six_arm/share/six_arm/environment/ament_prefix_path.sh
[0.267s] -- Up-to-date symlink: /home/fra/master_ws_test/install/six_arm/share/six_arm/environment/ament_prefix_path.dsv
[0.267s] -- Up-to-date symlink: /home/fra/master_ws_test/install/six_arm/share/six_arm/environment/path.sh
[0.267s] -- Up-to-date symlink: /home/fra/master_ws_test/install/six_arm/share/six_arm/environment/path.dsv
[0.267s] -- Up-to-date symlink: /home/fra/master_ws_test/install/six_arm/share/six_arm/local_setup.bash
[0.268s] -- Up-to-date symlink: /home/fra/master_ws_test/install/six_arm/share/six_arm/local_setup.sh
[0.268s] -- Up-to-date symlink: /home/fra/master_ws_test/install/six_arm/share/six_arm/local_setup.zsh
[0.268s] -- Up-to-date symlink: /home/fra/master_ws_test/install/six_arm/share/six_arm/local_setup.dsv
[0.268s] -- Symlinking: /home/fra/master_ws_test/install/six_arm/share/six_arm/package.dsv
[0.275s] -- Up-to-date symlink: /home/fra/master_ws_test/install/six_arm/share/ament_index/resource_index/packages/six_arm
[0.275s] -- Up-to-date symlink: /home/fra/master_ws_test/install/six_arm/share/six_arm/cmake/six_armConfig.cmake
[0.275s] -- Up-to-date symlink: /home/fra/master_ws_test/install/six_arm/share/six_arm/cmake/six_armConfig-version.cmake
[0.275s] -- Up-to-date symlink: /home/fra/master_ws_test/install/six_arm/share/six_arm/package.xml
[0.277s] Invoked command in '/home/fra/master_ws_test/build/six_arm' returned '0': CMAKE_PREFIX_PATH=${CMAKE_PREFIX_PATH}:/home/fra/ros2_ws/install/python_pkg:/opt/ros/humble /usr/bin/cmake --install /home/fra/master_ws_test/build/six_arm
